#
# A fatal error has been detected by the Java Runtime Environment:
#
#  EXCEPTION_ACCESS_VIOLATION (0xc0000005) at pc=0x00007fffdd4f8958, pid=11516, tid=23720
#
# JRE version: OpenJDK Runtime Environment Temurin-21.0.4+7 (21.0.4+7) (build 21.0.4+7-LTS)
# Java VM: OpenJDK 64-Bit Server VM Temurin-21.0.4+7 (21.0.4+7-LTS, mixed mode, emulated-client, sharing, tiered, compressed oops, compressed class ptrs, g1 gc, windows-amd64)
# Problematic frame:
# V  [jvm.dll+0x448958]
#
# No core dump will be written. Minidumps are not enabled by default on client versions of Windows
#
# If you would like to submit a bug report, please visit:
#   https://github.com/adoptium/adoptium-support/issues
#

---------------  S U M M A R Y ------------

Command Line: -javaagent:C:\Users\perso\.gradle\caches\modules-2\files-2.1\io.quarkus\quarkus-class-change-agent\3.15.1\66e2d3905778c0c60403702918c0a5b6e6e9fcd3\quarkus-class-change-agent-3.15.1.jar -Dquarkus-internal.serialized-app-model.path=E:\Repositories\Personal\Learning\quarkus-examples\getting-started-gradle\build\tmp\quarkusDev\quarkus-app-model.dat -Dquarkus-internal-test.serialized-app-model.path=E:\Repositories\Personal\Learning\quarkus-examples\getting-started-gradle\build\tmp\quarkusDev\quarkus-app-test-model.dat -XX:TieredStopAtLevel=1 -agentlib:jdwp=transport=dt_socket,address=localhost:5005,server=y,suspend=n -Djava.util.logging.manager=org.jboss.logmanager.LogManager E:\Repositories\Personal\Learning\quarkus-examples\getting-started-gradle\build\getting-started-gradle-dev.jar

Host: Intel(R) Core(TM) i5-10400 CPU @ 2.90GHz, 12 cores, 63G,  Windows 11 , 64 bit Build 22621 (10.0.22621.3958)
Time: Mon Oct  7 21:41:48 2024 GTB Daylight Time elapsed time: 1.817715 seconds (0d 0h 0m 1s)

---------------  T H R E A D  ---------------

Current thread (0x00000189d761fbf0):  JavaThread "build-48"         [_thread_in_vm, id=23720, stack(0x0000000f09400000,0x0000000f09500000) (1024K)]

Stack: [0x0000000f09400000,0x0000000f09500000],  sp=0x0000000f094fdba0,  free space=1014k
Native frames: (J=compiled Java code, j=interpreted, Vv=VM code, C=native code)
V  [jvm.dll+0x448958]
C  [jansi.dll+0x104e]

Java frames: (J=compiled Java code, j=interpreted, Vv=VM code)
j  org.fusesource.jansi.internal.CLibrary.init()V+0
j  org.fusesource.jansi.internal.CLibrary.<clinit>()V+12
v  ~StubRoutines::call_stub 0x00000189f282100d
j  org.fusesource.jansi.AnsiConsole.ansiStream(Z)Lorg/fusesource/jansi/AnsiPrintStream;+62
j  org.fusesource.jansi.AnsiConsole.initStreams()V+7
j  org.fusesource.jansi.AnsiConsole.out()Lorg/fusesource/jansi/AnsiPrintStream;+0
j  org.aesh.readline.terminal.impl.WinSysTerminal.<init>(Ljava/lang/String;ZLorg/aesh/terminal/Terminal$SignalHandler;)V+4
j  org.aesh.readline.terminal.impl.WinSysTerminal.<init>(Ljava/lang/String;Z)V+6
j  org.aesh.readline.terminal.TerminalBuilder.createWindowsTerminal(Ljava/lang/String;)Lorg/aesh/terminal/Terminal;+24
j  org.aesh.readline.terminal.TerminalBuilder.build()Lorg/aesh/terminal/Terminal;+125
j  org.aesh.readline.tty.terminal.TerminalConnection.<init>(Ljava/nio/charset/Charset;Ljava/nio/charset/Charset;Ljava/io/InputStream;Ljava/io/OutputStream;Ljava/util/function/Consumer;)V+85
j  org.aesh.readline.tty.terminal.TerminalConnection.<init>(Ljava/util/function/Consumer;)V+14
j  io.quarkus.deployment.console.ConsoleHelper.installConsole(Lio/quarkus/deployment/dev/testing/TestConfig;Lio/quarkus/deployment/console/ConsoleConfig;Lio/quarkus/runtime/console/ConsoleRuntimeConfig;Lio/quarkus/runtime/logging/ConsoleConfig;Z)V+95
j  io.quarkus.deployment.console.ConsoleProcessor.setupConsole(Lio/quarkus/deployment/dev/testing/TestConfig;Lio/quarkus/deployment/annotations/BuildProducer;Lio/quarkus/deployment/builditem/LaunchModeBuildItem;Lio/quarkus/deployment/console/ConsoleConfig;)Lio/quarkus/deployment/console/ConsoleInstalledBuildItem;+101
j  java.lang.invoke.LambdaForm$DMH+0x00000189911b4400.invokeVirtual(Ljava/lang/Object;Ljava/lang/Object;Ljava/lang/Object;Ljava/lang/Object;Ljava/lang/Object;Ljava/lang/Object;)Ljava/lang/Object;+18 java.base@21.0.4
j  java.lang.invoke.LambdaForm$MH+0x0000018991229800.invoke(Ljava/lang/Object;Ljava/lang/Object;Ljava/lang/Object;Ljava/lang/Object;Ljava/lang/Object;)Ljava/lang/Object;+101 java.base@21.0.4
j  java.lang.invoke.LambdaForm$MH+0x0000018991221000.invoke(Ljava/lang/Object;Ljava/lang/Object;Ljava/lang/Object;)Ljava/lang/Object;+66 java.base@21.0.4
j  java.lang.invoke.Invokers$Holder.invokeExact_MT(Ljava/lang/Object;Ljava/lang/Object;Ljava/lang/Object;Ljava/lang/Object;)Ljava/lang/Object;+20 java.base@21.0.4
j  java.lang.invoke.MethodHandle.invokeWithArguments([Ljava/lang/Object;)Ljava/lang/Object;+28 java.base@21.0.4
j  io.quarkus.deployment.ExtensionLoader$3.execute(Lio/quarkus/builder/BuildContext;)V+268
j  io.quarkus.builder.BuildContext.run()V+71
j  io.quarkus.builder.BuildContext$$Lambda+0x0000018991205cc0.run()V+4
j  org.jboss.threads.ContextHandler$1.runWith(Ljava/lang/Runnable;Ljava/lang/Object;)V+1
j  org.jboss.threads.EnhancedQueueExecutor$Task.doRunWith(Ljava/lang/Runnable;Ljava/lang/Object;)V+9
j  org.jboss.threads.EnhancedQueueExecutor$Task.run()V+61
j  org.jboss.threads.EnhancedQueueExecutor$ThreadBody.run()V+33
j  java.lang.Thread.runWith(Ljava/lang/Object;Ljava/lang/Runnable;)V+5 java.base@21.0.4
j  java.lang.Thread.run()V+19 java.base@21.0.4
j  org.jboss.threads.JBossThread.run()V+12
v  ~StubRoutines::call_stub 0x00000189f282100d

siginfo: EXCEPTION_ACCESS_VIOLATION (0xc0000005), reading address 0x0000000000000000


Registers:
RAX=0x0000000000000000, RBX=0x00000189d761fbf0, RCX=0x47b36a720d150000, RDX=0x0000000f094fdcc0
RSP=0x0000000f094fdba0, RBP=0x0000000000000000, RSI=0x0000000000000000, RDI=0x0000000000000000
R8 =0x0000000000000000, R9 =0x00000189d763bb80, R10=0x0000000000000034, R11=0x0000000f094fdb98
R12=0x0000000000000000, R13=0x00000189d30d8d40, R14=0x0000000f094fdcc8, R15=0x00000189d761fbf0
RIP=0x00007fffdd4f8958, EFLAGS=0x0000000000010246


Register to memory mapping:

RAX=0x0 is null
RBX=0x00000189d761fbf0 is a thread
RCX=0x47b36a720d150000 is an unknown value
RDX=0x0000000f094fdcc0 is pointing into the stack for thread: 0x00000189d761fbf0
RSP=0x0000000f094fdba0 is pointing into the stack for thread: 0x00000189d761fbf0
RBP=0x0 is null
RSI=0x0 is null
RDI=0x0 is null
R8 =0x0 is null
R9 =0x00000189d763bb80 points into unknown readable memory: 0x0000000000000002 | 02 00 00 00 00 00 00 00
R10=0x0000000000000034 is an unknown value
R11=0x0000000f094fdb98 is pointing into the stack for thread: 0x00000189d761fbf0
R12=0x0 is null
R13={method} {0x00000189d30d8d48} 'init' '()V' in 'org/fusesource/jansi/internal/CLibrary'
R14=0x0000000f094fdcc8 is pointing into the stack for thread: 0x00000189d761fbf0
R15=0x00000189d761fbf0 is a thread

Top of Stack: (sp=0x0000000f094fdba0)
0x0000000f094fdba0:   00000189d761fbf0 0000000f094fe118
0x0000000f094fdbb0:   0000000f094fe118 00000189d761fbf0
0x0000000f094fdbc0:   0000000f094fdcb0 00007fffdd486365
0x0000000f094fdbd0:   0000000f094fdbf0 00000189d761fbf0
0x0000000f094fdbe0:   00000189d761fbf0 00000189d7442cd8
0x0000000f094fdbf0:   00000000000007c5 00007fffddae93d0
0x0000000f094fdc00:   0000000f094fdcc0 00007ff863a8104e
0x0000000f094fdc10:   00000189485029f4 00007fffddcd47b0
0x0000000f094fdc20:   0000000f094fdcb0 00000189d761ffa8
0x0000000f094fdc30:   0000000f094fe118 00000189f28301dd
0x0000000f094fdc40:   00000189d30d8d40 0000000f094fe110
0x0000000f094fdc50:   0000000000000000 0000000000000001
0x0000000f094fdc60:   00000189f282fae6 0000000f094fdc68
0x0000000f094fdc70:   00000189d30d8d40 0000000000000003
0x0000000f094fdc80:   00000189d30d9cb8 0000000000000000
0x0000000f094fdc90:   0000000441a02318 00000189d30d8d40
0x0000000f094fdca0:   0000000000000000 0000000f094fdcd0
0x0000000f094fdcb0:   0000000f094fdd18 00000189f2829086
0x0000000f094fdcc0:   0000000441a02318 00000189f282c377
0x0000000f094fdcd0:   0000000f094fdcd0 00000189d30d924c
0x0000000f094fdce0:   0000000000000001 00000189d30d9cb8
0x0000000f094fdcf0:   0000000000000000 0000000441a02318
0x0000000f094fdd00:   00000189d30d9268 0000000f094fdcd0
0x0000000f094fdd10:   0000000f094fdd28 0000000f094fdf00
0x0000000f094fdd20:   00000189f282100d 00000189d7839d10
0x0000000f094fdd30:   0000000000000017 0000000000000017
0x0000000f094fdd40:   0000000f094fde00 00007ff87ced1966
0x0000000f094fdd50:   0000000000000000 0000000000000028
0x0000000f094fdd60:   0000000000000029 00007fffdd760000
0x0000000f094fdd70:   0000000000000017 00007fffdd76e0f1
0x0000000f094fdd80:   0000000000000028 00007fffdd6578a1
0x0000000f094fdd90:   0000000000000000 00007fffdd76e04d 

Instructions: (pc=0x00007fffdd4f8958)
0x00007fffdd4f8858:   49 8b 6b 20 49 8b 73 28 c7 83 4c 04 00 00 04 00
0x00007fffdd4f8868:   00 00 49 8b 5b 18 49 8b e3 5f c3 cc cc cc cc cc
0x00007fffdd4f8878:   cc cc cc cc cc cc cc cc 48 89 5c 24 10 48 89 6c
0x00007fffdd4f8888:   24 18 48 89 74 24 20 57 48 83 ec 60 8b 81 b8 00
0x00007fffdd4f8898:   00 00 48 8d 99 48 fc ff ff 05 53 21 ff ff 41 8b
0x00007fffdd4f88a8:   e9 49 8b f0 83 f8 01 77 08 48 8b cb e8 f7 2f fa
0x00007fffdd4f88b8:   ff 80 3d 46 61 84 00 00 c7 83 4c 04 00 00 06 00
0x00007fffdd4f88c8:   00 00 75 06 e8 1f 44 27 00 90 48 8b 83 50 04 00
0x00007fffdd4f88d8:   00 a8 01 74 0d 45 33 c0 b2 01 48 8b cb e8 a6 4c
0x00007fffdd4f88e8:   2e 00 8b 83 48 04 00 00 a8 0c 74 08 48 8b cb e8
0x00007fffdd4f88f8:   64 44 fa ff 33 ff c7 83 4c 04 00 00 06 00 00 00
0x00007fffdd4f8908:   48 89 5c 24 40 48 89 7c 24 48 48 39 7b 08 74 0a
0x00007fffdd4f8918:   48 8d 4c 24 40 e8 5e 03 2b 00 40 38 3d 84 c0 84
0x00007fffdd4f8928:   00 74 2d 4c 8b 0e 48 8d 44 24 70 48 89 44 24 38
0x00007fffdd4f8938:   45 33 c0 c6 44 24 30 49 33 d2 c6 44 24 28 01 48
0x00007fffdd4f8948:   8b cb 48 89 74 24 20 89 6c 24 70 e8 28 e9 13 00
0x00007fffdd4f8958:   48 8b 06 48 8b 48 70 48 85 c9 74 09 ff 15 b6 06
0x00007fffdd4f8968:   7d 00 48 8b f8 48 63 4e 10 89 2c 39 48 83 7c 24
0x00007fffdd4f8978:   48 00 74 0a 48 8d 4c 24 40 e8 7a 03 2b 00 48 8b
0x00007fffdd4f8988:   bb 98 01 00 00 48 8b 47 10 48 83 38 00 74 08 48
0x00007fffdd4f8998:   8b cf e8 b1 52 f5 ff 48 8b 4f 08 48 8b 47 10 48
0x00007fffdd4f89a8:   89 41 10 48 8b 4f 08 48 8b 47 18 48 89 41 18 48
0x00007fffdd4f89b8:   8b 4f 08 48 8b 47 20 48 89 41 20 48 8d 8b 98 03
0x00007fffdd4f89c8:   00 00 e8 81 c1 ec ff 4c 8d 5c 24 60 90 49 8b 6b
0x00007fffdd4f89d8:   20 49 8b 73 28 c7 83 4c 04 00 00 04 00 00 00 49
0x00007fffdd4f89e8:   8b 5b 18 49 8b e3 5f c3 48 89 5c 24 10 48 89 6c
0x00007fffdd4f89f8:   24 18 48 89 74 24 20 57 48 83 ec 60 8b 81 b8 00
0x00007fffdd4f8a08:   00 00 48 8d 99 48 fc ff ff 05 53 21 ff ff 49 8b
0x00007fffdd4f8a18:   e9 49 8b f0 83 f8 01 77 08 48 8b cb e8 87 2e fa
0x00007fffdd4f8a28:   ff 80 3d d6 5f 84 00 00 c7 83 4c 04 00 00 06 00
0x00007fffdd4f8a38:   00 00 75 06 e8 af 42 27 00 90 48 8b 83 50 04 00
0x00007fffdd4f8a48:   00 a8 01 74 0d 45 33 c0 b2 01 48 8b cb e8 36 4b 


Stack slot to memory mapping:

stack at sp + 0 slots: 0x00000189d761fbf0 is a thread
stack at sp + 1 slots: 0x0000000f094fe118 is pointing into the stack for thread: 0x00000189d761fbf0
stack at sp + 2 slots: 0x0000000f094fe118 is pointing into the stack for thread: 0x00000189d761fbf0
stack at sp + 3 slots: 0x00000189d761fbf0 is a thread
stack at sp + 4 slots: 0x0000000f094fdcb0 is pointing into the stack for thread: 0x00000189d761fbf0
stack at sp + 5 slots: 0x00007fffdd486365 jvm.dll
stack at sp + 6 slots: 0x0000000f094fdbf0 is pointing into the stack for thread: 0x00000189d761fbf0
stack at sp + 7 slots: 0x00000189d761fbf0 is a thread


---------------  P R O C E S S  ---------------

Threads class SMR info:
_java_thread_list=0x00000189d762c3a0, length=90, elements={
0x00000189e7e46930, 0x00000189f9da3850, 0x00000189f9da4670, 0x00000189f9dabd30,
0x00000189f9daf110, 0x00000189f9db0440, 0x00000189f9db1100, 0x00000189f9db4a70,
0x00000189d1161120, 0x00000189d116c500, 0x00000189d11712b0, 0x00000189d15b2540,
0x00000189d15dacb0, 0x00000189d1160400, 0x00000189d11631f0, 0x00000189d17bd230,
0x00000189d1160a90, 0x00000189d11617b0, 0x00000189d1161e40, 0x00000189d11624d0,
0x00000189d1162b60, 0x00000189d115fd70, 0x00000189d67297f0, 0x00000189d6729e80,
0x00000189d67242a0, 0x00000189d6724930, 0x00000189d6724fc0, 0x00000189d6722ef0,
0x00000189d6726370, 0x00000189d6725650, 0x00000189d6723580, 0x00000189d6726a00,
0x00000189d6728440, 0x00000189d6727db0, 0x00000189d6727090, 0x00000189d6728ad0,
0x00000189d6723c10, 0x00000189d6727720, 0x00000189d74d6c40, 0x00000189d74d4b70,
0x00000189d74d5200, 0x00000189d74da0c0, 0x00000189d74d8d10, 0x00000189d74d93a0,
0x00000189d74d7ff0, 0x00000189d74d8680, 0x00000189d74d72d0, 0x00000189d74d65b0,
0x00000189d74d7960, 0x00000189d74d9a30, 0x00000189d74d5890, 0x00000189d74da750,
0x00000189d74d5f20, 0x00000189d74dade0, 0x00000189d74d3e50, 0x00000189d74db470,
0x00000189d74d44e0, 0x00000189d71726b0, 0x00000189d7172020, 0x00000189d7170c70,
0x00000189d7172d40, 0x00000189d71733d0, 0x00000189d7173a60, 0x00000189d71705e0,
0x00000189d7171300, 0x00000189d7171990, 0x00000189d761d490, 0x00000189d7621630,
0x00000189d7620fa0, 0x00000189d761fbf0, 0x00000189d7620280, 0x00000189d761eed0,
0x00000189d761ce00, 0x00000189d761db20, 0x00000189d761c770, 0x00000189d761e1b0,
0x00000189d761e840, 0x00000189d7621cc0, 0x00000189d76229e0, 0x00000189d761f560,
0x00000189d7620910, 0x00000189d761ba50, 0x00000189d761c0e0, 0x00000189d7622350,
0x00000189d7623070, 0x00000189d76e29d0, 0x00000189d76e3060, 0x00000189d76df550,
0x00000189d76dfbe0, 0x00000189d76e0270
}
_to_delete_list=0x00000189d75faeb0, length=80, elements={
0x00000189e7e46930, 0x00000189f9da3850, 0x00000189f9da4670, 0x00000189f9dabd30,
0x00000189f9daf110, 0x00000189f9db0440, 0x00000189f9db1100, 0x00000189f9db4a70,
0x00000189d1161120, 0x00000189d116c500, 0x00000189d11712b0, 0x00000189d15b2540,
0x00000189d15dacb0, 0x00000189d1160400, 0x00000189d11631f0, 0x00000189d17bd230,
0x00000189d1160a90, 0x00000189d11617b0, 0x00000189d1161e40, 0x00000189d11624d0,
0x00000189d1162b60, 0x00000189d115fd70, 0x00000189d67297f0, 0x00000189d6729e80,
0x00000189d67242a0, 0x00000189d6724930, 0x00000189d6724fc0, 0x00000189d6722ef0,
0x00000189d6726370, 0x00000189d6725650, 0x00000189d6723580, 0x00000189d6726a00,
0x00000189d6728440, 0x00000189d6727db0, 0x00000189d6727090, 0x00000189d6728ad0,
0x00000189d6723c10, 0x00000189d6727720, 0x00000189d74d6c40, 0x00000189d74d4b70,
0x00000189d74d5200, 0x00000189d74da0c0, 0x00000189d74d8d10, 0x00000189d74d93a0,
0x00000189d74d7ff0, 0x00000189d74d8680, 0x00000189d74d72d0, 0x00000189d74d65b0,
0x00000189d74d7960, 0x00000189d74d9a30, 0x00000189d74d5890, 0x00000189d74da750,
0x00000189d74d5f20, 0x00000189d74dade0, 0x00000189d74d3e50, 0x00000189d74db470,
0x00000189d74d44e0, 0x00000189d71726b0, 0x00000189d7172020, 0x00000189d7170c70,
0x00000189d7172d40, 0x00000189d71733d0, 0x00000189d7173a60, 0x00000189d71705e0,
0x00000189d7171300, 0x00000189d7171990, 0x00000189d761d490, 0x00000189d7621630,
0x00000189d7620fa0, 0x00000189d761fbf0, 0x00000189d7620280, 0x00000189d761eed0,
0x00000189d761ce00, 0x00000189d761db20, 0x00000189d761c770, 0x00000189d761e1b0,
0x00000189d761e840, 0x00000189d7621cc0, 0x00000189d76229e0, 0x00000189d761f560
}

Java Threads: ( => current thread )
  0x00000189e7e46930 JavaThread "main"                              [_thread_blocked, id=34484, stack(0x0000000f03d00000,0x0000000f03e00000) (1024K)]
  0x00000189f9da3850 JavaThread "Reference Handler"          daemon [_thread_blocked, id=24952, stack(0x0000000f04500000,0x0000000f04600000) (1024K)]
  0x00000189f9da4670 JavaThread "Finalizer"                  daemon [_thread_blocked, id=6124, stack(0x0000000f04600000,0x0000000f04700000) (1024K)]
  0x00000189f9dabd30 JavaThread "Signal Dispatcher"          daemon [_thread_blocked, id=33208, stack(0x0000000f04700000,0x0000000f04800000) (1024K)]
  0x00000189f9daf110 JavaThread "Attach Listener"            daemon [_thread_blocked, id=29852, stack(0x0000000f04800000,0x0000000f04900000) (1024K)]
  0x00000189f9db0440 JavaThread "Service Thread"             daemon [_thread_blocked, id=17312, stack(0x0000000f04900000,0x0000000f04a00000) (1024K)]
  0x00000189f9db1100 JavaThread "Monitor Deflation Thread"   daemon [_thread_blocked, id=20244, stack(0x0000000f04a00000,0x0000000f04b00000) (1024K)]
  0x00000189f9db4a70 JavaThread "C1 CompilerThread0"         daemon [_thread_blocked, id=33428, stack(0x0000000f04b00000,0x0000000f04c00000) (1024K)]
  0x00000189d1161120 JavaThread "Common-Cleaner"             daemon [_thread_blocked, id=28656, stack(0x0000000f04c00000,0x0000000f04d00000) (1024K)]
  0x00000189d116c500 JavaThread "C1 CompilerThread1"         daemon [_thread_blocked, id=14604, stack(0x0000000f04d00000,0x0000000f04e00000) (1024K)]
  0x00000189d11712b0 JavaThread "C1 CompilerThread2"         daemon [_thread_in_native, id=38864, stack(0x0000000f04e00000,0x0000000f04f00000) (1024K)]
  0x00000189d15b2540 JavaThread "JDWP Transport Listener: dt_socket" daemon [_thread_in_native, id=36104, stack(0x0000000f04f00000,0x0000000f05000000) (1024K)]
  0x00000189d15dacb0 JavaThread "JDWP Event Helper Thread"   daemon [_thread_blocked, id=38548, stack(0x0000000f05000000,0x0000000f05100000) (1024K)]
  0x00000189d1160400 JavaThread "Notification Thread"        daemon [_thread_blocked, id=30944, stack(0x0000000f05100000,0x0000000f05200000) (1024K)]
  0x00000189d11631f0 JavaThread "Reference Reaper #1"        daemon [_thread_blocked, id=27768, stack(0x0000000f05200000,0x0000000f05300000) (1024K)]
  0x00000189d17bd230 JavaThread "C1 CompilerThread3"         daemon [_thread_blocked, id=8380, stack(0x0000000f05300000,0x0000000f05400000) (1024K)]
  0x00000189d1160a90 JavaThread "Quarkus Devmode keep alive thread"        [_thread_blocked, id=33396, stack(0x0000000f05d00000,0x0000000f05e00000) (1024K)]
  0x00000189d11617b0 JavaThread "ForkJoinPool.commonPool-worker-1" daemon [_thread_blocked, id=2608, stack(0x0000000f05e00000,0x0000000f05f00000) (1024K)]
  0x00000189d1161e40 JavaThread "ForkJoinPool.commonPool-worker-2" daemon [_thread_blocked, id=35096, stack(0x0000000f05f00000,0x0000000f06000000) (1024K)]
  0x00000189d11624d0 JavaThread "ForkJoinPool.commonPool-worker-3" daemon [_thread_blocked, id=7448, stack(0x0000000f06000000,0x0000000f06100000) (1024K)]
  0x00000189d1162b60 JavaThread "ForkJoinPool.commonPool-worker-4" daemon [_thread_blocked, id=21536, stack(0x0000000f06100000,0x0000000f06200000) (1024K)]
  0x00000189d115fd70 JavaThread "ForkJoinPool.commonPool-worker-5" daemon [_thread_blocked, id=4184, stack(0x0000000f06200000,0x0000000f06300000) (1024K)]
  0x00000189d67297f0 JavaThread "ForkJoinPool.commonPool-worker-6" daemon [_thread_blocked, id=22440, stack(0x0000000f06300000,0x0000000f06400000) (1024K)]
  0x00000189d6729e80 JavaThread "build-2"                           [_thread_in_Java, id=34564, stack(0x0000000f06600000,0x0000000f06700000) (1024K)]
  0x00000189d67242a0 JavaThread "build-3"                           [_thread_blocked, id=29680, stack(0x0000000f06700000,0x0000000f06800000) (1024K)]
  0x00000189d6724930 JavaThread "build-4"                           [_thread_blocked, id=18388, stack(0x0000000f06800000,0x0000000f06900000) (1024K)]
  0x00000189d6724fc0 JavaThread "build-5"                           [_thread_blocked, id=8972, stack(0x0000000f06900000,0x0000000f06a00000) (1024K)]
  0x00000189d6722ef0 JavaThread "build-6"                           [_thread_blocked, id=17380, stack(0x0000000f06a00000,0x0000000f06b00000) (1024K)]
  0x00000189d6726370 JavaThread "build-7"                           [_thread_blocked, id=14196, stack(0x0000000f06b00000,0x0000000f06c00000) (1024K)]
  0x00000189d6725650 JavaThread "build-8"                           [_thread_blocked, id=18456, stack(0x0000000f06c00000,0x0000000f06d00000) (1024K)]
  0x00000189d6723580 JavaThread "build-9"                           [_thread_blocked, id=4348, stack(0x0000000f06d00000,0x0000000f06e00000) (1024K)]
  0x00000189d6726a00 JavaThread "build-10"                          [_thread_blocked, id=29372, stack(0x0000000f06e00000,0x0000000f06f00000) (1024K)]
  0x00000189d6728440 JavaThread "build-11"                          [_thread_blocked, id=10332, stack(0x0000000f06f00000,0x0000000f07000000) (1024K)]
  0x00000189d6727db0 JavaThread "build-12"                          [_thread_blocked, id=30204, stack(0x0000000f07000000,0x0000000f07100000) (1024K)]
  0x00000189d6727090 JavaThread "build-13"                          [_thread_blocked, id=22500, stack(0x0000000f07100000,0x0000000f07200000) (1024K)]
  0x00000189d6728ad0 JavaThread "build-14"                          [_thread_blocked, id=38632, stack(0x0000000f07200000,0x0000000f07300000) (1024K)]
  0x00000189d6723c10 JavaThread "build-15"                          [_thread_blocked, id=19900, stack(0x0000000f07300000,0x0000000f07400000) (1024K)]
  0x00000189d6727720 JavaThread "build-16"                          [_thread_blocked, id=34316, stack(0x0000000f07400000,0x0000000f07500000) (1024K)]
  0x00000189d74d6c40 JavaThread "build-17"                          [_thread_blocked, id=38220, stack(0x0000000f07500000,0x0000000f07600000) (1024K)]
  0x00000189d74d4b70 JavaThread "build-18"                          [_thread_blocked, id=4440, stack(0x0000000f07600000,0x0000000f07700000) (1024K)]
  0x00000189d74d5200 JavaThread "build-19"                          [_thread_blocked, id=17448, stack(0x0000000f07700000,0x0000000f07800000) (1024K)]
  0x00000189d74da0c0 JavaThread "build-20"                          [_thread_blocked, id=17776, stack(0x0000000f07800000,0x0000000f07900000) (1024K)]
  0x00000189d74d8d10 JavaThread "build-21"                          [_thread_blocked, id=14564, stack(0x0000000f07900000,0x0000000f07a00000) (1024K)]
  0x00000189d74d93a0 JavaThread "build-22"                          [_thread_blocked, id=33484, stack(0x0000000f07a00000,0x0000000f07b00000) (1024K)]
  0x00000189d74d7ff0 JavaThread "build-23"                          [_thread_blocked, id=14612, stack(0x0000000f07b00000,0x0000000f07c00000) (1024K)]
  0x00000189d74d8680 JavaThread "build-24"                          [_thread_blocked, id=23776, stack(0x0000000f07c00000,0x0000000f07d00000) (1024K)]
  0x00000189d74d72d0 JavaThread "build-25"                          [_thread_blocked, id=26184, stack(0x0000000f07d00000,0x0000000f07e00000) (1024K)]
  0x00000189d74d65b0 JavaThread "build-26"                          [_thread_blocked, id=6920, stack(0x0000000f07e00000,0x0000000f07f00000) (1024K)]
  0x00000189d74d7960 JavaThread "build-27"                          [_thread_blocked, id=4340, stack(0x0000000f07f00000,0x0000000f08000000) (1024K)]
  0x00000189d74d9a30 JavaThread "build-28"                          [_thread_blocked, id=14916, stack(0x0000000f08000000,0x0000000f08100000) (1024K)]
  0x00000189d74d5890 JavaThread "build-29"                          [_thread_blocked, id=26072, stack(0x0000000f08100000,0x0000000f08200000) (1024K)]
  0x00000189d74da750 JavaThread "build-30"                          [_thread_blocked, id=25108, stack(0x0000000f08200000,0x0000000f08300000) (1024K)]
  0x00000189d74d5f20 JavaThread "build-31"                          [_thread_blocked, id=5684, stack(0x0000000f08300000,0x0000000f08400000) (1024K)]
  0x00000189d74dade0 JavaThread "build-32"                          [_thread_blocked, id=3296, stack(0x0000000f08400000,0x0000000f08500000) (1024K)]
  0x00000189d74d3e50 JavaThread "build-33"                          [_thread_blocked, id=20836, stack(0x0000000f08500000,0x0000000f08600000) (1024K)]
  0x00000189d74db470 JavaThread "build-35"                          [_thread_blocked, id=7128, stack(0x0000000f08600000,0x0000000f08700000) (1024K)]
  0x00000189d74d44e0 JavaThread "build-34"                          [_thread_blocked, id=36828, stack(0x0000000f08700000,0x0000000f08800000) (1024K)]
  0x00000189d71726b0 JavaThread "build-36"                          [_thread_blocked, id=12912, stack(0x0000000f08800000,0x0000000f08900000) (1024K)]
  0x00000189d7172020 JavaThread "build-37"                          [_thread_blocked, id=14796, stack(0x0000000f08900000,0x0000000f08a00000) (1024K)]
  0x00000189d7170c70 JavaThread "build-38"                          [_thread_blocked, id=34432, stack(0x0000000f08a00000,0x0000000f08b00000) (1024K)]
  0x00000189d7172d40 JavaThread "build-39"                          [_thread_blocked, id=13552, stack(0x0000000f08b00000,0x0000000f08c00000) (1024K)]
  0x00000189d71733d0 JavaThread "build-40"                          [_thread_blocked, id=22128, stack(0x0000000f08c00000,0x0000000f08d00000) (1024K)]
  0x00000189d7173a60 JavaThread "build-42"                          [_thread_blocked, id=16588, stack(0x0000000f08d00000,0x0000000f08e00000) (1024K)]
  0x00000189d71705e0 JavaThread "build-41"                          [_thread_blocked, id=6096, stack(0x0000000f08e00000,0x0000000f08f00000) (1024K)]
  0x00000189d7171300 JavaThread "build-44"                          [_thread_blocked, id=7204, stack(0x0000000f08f00000,0x0000000f09000000) (1024K)]
  0x00000189d7171990 JavaThread "build-43"                          [_thread_blocked, id=3688, stack(0x0000000f09000000,0x0000000f09100000) (1024K)]
  0x00000189d761d490 JavaThread "build-45"                          [_thread_blocked, id=29100, stack(0x0000000f09100000,0x0000000f09200000) (1024K)]
  0x00000189d7621630 JavaThread "build-46"                          [_thread_blocked, id=33420, stack(0x0000000f09200000,0x0000000f09300000) (1024K)]
  0x00000189d7620fa0 JavaThread "build-47"                          [_thread_blocked, id=24724, stack(0x0000000f09300000,0x0000000f09400000) (1024K)]
=>0x00000189d761fbf0 JavaThread "build-48"                          [_thread_in_vm, id=23720, stack(0x0000000f09400000,0x0000000f09500000) (1024K)]
  0x00000189d7620280 JavaThread "build-49"                          [_thread_blocked, id=36584, stack(0x0000000f09500000,0x0000000f09600000) (1024K)]
  0x00000189d761eed0 JavaThread "build-50"                          [_thread_blocked, id=5184, stack(0x0000000f09600000,0x0000000f09700000) (1024K)]
  0x00000189d761ce00 JavaThread "build-51"                          [_thread_blocked, id=18988, stack(0x0000000f09700000,0x0000000f09800000) (1024K)]
  0x00000189d761db20 JavaThread "build-52"                          [_thread_blocked, id=13404, stack(0x0000000f09800000,0x0000000f09900000) (1024K)]
  0x00000189d761c770 JavaThread "build-53"                          [_thread_blocked, id=11144, stack(0x0000000f09900000,0x0000000f09a00000) (1024K)]
  0x00000189d761e1b0 JavaThread "build-54"                          [_thread_blocked, id=25128, stack(0x0000000f09a00000,0x0000000f09b00000) (1024K)]
  0x00000189d761e840 JavaThread "build-55"                          [_thread_blocked, id=31584, stack(0x0000000f09b00000,0x0000000f09c00000) (1024K)]
  0x00000189d7621cc0 JavaThread "build-56"                          [_thread_blocked, id=12548, stack(0x0000000f09c00000,0x0000000f09d00000) (1024K)]
  0x00000189d76229e0 JavaThread "build-57"                          [_thread_blocked, id=22868, stack(0x0000000f09d00000,0x0000000f09e00000) (1024K)]
  0x00000189d761f560 JavaThread "build-58"                          [_thread_blocked, id=24240, stack(0x0000000f09e00000,0x0000000f09f00000) (1024K)]
  0x00000189d7620910 JavaThread "build-59"                          [_thread_blocked, id=24752, stack(0x0000000f09f00000,0x0000000f0a000000) (1024K)]
  0x00000189d761ba50 JavaThread "build-60"                          [_thread_blocked, id=33096, stack(0x0000000f0a000000,0x0000000f0a100000) (1024K)]
  0x00000189d761c0e0 JavaThread "build-61"                          [_thread_blocked, id=23240, stack(0x0000000f0a100000,0x0000000f0a200000) (1024K)]
  0x00000189d7622350 JavaThread "build-62"                          [_thread_blocked, id=25876, stack(0x0000000f0a200000,0x0000000f0a300000) (1024K)]
  0x00000189d7623070 JavaThread "build-63"                          [_thread_blocked, id=28952, stack(0x0000000f0a300000,0x0000000f0a400000) (1024K)]
  0x00000189d76e29d0 JavaThread "build-64"                          [_thread_blocked, id=12076, stack(0x0000000f0a400000,0x0000000f0a500000) (1024K)]
  0x00000189d76e3060 JavaThread "build-65"                          [_thread_blocked, id=28376, stack(0x0000000f0a500000,0x0000000f0a600000) (1024K)]
  0x00000189d76df550 JavaThread "build-66"                          [_thread_blocked, id=24076, stack(0x0000000f0a600000,0x0000000f0a700000) (1024K)]
  0x00000189d76dfbe0 JavaThread "build-67"                          [_thread_blocked, id=16420, stack(0x0000000f0a700000,0x0000000f0a800000) (1024K)]
  0x00000189d76e0270 JavaThread "build-68"                          [_thread_blocked, id=26924, stack(0x0000000f0a800000,0x0000000f0a900000) (1024K)]
Total: 90

Other Threads:
  0x00000189f9d84c80 VMThread "VM Thread"                           [id=14660, stack(0x0000000f04400000,0x0000000f04500000) (1024K)]
  0x00000189f9d6b180 WatcherThread "VM Periodic Task Thread"        [id=30388, stack(0x0000000f04300000,0x0000000f04400000) (1024K)]
  0x00000189ea1f7030 WorkerThread "GC Thread#0"                     [id=31228, stack(0x0000000f03e00000,0x0000000f03f00000) (1024K)]
  0x00000189d1cfbf00 WorkerThread "GC Thread#1"                     [id=7232, stack(0x0000000f05400000,0x0000000f05500000) (1024K)]
  0x00000189d1cfc2a0 WorkerThread "GC Thread#2"                     [id=30640, stack(0x0000000f05500000,0x0000000f05600000) (1024K)]
  0x00000189d1cfc640 WorkerThread "GC Thread#3"                     [id=14408, stack(0x0000000f05600000,0x0000000f05700000) (1024K)]
  0x00000189d1cfd200 WorkerThread "GC Thread#4"                     [id=31712, stack(0x0000000f05700000,0x0000000f05800000) (1024K)]
  0x00000189d1cfddb0 WorkerThread "GC Thread#5"                     [id=14384, stack(0x0000000f05800000,0x0000000f05900000) (1024K)]
  0x00000189d1cfe760 WorkerThread "GC Thread#6"                     [id=36792, stack(0x0000000f05900000,0x0000000f05a00000) (1024K)]
  0x00000189d1cfeb00 WorkerThread "GC Thread#7"                     [id=1652, stack(0x0000000f05a00000,0x0000000f05b00000) (1024K)]
  0x00000189d65738b0 WorkerThread "GC Thread#8"                     [id=5828, stack(0x0000000f05b00000,0x0000000f05c00000) (1024K)]
  0x00000189d6574050 WorkerThread "GC Thread#9"                     [id=12940, stack(0x0000000f05c00000,0x0000000f05d00000) (1024K)]
  0x00000189ea207f90 ConcurrentGCThread "G1 Main Marker"            [id=19604, stack(0x0000000f03f00000,0x0000000f04000000) (1024K)]
  0x00000189ea208c40 WorkerThread "G1 Conc#0"                       [id=28752, stack(0x0000000f04000000,0x0000000f04100000) (1024K)]
  0x00000189d676f3e0 WorkerThread "G1 Conc#1"                       [id=37760, stack(0x0000000f06400000,0x0000000f06500000) (1024K)]
  0x00000189d676fb20 WorkerThread "G1 Conc#2"                       [id=12692, stack(0x0000000f06500000,0x0000000f06600000) (1024K)]
  0x00000189f9cade80 ConcurrentGCThread "G1 Refine#0"               [id=25064, stack(0x0000000f04100000,0x0000000f04200000) (1024K)]
  0x00000189f9cae9f0 ConcurrentGCThread "G1 Service"                [id=19644, stack(0x0000000f04200000,0x0000000f04300000) (1024K)]
Total: 18

Threads with active compile tasks:
Total: 0

VM state: not at safepoint (normal execution)

VM Mutex/Monitor currently owned by a thread: None

Heap address: 0x0000000402000000, size: 16352 MB, Compressed Oops mode: Zero based, Oop shift amount: 3

CDS archive(s) mapped at: [0x0000018990000000-0x0000018990c90000-0x0000018990c90000), size 13172736, SharedBaseAddress: 0x0000018990000000, ArchiveRelocationMode: 1.
Compressed class space mapped at: 0x0000018991000000-0x00000189d1000000, reserved size: 1073741824
Narrow klass base: 0x0000018990000000, Narrow klass shift: 0, Narrow klass range: 0x100000000

GC Precious Log:
 CardTable entry size: 512
 Card Set container configuration: InlinePtr #cards 4 size 8 Array Of Cards #cards 64 size 144 Howl #buckets 8 coarsen threshold 14745 Howl Bitmap #cards 2048 size 272 coarsen threshold 1843 Card regions per heap region 1 cards per card region 16384
 CPUs: 12 total, 12 available
 Memory: 65386M
 Large Page Support: Disabled
 NUMA Support: Disabled
 Compressed Oops: Enabled (Zero based)
 Heap Region Size: 8M
 Heap Min Capacity: 8M
 Heap Initial Capacity: 1G
 Heap Max Capacity: 16352M
 Pre-touch: Disabled
 Parallel Workers: 10
 Concurrent Workers: 3
 Concurrent Refinement Workers: 10
 Periodic GC: Disabled

Heap:
 garbage-first heap   total 114688K, used 41025K [0x0000000402000000, 0x0000000800000000)
  region size 8192K, 4 young (32768K), 1 survivors (8192K)
 Metaspace       used 19879K, committed 20864K, reserved 1114112K
  class space    used 2868K, committed 3328K, reserved 1048576K

Heap Regions: E=young(eden), S=young(survivor), O=old, HS=humongous(starts), HC=humongous(continues), CS=collection set, F=free, TAMS=top-at-mark-start, PB=parsable bottom
|   0|0x0000000402000000, 0x0000000402800000, 0x0000000402800000|100%| O|  |TAMS 0x0000000402000000| PB 0x0000000402000000| Untracked 
|   1|0x0000000402800000, 0x0000000403000000, 0x0000000403000000|100%| O|  |TAMS 0x0000000402800000| PB 0x0000000402800000| Untracked 
|   2|0x0000000403000000, 0x0000000403000000, 0x0000000403800000|  0%| F|  |TAMS 0x0000000403000000| PB 0x0000000403000000| Untracked 
|   3|0x0000000403800000, 0x0000000404000000, 0x0000000404000000|100%| O|  |TAMS 0x0000000403800000| PB 0x0000000403800000| Untracked 
|   4|0x0000000404000000, 0x0000000404186e80, 0x0000000404800000| 19%| O|  |TAMS 0x0000000404000000| PB 0x0000000404000000| Untracked 
|   5|0x0000000404800000, 0x0000000404800000, 0x0000000405000000|  0%| F|  |TAMS 0x0000000404800000| PB 0x0000000404800000| Untracked 
|   6|0x0000000405000000, 0x0000000405000000, 0x0000000405800000|  0%| F|  |TAMS 0x0000000405000000| PB 0x0000000405000000| Untracked 
|   7|0x0000000405800000, 0x0000000405e89760, 0x0000000406000000| 81%| S|CS|TAMS 0x0000000405800000| PB 0x0000000405800000| Complete 
|   8|0x0000000406000000, 0x0000000406000000, 0x0000000406800000|  0%| F|  |TAMS 0x0000000406000000| PB 0x0000000406000000| Untracked 
|   9|0x0000000406800000, 0x0000000406800000, 0x0000000407000000|  0%| F|  |TAMS 0x0000000406800000| PB 0x0000000406800000| Untracked 
|  10|0x0000000407000000, 0x0000000407000000, 0x0000000407800000|  0%| F|  |TAMS 0x0000000407000000| PB 0x0000000407000000| Untracked 
|  11|0x0000000407800000, 0x00000004078d49a8, 0x0000000408000000| 10%| E|  |TAMS 0x0000000407800000| PB 0x0000000407800000| Complete 
| 126|0x0000000441000000, 0x0000000441800000, 0x0000000441800000|100%| E|  |TAMS 0x0000000441000000| PB 0x0000000441000000| Complete 
| 127|0x0000000441800000, 0x0000000442000000, 0x0000000442000000|100%| E|CS|TAMS 0x0000000441800000| PB 0x0000000441800000| Complete 

Card table byte_map: [0x00000189f7b50000,0x00000189f9b40000] _byte_map_base: 0x00000189f5b40000

Marking Bits: (CMBitMap*) 0x00000189ea1f7730
 Bits: [0x0000018980000000, 0x000001898ff80000)

Polling page: 0x00000189e80c0000

Metaspace:

Usage:
  Non-class:     16.61 MB used.
      Class:      2.80 MB used.
       Both:     19.41 MB used.

Virtual space:
  Non-class space:       64.00 MB reserved,      17.12 MB ( 27%) committed,  1 nodes.
      Class space:        1.00 GB reserved,       3.25 MB ( <1%) committed,  1 nodes.
             Both:        1.06 GB reserved,      20.38 MB (  2%) committed. 

Chunk freelists:
   Non-Class:  14.62 MB
       Class:  12.58 MB
        Both:  27.20 MB

MaxMetaspaceSize: unlimited
CompressedClassSpaceSize: 1.00 GB
Initial GC threshold: 21.00 MB
Current GC threshold: 21.00 MB
CDS: on
 - commit_granule_bytes: 65536.
 - commit_granule_words: 8192.
 - virtual_space_node_default_size: 8388608.
 - enlarge_chunks_in_place: 1.
 - use_allocation_guard: 0.


Internal statistics:

num_allocs_failed_limit: 0.
num_arena_births: 1508.
num_arena_deaths: 0.
num_vsnodes_births: 2.
num_vsnodes_deaths: 0.
num_space_committed: 326.
num_space_uncommitted: 0.
num_chunks_returned_to_freelist: 0.
num_chunks_taken_from_freelist: 2750.
num_chunk_merges: 0.
num_chunk_splits: 1547.
num_chunks_enlarged: 642.
num_inconsistent_stats: 0.

CodeCache: size=49152Kb used=9384Kb max_used=9384Kb free=39767Kb
 bounds [0x00000189f2820000, 0x00000189f3150000, 0x00000189f5820000]
 total_blobs=4243 nmethods=3713 adapters=451
 compilation: enabled
              stopped_count=0, restarted_count=0
 full_count=0

Compilation events (20 events):
Event: 1.807 Thread 0x00000189d17bd230 3426       1       java.lang.Float::equals (33 bytes)
Event: 1.807 Thread 0x00000189d17bd230 nmethod 3426 0x00000189f30f6610 code [0x00000189f30f67a0, 0x00000189f30f69b8]
Event: 1.807 Thread 0x00000189d17bd230 3427       1       java.lang.Double::<init> (10 bytes)
Event: 1.807 Thread 0x00000189f9db4a70 nmethod 3419 0x00000189f30f6a90 code [0x00000189f30f6e00, 0x00000189f30f7838]
Event: 1.808 Thread 0x00000189f9db4a70 3424       1       java.lang.Long::equals (30 bytes)
Event: 1.808 Thread 0x00000189d17bd230 nmethod 3427 0x00000189f30f7f10 code [0x00000189f30f80a0, 0x00000189f30f8168]
Event: 1.808 Thread 0x00000189d17bd230 3429       1       java.lang.Double::equals (34 bytes)
Event: 1.808 Thread 0x00000189f9db4a70 nmethod 3424 0x00000189f30f8210 code [0x00000189f30f83a0, 0x00000189f30f8540]
Event: 1.808 Thread 0x00000189f9db4a70 3423       1       java.lang.Float::<init> (10 bytes)
Event: 1.808 Thread 0x00000189f9db4a70 nmethod 3423 0x00000189f30f8610 code [0x00000189f30f87a0, 0x00000189f30f8868]
Event: 1.808 Thread 0x00000189f9db4a70 3428       1       java.lang.Float::valueOf (9 bytes)
Event: 1.808 Thread 0x00000189d17bd230 nmethod 3429 0x00000189f30f8910 code [0x00000189f30f8aa0, 0x00000189f30f8cd0]
Event: 1.808 Thread 0x00000189f9db4a70 nmethod 3428 0x00000189f30f8d90 code [0x00000189f30f8f20, 0x00000189f30f9020]
Event: 1.808 Thread 0x00000189d116c500 nmethod 3576 0x00000189f30f9110 code [0x00000189f30f93c0, 0x00000189f30f9cb8]
Event: 1.808 Thread 0x00000189f9db4a70 3430       1       java.lang.Double::valueOf (9 bytes)
Event: 1.808 Thread 0x00000189d17bd230 3420       1       io.quarkus.gizmo.BytecodeCreatorImpl::emitLoadConstant (323 bytes)
Event: 1.809 Thread 0x00000189f9db4a70 nmethod 3430 0x00000189f30fa390 code [0x00000189f30fa520, 0x00000189f30fa628]
Event: 1.809 Thread 0x00000189f9db4a70 3588       1       io.quarkus.gizmo.BytecodeCreatorImpl$NewInstanceOperation::getOutgoingResultHandle (5 bytes)
Event: 1.809 Thread 0x00000189f9db4a70 nmethod 3588 0x00000189f30fa710 code [0x00000189f30fa8a0, 0x00000189f30fa970]
Event: 1.810 Thread 0x00000189d116c500 3400       1       io.quarkus.gizmo.ResultHandle::setNo (13 bytes)

GC Heap History (10 events):
Event: 0.894 GC heap before
{Heap before GC invocations=0 (full 0):
 garbage-first heap   total 1048576K, used 49152K [0x0000000402000000, 0x0000000800000000)
  region size 8192K, 6 young (49152K), 0 survivors (0K)
 Metaspace       used 4101K, committed 4416K, reserved 1114112K
  class space    used 493K, committed 640K, reserved 1048576K
}
Event: 0.900 GC heap after
{Heap after GC invocations=1 (full 0):
 garbage-first heap   total 1048576K, used 15755K [0x0000000402000000, 0x0000000800000000)
  region size 8192K, 1 young (8192K), 1 survivors (8192K)
 Metaspace       used 4101K, committed 4416K, reserved 1114112K
  class space    used 493K, committed 640K, reserved 1048576K
}
Event: 1.244 GC heap before
{Heap before GC invocations=1 (full 0):
 garbage-first heap   total 1048576K, used 56715K [0x0000000402000000, 0x0000000800000000)
  region size 8192K, 6 young (49152K), 1 survivors (8192K)
 Metaspace       used 8281K, committed 8640K, reserved 1114112K
  class space    used 1070K, committed 1216K, reserved 1048576K
}
Event: 1.250 GC heap after
{Heap after GC invocations=2 (full 0):
 garbage-first heap   total 1048576K, used 22391K [0x0000000402000000, 0x0000000800000000)
  region size 8192K, 1 young (8192K), 1 survivors (8192K)
 Metaspace       used 8281K, committed 8640K, reserved 1114112K
  class space    used 1070K, committed 1216K, reserved 1048576K
}
Event: 1.317 GC heap before
{Heap before GC invocations=2 (full 0):
 garbage-first heap   total 1048576K, used 22391K [0x0000000402000000, 0x0000000800000000)
  region size 8192K, 2 young (16384K), 1 survivors (8192K)
 Metaspace       used 8816K, committed 9152K, reserved 1114112K
  class space    used 1153K, committed 1280K, reserved 1048576K
}
Event: 1.320 GC heap after
{Heap after GC invocations=3 (full 0):
 garbage-first heap   total 1048576K, used 23436K [0x0000000402000000, 0x0000000800000000)
  region size 8192K, 1 young (8192K), 1 survivors (8192K)
 Metaspace       used 8816K, committed 9152K, reserved 1114112K
  class space    used 1153K, committed 1280K, reserved 1048576K
}
Event: 1.648 GC heap before
{Heap before GC invocations=4 (full 0):
 garbage-first heap   total 114688K, used 80780K [0x0000000402000000, 0x0000000800000000)
  region size 8192K, 8 young (65536K), 1 survivors (8192K)
 Metaspace       used 14718K, committed 15296K, reserved 1114112K
  class space    used 2007K, committed 2240K, reserved 1048576K
}
Event: 1.651 GC heap after
{Heap after GC invocations=5 (full 0):
 garbage-first heap   total 114688K, used 27370K [0x0000000402000000, 0x0000000800000000)
  region size 8192K, 1 young (8192K), 1 survivors (8192K)
 Metaspace       used 14718K, committed 15296K, reserved 1114112K
  class space    used 2007K, committed 2240K, reserved 1048576K
}
Event: 1.800 GC heap before
{Heap before GC invocations=5 (full 0):
 garbage-first heap   total 114688K, used 68330K [0x0000000402000000, 0x0000000800000000)
  region size 8192K, 7 young (57344K), 1 survivors (8192K)
 Metaspace       used 19114K, committed 20096K, reserved 1114112K
  class space    used 2742K, committed 3200K, reserved 1048576K
}
Event: 1.806 GC heap after
{Heap after GC invocations=6 (full 0):
 garbage-first heap   total 114688K, used 32833K [0x0000000402000000, 0x0000000800000000)
  region size 8192K, 1 young (8192K), 1 survivors (8192K)
 Metaspace       used 19114K, committed 20096K, reserved 1114112K
  class space    used 2742K, committed 3200K, reserved 1048576K
}

Dll operation events (11 events):
Event: 0.009 Loaded shared library C:\Program Files\Java\mandrel-java21-23.1.4.0-Final\bin\java.dll
Event: 0.061 Loaded shared library C:\Program Files\Java\mandrel-java21-23.1.4.0-Final\bin\zip.dll
Event: 0.064 Loaded shared library C:\Program Files\Java\mandrel-java21-23.1.4.0-Final\bin\instrument.dll
Event: 0.067 Loaded shared library C:\Program Files\Java\mandrel-java21-23.1.4.0-Final\bin\net.dll
Event: 0.069 Loaded shared library C:\Program Files\Java\mandrel-java21-23.1.4.0-Final\bin\nio.dll
Event: 0.071 Loaded shared library C:\Program Files\Java\mandrel-java21-23.1.4.0-Final\bin\zip.dll
Event: 0.124 Loaded shared library C:\Program Files\Java\mandrel-java21-23.1.4.0-Final\bin\jimage.dll
Event: 1.047 Loaded shared library C:\Program Files\Java\mandrel-java21-23.1.4.0-Final\bin\verify.dll
Event: 1.787 Loaded shared library C:\Program Files\Java\mandrel-java21-23.1.4.0-Final\bin\management.dll
Event: 1.792 Loaded shared library C:\Program Files\Java\mandrel-java21-23.1.4.0-Final\bin\management_ext.dll
Event: 1.799 Loaded shared library C:\Users\perso\.gradle\native\jansi\1.18\windows64\jansi.dll

Deoptimization events (20 events):
Event: 1.656 Thread 0x00000189d761ce00 DEOPT PACKING pc=0x00000189f2cc4224 sp=0x0000000f097fe1a0
Event: 1.656 Thread 0x00000189d761ce00 DEOPT UNPACKING pc=0x00000189f2874e42 sp=0x0000000f097fd678 mode 1
Event: 1.657 Thread 0x00000189d761ce00 DEOPT PACKING pc=0x00000189f2cc12e4 sp=0x0000000f097fe280
Event: 1.657 Thread 0x00000189d761ce00 DEOPT UNPACKING pc=0x00000189f2874e42 sp=0x0000000f097fd7c8 mode 1
Event: 1.671 Thread 0x00000189d761ce00 DEOPT PACKING pc=0x00000189f2c9ab8c sp=0x0000000f097fe5d0
Event: 1.671 Thread 0x00000189d761ce00 DEOPT UNPACKING pc=0x00000189f2874e42 sp=0x0000000f097fdaa0 mode 1
Event: 1.671 Thread 0x00000189d761ce00 DEOPT PACKING pc=0x00000189f2f11a74 sp=0x0000000f097fe670
Event: 1.671 Thread 0x00000189d761ce00 DEOPT UNPACKING pc=0x00000189f2874e42 sp=0x0000000f097fdc00 mode 1
Event: 1.672 Thread 0x00000189d761ce00 DEOPT PACKING pc=0x00000189f2c9ab8c sp=0x0000000f097fe5d0
Event: 1.672 Thread 0x00000189d761ce00 DEOPT UNPACKING pc=0x00000189f2874e42 sp=0x0000000f097fdaa0 mode 1
Event: 1.673 Thread 0x00000189d761ce00 DEOPT PACKING pc=0x00000189f2f11a74 sp=0x0000000f097fe670
Event: 1.673 Thread 0x00000189d761ce00 DEOPT UNPACKING pc=0x00000189f2874e42 sp=0x0000000f097fdc00 mode 1
Event: 1.674 Thread 0x00000189d761ce00 DEOPT PACKING pc=0x00000189f2c9ab8c sp=0x0000000f097fe5d0
Event: 1.674 Thread 0x00000189d761ce00 DEOPT UNPACKING pc=0x00000189f2874e42 sp=0x0000000f097fdaa0 mode 1
Event: 1.675 Thread 0x00000189d761ce00 DEOPT PACKING pc=0x00000189f2f11a74 sp=0x0000000f097fe670
Event: 1.675 Thread 0x00000189d761ce00 DEOPT UNPACKING pc=0x00000189f2874e42 sp=0x0000000f097fdc00 mode 1
Event: 1.675 Thread 0x00000189d761ce00 DEOPT PACKING pc=0x00000189f2c9ab8c sp=0x0000000f097fe5d0
Event: 1.675 Thread 0x00000189d761ce00 DEOPT UNPACKING pc=0x00000189f2874e42 sp=0x0000000f097fdaa0 mode 1
Event: 1.676 Thread 0x00000189d761ce00 DEOPT PACKING pc=0x00000189f2f11a74 sp=0x0000000f097fe670
Event: 1.676 Thread 0x00000189d761ce00 DEOPT UNPACKING pc=0x00000189f2874e42 sp=0x0000000f097fdc00 mode 1

Classes loaded (20 events):
Event: 1.799 Loading class java/lang/management/DefaultPlatformMBeanProvider$10
Event: 1.799 Loading class java/lang/management/DefaultPlatformMBeanProvider$10 done
Event: 1.799 Loading class java/lang/management/DefaultPlatformMBeanProvider$11
Event: 1.799 Loading class java/lang/management/DefaultPlatformMBeanProvider$11 done
Event: 1.799 Loading class jdk/internal/loader/NativeLibraries$Unloader
Event: 1.799 Loading class jdk/internal/loader/NativeLibraries$Unloader done
Event: 1.799 Loading class jdk/management/jfr/FlightRecorderMXBean
Event: 1.799 Loading class jdk/management/jfr/FlightRecorderMXBean done
Event: 1.800 Loading class jdk/management/jfr/internal/FlightRecorderMXBeanProvider$SingleMBeanComponent
Event: 1.800 Loading class jdk/management/jfr/internal/FlightRecorderMXBeanProvider$SingleMBeanComponent done
Event: 1.807 Loading class java/nio/charset/UnsupportedCharsetException
Event: 1.807 Loading class java/nio/charset/UnsupportedCharsetException done
Event: 1.807 Loading class java/util/stream/ReduceOps$2
Event: 1.807 Loading class java/util/stream/ReduceOps$2 done
Event: 1.808 Loading class java/util/stream/ReduceOps$2ReducingSink
Event: 1.808 Loading class java/util/stream/ReduceOps$2ReducingSink done
Event: 1.808 Loading class sun/management/RuntimeImpl
Event: 1.809 Loading class sun/management/RuntimeImpl done
Event: 1.809 Loading class java/util/Collections$2
Event: 1.809 Loading class java/util/Collections$2 done

Classes unloaded (0 events):
No events

Classes redefined (0 events):
No events

Internal exceptions (20 events):
Event: 1.739 Thread 0x00000189d761ba50 Exception <a 'java/lang/NoSuchMethodError'{0x0000000407f96290}: 'java.lang.Object java.lang.invoke.DelegatingMethodHandle$Holder.reinvoke_L(java.lang.Object, java.lang.Object, java.lang.Object, java.lang.Object, int, int)'> (0x0000000407f96290) 
thrown [s\src\hotspot\share\interpreter\linkResolver.cpp, line 773]
Event: 1.739 Thread 0x00000189d71726b0 Exception <a 'java/lang/NoSuchMethodError'{0x0000000407f6c280}: 'java.lang.Object java.lang.invoke.DelegatingMethodHandle$Holder.reinvoke_L(java.lang.Object, java.lang.Object, java.lang.Object, java.lang.Object, int, int)'> (0x0000000407f6c280) 
thrown [s\src\hotspot\share\interpreter\linkResolver.cpp, line 773]
Event: 1.739 Thread 0x00000189d74d4b70 Exception <a 'java/lang/NoSuchMethodError'{0x0000000407f226c8}: 'java.lang.Object java.lang.invoke.DelegatingMethodHandle$Holder.reinvoke_L(java.lang.Object, java.lang.Object, java.lang.Object, java.lang.Object, int, int)'> (0x0000000407f226c8) 
thrown [s\src\hotspot\share\interpreter\linkResolver.cpp, line 773]
Event: 1.739 Thread 0x00000189d761fbf0 Exception <a 'java/lang/NoSuchMethodError'{0x0000000407a632d0}: 'int java.lang.invoke.DirectMethodHandle$Holder.invokeStaticInit(java.lang.Object, java.lang.Object, java.lang.Object)'> (0x0000000407a632d0) 
thrown [s\src\hotspot\share\interpreter\linkResolver.cpp, line 773]
Event: 1.739 Thread 0x00000189d761e1b0 Exception <a 'java/lang/NoSuchMethodError'{0x0000000407f5f328}: 'java.lang.Object java.lang.invoke.DelegatingMethodHandle$Holder.reinvoke_L(java.lang.Object, java.lang.Object, java.lang.Object, java.lang.Object, int, int)'> (0x0000000407f5f328) 
thrown [s\src\hotspot\share\interpreter\linkResolver.cpp, line 773]
Event: 1.739 Thread 0x00000189d74d5200 Exception <a 'java/lang/NoSuchMethodError'{0x00000004070ea710}: 'java.lang.Object java.lang.invoke.DelegatingMethodHandle$Holder.reinvoke_L(java.lang.Object, java.lang.Object, java.lang.Object, java.lang.Object, int, int)'> (0x00000004070ea710) 
thrown [s\src\hotspot\share\interpreter\linkResolver.cpp, line 773]
Event: 1.739 Thread 0x00000189d76dfbe0 Exception <a 'java/lang/NoSuchMethodError'{0x0000000407f3ad08}: 'java.lang.Object java.lang.invoke.DelegatingMethodHandle$Holder.reinvoke_L(java.lang.Object, java.lang.Object, java.lang.Object, java.lang.Object, int, int)'> (0x0000000407f3ad08) 
thrown [s\src\hotspot\share\interpreter\linkResolver.cpp, line 773]
Event: 1.745 Thread 0x00000189d761fbf0 Exception <a 'java/lang/NoSuchMethodError'{0x0000000407a69080}: 'java.lang.Object java.lang.invoke.DirectMethodHandle$Holder.invokeStaticInit(java.lang.Object, int, java.lang.Object)'> (0x0000000407a69080) 
thrown [s\src\hotspot\share\interpreter\linkResolver.cpp, line 773]
Event: 1.754 Thread 0x00000189d761f560 Exception <a 'java/lang/NoSuchMethodError'{0x00000004074c32e8}: 'void java.lang.invoke.DelegatingMethodHandle$Holder.reinvoke_L(java.lang.Object, java.lang.Object, java.lang.Object, java.lang.Object, java.lang.Object, java.lang.Object, java.lang.Object, java.lang.Object, java.lang.Object, java.lang.Object, java.lang.Object, java.lang.Object, java.lang.Object, java.lang.Object, java.lang.Object, java.lang.Object, java.lang.Object)'> (0x00000004074c32e8) 
thrown [s\src\hotspot\share\interpreter\linkResolver.
Event: 1.754 Thread 0x00000189d7172020 Exception <a 'java/lang/NoSuchMethodError'{0x000000040745a7a0}: 'void java.lang.invoke.DirectMethodHandle$Holder.invokeSpecial(java.lang.Object, java.lang.Object, java.lang.Object, java.lang.Object, java.lang.Object, java.lang.Object, java.lang.Object, java.lang.Object, java.lang.Object)'> (0x000000040745a7a0) 
thrown [s\src\hotspot\share\interpreter\linkResolver.cpp, line 773]
Event: 1.755 Thread 0x00000189d7172020 Exception <a 'java/lang/NoSuchMethodError'{0x000000040745de58}: 'void java.lang.invoke.DelegatingMethodHandle$Holder.reinvoke_L(java.lang.Object, java.lang.Object, java.lang.Object, java.lang.Object, java.lang.Object, java.lang.Object, java.lang.Object, java.lang.Object)'> (0x000000040745de58) 
thrown [s\src\hotspot\share\interpreter\linkResolver.cpp, line 773]
Event: 1.756 Thread 0x00000189d761f560 Exception <a 'java/lang/NoSuchMethodError'{0x00000004074ccce0}: 'java.lang.Object java.lang.invoke.DirectMethodHandle$Holder.invokeSpecial(java.lang.Object, java.lang.Object, java.lang.Object, java.lang.Object, java.lang.Object, java.lang.Object, java.lang.Object, java.lang.Object, java.lang.Object, java.lang.Object, java.lang.Object, java.lang.Object, java.lang.Object, java.lang.Object, java.lang.Object, java.lang.Object, java.lang.Object)'> (0x00000004074ccce0) 
thrown [s\src\hotspot\share\interpreter\li
Event: 1.757 Thread 0x00000189d761f560 Exception <a 'java/lang/NoSuchMethodError'{0x00000004074d10b0}: 'java.lang.Object java.lang.invoke.Invokers$Holder.invoker(java.lang.Object, java.lang.Object, java.lang.Object, java.lang.Object, java.lang.Object, java.lang.Object, java.lang.Object, java.lang.Object, java.lang.Object, java.lang.Object, java.lang.Object, java.lang.Object, java.lang.Object, java.lang.Object, java.lang.Object, java.lang.Object, java.lang.Object)'> (0x00000004074d10b0) 
thrown [s\src\hotspot\share\interpreter\linkResolver.cpp, 
Event: 1.757 Thread 0x00000189d71705e0 Exception <a 'java/lang/NoSuchMethodError'{0x000000040757b650}: 'void java.lang.invoke.DelegatingMethodHandle$Holder.reinvoke_L(java.lang.Object, java.lang.Object, java.lang.Object, java.lang.Object, java.lang.Object, java.lang.Object, java.lang.Object, java.lang.Object, java.lang.Object)'> (0x000000040757b650) 
thrown [s\src\hotspot\share\interpreter\linkResolver.cpp, line 773]
Event: 1.759 Thread 0x00000189d71705e0 Exception <a 'java/lang/NoSuchMethodError'{0x0000000407582420}: 'java.lang.Object java.lang.invoke.Invokers$Holder.invoker(java.lang.Object, java.lang.Object, java.lang.Object, java.lang.Object, java.lang.Object, java.lang.Object, java.lang.Object, java.lang.Object, java.lang.Object)'> (0x0000000407582420) 
thrown [s\src\hotspot\share\interpreter\linkResolver.cpp, line 773]
Event: 1.759 Thread 0x00000189d761f560 Exception <a 'java/lang/NoSuchMethodError'{0x0000000407649ba0}: 'java.lang.Object java.lang.invoke.DelegatingMethodHandle$Holder.delegate(java.lang.Object, java.lang.Object, java.lang.Object, java.lang.Object, java.lang.Object, java.lang.Object, java.lang.Object, java.lang.Object, java.lang.Object, java.lang.Object, java.lang.Object, java.lang.Object, java.lang.Object, java.lang.Object, java.lang.Object, java.lang.Object, java.lang.Object)'> (0x0000000407649ba0) 
thrown [s\src\hotspot\share\interpreter\lin
Event: 1.773 Thread 0x00000189d76e3060 Exception <a 'java/lang/NoSuchMethodError'{0x00000004069db968}: 'java.lang.Object java.lang.invoke.Invokers$Holder.invoker(java.lang.Object, java.lang.Object, java.lang.Object, java.lang.Object, java.lang.Object, java.lang.Object, java.lang.Object, java.lang.Object, java.lang.Object, java.lang.Object, java.lang.Object)'> (0x00000004069db968) 
thrown [s\src\hotspot\share\interpreter\linkResolver.cpp, line 773]
Event: 1.781 Thread 0x00000189d76e3060 Exception <a 'java/lang/NoSuchMethodError'{0x0000000406ee2c20}: 'java.lang.Object java.lang.invoke.DirectMethodHandle$Holder.invokeStatic(java.lang.Object, java.lang.Object, java.lang.Object, java.lang.Object, java.lang.Object, java.lang.Object, java.lang.Object, java.lang.Object, java.lang.Object, java.lang.Object, java.lang.Object, java.lang.Object, java.lang.Object)'> (0x0000000406ee2c20) 
thrown [s\src\hotspot\share\interpreter\linkResolver.cpp, line 773]
Event: 1.808 Thread 0x00000189d761fbf0 Exception <a 'java/lang/NullPointerException'{0x00000004418cb598}> (0x00000004418cb598) 
thrown [s\src\hotspot\share\interpreter\linkResolver.cpp, line 1372]
Event: 1.810 Thread 0x00000189d761fbf0 Exception <a 'java/lang/NoSuchFieldError'{0x0000000441a02530}: STDIN_FILENO> (0x0000000441a02530) 
thrown [s\src\hotspot\share\prims\jni.cpp, line 1989]

ZGC Phase Switch (0 events):
No events

VM Operations (20 events):
Event: 1.445 Executing VM operation: HandshakeAllThreads (Deoptimize)
Event: 1.445 Executing VM operation: HandshakeAllThreads (Deoptimize) done
Event: 1.594 Executing VM operation: HandshakeAllThreads (Deoptimize)
Event: 1.594 Executing VM operation: HandshakeAllThreads (Deoptimize) done
Event: 1.601 Executing VM operation: HandshakeAllThreads (Deoptimize)
Event: 1.601 Executing VM operation: HandshakeAllThreads (Deoptimize) done
Event: 1.633 Executing VM operation: HandshakeAllThreads (Deoptimize)
Event: 1.647 Executing VM operation: HandshakeAllThreads (Deoptimize) done
Event: 1.647 Executing VM operation: G1CollectForAllocation (G1 Evacuation Pause)
Event: 1.651 Executing VM operation: G1CollectForAllocation (G1 Evacuation Pause) done
Event: 1.654 Executing VM operation: HandshakeAllThreads (Deoptimize)
Event: 1.695 Executing VM operation: HandshakeAllThreads (Deoptimize) done
Event: 1.695 Executing VM operation: HandshakeAllThreads (Deoptimize)
Event: 1.704 Executing VM operation: HandshakeAllThreads (Deoptimize) done
Event: 1.711 Executing VM operation: HandshakeAllThreads (Deoptimize)
Event: 1.722 Executing VM operation: HandshakeAllThreads (Deoptimize) done
Event: 1.800 Executing VM operation: G1CollectForAllocation (G1 Evacuation Pause)
Event: 1.806 Executing VM operation: G1CollectForAllocation (G1 Evacuation Pause) done
Event: 1.808 Executing VM operation: HandshakeAllThreads (Deoptimize)
Event: 1.808 Executing VM operation: HandshakeAllThreads (Deoptimize) done

Memory protections (0 events):
No events

Nmethod flushes (0 events):
No events

Events (20 events):
Event: 1.625 Thread 0x00000189e7e46930 Thread added: 0x00000189d7620280
Event: 1.625 Thread 0x00000189d6727090 Thread added: 0x00000189d761eed0
Event: 1.626 Thread 0x00000189e7e46930 Thread added: 0x00000189d761ce00
Event: 1.627 Thread 0x00000189d6727090 Thread added: 0x00000189d761db20
Event: 1.628 Thread 0x00000189e7e46930 Thread added: 0x00000189d761c770
Event: 1.628 Thread 0x00000189d6727090 Thread added: 0x00000189d761e1b0
Event: 1.629 Thread 0x00000189d7171990 Thread added: 0x00000189d761e840
Event: 1.630 Thread 0x00000189e7e46930 Thread added: 0x00000189d7621cc0
Event: 1.631 Thread 0x00000189d6727090 Thread added: 0x00000189d76229e0
Event: 1.631 Thread 0x00000189e7e46930 Thread added: 0x00000189d761f560
Event: 1.633 Thread 0x00000189e7e46930 Thread added: 0x00000189d7620910
Event: 1.634 Thread 0x00000189e7e46930 Thread added: 0x00000189d761ba50
Event: 1.636 Thread 0x00000189d7173a60 Thread added: 0x00000189d761c0e0
Event: 1.636 Thread 0x00000189e7e46930 Thread added: 0x00000189d7622350
Event: 1.638 Thread 0x00000189e7e46930 Thread added: 0x00000189d7623070
Event: 1.639 Thread 0x00000189e7e46930 Thread added: 0x00000189d76e29d0
Event: 1.640 Thread 0x00000189e7e46930 Thread added: 0x00000189d76e3060
Event: 1.641 Thread 0x00000189e7e46930 Thread added: 0x00000189d76df550
Event: 1.643 Thread 0x00000189e7e46930 Thread added: 0x00000189d76dfbe0
Event: 1.644 Thread 0x00000189e7e46930 Thread added: 0x00000189d76e0270


Dynamic libraries:
0x00007ff799df0000 - 0x00007ff799dfe000 	C:\Program Files\Java\mandrel-java21-23.1.4.0-Final\bin\java.exe
0x00007ff87f9b0000 - 0x00007ff87fbc7000 	C:\Windows\SYSTEM32\ntdll.dll
0x00007ff87e580000 - 0x00007ff87e644000 	C:\Windows\System32\KERNEL32.DLL
0x00007ff87d330000 - 0x00007ff87d6dd000 	C:\Windows\System32\KERNELBASE.dll
0x00007ff87cec0000 - 0x00007ff87cfd1000 	C:\Windows\System32\ucrtbase.dll
0x00007ff864e40000 - 0x00007ff864e5b000 	C:\Program Files\Java\mandrel-java21-23.1.4.0-Final\bin\VCRUNTIME140.dll
0x00007ff865660000 - 0x00007ff865678000 	C:\Program Files\Java\mandrel-java21-23.1.4.0-Final\bin\jli.dll
0x00007ff87e650000 - 0x00007ff87e7fe000 	C:\Windows\System32\USER32.dll
0x00007ff87ccd0000 - 0x00007ff87ccf6000 	C:\Windows\System32\win32u.dll
0x00007ff86d3c0000 - 0x00007ff86d653000 	C:\Windows\WinSxS\amd64_microsoft.windows.common-controls_6595b64144ccf1df_6.0.22621.3672_none_2713b9d173822955\COMCTL32.dll
0x00007ff87e3a0000 - 0x00007ff87e447000 	C:\Windows\System32\msvcrt.dll
0x00007ff87e800000 - 0x00007ff87e829000 	C:\Windows\System32\GDI32.dll
0x00007ff87cfe0000 - 0x00007ff87d0f9000 	C:\Windows\System32\gdi32full.dll
0x00007ff87ce20000 - 0x00007ff87ceba000 	C:\Windows\System32\msvcp_win.dll
0x00007ff87f0a0000 - 0x00007ff87f0d1000 	C:\Windows\System32\IMM32.DLL
0x00007ff876e40000 - 0x00007ff876e4c000 	C:\Program Files\Java\mandrel-java21-23.1.4.0-Final\bin\vcruntime140_1.dll
0x00007ff850050000 - 0x00007ff8500de000 	C:\Program Files\Java\mandrel-java21-23.1.4.0-Final\bin\msvcp140.dll
0x00007fffdd0b0000 - 0x00007fffdde38000 	C:\Program Files\Java\mandrel-java21-23.1.4.0-Final\bin\server\jvm.dll
0x00007ff87f140000 - 0x00007ff87f1f2000 	C:\Windows\System32\ADVAPI32.dll
0x00007ff87e4d0000 - 0x00007ff87e579000 	C:\Windows\System32\sechost.dll
0x00007ff87cdf0000 - 0x00007ff87ce18000 	C:\Windows\System32\bcrypt.dll
0x00007ff87e0f0000 - 0x00007ff87e204000 	C:\Windows\System32\RPCRT4.dll
0x00007ff87e450000 - 0x00007ff87e4c1000 	C:\Windows\System32\WS2_32.dll
0x00007ff87bb40000 - 0x00007ff87bb8d000 	C:\Windows\SYSTEM32\POWRPROF.dll
0x00007ff870290000 - 0x00007ff8702c4000 	C:\Windows\SYSTEM32\WINMM.dll
0x00007ff874ee0000 - 0x00007ff874eea000 	C:\Windows\SYSTEM32\VERSION.dll
0x00007ff87bb20000 - 0x00007ff87bb33000 	C:\Windows\SYSTEM32\UMPDC.dll
0x00007ff87bdd0000 - 0x00007ff87bde8000 	C:\Windows\SYSTEM32\kernel.appcore.dll
0x00007ff872f80000 - 0x00007ff872f8a000 	C:\Program Files\Java\mandrel-java21-23.1.4.0-Final\bin\jimage.dll
0x00007ff87a4f0000 - 0x00007ff87a722000 	C:\Windows\SYSTEM32\DBGHELP.DLL
0x00007ff87f5e0000 - 0x00007ff87f96e000 	C:\Windows\System32\combase.dll
0x00007ff87e210000 - 0x00007ff87e2e7000 	C:\Windows\System32\OLEAUT32.dll
0x00007ff861c30000 - 0x00007ff861c62000 	C:\Windows\SYSTEM32\dbgcore.DLL
0x00007ff87cd00000 - 0x00007ff87cd7b000 	C:\Windows\System32\bcryptPrimitives.dll
0x00007ff864230000 - 0x00007ff86423f000 	C:\Program Files\Java\mandrel-java21-23.1.4.0-Final\bin\instrument.dll
0x00007ff864db0000 - 0x00007ff864dcf000 	C:\Program Files\Java\mandrel-java21-23.1.4.0-Final\bin\java.dll
0x00007ff8641e0000 - 0x00007ff86421c000 	C:\Program Files\Java\mandrel-java21-23.1.4.0-Final\bin\jdwp.dll
0x00007ff87e830000 - 0x00007ff87f097000 	C:\Windows\System32\SHELL32.dll
0x00007ff87ac10000 - 0x00007ff87b50f000 	C:\Windows\SYSTEM32\windows.storage.dll
0x00007ff87aad0000 - 0x00007ff87ac0f000 	C:\Windows\SYSTEM32\wintypes.dll
0x00007ff87f2a0000 - 0x00007ff87f399000 	C:\Windows\System32\SHCORE.dll
0x00007ff87f0e0000 - 0x00007ff87f13e000 	C:\Windows\System32\shlwapi.dll
0x00007ff87cc00000 - 0x00007ff87cc27000 	C:\Windows\SYSTEM32\profapi.dll
0x00007ff864d50000 - 0x00007ff864d68000 	C:\Program Files\Java\mandrel-java21-23.1.4.0-Final\bin\zip.dll
0x00007ff86c980000 - 0x00007ff86c990000 	C:\Program Files\Java\mandrel-java21-23.1.4.0-Final\bin\net.dll
0x00007ff879280000 - 0x00007ff8793b6000 	C:\Windows\SYSTEM32\WINHTTP.dll
0x00007ff87c230000 - 0x00007ff87c299000 	C:\Windows\system32\mswsock.dll
0x00007ff864d70000 - 0x00007ff864d86000 	C:\Program Files\Java\mandrel-java21-23.1.4.0-Final\bin\nio.dll
0x00007ff864df0000 - 0x00007ff864dfb000 	C:\Program Files\Java\mandrel-java21-23.1.4.0-Final\bin\dt_socket.dll
0x00007ff87b7e0000 - 0x00007ff87b80d000 	C:\Windows\SYSTEM32\IPHLPAPI.DLL
0x00007ff87b850000 - 0x00007ff87b948000 	C:\Windows\SYSTEM32\DNSAPI.dll
0x00007ff87f260000 - 0x00007ff87f269000 	C:\Windows\System32\NSI.dll
0x00007ff875a10000 - 0x00007ff875a1a000 	C:\Windows\System32\rasadhlp.dll
0x00007ff877240000 - 0x00007ff8772c3000 	C:\Windows\System32\fwpuclnt.dll
0x00007ff864e30000 - 0x00007ff864e40000 	C:\Program Files\Java\mandrel-java21-23.1.4.0-Final\bin\verify.dll
0x00007ff864d40000 - 0x00007ff864d4a000 	C:\Program Files\Java\mandrel-java21-23.1.4.0-Final\bin\management.dll
0x00007ff864780000 - 0x00007ff86478b000 	C:\Program Files\Java\mandrel-java21-23.1.4.0-Final\bin\management_ext.dll
0x00007ff87e0e0000 - 0x00007ff87e0e8000 	C:\Windows\System32\PSAPI.DLL
0x00007ff863a80000 - 0x00007ff863a8a000 	C:\Users\perso\.gradle\native\jansi\1.18\windows64\jansi.dll

dbghelp: loaded successfully - version: 4.0.5 - missing functions: none
symbol engine: initialized successfully - sym options: 0x614 - pdb path: .;C:\Program Files\Java\mandrel-java21-23.1.4.0-Final\bin;C:\Windows\SYSTEM32;C:\Windows\WinSxS\amd64_microsoft.windows.common-controls_6595b64144ccf1df_6.0.22621.3672_none_2713b9d173822955;C:\Program Files\Java\mandrel-java21-23.1.4.0-Final\bin\server;C:\Users\perso\.gradle\native\jansi\1.18\windows64

VM Arguments:
jvm_args: -javaagent:C:\Users\perso\.gradle\caches\modules-2\files-2.1\io.quarkus\quarkus-class-change-agent\3.15.1\66e2d3905778c0c60403702918c0a5b6e6e9fcd3\quarkus-class-change-agent-3.15.1.jar -Dquarkus-internal.serialized-app-model.path=E:\Repositories\Personal\Learning\quarkus-examples\getting-started-gradle\build\tmp\quarkusDev\quarkus-app-model.dat -Dquarkus-internal-test.serialized-app-model.path=E:\Repositories\Personal\Learning\quarkus-examples\getting-started-gradle\build\tmp\quarkusDev\quarkus-app-test-model.dat -XX:TieredStopAtLevel=1 -agentlib:jdwp=transport=dt_socket,address=localhost:5005,server=y,suspend=n -Djava.util.logging.manager=org.jboss.logmanager.LogManager 
java_command: E:\Repositories\Personal\Learning\quarkus-examples\getting-started-gradle\build\getting-started-gradle-dev.jar
java_class_path (initial): E:\Repositories\Personal\Learning\quarkus-examples\getting-started-gradle\build\getting-started-gradle-dev.jar
Launcher Type: SUN_STANDARD

[Global flags]
     intx CICompilerCount                          = 4                                         {product} {ergonomic}
     uint ConcGCThreads                            = 3                                         {product} {ergonomic}
     uint G1ConcRefinementThreads                  = 10                                        {product} {ergonomic}
   size_t G1HeapRegionSize                         = 8388608                                   {product} {ergonomic}
    uintx GCDrainStackTargetSize                   = 64                                        {product} {ergonomic}
   size_t InitialHeapSize                          = 1073741824                                {product} {ergonomic}
   size_t MarkStackSize                            = 4194304                                   {product} {ergonomic}
   size_t MaxHeapSize                              = 17146314752                               {product} {ergonomic}
   size_t MaxNewSize                               = 10284433408                               {product} {ergonomic}
   size_t MinHeapDeltaBytes                        = 8388608                                   {product} {ergonomic}
   size_t MinHeapSize                              = 8388608                                   {product} {ergonomic}
    uintx NonNMethodCodeHeapSize                   = 4096                                   {pd product} {ergonomic}
    uintx NonProfiledCodeHeapSize                  = 0                                      {pd product} {ergonomic}
     bool ProfileInterpreter                       = false                                  {pd product} {command line}
    uintx ProfiledCodeHeapSize                     = 0                                      {pd product} {ergonomic}
   size_t SoftMaxHeapSize                          = 17146314752                            {manageable} {ergonomic}
     intx TieredStopAtLevel                        = 1                                         {product} {command line}
     bool UseCompressedOops                        = true                           {product lp64_product} {ergonomic}
     bool UseG1GC                                  = true                                      {product} {ergonomic}
     bool UseLargePagesIndividualAllocation        = false                                  {pd product} {ergonomic}

Logging:
Log output configuration:
 #0: stdout all=warning uptime,level,tags foldmultilines=false
 #1: stderr all=off uptime,level,tags foldmultilines=false

Environment Variables:
JAVA_HOME=C:\Program Files\Java\mandrel-java21-23.1.4.0-Final
CLASSPATH="C:\ProgramData\chocolatey\lib\quarkus\quarkus-cli-3.15.1"\etc;"C:\ProgramData\chocolatey\lib\quarkus\quarkus-cli-3.15.1\lib"\quarkus-cli-3.15.1-runner.jar
PATH=C:\Program Files\Java\mandrel-java21-23.1.4.0-Final\bin;C:\Program Files\Maven\apache-maven-3.9.9\bin;%MYSQL_HOME\bin%;C:\ProgramData\Oracle\Java\javapath;C:\Program Files (x86)\Common Files\Oracle\Java\java8path;C:\Program Files (x86)\Common Files\Oracle\Java\javapath;C:\Windows\system32;C:\Windows;C:\Windows\System32\Wbem;C:\Windows\System32\WindowsPowerShell\v1.0\;C:\Windows\System32\OpenSSH\;C:\Program Files\NVIDIA Corporation\NVIDIA app\NvDLISR;C:\Program Files (x86)\NVIDIA Corporation\PhysX\Common;C:\Program Files\Docker\Docker\resources\bin;G:\Developement\Tools\Git\cmd;C:\Users;C:\Program Files\dotnet\;C:\Program Files\Microsoft SQL Server\150\Tools\Binn\;C:\Program Files\Microsoft SQL Server\Client SDK\ODBC\170\Tools\Binn\;C:\Program Files\nodejs\;C:\ProgramData\chocolatey\bin;C:\Users\perso\AppData\Local\Programs\Python\Python311\Scripts\;C:\Users\perso\AppData\Local\Programs\Python\Python311\;C:\Users\perso\AppData\Local\Programs\Python\Python312\Scripts\;C:\Users\perso\AppData\Local\Programs\Python\Python312\;C:\Users\perso\AppData\Local\Microsoft\WindowsApps;G:\Developement\IDE\IntelliJ IDEA 2024.2.0.2\bin;G:\Developement\IDE\JetBrains Rider 2024.2.2\bin;G:\Developement\IDE\WebStorm 2024.2.0.1\bin;C:\Users\perso\.dotnet\tools;C:\Users\perso\AppData\Local\gitkraken\bin;C:\Users\perso\AppData\Roaming\npm;G:\Developement\IDE\IntelliJ IDEA Community Edition 2024.2.3\bin;G:\Developement\IDE\IntelliJ IDEA 2024.2.3\bin
USERNAME=perso
OS=Windows_NT
PROCESSOR_IDENTIFIER=Intel64 Family 6 Model 165 Stepping 3, GenuineIntel
TMP=C:\Users\perso\AppData\Local\Temp
TEMP=C:\Users\perso\AppData\Local\Temp




Periodic native trim disabled

---------------  S Y S T E M  ---------------

OS:
 Windows 11 , 64 bit Build 22621 (10.0.22621.3958)
OS uptime: 3 days 10:49 hours
Hyper-V role detected

CPU: total 12 (initial active 12) (6 cores per cpu, 2 threads per core) family 6 model 165 stepping 3 microcode 0xf0, cx8, cmov, fxsr, ht, mmx, 3dnowpref, sse, sse2, sse3, ssse3, sse4.1, sse4.2, popcnt, lzcnt, tsc, tscinvbit, avx, avx2, aes, erms, clmul, bmi1, bmi2, adx, fma, vzeroupper, clflush, clflushopt, hv, rdtscp, f16c
Processor Information for all 12 processors :
  Max Mhz: 2904, Current Mhz: 2904, Mhz Limit: 2904

Memory: 4k page, system-wide physical 65386M (49760M free)
TotalPageFile size 69482M (AvailPageFile size 48481M)
current process WorkingSet (physical memory assigned to process): 195M, peak: 195M
current process commit charge ("private bytes"): 260M, peak: 1155M

vm_info: OpenJDK 64-Bit Server VM (21.0.4+7-LTS) for windows-amd64 JRE (21.0.4+7-LTS), built on 2024-07-16T00:00:00Z by "admin" with MS VC++ 17.7 (VS2022)

END.
