#
# A fatal error has been detected by the Java Runtime Environment:
#
#  EXCEPTION_ACCESS_VIOLATION (0xc0000005) at pc=0x00007fffdd4f8958, pid=17268, tid=38436
#
# JRE version: OpenJDK Runtime Environment Temurin-21.0.4+7 (21.0.4+7) (build 21.0.4+7-LTS)
# Java VM: OpenJDK 64-Bit Server VM Temurin-21.0.4+7 (21.0.4+7-LTS, mixed mode, emulated-client, sharing, tiered, compressed oops, compressed class ptrs, g1 gc, windows-amd64)
# Problematic frame:
# V  [jvm.dll+0x448958]
#
# No core dump will be written. Minidumps are not enabled by default on client versions of Windows
#
# If you would like to submit a bug report, please visit:
#   https://github.com/adoptium/adoptium-support/issues
#

---------------  S U M M A R Y ------------

Command Line: -javaagent:C:\Users\perso\.gradle\caches\modules-2\files-2.1\io.quarkus\quarkus-class-change-agent\3.15.1\66e2d3905778c0c60403702918c0a5b6e6e9fcd3\quarkus-class-change-agent-3.15.1.jar -Dquarkus-internal.serialized-app-model.path=E:\Repositories\Personal\Learning\quarkus-examples\getting-started-gradle\build\tmp\quarkusDev\quarkus-app-model.dat -Dquarkus-internal-test.serialized-app-model.path=E:\Repositories\Personal\Learning\quarkus-examples\getting-started-gradle\build\tmp\quarkusDev\quarkus-app-test-model.dat -XX:TieredStopAtLevel=1 -agentlib:jdwp=transport=dt_socket,address=localhost:5005,server=y,suspend=n -Djava.util.logging.manager=org.jboss.logmanager.LogManager E:\Repositories\Personal\Learning\quarkus-examples\getting-started-gradle\build\getting-started-gradle-dev.jar

Host: Intel(R) Core(TM) i5-10400 CPU @ 2.90GHz, 12 cores, 63G,  Windows 11 , 64 bit Build 22621 (10.0.22621.3958)
Time: Mon Oct  7 21:42:44 2024 GTB Daylight Time elapsed time: 1.810563 seconds (0d 0h 0m 1s)

---------------  T H R E A D  ---------------

Current thread (0x000001bc986912e0):  JavaThread "build-63"         [_thread_in_vm, id=38436, stack(0x0000005c5dc00000,0x0000005c5dd00000) (1024K)]

Stack: [0x0000005c5dc00000,0x0000005c5dd00000],  sp=0x0000005c5dcfd7d0,  free space=1013k
Native frames: (J=compiled Java code, j=interpreted, Vv=VM code, C=native code)
V  [jvm.dll+0x448958]
C  [jansi.dll+0x104e]

Java frames: (J=compiled Java code, j=interpreted, Vv=VM code)
j  org.fusesource.jansi.internal.CLibrary.init()V+0
j  org.fusesource.jansi.internal.CLibrary.<clinit>()V+12
v  ~StubRoutines::call_stub 0x000001bc3724100d
j  org.fusesource.jansi.AnsiConsole.ansiStream(Z)Lorg/fusesource/jansi/AnsiPrintStream;+62
j  org.fusesource.jansi.AnsiConsole.initStreams()V+7
j  org.fusesource.jansi.AnsiConsole.out()Lorg/fusesource/jansi/AnsiPrintStream;+0
j  org.aesh.readline.terminal.impl.WinSysTerminal.<init>(Ljava/lang/String;ZLorg/aesh/terminal/Terminal$SignalHandler;)V+4
j  org.aesh.readline.terminal.impl.WinSysTerminal.<init>(Ljava/lang/String;Z)V+6
j  org.aesh.readline.terminal.TerminalBuilder.createWindowsTerminal(Ljava/lang/String;)Lorg/aesh/terminal/Terminal;+24
j  org.aesh.readline.terminal.TerminalBuilder.build()Lorg/aesh/terminal/Terminal;+125
j  org.aesh.readline.tty.terminal.TerminalConnection.<init>(Ljava/nio/charset/Charset;Ljava/nio/charset/Charset;Ljava/io/InputStream;Ljava/io/OutputStream;Ljava/util/function/Consumer;)V+85
j  org.aesh.readline.tty.terminal.TerminalConnection.<init>(Ljava/util/function/Consumer;)V+14
j  io.quarkus.deployment.console.ConsoleHelper.installConsole(Lio/quarkus/deployment/dev/testing/TestConfig;Lio/quarkus/deployment/console/ConsoleConfig;Lio/quarkus/runtime/console/ConsoleRuntimeConfig;Lio/quarkus/runtime/logging/ConsoleConfig;Z)V+95
j  io.quarkus.deployment.console.ConsoleProcessor.setupConsole(Lio/quarkus/deployment/dev/testing/TestConfig;Lio/quarkus/deployment/annotations/BuildProducer;Lio/quarkus/deployment/builditem/LaunchModeBuildItem;Lio/quarkus/deployment/console/ConsoleConfig;)Lio/quarkus/deployment/console/ConsoleInstalledBuildItem;+101
j  java.lang.invoke.LambdaForm$DMH+0x000001bc531b4800.invokeVirtual(Ljava/lang/Object;Ljava/lang/Object;Ljava/lang/Object;Ljava/lang/Object;Ljava/lang/Object;Ljava/lang/Object;)Ljava/lang/Object;+18 java.base@21.0.4
j  java.lang.invoke.LambdaForm$MH+0x000001bc5324a000.invoke(Ljava/lang/Object;Ljava/lang/Object;Ljava/lang/Object;Ljava/lang/Object;Ljava/lang/Object;)Ljava/lang/Object;+101 java.base@21.0.4
j  java.lang.invoke.LambdaForm$MH+0x000001bc5323c800.invoke(Ljava/lang/Object;Ljava/lang/Object;Ljava/lang/Object;)Ljava/lang/Object;+66 java.base@21.0.4
J 3236 c1 java.lang.invoke.Invokers$Holder.invokeExact_MT(Ljava/lang/Object;Ljava/lang/Object;Ljava/lang/Object;Ljava/lang/Object;)Ljava/lang/Object; java.base@21.0.4 (24 bytes) @ 0x000001bc37a839cc [0x000001bc37a838e0+0x00000000000000ec]
j  java.lang.invoke.MethodHandle.invokeWithArguments([Ljava/lang/Object;)Ljava/lang/Object;+28 java.base@21.0.4
j  io.quarkus.deployment.ExtensionLoader$3.execute(Lio/quarkus/builder/BuildContext;)V+268
j  io.quarkus.builder.BuildContext.run()V+71
j  io.quarkus.builder.BuildContext$$Lambda+0x000001bc53209d50.run()V+4
j  org.jboss.threads.ContextHandler$1.runWith(Ljava/lang/Runnable;Ljava/lang/Object;)V+1
j  org.jboss.threads.EnhancedQueueExecutor$Task.doRunWith(Ljava/lang/Runnable;Ljava/lang/Object;)V+9
j  org.jboss.threads.EnhancedQueueExecutor$Task.run()V+61
j  org.jboss.threads.EnhancedQueueExecutor$ThreadBody.run()V+33
j  java.lang.Thread.runWith(Ljava/lang/Object;Ljava/lang/Runnable;)V+5 java.base@21.0.4
j  java.lang.Thread.run()V+19 java.base@21.0.4
j  org.jboss.threads.JBossThread.run()V+12
v  ~StubRoutines::call_stub 0x000001bc3724100d

siginfo: EXCEPTION_ACCESS_VIOLATION (0xc0000005), reading address 0x0000000000000000


Registers:
RAX=0x0000000000000000, RBX=0x000001bc986912e0, RCX=0x751d627a9dcb0000, RDX=0x0000005c5dcfd8f0
RSP=0x0000005c5dcfd7d0, RBP=0x0000000000000000, RSI=0x0000000000000000, RDI=0x0000000000000000
R8 =0x0000000000000000, R9 =0x000001bc979a47f0, R10=0x0000000000000034, R11=0x0000005c5dcfd7c8
R12=0x0000000000000000, R13=0x000001bc94134518, R14=0x0000005c5dcfd8f8, R15=0x000001bc986912e0
RIP=0x00007fffdd4f8958, EFLAGS=0x0000000000010246


Register to memory mapping:

RAX=0x0 is null
RBX=0x000001bc986912e0 is a thread
RCX=0x751d627a9dcb0000 is an unknown value
RDX=0x0000005c5dcfd8f0 is pointing into the stack for thread: 0x000001bc986912e0
RSP=0x0000005c5dcfd7d0 is pointing into the stack for thread: 0x000001bc986912e0
RBP=0x0 is null
RSI=0x0 is null
RDI=0x0 is null
R8 =0x0 is null
R9 =0x000001bc979a47f0 points into unknown readable memory: 0x0000000000000002 | 02 00 00 00 00 00 00 00
R10=0x0000000000000034 is an unknown value
R11=0x0000005c5dcfd7c8 is pointing into the stack for thread: 0x000001bc986912e0
R12=0x0 is null
R13={method} {0x000001bc94134520} 'init' '()V' in 'org/fusesource/jansi/internal/CLibrary'
R14=0x0000005c5dcfd8f8 is pointing into the stack for thread: 0x000001bc986912e0
R15=0x000001bc986912e0 is a thread

Top of Stack: (sp=0x0000005c5dcfd7d0)
0x0000005c5dcfd7d0:   000001bc986912e0 0000005c5dcfdd48
0x0000005c5dcfd7e0:   0000005c5dcfdd48 000001bc986912e0
0x0000005c5dcfd7f0:   0000005c5dcfd8e0 00007fffdd486365
0x0000005c5dcfd800:   0000005c5dcfd820 000001bc986912e0
0x0000005c5dcfd810:   000001bc986912e0 000001bc9866f418
0x0000005c5dcfd820:   00000000000007c5 00007fffddae93d0
0x0000005c5dcfd830:   0000005c5dcfd8f0 00007ff863a8104e
0x0000005c5dcfd840:   000001bc485029f4 00007fffddcd47b0
0x0000005c5dcfd850:   0000005c5dcfd8e0 000001bc98691698
0x0000005c5dcfd860:   0000005c5dcfdd48 000001bc372501dd
0x0000005c5dcfd870:   000001bc94134518 0000005c5dcfdd40
0x0000005c5dcfd880:   0000000000000000 0000000000000001
0x0000005c5dcfd890:   000001bc3724fae6 0000005c5dcfd898
0x0000005c5dcfd8a0:   000001bc94134518 0000000000000003
0x0000005c5dcfd8b0:   000001bc94134b50 0000000000000000
0x0000005c5dcfd8c0:   00000004413623c8 000001bc94134518
0x0000005c5dcfd8d0:   0000000000000000 0000005c5dcfd900
0x0000005c5dcfd8e0:   0000005c5dcfd948 000001bc37249086
0x0000005c5dcfd8f0:   00000004413623c8 000001bc3724c377
0x0000005c5dcfd900:   0000005c5dcfd900 000001bc94134a24
0x0000005c5dcfd910:   0000000000000001 000001bc94134b50
0x0000005c5dcfd920:   0000000000000000 00000004413623c8
0x0000005c5dcfd930:   000001bc94134a40 0000005c5dcfd900
0x0000005c5dcfd940:   0000005c5dcfd958 0000005c5dcfdb30
0x0000005c5dcfd950:   000001bc3724100d 000001bc98b2c270
0x0000005c5dcfd960:   0000000000000017 0000000000000017
0x0000005c5dcfd970:   0000005c5dcfda30 00007ff87ced1966
0x0000005c5dcfd980:   0000000000000000 0000000000000028
0x0000005c5dcfd990:   0000000000000029 00007fffdd760000
0x0000005c5dcfd9a0:   0000000000000017 00007fffdd76e0f1
0x0000005c5dcfd9b0:   0000000000000028 00007fffdd6578a1
0x0000005c5dcfd9c0:   0000000000000000 00007fffdd76e04d 

Instructions: (pc=0x00007fffdd4f8958)
0x00007fffdd4f8858:   49 8b 6b 20 49 8b 73 28 c7 83 4c 04 00 00 04 00
0x00007fffdd4f8868:   00 00 49 8b 5b 18 49 8b e3 5f c3 cc cc cc cc cc
0x00007fffdd4f8878:   cc cc cc cc cc cc cc cc 48 89 5c 24 10 48 89 6c
0x00007fffdd4f8888:   24 18 48 89 74 24 20 57 48 83 ec 60 8b 81 b8 00
0x00007fffdd4f8898:   00 00 48 8d 99 48 fc ff ff 05 53 21 ff ff 41 8b
0x00007fffdd4f88a8:   e9 49 8b f0 83 f8 01 77 08 48 8b cb e8 f7 2f fa
0x00007fffdd4f88b8:   ff 80 3d 46 61 84 00 00 c7 83 4c 04 00 00 06 00
0x00007fffdd4f88c8:   00 00 75 06 e8 1f 44 27 00 90 48 8b 83 50 04 00
0x00007fffdd4f88d8:   00 a8 01 74 0d 45 33 c0 b2 01 48 8b cb e8 a6 4c
0x00007fffdd4f88e8:   2e 00 8b 83 48 04 00 00 a8 0c 74 08 48 8b cb e8
0x00007fffdd4f88f8:   64 44 fa ff 33 ff c7 83 4c 04 00 00 06 00 00 00
0x00007fffdd4f8908:   48 89 5c 24 40 48 89 7c 24 48 48 39 7b 08 74 0a
0x00007fffdd4f8918:   48 8d 4c 24 40 e8 5e 03 2b 00 40 38 3d 84 c0 84
0x00007fffdd4f8928:   00 74 2d 4c 8b 0e 48 8d 44 24 70 48 89 44 24 38
0x00007fffdd4f8938:   45 33 c0 c6 44 24 30 49 33 d2 c6 44 24 28 01 48
0x00007fffdd4f8948:   8b cb 48 89 74 24 20 89 6c 24 70 e8 28 e9 13 00
0x00007fffdd4f8958:   48 8b 06 48 8b 48 70 48 85 c9 74 09 ff 15 b6 06
0x00007fffdd4f8968:   7d 00 48 8b f8 48 63 4e 10 89 2c 39 48 83 7c 24
0x00007fffdd4f8978:   48 00 74 0a 48 8d 4c 24 40 e8 7a 03 2b 00 48 8b
0x00007fffdd4f8988:   bb 98 01 00 00 48 8b 47 10 48 83 38 00 74 08 48
0x00007fffdd4f8998:   8b cf e8 b1 52 f5 ff 48 8b 4f 08 48 8b 47 10 48
0x00007fffdd4f89a8:   89 41 10 48 8b 4f 08 48 8b 47 18 48 89 41 18 48
0x00007fffdd4f89b8:   8b 4f 08 48 8b 47 20 48 89 41 20 48 8d 8b 98 03
0x00007fffdd4f89c8:   00 00 e8 81 c1 ec ff 4c 8d 5c 24 60 90 49 8b 6b
0x00007fffdd4f89d8:   20 49 8b 73 28 c7 83 4c 04 00 00 04 00 00 00 49
0x00007fffdd4f89e8:   8b 5b 18 49 8b e3 5f c3 48 89 5c 24 10 48 89 6c
0x00007fffdd4f89f8:   24 18 48 89 74 24 20 57 48 83 ec 60 8b 81 b8 00
0x00007fffdd4f8a08:   00 00 48 8d 99 48 fc ff ff 05 53 21 ff ff 49 8b
0x00007fffdd4f8a18:   e9 49 8b f0 83 f8 01 77 08 48 8b cb e8 87 2e fa
0x00007fffdd4f8a28:   ff 80 3d d6 5f 84 00 00 c7 83 4c 04 00 00 06 00
0x00007fffdd4f8a38:   00 00 75 06 e8 af 42 27 00 90 48 8b 83 50 04 00
0x00007fffdd4f8a48:   00 a8 01 74 0d 45 33 c0 b2 01 48 8b cb e8 36 4b 


Stack slot to memory mapping:

stack at sp + 0 slots: 0x000001bc986912e0 is a thread
stack at sp + 1 slots: 0x0000005c5dcfdd48 is pointing into the stack for thread: 0x000001bc986912e0
stack at sp + 2 slots: 0x0000005c5dcfdd48 is pointing into the stack for thread: 0x000001bc986912e0
stack at sp + 3 slots: 0x000001bc986912e0 is a thread
stack at sp + 4 slots: 0x0000005c5dcfd8e0 is pointing into the stack for thread: 0x000001bc986912e0
stack at sp + 5 slots: 0x00007fffdd486365 jvm.dll
stack at sp + 6 slots: 0x0000005c5dcfd820 is pointing into the stack for thread: 0x000001bc986912e0
stack at sp + 7 slots: 0x000001bc986912e0 is a thread


Compiled method (c1)    1825 3236       1       java.lang.invoke.Invokers$Holder::invokeExact_MT (24 bytes)
 total in heap  [0x000001bc37a83710,0x000001bc37a83c90] = 1408
 relocation     [0x000001bc37a83868,0x000001bc37a838d8] = 112
 main code      [0x000001bc37a838e0,0x000001bc37a83a80] = 416
 stub code      [0x000001bc37a83a80,0x000001bc37a83af0] = 112
 metadata       [0x000001bc37a83af0,0x000001bc37a83b20] = 48
 scopes data    [0x000001bc37a83b20,0x000001bc37a83bb0] = 144
 scopes pcs     [0x000001bc37a83bb0,0x000001bc37a83c60] = 176
 dependencies   [0x000001bc37a83c60,0x000001bc37a83c70] = 16
 nul chk table  [0x000001bc37a83c70,0x000001bc37a83c90] = 32

[Constant Pool (empty)]

[MachCode]
[Verified Entry Point]
  # {method} {0x000001bc520b0a40} 'invokeExact_MT' '(Ljava/lang/Object;Ljava/lang/Object;Ljava/lang/Object;Ljava/lang/Object;)Ljava/lang/Object;' in 'java/lang/invoke/Invokers$Holder'
  # parm0:    rdx:rdx   = 'java/lang/Object'
  # parm1:    r8:r8     = 'java/lang/Object'
  # parm2:    r9:r9     = 'java/lang/Object'
  # parm3:    rdi:rdi   = 'java/lang/Object'
  #           [sp+0x90]  (sp of caller)
  0x000001bc37a838e0: 8984 2400 | 80ff ff55 | 4881 ec80 | 0000 0090 | 4181 7f20 | 0300 0000 

  0x000001bc37a838f8: ;   {runtime_call StubRoutines (final stubs)}
  0x000001bc37a838f8: 7405 e861 | 147f ff4c | 8944 2448 | 4c89 4c24 | 5048 897c | 2460 4885 | d20f 8429 

  0x000001bc37a83914: ;   {metadata('java/lang/invoke/MethodHandle')}
  0x000001bc37a83914: 0000 0048 | b9b0 0906 | 52bc 0100 | 008b 4208 | 49ba 0000 | 0052 bc01 | 0000 4903 | c248 3b48 
  0x000001bc37a83934: 380f 85e4 | 0000 00e9 | 0000 0000 | 488b f248 | 8974 2458 | 4885 ff0f | 8428 0000 

  0x000001bc37a83950: ;   {metadata('java/lang/invoke/MethodType')}
  0x000001bc37a83950: 0048 b9d8 | fb05 52bc | 0100 008b | 5708 49ba | 0000 0052 | bc01 0000 | 4903 d248 | 3bca 0f85 
  0x000001bc37a83970: b400 0000 | e900 0000 | 0048 8bdf 

  0x000001bc37a8397c: ; implicit exception: dispatches to 0x000001bc37a83a31
  0x000001bc37a8397c: 8b46 1048 | c1e0 0348 | 3bc3 0f85 | 5e00 0000 | 8b56 1448 | c1e2 038b | 521c 48c1 | e203 4885 
  0x000001bc37a8399c: d20f 8511 | 0000 0048 

  0x000001bc37a839a4: ;   {static_call}
  0x000001bc37a839a4: 8bd6 90e8 

  0x000001bc37a839a8: ; ImmutableOopMap {[72]=Oop [80]=Oop [88]=Oop [96]=Oop }
                      ;*invokestatic maybeCustomize {reexecute=0 rethrow=0 return_oop=0}
                      ; - java.lang.invoke.Invokers::checkCustomized@19 (line 627)
                      ; - java.lang.invoke.Invokers$Holder::invokeExact_MT@14
  0x000001bc37a839a8: 74bf beff 

  0x000001bc37a839ac: ;   {other}
  0x000001bc37a839ac: 0f1f 8400 | 9c02 0000 | 4c8b 4424 | 484c 8b4c | 2450 488b | 5424 580f 

  0x000001bc37a839c4: ;   {optimized virtual_call}
  0x000001bc37a839c4: 1f40 00e8 

  0x000001bc37a839c8: ; ImmutableOopMap {[72]=Oop [80]=Oop [88]=Oop [96]=Oop }
                      ;*invokevirtual invokeBasic {reexecute=0 rethrow=0 return_oop=0}
                      ; - java.lang.invoke.Invokers$Holder::invokeExact_MT@20
  0x000001bc37a839c8: 34ce a6ff 

  0x000001bc37a839cc: ;   {other}
  0x000001bc37a839cc: 0f1f 8400 | bc02 0001 | 4881 c480 | 0000 005d 

  0x000001bc37a839dc: ;   {poll_return}
  0x000001bc37a839dc: 493b a750 | 0400 000f | 8752 0000 | 00c3 488b | d04c 8bc3 | 4889 5c24 | 7048 8944 | 2468 0f1f 
  0x000001bc37a839fc: ;   {static_call}
  0x000001bc37a839fc: 4400 00e8 

  0x000001bc37a83a00: ; ImmutableOopMap {[72]=Oop [80]=Oop [88]=Oop [96]=Oop [104]=Oop [112]=Oop }
                      ;*invokestatic newWrongMethodTypeException {reexecute=0 rethrow=0 return_oop=0}
                      ; - java.lang.invoke.Invokers::checkExactType@12 (line 531)
                      ; - java.lang.invoke.Invokers$Holder::invokeExact_MT@10
  0x000001bc37a83a00: 7cb6 80ff 

  0x000001bc37a83a04: ;   {other}
  0x000001bc37a83a04: 0f1f 8400 | f402 0002 

  0x000001bc37a83a0c: ; implicit exception: dispatches to 0x000001bc37a83a51
                      ; ImmutableOopMap {rax=Oop [72]=Oop [80]=Oop [88]=Oop [96]=Oop [104]=Oop [112]=Oop }
                      ;*athrow {reexecute=1 rethrow=0 return_oop=0}
                      ; - (reexecute) java.lang.invoke.Invokers::checkExactType@15 (line 531)
                      ; - java.lang.invoke.Invokers$Holder::invokeExact_MT@10
                      ;   {section_word}
  0x000001bc37a83a0c: 483b 0048 | ba0f 3aa8 | 37bc 0100 

  0x000001bc37a83a18: ;   {runtime_call handle_exception_nofpu Runtime1 stub}
  0x000001bc37a83a18: 00e8 6223 | 8dff 9048 

  0x000001bc37a83a20: ;   {runtime_call throw_class_cast_exception Runtime1 stub}
  0x000001bc37a83a20: 8914 24e8 

  0x000001bc37a83a24: ; ImmutableOopMap {rdx=Oop r8=Oop r9=Oop rdi=Oop [72]=Oop [80]=Oop [96]=Oop }
                      ;*checkcast {reexecute=0 rethrow=0 return_oop=0}
                      ; - java.lang.invoke.Invokers$Holder::invokeExact_MT@1
  0x000001bc37a83a24: 582f 8dff | 4889 3c24 

  0x000001bc37a83a2c: ;   {runtime_call throw_class_cast_exception Runtime1 stub}
  0x000001bc37a83a2c: e84f 2f8d 

  0x000001bc37a83a30: ; ImmutableOopMap {r8=Oop r9=Oop rdi=Oop rsi=Oop [72]=Oop [80]=Oop [88]=Oop [96]=Oop }
                      ;*checkcast {reexecute=0 rethrow=0 return_oop=0}
                      ; - java.lang.invoke.Invokers$Holder::invokeExact_MT@7
                      ;   {runtime_call throw_null_pointer_exception Runtime1 stub}
  0x000001bc37a83a30: ffe8 4afd 

  0x000001bc37a83a34: ; ImmutableOopMap {r8=Oop r9=Oop rdi=Oop rsi=Oop rbx=Oop [72]=Oop [80]=Oop [88]=Oop [96]=Oop }
                      ;*invokevirtual type {reexecute=0 rethrow=0 return_oop=0}
                      ; - java.lang.invoke.Invokers::checkExactType@1 (line 529)
                      ; - java.lang.invoke.Invokers$Holder::invokeExact_MT@10
                      ;   {runtime_call throw_null_pointer_exception Runtime1 stub}
  0x000001bc37a83a34: 8cff e845 

  0x000001bc37a83a38: ; ImmutableOopMap {r8=Oop r9=Oop rdi=Oop rsi=Oop [72]=Oop [80]=Oop [88]=Oop [96]=Oop }
                      ;*getfield customized {reexecute=1 rethrow=0 return_oop=0}
                      ; - (reexecute) java.lang.invoke.Invokers::checkCustomized@12 (line 626)
                      ; - java.lang.invoke.Invokers$Holder::invokeExact_MT@14
                      ;   {internal_word}
  0x000001bc37a83a38: fd8c ff49 | badc 39a8 | 37bc 0100 | 004d 8997 | 6804 0000 

  0x000001bc37a83a4c: ;   {runtime_call SafepointBlob}
  0x000001bc37a83a4c: e9af 1c81 

  0x000001bc37a83a50: ;   {runtime_call throw_null_pointer_exception Runtime1 stub}
  0x000001bc37a83a50: ffe8 2afd 

  0x000001bc37a83a54: ; ImmutableOopMap {rax=Oop [72]=Oop [80]=Oop [88]=Oop [96]=Oop [104]=Oop [112]=Oop }
                      ;*athrow {reexecute=1 rethrow=0 return_oop=0}
                      ; - (reexecute) java.lang.invoke.Invokers::checkExactType@15 (line 531)
                      ; - java.lang.invoke.Invokers$Holder::invokeExact_MT@10
  0x000001bc37a83a54: 8cff 498b | 8700 0500 | 0049 c787 | 0005 0000 | 0000 0000 | 49c7 8708 | 0500 0000 | 0000 0048 
  0x000001bc37a83a74: 81c4 8000 

  0x000001bc37a83a78: ;   {runtime_call unwind_exception Runtime1 stub}
  0x000001bc37a83a78: 0000 5de9 | 80e4 8cff 
[Stub Code]
  0x000001bc37a83a80: ;   {no_reloc}
  0x000001bc37a83a80: 48bb 0000 | 0000 0000 

  0x000001bc37a83a88: ;   {runtime_call}
  0x000001bc37a83a88: 0000 e9fb 

  0x000001bc37a83a8c: ;   {static_stub}
  0x000001bc37a83a8c: ffff ff48 | bb00 0000 | 0000 0000 

  0x000001bc37a83a98: ;   {runtime_call}
  0x000001bc37a83a98: 00e9 fbff 

  0x000001bc37a83a9c: ;   {static_stub}
  0x000001bc37a83a9c: ffff 48bb | 0000 0000 | 0000 0000 

  0x000001bc37a83aa8: ;   {runtime_call}
  0x000001bc37a83aa8: e9fb ffff 

  0x000001bc37a83aac: ;   {runtime_call handle_exception_from_callee Runtime1 stub}
  0x000001bc37a83aac: ffe8 ce28 

  0x000001bc37a83ab0: ;   {external_word}
  0x000001bc37a83ab0: 8dff 48b9 | 7020 aadd | ff7f 0000 | 4883 e4f0 

  0x000001bc37a83ac0: ;   {runtime_call}
  0x000001bc37a83ac0: 48b8 002a | 6ddd ff7f | 0000 ffd0 

  0x000001bc37a83acc: ;   {section_word}
  0x000001bc37a83acc: f449 bacd | 3aa8 37bc | 0100 0041 

  0x000001bc37a83ad8: ;   {runtime_call DeoptimizationBlob}
  0x000001bc37a83ad8: 52e9 c20e 

  0x000001bc37a83adc: ;   {section_word}
  0x000001bc37a83adc: 81ff 49ba | de3a a837 | bc01 0000 

  0x000001bc37a83ae8: ;   {runtime_call DeoptimizationBlob}
  0x000001bc37a83ae8: 4152 e9b1 | 0e81 fff4 
[/MachCode]


---------------  P R O C E S S  ---------------

Threads class SMR info:
_java_thread_list=0x000001bc98682360, length=91, elements={
0x000001bc2c8b4a00, 0x000001bc511f23a0, 0x000001bc511f31c0, 0x000001bc511fa4b0,
0x000001bc511ff4d0, 0x000001bc51203b60, 0x000001bc512048b0, 0x000001bc512136f0,
0x000001bc51204220, 0x000001bc513266e0, 0x000001bc5132d610, 0x000001bc517a0f50,
0x000001bc517a45f0, 0x000001bc51206980, 0x000001bc51204f40, 0x000001bc5196ded0,
0x000001bc512055d0, 0x000001bc512076a0, 0x000001bc51205c60, 0x000001bc512062f0,
0x000001bc51207010, 0x000001bc97759850, 0x000001bc977535e0, 0x000001bc977591c0,
0x000001bc97753c70, 0x000001bc97758b30, 0x000001bc97756a60, 0x000001bc977556b0,
0x000001bc97757e10, 0x000001bc97754300, 0x000001bc9775a570, 0x000001bc97757780,
0x000001bc977584a0, 0x000001bc977563d0, 0x000001bc97759ee0, 0x000001bc97754990,
0x000001bc9775ac00, 0x000001bc97755d40, 0x000001bc977570f0, 0x000001bc98218d60,
0x000001bc98217320, 0x000001bc9821c1e0, 0x000001bc98216600, 0x000001bc98215250,
0x000001bc9821a7a0, 0x000001bc982193f0, 0x000001bc98218040, 0x000001bc982158e0,
0x000001bc982186d0, 0x000001bc98219a80, 0x000001bc9821a110, 0x000001bc9821ae30,
0x000001bc9821b4c0, 0x000001bc9821bb50, 0x000001bc98216c90, 0x000001bc9821c870,
0x000001bc982179b0, 0x000001bc98215f70, 0x000001bc98621f10, 0x000001bc98625a20,
0x000001bc98626dd0, 0x000001bc98621880, 0x000001bc986232c0, 0x000001bc98623fe0,
0x000001bc98624670, 0x000001bc98623950, 0x000001bc98624d00, 0x000001bc98627460,
0x000001bc986211f0, 0x000001bc98622c30, 0x000001bc98625390, 0x000001bc986260b0,
0x000001bc98626740, 0x000001bc98627af0, 0x000001bc98620b60, 0x000001bc986225a0,
0x000001bc98628180, 0x000001bc98693a40, 0x000001bc98690c50, 0x000001bc98692d20,
0x000001bc98692690, 0x000001bc98691970, 0x000001bc986933b0, 0x000001bc986940d0,
0x000001bc986912e0, 0x000001bc98692000, 0x000001bc987caf10, 0x000001bc987c8120,
0x000001bc987c6d70, 0x000001bc987ca1f0, 0x000001bc987ca880
}
_to_delete_list=0x000001bc9867b250, length=90, elements={
0x000001bc2c8b4a00, 0x000001bc511f23a0, 0x000001bc511f31c0, 0x000001bc511fa4b0,
0x000001bc511ff4d0, 0x000001bc51203b60, 0x000001bc512048b0, 0x000001bc512136f0,
0x000001bc51204220, 0x000001bc513266e0, 0x000001bc5132d610, 0x000001bc517a0f50,
0x000001bc517a45f0, 0x000001bc51206980, 0x000001bc51204f40, 0x000001bc5196ded0,
0x000001bc512055d0, 0x000001bc512076a0, 0x000001bc51205c60, 0x000001bc512062f0,
0x000001bc51207010, 0x000001bc97759850, 0x000001bc977535e0, 0x000001bc977591c0,
0x000001bc97753c70, 0x000001bc97758b30, 0x000001bc97756a60, 0x000001bc977556b0,
0x000001bc97757e10, 0x000001bc97754300, 0x000001bc9775a570, 0x000001bc97757780,
0x000001bc977584a0, 0x000001bc977563d0, 0x000001bc97759ee0, 0x000001bc97754990,
0x000001bc9775ac00, 0x000001bc97755d40, 0x000001bc977570f0, 0x000001bc98218d60,
0x000001bc98217320, 0x000001bc9821c1e0, 0x000001bc98216600, 0x000001bc98215250,
0x000001bc9821a7a0, 0x000001bc982193f0, 0x000001bc98218040, 0x000001bc982158e0,
0x000001bc982186d0, 0x000001bc98219a80, 0x000001bc9821a110, 0x000001bc9821ae30,
0x000001bc9821b4c0, 0x000001bc9821bb50, 0x000001bc98216c90, 0x000001bc9821c870,
0x000001bc982179b0, 0x000001bc98215f70, 0x000001bc98621f10, 0x000001bc98625a20,
0x000001bc98626dd0, 0x000001bc98621880, 0x000001bc986232c0, 0x000001bc98623fe0,
0x000001bc98624670, 0x000001bc98623950, 0x000001bc98624d00, 0x000001bc98627460,
0x000001bc986211f0, 0x000001bc98622c30, 0x000001bc98625390, 0x000001bc986260b0,
0x000001bc98626740, 0x000001bc98627af0, 0x000001bc98620b60, 0x000001bc986225a0,
0x000001bc98628180, 0x000001bc98693a40, 0x000001bc98690c50, 0x000001bc98692d20,
0x000001bc98692690, 0x000001bc98691970, 0x000001bc986933b0, 0x000001bc986940d0,
0x000001bc986912e0, 0x000001bc98692000, 0x000001bc987caf10, 0x000001bc987c8120,
0x000001bc987c6d70, 0x000001bc987ca1f0
}

Java Threads: ( => current thread )
  0x000001bc2c8b4a00 JavaThread "main"                              [_thread_blocked, id=36548, stack(0x0000005c57600000,0x0000005c57700000) (1024K)]
  0x000001bc511f23a0 JavaThread "Reference Handler"          daemon [_thread_blocked, id=32076, stack(0x0000005c57e00000,0x0000005c57f00000) (1024K)]
  0x000001bc511f31c0 JavaThread "Finalizer"                  daemon [_thread_blocked, id=31028, stack(0x0000005c57f00000,0x0000005c58000000) (1024K)]
  0x000001bc511fa4b0 JavaThread "Signal Dispatcher"          daemon [_thread_blocked, id=26920, stack(0x0000005c58000000,0x0000005c58100000) (1024K)]
  0x000001bc511ff4d0 JavaThread "Attach Listener"            daemon [_thread_blocked, id=38044, stack(0x0000005c58100000,0x0000005c58200000) (1024K)]
  0x000001bc51203b60 JavaThread "Service Thread"             daemon [_thread_blocked, id=6328, stack(0x0000005c58200000,0x0000005c58300000) (1024K)]
  0x000001bc512048b0 JavaThread "Monitor Deflation Thread"   daemon [_thread_blocked, id=23236, stack(0x0000005c58300000,0x0000005c58400000) (1024K)]
  0x000001bc512136f0 JavaThread "C1 CompilerThread0"         daemon [_thread_blocked, id=24388, stack(0x0000005c58400000,0x0000005c58500000) (1024K)]
  0x000001bc51204220 JavaThread "Common-Cleaner"             daemon [_thread_blocked, id=11108, stack(0x0000005c58500000,0x0000005c58600000) (1024K)]
  0x000001bc513266e0 JavaThread "C1 CompilerThread1"         daemon [_thread_in_vm, id=16540, stack(0x0000005c58600000,0x0000005c58700000) (1024K)]
  0x000001bc5132d610 JavaThread "C1 CompilerThread2"         daemon [_thread_blocked, id=14320, stack(0x0000005c58700000,0x0000005c58800000) (1024K)]
  0x000001bc517a0f50 JavaThread "JDWP Transport Listener: dt_socket" daemon [_thread_in_native, id=20544, stack(0x0000005c58800000,0x0000005c58900000) (1024K)]
  0x000001bc517a45f0 JavaThread "JDWP Event Helper Thread"   daemon [_thread_blocked, id=18424, stack(0x0000005c58900000,0x0000005c58a00000) (1024K)]
  0x000001bc51206980 JavaThread "Notification Thread"        daemon [_thread_blocked, id=8740, stack(0x0000005c58a00000,0x0000005c58b00000) (1024K)]
  0x000001bc51204f40 JavaThread "Reference Reaper #1"        daemon [_thread_blocked, id=22668, stack(0x0000005c58b00000,0x0000005c58c00000) (1024K)]
  0x000001bc5196ded0 JavaThread "C1 CompilerThread3"         daemon [_thread_in_vm, id=33780, stack(0x0000005c58c00000,0x0000005c58d00000) (1024K)]
  0x000001bc512055d0 JavaThread "Quarkus Devmode keep alive thread"        [_thread_blocked, id=1440, stack(0x0000005c59600000,0x0000005c59700000) (1024K)]
  0x000001bc512076a0 JavaThread "ForkJoinPool.commonPool-worker-1" daemon [_thread_blocked, id=28080, stack(0x0000005c59700000,0x0000005c59800000) (1024K)]
  0x000001bc51205c60 JavaThread "ForkJoinPool.commonPool-worker-2" daemon [_thread_blocked, id=31392, stack(0x0000005c59800000,0x0000005c59900000) (1024K)]
  0x000001bc512062f0 JavaThread "ForkJoinPool.commonPool-worker-3" daemon [_thread_blocked, id=31184, stack(0x0000005c59900000,0x0000005c59a00000) (1024K)]
  0x000001bc51207010 JavaThread "ForkJoinPool.commonPool-worker-4" daemon [_thread_blocked, id=36932, stack(0x0000005c59a00000,0x0000005c59b00000) (1024K)]
  0x000001bc97759850 JavaThread "ForkJoinPool.commonPool-worker-5" daemon [_thread_blocked, id=27960, stack(0x0000005c59b00000,0x0000005c59c00000) (1024K)]
  0x000001bc977535e0 JavaThread "ForkJoinPool.commonPool-worker-6" daemon [_thread_blocked, id=17120, stack(0x0000005c59c00000,0x0000005c59d00000) (1024K)]
  0x000001bc977591c0 JavaThread "build-2"                           [_thread_blocked, id=5572, stack(0x0000005c59f00000,0x0000005c5a000000) (1024K)]
  0x000001bc97753c70 JavaThread "build-3"                           [_thread_blocked, id=25880, stack(0x0000005c5a000000,0x0000005c5a100000) (1024K)]
  0x000001bc97758b30 JavaThread "build-4"                           [_thread_blocked, id=29160, stack(0x0000005c5a100000,0x0000005c5a200000) (1024K)]
  0x000001bc97756a60 JavaThread "build-5"                           [_thread_blocked, id=11140, stack(0x0000005c5a200000,0x0000005c5a300000) (1024K)]
  0x000001bc977556b0 JavaThread "build-6"                           [_thread_blocked, id=32780, stack(0x0000005c5a300000,0x0000005c5a400000) (1024K)]
  0x000001bc97757e10 JavaThread "build-7"                           [_thread_blocked, id=22384, stack(0x0000005c5a400000,0x0000005c5a500000) (1024K)]
  0x000001bc97754300 JavaThread "build-8"                           [_thread_blocked, id=34972, stack(0x0000005c5a500000,0x0000005c5a600000) (1024K)]
  0x000001bc9775a570 JavaThread "build-9"                           [_thread_blocked, id=5216, stack(0x0000005c5a600000,0x0000005c5a700000) (1024K)]
  0x000001bc97757780 JavaThread "build-10"                          [_thread_blocked, id=7144, stack(0x0000005c5a700000,0x0000005c5a800000) (1024K)]
  0x000001bc977584a0 JavaThread "build-11"                          [_thread_blocked, id=29392, stack(0x0000005c5a800000,0x0000005c5a900000) (1024K)]
  0x000001bc977563d0 JavaThread "build-12"                          [_thread_blocked, id=14968, stack(0x0000005c5a900000,0x0000005c5aa00000) (1024K)]
  0x000001bc97759ee0 JavaThread "build-13"                          [_thread_blocked, id=9464, stack(0x0000005c5aa00000,0x0000005c5ab00000) (1024K)]
  0x000001bc97754990 JavaThread "build-14"                          [_thread_blocked, id=27312, stack(0x0000005c5ab00000,0x0000005c5ac00000) (1024K)]
  0x000001bc9775ac00 JavaThread "build-15"                          [_thread_blocked, id=16012, stack(0x0000005c5ac00000,0x0000005c5ad00000) (1024K)]
  0x000001bc97755d40 JavaThread "build-16"                          [_thread_blocked, id=2664, stack(0x0000005c5ad00000,0x0000005c5ae00000) (1024K)]
  0x000001bc977570f0 JavaThread "build-17"                          [_thread_blocked, id=5496, stack(0x0000005c5ae00000,0x0000005c5af00000) (1024K)]
  0x000001bc98218d60 JavaThread "build-18"                          [_thread_blocked, id=35068, stack(0x0000005c5af00000,0x0000005c5b000000) (1024K)]
  0x000001bc98217320 JavaThread "build-19"                          [_thread_blocked, id=32620, stack(0x0000005c5b000000,0x0000005c5b100000) (1024K)]
  0x000001bc9821c1e0 JavaThread "build-20"                          [_thread_blocked, id=1396, stack(0x0000005c5b100000,0x0000005c5b200000) (1024K)]
  0x000001bc98216600 JavaThread "build-21"                          [_thread_blocked, id=38500, stack(0x0000005c5b200000,0x0000005c5b300000) (1024K)]
  0x000001bc98215250 JavaThread "build-22"                          [_thread_blocked, id=17780, stack(0x0000005c5b300000,0x0000005c5b400000) (1024K)]
  0x000001bc9821a7a0 JavaThread "build-23"                          [_thread_blocked, id=12072, stack(0x0000005c5b400000,0x0000005c5b500000) (1024K)]
  0x000001bc982193f0 JavaThread "build-24"                          [_thread_blocked, id=31908, stack(0x0000005c5b500000,0x0000005c5b600000) (1024K)]
  0x000001bc98218040 JavaThread "build-25"                          [_thread_blocked, id=18444, stack(0x0000005c5b600000,0x0000005c5b700000) (1024K)]
  0x000001bc982158e0 JavaThread "build-26"                          [_thread_blocked, id=37096, stack(0x0000005c5b700000,0x0000005c5b800000) (1024K)]
  0x000001bc982186d0 JavaThread "build-27"                          [_thread_blocked, id=38128, stack(0x0000005c5b800000,0x0000005c5b900000) (1024K)]
  0x000001bc98219a80 JavaThread "build-28"                          [_thread_blocked, id=7188, stack(0x0000005c5b900000,0x0000005c5ba00000) (1024K)]
  0x000001bc9821a110 JavaThread "build-29"                          [_thread_blocked, id=19764, stack(0x0000005c5ba00000,0x0000005c5bb00000) (1024K)]
  0x000001bc9821ae30 JavaThread "build-30"                          [_thread_blocked, id=15188, stack(0x0000005c5bb00000,0x0000005c5bc00000) (1024K)]
  0x000001bc9821b4c0 JavaThread "build-31"                          [_thread_blocked, id=21156, stack(0x0000005c5bc00000,0x0000005c5bd00000) (1024K)]
  0x000001bc9821bb50 JavaThread "build-32"                          [_thread_blocked, id=35268, stack(0x0000005c5bd00000,0x0000005c5be00000) (1024K)]
  0x000001bc98216c90 JavaThread "build-33"                          [_thread_blocked, id=15828, stack(0x0000005c5be00000,0x0000005c5bf00000) (1024K)]
  0x000001bc9821c870 JavaThread "build-34"                          [_thread_blocked, id=18656, stack(0x0000005c5bf00000,0x0000005c5c000000) (1024K)]
  0x000001bc982179b0 JavaThread "build-35"                          [_thread_blocked, id=23464, stack(0x0000005c5c000000,0x0000005c5c100000) (1024K)]
  0x000001bc98215f70 JavaThread "build-36"                          [_thread_blocked, id=16112, stack(0x0000005c5c100000,0x0000005c5c200000) (1024K)]
  0x000001bc98621f10 JavaThread "build-37"                          [_thread_blocked, id=13228, stack(0x0000005c5c200000,0x0000005c5c300000) (1024K)]
  0x000001bc98625a20 JavaThread "build-38"                          [_thread_blocked, id=15408, stack(0x0000005c5c300000,0x0000005c5c400000) (1024K)]
  0x000001bc98626dd0 JavaThread "build-39"                          [_thread_blocked, id=27228, stack(0x0000005c5c400000,0x0000005c5c500000) (1024K)]
  0x000001bc98621880 JavaThread "build-40"                          [_thread_blocked, id=2596, stack(0x0000005c5c500000,0x0000005c5c600000) (1024K)]
  0x000001bc986232c0 JavaThread "build-41"                          [_thread_blocked, id=11668, stack(0x0000005c5c600000,0x0000005c5c700000) (1024K)]
  0x000001bc98623fe0 JavaThread "build-42"                          [_thread_blocked, id=4264, stack(0x0000005c5c700000,0x0000005c5c800000) (1024K)]
  0x000001bc98624670 JavaThread "build-43"                          [_thread_blocked, id=10612, stack(0x0000005c5c800000,0x0000005c5c900000) (1024K)]
  0x000001bc98623950 JavaThread "build-44"                          [_thread_blocked, id=7952, stack(0x0000005c5c900000,0x0000005c5ca00000) (1024K)]
  0x000001bc98624d00 JavaThread "build-45"                          [_thread_blocked, id=23408, stack(0x0000005c5ca00000,0x0000005c5cb00000) (1024K)]
  0x000001bc98627460 JavaThread "build-46"                          [_thread_blocked, id=36968, stack(0x0000005c5cb00000,0x0000005c5cc00000) (1024K)]
  0x000001bc986211f0 JavaThread "build-47"                          [_thread_blocked, id=10888, stack(0x0000005c5cc00000,0x0000005c5cd00000) (1024K)]
  0x000001bc98622c30 JavaThread "build-48"                          [_thread_blocked, id=1728, stack(0x0000005c5cd00000,0x0000005c5ce00000) (1024K)]
  0x000001bc98625390 JavaThread "build-49"                          [_thread_blocked, id=37296, stack(0x0000005c5ce00000,0x0000005c5cf00000) (1024K)]
  0x000001bc986260b0 JavaThread "build-50"                          [_thread_blocked, id=9092, stack(0x0000005c5cf00000,0x0000005c5d000000) (1024K)]
  0x000001bc98626740 JavaThread "build-51"                          [_thread_in_Java, id=27920, stack(0x0000005c5d000000,0x0000005c5d100000) (1024K)]
  0x000001bc98627af0 JavaThread "build-52"                          [_thread_blocked, id=32428, stack(0x0000005c5d100000,0x0000005c5d200000) (1024K)]
  0x000001bc98620b60 JavaThread "build-53"                          [_thread_blocked, id=29812, stack(0x0000005c5d200000,0x0000005c5d300000) (1024K)]
  0x000001bc986225a0 JavaThread "build-54"                          [_thread_blocked, id=32588, stack(0x0000005c5d300000,0x0000005c5d400000) (1024K)]
  0x000001bc98628180 JavaThread "build-55"                          [_thread_blocked, id=33900, stack(0x0000005c5d400000,0x0000005c5d500000) (1024K)]
  0x000001bc98693a40 JavaThread "build-57"                          [_thread_blocked, id=26296, stack(0x0000005c5d500000,0x0000005c5d600000) (1024K)]
  0x000001bc98690c50 JavaThread "build-56"                          [_thread_blocked, id=32280, stack(0x0000005c5d600000,0x0000005c5d700000) (1024K)]
  0x000001bc98692d20 JavaThread "build-58"                          [_thread_blocked, id=26600, stack(0x0000005c5d700000,0x0000005c5d800000) (1024K)]
  0x000001bc98692690 JavaThread "build-59"                          [_thread_blocked, id=37644, stack(0x0000005c5d800000,0x0000005c5d900000) (1024K)]
  0x000001bc98691970 JavaThread "build-62"                          [_thread_blocked, id=31628, stack(0x0000005c5d900000,0x0000005c5da00000) (1024K)]
  0x000001bc986933b0 JavaThread "build-61"                          [_thread_blocked, id=13740, stack(0x0000005c5da00000,0x0000005c5db00000) (1024K)]
  0x000001bc986940d0 JavaThread "build-60"                          [_thread_blocked, id=14668, stack(0x0000005c5db00000,0x0000005c5dc00000) (1024K)]
=>0x000001bc986912e0 JavaThread "build-63"                          [_thread_in_vm, id=38436, stack(0x0000005c5dc00000,0x0000005c5dd00000) (1024K)]
  0x000001bc98692000 JavaThread "build-64"                          [_thread_blocked, id=31176, stack(0x0000005c5dd00000,0x0000005c5de00000) (1024K)]
  0x000001bc987caf10 JavaThread "build-65"                          [_thread_blocked, id=30956, stack(0x0000005c5de00000,0x0000005c5df00000) (1024K)]
  0x000001bc987c8120 JavaThread "build-66"                          [_thread_blocked, id=35052, stack(0x0000005c5df00000,0x0000005c5e000000) (1024K)]
  0x000001bc987c6d70 JavaThread "build-67"                          [_thread_blocked, id=38248, stack(0x0000005c5e000000,0x0000005c5e100000) (1024K)]
  0x000001bc987ca1f0 JavaThread "build-68"                          [_thread_blocked, id=7084, stack(0x0000005c5e100000,0x0000005c5e200000) (1024K)]
  0x000001bc987ca880 JavaThread "build-69"                          [_thread_blocked, id=33892, stack(0x0000005c5e200000,0x0000005c5e300000) (1024K)]
Total: 91

Other Threads:
  0x000001bc4e6b2e00 VMThread "VM Thread"                           [id=5372, stack(0x0000005c57d00000,0x0000005c57e00000) (1024K)]
  0x000001bc4e69ab70 WatcherThread "VM Periodic Task Thread"        [id=16884, stack(0x0000005c57c00000,0x0000005c57d00000) (1024K)]
  0x000001bc2ec1a320 WorkerThread "GC Thread#0"                     [id=9956, stack(0x0000005c57700000,0x0000005c57800000) (1024K)]
  0x000001bc975b2130 WorkerThread "GC Thread#1"                     [id=23212, stack(0x0000005c58d00000,0x0000005c58e00000) (1024K)]
  0x000001bc975b24d0 WorkerThread "GC Thread#2"                     [id=34128, stack(0x0000005c58e00000,0x0000005c58f00000) (1024K)]
  0x000001bc975b2870 WorkerThread "GC Thread#3"                     [id=2808, stack(0x0000005c58f00000,0x0000005c59000000) (1024K)]
  0x000001bc975b2c10 WorkerThread "GC Thread#4"                     [id=20832, stack(0x0000005c59000000,0x0000005c59100000) (1024K)]
  0x000001bc975b2fb0 WorkerThread "GC Thread#5"                     [id=32688, stack(0x0000005c59100000,0x0000005c59200000) (1024K)]
  0x000001bc975b3350 WorkerThread "GC Thread#6"                     [id=35896, stack(0x0000005c59200000,0x0000005c59300000) (1024K)]
  0x000001bc975b7700 WorkerThread "GC Thread#7"                     [id=14332, stack(0x0000005c59300000,0x0000005c59400000) (1024K)]
  0x000001bc975b7aa0 WorkerThread "GC Thread#8"                     [id=23040, stack(0x0000005c59400000,0x0000005c59500000) (1024K)]
  0x000001bc975b7e40 WorkerThread "GC Thread#9"                     [id=3388, stack(0x0000005c59500000,0x0000005c59600000) (1024K)]
  0x000001bc2ec2ba40 ConcurrentGCThread "G1 Main Marker"            [id=17660, stack(0x0000005c57800000,0x0000005c57900000) (1024K)]
  0x000001bc2ec2cce0 WorkerThread "G1 Conc#0"                       [id=24660, stack(0x0000005c57900000,0x0000005c57a00000) (1024K)]
  0x000001bc9787e210 WorkerThread "G1 Conc#1"                       [id=38116, stack(0x0000005c59d00000,0x0000005c59e00000) (1024K)]
  0x000001bc9787e5b0 WorkerThread "G1 Conc#2"                       [id=20700, stack(0x0000005c59e00000,0x0000005c59f00000) (1024K)]
  0x000001bc4e5daf90 ConcurrentGCThread "G1 Refine#0"               [id=22256, stack(0x0000005c57a00000,0x0000005c57b00000) (1024K)]
  0x000001bc4e5dbb00 ConcurrentGCThread "G1 Service"                [id=25252, stack(0x0000005c57b00000,0x0000005c57c00000) (1024K)]
Total: 18

Threads with active compile tasks:
Total: 0

VM state: not at safepoint (normal execution)

VM Mutex/Monitor currently owned by a thread: None

Heap address: 0x0000000402000000, size: 16352 MB, Compressed Oops mode: Zero based, Oop shift amount: 3

CDS archive(s) mapped at: [0x000001bc52000000-0x000001bc52c90000-0x000001bc52c90000), size 13172736, SharedBaseAddress: 0x000001bc52000000, ArchiveRelocationMode: 1.
Compressed class space mapped at: 0x000001bc53000000-0x000001bc93000000, reserved size: 1073741824
Narrow klass base: 0x000001bc52000000, Narrow klass shift: 0, Narrow klass range: 0x100000000

GC Precious Log:
 CardTable entry size: 512
 Card Set container configuration: InlinePtr #cards 4 size 8 Array Of Cards #cards 64 size 144 Howl #buckets 8 coarsen threshold 14745 Howl Bitmap #cards 2048 size 272 coarsen threshold 1843 Card regions per heap region 1 cards per card region 16384
 CPUs: 12 total, 12 available
 Memory: 65386M
 Large Page Support: Disabled
 NUMA Support: Disabled
 Compressed Oops: Enabled (Zero based)
 Heap Region Size: 8M
 Heap Min Capacity: 8M
 Heap Initial Capacity: 1G
 Heap Max Capacity: 16352M
 Pre-touch: Disabled
 Parallel Workers: 10
 Concurrent Workers: 3
 Concurrent Refinement Workers: 10
 Periodic GC: Disabled

Heap:
 garbage-first heap   total 114688K, used 40529K [0x0000000402000000, 0x0000000800000000)
  region size 8192K, 4 young (32768K), 1 survivors (8192K)
 Metaspace       used 19764K, committed 20736K, reserved 1114112K
  class space    used 2828K, committed 3264K, reserved 1048576K

Heap Regions: E=young(eden), S=young(survivor), O=old, HS=humongous(starts), HC=humongous(continues), CS=collection set, F=free, TAMS=top-at-mark-start, PB=parsable bottom
|   0|0x0000000402000000, 0x0000000402800000, 0x0000000402800000|100%| O|  |TAMS 0x0000000402000000| PB 0x0000000402000000| Untracked 
|   1|0x0000000402800000, 0x0000000403000000, 0x0000000403000000|100%| O|  |TAMS 0x0000000402800000| PB 0x0000000402800000| Untracked 
|   2|0x0000000403000000, 0x0000000403000000, 0x0000000403800000|  0%| F|  |TAMS 0x0000000403000000| PB 0x0000000403000000| Untracked 
|   3|0x0000000403800000, 0x0000000403f94590, 0x0000000404000000| 94%| O|  |TAMS 0x0000000403800000| PB 0x0000000403800000| Untracked 
|   4|0x0000000404000000, 0x0000000404000000, 0x0000000404800000|  0%| F|  |TAMS 0x0000000404000000| PB 0x0000000404000000| Untracked 
|   5|0x0000000404800000, 0x0000000404800000, 0x0000000405000000|  0%| F|  |TAMS 0x0000000404800000| PB 0x0000000404800000| Untracked 
|   6|0x0000000405000000, 0x0000000405000000, 0x0000000405800000|  0%| F|  |TAMS 0x0000000405000000| PB 0x0000000405000000| Untracked 
|   7|0x0000000405800000, 0x0000000406000000, 0x0000000406000000|100%| S|CS|TAMS 0x0000000405800000| PB 0x0000000405800000| Complete 
|   8|0x0000000406000000, 0x0000000406000000, 0x0000000406800000|  0%| F|  |TAMS 0x0000000406000000| PB 0x0000000406000000| Untracked 
|   9|0x0000000406800000, 0x0000000406800000, 0x0000000407000000|  0%| F|  |TAMS 0x0000000406800000| PB 0x0000000406800000| Untracked 
|  10|0x0000000407000000, 0x0000000407000000, 0x0000000407800000|  0%| F|  |TAMS 0x0000000407000000| PB 0x0000000407000000| Untracked 
|  11|0x0000000407800000, 0x00000004079f4140, 0x0000000408000000| 24%| E|  |TAMS 0x0000000407800000| PB 0x0000000407800000| Complete 
| 126|0x0000000441000000, 0x0000000441800000, 0x0000000441800000|100%| E|  |TAMS 0x0000000441000000| PB 0x0000000441000000| Complete 
| 127|0x0000000441800000, 0x0000000442000000, 0x0000000442000000|100%| E|CS|TAMS 0x0000000441800000| PB 0x0000000441800000| Complete 

Card table byte_map: [0x000001bc3c560000,0x000001bc3e550000] _byte_map_base: 0x000001bc3a550000

Marking Bits: (CMBitMap*) 0x000001bc2ec1aa20
 Bits: [0x000001bc3e550000, 0x000001bc4e4d0000)

Polling page: 0x000001bc2cad0000

Metaspace:

Usage:
  Non-class:     16.54 MB used.
      Class:      2.76 MB used.
       Both:     19.30 MB used.

Virtual space:
  Non-class space:       64.00 MB reserved,      17.06 MB ( 27%) committed,  1 nodes.
      Class space:        1.00 GB reserved,       3.19 MB ( <1%) committed,  1 nodes.
             Both:        1.06 GB reserved,      20.25 MB (  2%) committed. 

Chunk freelists:
   Non-Class:  14.70 MB
       Class:  12.63 MB
        Both:  27.33 MB

MaxMetaspaceSize: unlimited
CompressedClassSpaceSize: 1.00 GB
Initial GC threshold: 21.00 MB
Current GC threshold: 21.00 MB
CDS: on
 - commit_granule_bytes: 65536.
 - commit_granule_words: 8192.
 - virtual_space_node_default_size: 8388608.
 - enlarge_chunks_in_place: 1.
 - use_allocation_guard: 0.


Internal statistics:

num_allocs_failed_limit: 0.
num_arena_births: 1458.
num_arena_deaths: 0.
num_vsnodes_births: 2.
num_vsnodes_deaths: 0.
num_space_committed: 324.
num_space_uncommitted: 0.
num_chunks_returned_to_freelist: 0.
num_chunks_taken_from_freelist: 2726.
num_chunk_merges: 0.
num_chunk_splits: 1500.
num_chunks_enlarged: 596.
num_inconsistent_stats: 0.

CodeCache: size=49152Kb used=9407Kb max_used=9407Kb free=39745Kb
 bounds [0x000001bc37240000, 0x000001bc37b70000, 0x000001bc3a240000]
 total_blobs=4272 nmethods=3741 adapters=451
 compilation: enabled
              stopped_count=0, restarted_count=0
 full_count=0

Compilation events (20 events):
Event: 1.801 Thread 0x000001bc513266e0 3563       1       java.lang.Character::isISOControl (25 bytes)
Event: 1.801 Thread 0x000001bc5132d610 nmethod 3562 0x000001bc37b16790 code [0x000001bc37b16920, 0x000001bc37b16a08]
Event: 1.801 Thread 0x000001bc513266e0 nmethod 3563 0x000001bc37b16a90 code [0x000001bc37b16c20, 0x000001bc37b16d00]
Event: 1.802 Thread 0x000001bc513266e0 3564       1       org.objectweb.asm.SymbolTable::addConstantIntegerOrFloat (100 bytes)
Event: 1.802 Thread 0x000001bc5132d610 3565       1       org.objectweb.asm.SymbolTable::hash (7 bytes)
Event: 1.802 Thread 0x000001bc5132d610 nmethod 3565 0x000001bc37b16d90 code [0x000001bc37b16f20, 0x000001bc37b16fd0]
Event: 1.802 Thread 0x000001bc5132d610 3566       1       java.lang.invoke.LambdaFormBuffer::replaceFunctions (121 bytes)
Event: 1.802 Thread 0x000001bc513266e0 nmethod 3564 0x000001bc37b17090 code [0x000001bc37b17280, 0x000001bc37b175d8]
Event: 1.802 Thread 0x000001bc513266e0 3567       1       io.quarkus.gizmo.BytecodeCreatorImpl$BlockOperation::getTopResultHandle (2 bytes)
Event: 1.802 Thread 0x000001bc512136f0 3568       1       io.quarkus.gizmo.BytecodeCreatorImpl$BlockOperation::getOutgoingResultHandle (2 bytes)
Event: 1.802 Thread 0x000001bc5196ded0 3569       1       java.lang.invoke.LambdaFormBuffer::replaceName (124 bytes)
Event: 1.802 Thread 0x000001bc513266e0 nmethod 3567 0x000001bc37b17810 code [0x000001bc37b179a0, 0x000001bc37b17a70]
Event: 1.802 Thread 0x000001bc512136f0 nmethod 3568 0x000001bc37b17b10 code [0x000001bc37b17ca0, 0x000001bc37b17d70]
Event: 1.803 Thread 0x000001bc5196ded0 nmethod 3569 0x000001bc37b17e10 code [0x000001bc37b17fc0, 0x000001bc37b180f8]
Event: 1.803 Thread 0x000001bc512136f0 3570       1       java.lang.invoke.LambdaFormBuffer::insertExpression (30 bytes)
Event: 1.803 Thread 0x000001bc513266e0 3571       1       io.quarkus.gizmo.BytecodeCreatorImpl$NewInstanceOperation::getTopResultHandle (2 bytes)
Event: 1.803 Thread 0x000001bc513266e0 nmethod 3571 0x000001bc37b18690 code [0x000001bc37b18820, 0x000001bc37b188f0]
Event: 1.803 Thread 0x000001bc512136f0 nmethod 3570 0x000001bc37b18990 code [0x000001bc37b18b20, 0x000001bc37b18c30]
Event: 1.803 Thread 0x000001bc513266e0 3572       1       org.objectweb.asm.Label::getOffset (24 bytes)
Event: 1.803 Thread 0x000001bc5196ded0 3573       1       io.quarkus.gizmo.CatchBlockCreatorImpl::writeInteriorOperations (14 bytes)

GC Heap History (10 events):
Event: 0.899 GC heap before
{Heap before GC invocations=0 (full 0):
 garbage-first heap   total 1048576K, used 49152K [0x0000000402000000, 0x0000000800000000)
  region size 8192K, 6 young (49152K), 0 survivors (0K)
 Metaspace       used 4102K, committed 4416K, reserved 1114112K
  class space    used 493K, committed 640K, reserved 1048576K
}
Event: 0.905 GC heap after
{Heap after GC invocations=1 (full 0):
 garbage-first heap   total 1048576K, used 15566K [0x0000000402000000, 0x0000000800000000)
  region size 8192K, 1 young (8192K), 1 survivors (8192K)
 Metaspace       used 4102K, committed 4416K, reserved 1114112K
  class space    used 493K, committed 640K, reserved 1048576K
}
Event: 1.221 GC heap before
{Heap before GC invocations=1 (full 0):
 garbage-first heap   total 1048576K, used 56526K [0x0000000402000000, 0x0000000800000000)
  region size 8192K, 6 young (49152K), 1 survivors (8192K)
 Metaspace       used 8281K, committed 8640K, reserved 1114112K
  class space    used 1070K, committed 1216K, reserved 1048576K
}
Event: 1.226 GC heap after
{Heap after GC invocations=2 (full 0):
 garbage-first heap   total 1048576K, used 22057K [0x0000000402000000, 0x0000000800000000)
  region size 8192K, 1 young (8192K), 1 survivors (8192K)
 Metaspace       used 8281K, committed 8640K, reserved 1114112K
  class space    used 1070K, committed 1216K, reserved 1048576K
}
Event: 1.290 GC heap before
{Heap before GC invocations=2 (full 0):
 garbage-first heap   total 1048576K, used 22057K [0x0000000402000000, 0x0000000800000000)
  region size 8192K, 2 young (16384K), 1 survivors (8192K)
 Metaspace       used 8816K, committed 9152K, reserved 1114112K
  class space    used 1153K, committed 1280K, reserved 1048576K
}
Event: 1.293 GC heap after
{Heap after GC invocations=3 (full 0):
 garbage-first heap   total 1048576K, used 22910K [0x0000000402000000, 0x0000000800000000)
  region size 8192K, 1 young (8192K), 1 survivors (8192K)
 Metaspace       used 8816K, committed 9152K, reserved 1114112K
  class space    used 1153K, committed 1280K, reserved 1048576K
}
Event: 1.649 GC heap before
{Heap before GC invocations=4 (full 0):
 garbage-first heap   total 114688K, used 80254K [0x0000000402000000, 0x0000000800000000)
  region size 8192K, 8 young (65536K), 1 survivors (8192K)
 Metaspace       used 14975K, committed 15488K, reserved 1114112K
  class space    used 2022K, committed 2240K, reserved 1048576K
}
Event: 1.657 GC heap after
{Heap after GC invocations=5 (full 0):
 garbage-first heap   total 114688K, used 26654K [0x0000000402000000, 0x0000000800000000)
  region size 8192K, 1 young (8192K), 1 survivors (8192K)
 Metaspace       used 14975K, committed 15488K, reserved 1114112K
  class space    used 2022K, committed 2240K, reserved 1048576K
}
Event: 1.776 GC heap before
{Heap before GC invocations=5 (full 0):
 garbage-first heap   total 114688K, used 75806K [0x0000000402000000, 0x0000000800000000)
  region size 8192K, 7 young (57344K), 1 survivors (8192K)
 Metaspace       used 19015K, committed 19968K, reserved 1114112K
  class space    used 2721K, committed 3200K, reserved 1048576K
}
Event: 1.787 GC heap after
{Heap after GC invocations=6 (full 0):
 garbage-first heap   total 114688K, used 32337K [0x0000000402000000, 0x0000000800000000)
  region size 8192K, 1 young (8192K), 1 survivors (8192K)
 Metaspace       used 19015K, committed 19968K, reserved 1114112K
  class space    used 2721K, committed 3200K, reserved 1048576K
}

Dll operation events (11 events):
Event: 0.009 Loaded shared library C:\Program Files\Java\mandrel-java21-23.1.4.0-Final\bin\java.dll
Event: 0.062 Loaded shared library C:\Program Files\Java\mandrel-java21-23.1.4.0-Final\bin\zip.dll
Event: 0.065 Loaded shared library C:\Program Files\Java\mandrel-java21-23.1.4.0-Final\bin\instrument.dll
Event: 0.068 Loaded shared library C:\Program Files\Java\mandrel-java21-23.1.4.0-Final\bin\net.dll
Event: 0.070 Loaded shared library C:\Program Files\Java\mandrel-java21-23.1.4.0-Final\bin\nio.dll
Event: 0.072 Loaded shared library C:\Program Files\Java\mandrel-java21-23.1.4.0-Final\bin\zip.dll
Event: 0.124 Loaded shared library C:\Program Files\Java\mandrel-java21-23.1.4.0-Final\bin\jimage.dll
Event: 1.040 Loaded shared library C:\Program Files\Java\mandrel-java21-23.1.4.0-Final\bin\verify.dll
Event: 1.753 Loaded shared library C:\Program Files\Java\mandrel-java21-23.1.4.0-Final\bin\management.dll
Event: 1.757 Loaded shared library C:\Program Files\Java\mandrel-java21-23.1.4.0-Final\bin\management_ext.dll
Event: 1.801 Loaded shared library C:\Users\perso\.gradle\native\jansi\1.18\windows64\jansi.dll

Deoptimization events (20 events):
Event: 1.685 Thread 0x000001bc98627460 DEOPT PACKING pc=0x000001bc37930974 sp=0x0000005c5cbfe7f0
Event: 1.685 Thread 0x000001bc98627460 DEOPT UNPACKING pc=0x000001bc37294e42 sp=0x0000005c5cbfdd80 mode 1
Event: 1.685 Thread 0x000001bc986260b0 DEOPT PACKING pc=0x000001bc37930974 sp=0x0000005c5cffe700
Event: 1.685 Thread 0x000001bc986260b0 DEOPT UNPACKING pc=0x000001bc37294e42 sp=0x0000005c5cffdc90 mode 1
Event: 1.686 Thread 0x000001bc986260b0 DEOPT PACKING pc=0x000001bc376bb58c sp=0x0000005c5cffe660
Event: 1.686 Thread 0x000001bc986260b0 DEOPT UNPACKING pc=0x000001bc37294e42 sp=0x0000005c5cffdb30 mode 1
Event: 1.686 Thread 0x000001bc986260b0 DEOPT PACKING pc=0x000001bc37930974 sp=0x0000005c5cffe700
Event: 1.686 Thread 0x000001bc986260b0 DEOPT UNPACKING pc=0x000001bc37294e42 sp=0x0000005c5cffdc90 mode 1
Event: 1.686 Thread 0x000001bc986260b0 DEOPT PACKING pc=0x000001bc376bb58c sp=0x0000005c5cffe660
Event: 1.686 Thread 0x000001bc986260b0 DEOPT UNPACKING pc=0x000001bc37294e42 sp=0x0000005c5cffdb30 mode 1
Event: 1.687 Thread 0x000001bc986260b0 DEOPT PACKING pc=0x000001bc37930974 sp=0x0000005c5cffe700
Event: 1.687 Thread 0x000001bc986260b0 DEOPT UNPACKING pc=0x000001bc37294e42 sp=0x0000005c5cffdc90 mode 1
Event: 1.687 Thread 0x000001bc986260b0 DEOPT PACKING pc=0x000001bc376bb58c sp=0x0000005c5cffe660
Event: 1.687 Thread 0x000001bc986260b0 DEOPT UNPACKING pc=0x000001bc37294e42 sp=0x0000005c5cffdb30 mode 1
Event: 1.688 Thread 0x000001bc986260b0 DEOPT PACKING pc=0x000001bc37930974 sp=0x0000005c5cffe700
Event: 1.688 Thread 0x000001bc986260b0 DEOPT UNPACKING pc=0x000001bc37294e42 sp=0x0000005c5cffdc90 mode 1
Event: 1.799 Thread 0x000001bc98216c90 DEOPT PACKING pc=0x000001bc3797b802 sp=0x0000005c5bef9dc0
Event: 1.799 Thread 0x000001bc98216c90 DEOPT UNPACKING pc=0x000001bc37294e42 sp=0x0000005c5bef92a8 mode 1
Event: 1.799 Thread 0x000001bc98216c90 DEOPT PACKING pc=0x000001bc37688934 sp=0x0000005c5bef9e70
Event: 1.799 Thread 0x000001bc98216c90 DEOPT UNPACKING pc=0x000001bc37294e42 sp=0x0000005c5bef9360 mode 1

Classes loaded (20 events):
Event: 1.774 Loading class sun/net/InetAddressCachePolicy
Event: 1.775 Loading class sun/net/InetAddressCachePolicy done
Event: 1.775 Loading class sun/net/InetAddressCachePolicy$1
Event: 1.775 Loading class sun/net/InetAddressCachePolicy$1 done
Event: 1.775 Loading class java/net/InetAddress$CachedLookup
Event: 1.775 Loading class java/net/InetAddress$CachedLookup done
Event: 1.791 Loading class java/io/PipedOutputStream
Event: 1.791 Loading class java/io/PipedOutputStream done
Event: 1.791 Loading class java/io/PipedInputStream
Event: 1.791 Loading class java/io/PipedInputStream done
Event: 1.792 Loading class java/io/IOError
Event: 1.792 Loading class java/io/IOError done
Event: 1.795 Loading class java/lang/UnsatisfiedLinkError
Event: 1.795 Loading class java/lang/UnsatisfiedLinkError done
Event: 1.800 Loading class java/util/LinkedList$Node
Event: 1.800 Loading class java/util/LinkedList$Node done
Event: 1.801 Loading class jdk/internal/loader/NativeLibraries$Unloader
Event: 1.801 Loading class jdk/internal/loader/NativeLibraries$Unloader done
Event: 1.801 Loading class java/nio/charset/UnsupportedCharsetException
Event: 1.802 Loading class java/nio/charset/UnsupportedCharsetException done

Classes unloaded (0 events):
No events

Classes redefined (0 events):
No events

Internal exceptions (20 events):
Event: 1.704 Thread 0x000001bc982186d0 Exception <a 'java/lang/NoSuchMethodError'{0x0000000407db26b0}: 'java.lang.Object java.lang.invoke.DelegatingMethodHandle$Holder.reinvoke_L(java.lang.Object, java.lang.Object, java.lang.Object, java.lang.Object, int, int)'> (0x0000000407db26b0) 
thrown [s\src\hotspot\share\interpreter\linkResolver.cpp, line 773]
Event: 1.719 Thread 0x000001bc98622c30 Exception <a 'java/lang/NoSuchMethodError'{0x0000000407073748}: 'void java.lang.invoke.DirectMethodHandle$Holder.invokeSpecial(java.lang.Object, java.lang.Object, java.lang.Object, java.lang.Object, java.lang.Object, java.lang.Object, java.lang.Object, java.lang.Object, java.lang.Object)'> (0x0000000407073748) 
thrown [s\src\hotspot\share\interpreter\linkResolver.cpp, line 773]
Event: 1.720 Thread 0x000001bc98693a40 Exception <a 'java/lang/NoSuchMethodError'{0x00000004079fe250}: 'void java.lang.invoke.DelegatingMethodHandle$Holder.reinvoke_L(java.lang.Object, java.lang.Object, java.lang.Object, java.lang.Object, java.lang.Object, java.lang.Object, java.lang.Object, java.lang.Object, java.lang.Object, java.lang.Object, java.lang.Object, java.lang.Object, java.lang.Object, java.lang.Object, java.lang.Object, java.lang.Object, java.lang.Object)'> (0x00000004079fe250) 
thrown [s\src\hotspot\share\interpreter\linkResolver.
Event: 1.720 Thread 0x000001bc98622c30 Exception <a 'java/lang/NoSuchMethodError'{0x0000000407076e00}: 'void java.lang.invoke.DelegatingMethodHandle$Holder.reinvoke_L(java.lang.Object, java.lang.Object, java.lang.Object, java.lang.Object, java.lang.Object, java.lang.Object, java.lang.Object, java.lang.Object)'> (0x0000000407076e00) 
thrown [s\src\hotspot\share\interpreter\linkResolver.cpp, line 773]
Event: 1.722 Thread 0x000001bc98693a40 Exception <a 'java/lang/NoSuchMethodError'{0x00000004072a15e0}: 'java.lang.Object java.lang.invoke.DirectMethodHandle$Holder.invokeSpecial(java.lang.Object, java.lang.Object, java.lang.Object, java.lang.Object, java.lang.Object, java.lang.Object, java.lang.Object, java.lang.Object, java.lang.Object, java.lang.Object, java.lang.Object, java.lang.Object, java.lang.Object, java.lang.Object, java.lang.Object, java.lang.Object, java.lang.Object)'> (0x00000004072a15e0) 
thrown [s\src\hotspot\share\interpreter\li
Event: 1.722 Thread 0x000001bc98693a40 Exception <a 'java/lang/NoSuchMethodError'{0x00000004072a59b0}: 'java.lang.Object java.lang.invoke.Invokers$Holder.invoker(java.lang.Object, java.lang.Object, java.lang.Object, java.lang.Object, java.lang.Object, java.lang.Object, java.lang.Object, java.lang.Object, java.lang.Object, java.lang.Object, java.lang.Object, java.lang.Object, java.lang.Object, java.lang.Object, java.lang.Object, java.lang.Object, java.lang.Object)'> (0x00000004072a59b0) 
thrown [s\src\hotspot\share\interpreter\linkResolver.cpp, 
Event: 1.723 Thread 0x000001bc98623950 Exception <a 'java/lang/NoSuchMethodError'{0x00000004072f9b08}: 'void java.lang.invoke.DelegatingMethodHandle$Holder.reinvoke_L(java.lang.Object, java.lang.Object, java.lang.Object, java.lang.Object, java.lang.Object, java.lang.Object, java.lang.Object, java.lang.Object, java.lang.Object)'> (0x00000004072f9b08) 
thrown [s\src\hotspot\share\interpreter\linkResolver.cpp, line 773]
Event: 1.725 Thread 0x000001bc98693a40 Exception <a 'java/lang/NoSuchMethodError'{0x00000004072afc98}: 'java.lang.Object java.lang.invoke.DelegatingMethodHandle$Holder.delegate(java.lang.Object, java.lang.Object, java.lang.Object, java.lang.Object, java.lang.Object, java.lang.Object, java.lang.Object, java.lang.Object, java.lang.Object, java.lang.Object, java.lang.Object, java.lang.Object, java.lang.Object, java.lang.Object, java.lang.Object, java.lang.Object, java.lang.Object)'> (0x00000004072afc98) 
thrown [s\src\hotspot\share\interpreter\lin
Event: 1.726 Thread 0x000001bc98623950 Exception <a 'java/lang/NoSuchMethodError'{0x00000004073008d8}: 'java.lang.Object java.lang.invoke.Invokers$Holder.invoker(java.lang.Object, java.lang.Object, java.lang.Object, java.lang.Object, java.lang.Object, java.lang.Object, java.lang.Object, java.lang.Object, java.lang.Object)'> (0x00000004073008d8) 
thrown [s\src\hotspot\share\interpreter\linkResolver.cpp, line 773]
Event: 1.740 Thread 0x000001bc977556b0 Exception <a 'java/lang/NoSuchMethodError'{0x0000000407cceb00}: 'java.lang.Object java.lang.invoke.Invokers$Holder.invoker(java.lang.Object, java.lang.Object, java.lang.Object, java.lang.Object, java.lang.Object, java.lang.Object, java.lang.Object, java.lang.Object, java.lang.Object, java.lang.Object, java.lang.Object)'> (0x0000000407cceb00) 
thrown [s\src\hotspot\share\interpreter\linkResolver.cpp, line 773]
Event: 1.742 Thread 0x000001bc98626740 Exception <a 'java/lang/NoSuchMethodError'{0x0000000407456648}: 'void java.lang.invoke.DirectMethodHandle$Holder.invokeStatic(java.lang.Object, int, java.lang.Object)'> (0x0000000407456648) 
thrown [s\src\hotspot\share\interpreter\linkResolver.cpp, line 773]
Event: 1.747 Thread 0x000001bc977563d0 Exception <a 'java/lang/NoSuchMethodError'{0x00000004416752f8}: 'void java.lang.invoke.DirectMethodHandle$Holder.invokeInterface(java.lang.Object, java.lang.Object, java.lang.Object)'> (0x00000004416752f8) 
thrown [s\src\hotspot\share\interpreter\linkResolver.cpp, line 773]
Event: 1.747 Thread 0x000001bc977556b0 Exception <a 'java/lang/NoSuchMethodError'{0x0000000406b49c20}: 'java.lang.Object java.lang.invoke.DirectMethodHandle$Holder.invokeStatic(java.lang.Object, java.lang.Object, java.lang.Object, java.lang.Object, java.lang.Object, java.lang.Object, java.lang.Object, java.lang.Object, java.lang.Object, java.lang.Object, java.lang.Object, java.lang.Object, java.lang.Object)'> (0x0000000406b49c20) 
thrown [s\src\hotspot\share\interpreter\linkResolver.cpp, line 773]
Event: 1.762 Thread 0x000001bc986912e0 Exception <a 'java/lang/NoSuchMethodError'{0x0000000406e94318}: 'java.lang.Object java.lang.invoke.DirectMethodHandle$Holder.invokeStaticInit(java.lang.Object, int)'> (0x0000000406e94318) 
thrown [s\src\hotspot\share\interpreter\linkResolver.cpp, line 773]
Event: 1.765 Thread 0x000001bc986912e0 Exception <a 'java/lang/NoSuchMethodError'{0x0000000406e9bee8}: 'int java.lang.invoke.DirectMethodHandle$Holder.invokeStaticInit(java.lang.Object, java.lang.Object, java.lang.Object)'> (0x0000000406e9bee8) 
thrown [s\src\hotspot\share\interpreter\linkResolver.cpp, line 773]
Event: 1.766 Thread 0x000001bc986912e0 Exception <a 'java/lang/NoSuchMethodError'{0x0000000406ea1c98}: 'java.lang.Object java.lang.invoke.DirectMethodHandle$Holder.invokeStaticInit(java.lang.Object, int, java.lang.Object)'> (0x0000000406ea1c98) 
thrown [s\src\hotspot\share\interpreter\linkResolver.cpp, line 773]
Event: 1.802 Thread 0x000001bc98216c90 Exception <a 'java/lang/NoSuchMethodError'{0x0000000441289788}: 'java.lang.Object java.lang.invoke.DirectMethodHandle$Holder.newInvokeSpecial(java.lang.Object, java.lang.Object, java.lang.Object, java.lang.Object, java.lang.Object, java.lang.Object)'> (0x0000000441289788) 
thrown [s\src\hotspot\share\interpreter\linkResolver.cpp, line 773]
Event: 1.802 Thread 0x000001bc98624d00 Exception <a 'java/lang/NoSuchMethodError'{0x0000000441ac56a8}: 'java.lang.Object java.lang.invoke.DirectMethodHandle$Holder.newInvokeSpecial(java.lang.Object, java.lang.Object, java.lang.Object, java.lang.Object, java.lang.Object, java.lang.Object)'> (0x0000000441ac56a8) 
thrown [s\src\hotspot\share\interpreter\linkResolver.cpp, line 773]
Event: 1.802 Thread 0x000001bc986912e0 Exception <a 'java/lang/NullPointerException'{0x00000004412a5ee8}> (0x00000004412a5ee8) 
thrown [s\src\hotspot\share\interpreter\linkResolver.cpp, line 1372]
Event: 1.803 Thread 0x000001bc986912e0 Exception <a 'java/lang/NoSuchFieldError'{0x00000004413625e0}: STDIN_FILENO> (0x00000004413625e0) 
thrown [s\src\hotspot\share\prims\jni.cpp, line 1989]

ZGC Phase Switch (0 events):
No events

VM Operations (20 events):
Event: 1.431 Executing VM operation: HandshakeAllThreads (Deoptimize)
Event: 1.431 Executing VM operation: HandshakeAllThreads (Deoptimize) done
Event: 1.587 Executing VM operation: HandshakeAllThreads (Deoptimize)
Event: 1.587 Executing VM operation: HandshakeAllThreads (Deoptimize) done
Event: 1.622 Executing VM operation: HandshakeAllThreads (Deoptimize)
Event: 1.644 Executing VM operation: HandshakeAllThreads (Deoptimize) done
Event: 1.644 Executing VM operation: G1CollectForAllocation (G1 Evacuation Pause)
Event: 1.657 Executing VM operation: G1CollectForAllocation (G1 Evacuation Pause) done
Event: 1.657 Executing VM operation: HandshakeAllThreads (Deoptimize)
Event: 1.660 Executing VM operation: HandshakeAllThreads (Deoptimize) done
Event: 1.662 Executing VM operation: HandshakeAllThreads (Deoptimize)
Event: 1.682 Executing VM operation: HandshakeAllThreads (Deoptimize) done
Event: 1.683 Executing VM operation: HandshakeAllThreads (Deoptimize)
Event: 1.729 Executing VM operation: HandshakeAllThreads (Deoptimize) done
Event: 1.730 Executing VM operation: HandshakeAllThreads (Deoptimize)
Event: 1.745 Executing VM operation: HandshakeAllThreads (Deoptimize) done
Event: 1.746 Executing VM operation: HandshakeAllThreads (Deoptimize)
Event: 1.761 Executing VM operation: HandshakeAllThreads (Deoptimize) done
Event: 1.776 Executing VM operation: G1CollectForAllocation (G1 Evacuation Pause)
Event: 1.787 Executing VM operation: G1CollectForAllocation (G1 Evacuation Pause) done

Memory protections (0 events):
No events

Nmethod flushes (0 events):
No events

Events (20 events):
Event: 1.631 Thread 0x000001bc982179b0 Thread added: 0x000001bc986260b0
Event: 1.632 Thread 0x000001bc2c8b4a00 Thread added: 0x000001bc98626740
Event: 1.633 Thread 0x000001bc982179b0 Thread added: 0x000001bc98627af0
Event: 1.633 Thread 0x000001bc98626dd0 Thread added: 0x000001bc98620b60
Event: 1.634 Thread 0x000001bc2c8b4a00 Thread added: 0x000001bc986225a0
Event: 1.635 Thread 0x000001bc982179b0 Thread added: 0x000001bc98628180
Event: 1.636 Thread 0x000001bc2c8b4a00 Thread added: 0x000001bc98693a40
Event: 1.637 Thread 0x000001bc98626dd0 Thread added: 0x000001bc98690c50
Event: 1.638 Thread 0x000001bc982179b0 Thread added: 0x000001bc98692d20
Event: 1.639 Thread 0x000001bc97756a60 Thread added: 0x000001bc98692690
Event: 1.640 Thread 0x000001bc982179b0 Thread added: 0x000001bc98691970
Event: 1.640 Thread 0x000001bc98626dd0 Thread added: 0x000001bc986933b0
Event: 1.641 Thread 0x000001bc2c8b4a00 Thread added: 0x000001bc986940d0
Event: 1.641 Thread 0x000001bc982179b0 Thread added: 0x000001bc986912e0
Event: 1.642 Thread 0x000001bc2c8b4a00 Thread added: 0x000001bc98692000
Event: 1.643 Thread 0x000001bc982179b0 Thread added: 0x000001bc987caf10
Event: 1.644 Thread 0x000001bc2c8b4a00 Thread added: 0x000001bc987c8120
Event: 1.645 Thread 0x000001bc986260b0 Thread added: 0x000001bc987c6d70
Event: 1.645 Thread 0x000001bc982179b0 Thread added: 0x000001bc987ca1f0
Event: 1.658 Thread 0x000001bc2c8b4a00 Thread added: 0x000001bc987ca880


Dynamic libraries:
0x00007ff799df0000 - 0x00007ff799dfe000 	C:\Program Files\Java\mandrel-java21-23.1.4.0-Final\bin\java.exe
0x00007ff87f9b0000 - 0x00007ff87fbc7000 	C:\Windows\SYSTEM32\ntdll.dll
0x00007ff87e580000 - 0x00007ff87e644000 	C:\Windows\System32\KERNEL32.DLL
0x00007ff87d330000 - 0x00007ff87d6dd000 	C:\Windows\System32\KERNELBASE.dll
0x00007ff87cec0000 - 0x00007ff87cfd1000 	C:\Windows\System32\ucrtbase.dll
0x00007ff865660000 - 0x00007ff86567b000 	C:\Program Files\Java\mandrel-java21-23.1.4.0-Final\bin\VCRUNTIME140.dll
0x00007ff864e40000 - 0x00007ff864e58000 	C:\Program Files\Java\mandrel-java21-23.1.4.0-Final\bin\jli.dll
0x00007ff87e650000 - 0x00007ff87e7fe000 	C:\Windows\System32\USER32.dll
0x00007ff87ccd0000 - 0x00007ff87ccf6000 	C:\Windows\System32\win32u.dll
0x00007ff86d3c0000 - 0x00007ff86d653000 	C:\Windows\WinSxS\amd64_microsoft.windows.common-controls_6595b64144ccf1df_6.0.22621.3672_none_2713b9d173822955\COMCTL32.dll
0x00007ff87e3a0000 - 0x00007ff87e447000 	C:\Windows\System32\msvcrt.dll
0x00007ff87e800000 - 0x00007ff87e829000 	C:\Windows\System32\GDI32.dll
0x00007ff87cfe0000 - 0x00007ff87d0f9000 	C:\Windows\System32\gdi32full.dll
0x00007ff87ce20000 - 0x00007ff87ceba000 	C:\Windows\System32\msvcp_win.dll
0x00007ff87f0a0000 - 0x00007ff87f0d1000 	C:\Windows\System32\IMM32.DLL
0x00007ff876e40000 - 0x00007ff876e4c000 	C:\Program Files\Java\mandrel-java21-23.1.4.0-Final\bin\vcruntime140_1.dll
0x00007ff850050000 - 0x00007ff8500de000 	C:\Program Files\Java\mandrel-java21-23.1.4.0-Final\bin\msvcp140.dll
0x00007fffdd0b0000 - 0x00007fffdde38000 	C:\Program Files\Java\mandrel-java21-23.1.4.0-Final\bin\server\jvm.dll
0x00007ff87f140000 - 0x00007ff87f1f2000 	C:\Windows\System32\ADVAPI32.dll
0x00007ff87e4d0000 - 0x00007ff87e579000 	C:\Windows\System32\sechost.dll
0x00007ff87cdf0000 - 0x00007ff87ce18000 	C:\Windows\System32\bcrypt.dll
0x00007ff87e0f0000 - 0x00007ff87e204000 	C:\Windows\System32\RPCRT4.dll
0x00007ff87e450000 - 0x00007ff87e4c1000 	C:\Windows\System32\WS2_32.dll
0x00007ff87bb40000 - 0x00007ff87bb8d000 	C:\Windows\SYSTEM32\POWRPROF.dll
0x00007ff874ee0000 - 0x00007ff874eea000 	C:\Windows\SYSTEM32\VERSION.dll
0x00007ff870290000 - 0x00007ff8702c4000 	C:\Windows\SYSTEM32\WINMM.dll
0x00007ff87bb20000 - 0x00007ff87bb33000 	C:\Windows\SYSTEM32\UMPDC.dll
0x00007ff87bdd0000 - 0x00007ff87bde8000 	C:\Windows\SYSTEM32\kernel.appcore.dll
0x00007ff872f80000 - 0x00007ff872f8a000 	C:\Program Files\Java\mandrel-java21-23.1.4.0-Final\bin\jimage.dll
0x00007ff87a4f0000 - 0x00007ff87a722000 	C:\Windows\SYSTEM32\DBGHELP.DLL
0x00007ff87f5e0000 - 0x00007ff87f96e000 	C:\Windows\System32\combase.dll
0x00007ff87e210000 - 0x00007ff87e2e7000 	C:\Windows\System32\OLEAUT32.dll
0x00007ff861c30000 - 0x00007ff861c62000 	C:\Windows\SYSTEM32\dbgcore.DLL
0x00007ff87cd00000 - 0x00007ff87cd7b000 	C:\Windows\System32\bcryptPrimitives.dll
0x00007ff864230000 - 0x00007ff86423f000 	C:\Program Files\Java\mandrel-java21-23.1.4.0-Final\bin\instrument.dll
0x00007ff864db0000 - 0x00007ff864dcf000 	C:\Program Files\Java\mandrel-java21-23.1.4.0-Final\bin\java.dll
0x00007ff8641e0000 - 0x00007ff86421c000 	C:\Program Files\Java\mandrel-java21-23.1.4.0-Final\bin\jdwp.dll
0x00007ff87e830000 - 0x00007ff87f097000 	C:\Windows\System32\SHELL32.dll
0x00007ff87ac10000 - 0x00007ff87b50f000 	C:\Windows\SYSTEM32\windows.storage.dll
0x00007ff87aad0000 - 0x00007ff87ac0f000 	C:\Windows\SYSTEM32\wintypes.dll
0x00007ff87f2a0000 - 0x00007ff87f399000 	C:\Windows\System32\SHCORE.dll
0x00007ff87f0e0000 - 0x00007ff87f13e000 	C:\Windows\System32\shlwapi.dll
0x00007ff87cc00000 - 0x00007ff87cc27000 	C:\Windows\SYSTEM32\profapi.dll
0x00007ff864d50000 - 0x00007ff864d68000 	C:\Program Files\Java\mandrel-java21-23.1.4.0-Final\bin\zip.dll
0x00007ff86c980000 - 0x00007ff86c990000 	C:\Program Files\Java\mandrel-java21-23.1.4.0-Final\bin\net.dll
0x00007ff879280000 - 0x00007ff8793b6000 	C:\Windows\SYSTEM32\WINHTTP.dll
0x00007ff87c230000 - 0x00007ff87c299000 	C:\Windows\system32\mswsock.dll
0x00007ff864d70000 - 0x00007ff864d86000 	C:\Program Files\Java\mandrel-java21-23.1.4.0-Final\bin\nio.dll
0x00007ff864df0000 - 0x00007ff864dfb000 	C:\Program Files\Java\mandrel-java21-23.1.4.0-Final\bin\dt_socket.dll
0x00007ff87b7e0000 - 0x00007ff87b80d000 	C:\Windows\SYSTEM32\IPHLPAPI.DLL
0x00007ff87b850000 - 0x00007ff87b948000 	C:\Windows\SYSTEM32\DNSAPI.dll
0x00007ff87f260000 - 0x00007ff87f269000 	C:\Windows\System32\NSI.dll
0x00007ff875a10000 - 0x00007ff875a1a000 	C:\Windows\System32\rasadhlp.dll
0x00007ff877240000 - 0x00007ff8772c3000 	C:\Windows\System32\fwpuclnt.dll
0x00007ff864e30000 - 0x00007ff864e40000 	C:\Program Files\Java\mandrel-java21-23.1.4.0-Final\bin\verify.dll
0x00007ff864d40000 - 0x00007ff864d4a000 	C:\Program Files\Java\mandrel-java21-23.1.4.0-Final\bin\management.dll
0x00007ff864780000 - 0x00007ff86478b000 	C:\Program Files\Java\mandrel-java21-23.1.4.0-Final\bin\management_ext.dll
0x00007ff87e0e0000 - 0x00007ff87e0e8000 	C:\Windows\System32\PSAPI.DLL
0x00007ff863a80000 - 0x00007ff863a8a000 	C:\Users\perso\.gradle\native\jansi\1.18\windows64\jansi.dll

dbghelp: loaded successfully - version: 4.0.5 - missing functions: none
symbol engine: initialized successfully - sym options: 0x614 - pdb path: .;C:\Program Files\Java\mandrel-java21-23.1.4.0-Final\bin;C:\Windows\SYSTEM32;C:\Windows\WinSxS\amd64_microsoft.windows.common-controls_6595b64144ccf1df_6.0.22621.3672_none_2713b9d173822955;C:\Program Files\Java\mandrel-java21-23.1.4.0-Final\bin\server;C:\Users\perso\.gradle\native\jansi\1.18\windows64

VM Arguments:
jvm_args: -javaagent:C:\Users\perso\.gradle\caches\modules-2\files-2.1\io.quarkus\quarkus-class-change-agent\3.15.1\66e2d3905778c0c60403702918c0a5b6e6e9fcd3\quarkus-class-change-agent-3.15.1.jar -Dquarkus-internal.serialized-app-model.path=E:\Repositories\Personal\Learning\quarkus-examples\getting-started-gradle\build\tmp\quarkusDev\quarkus-app-model.dat -Dquarkus-internal-test.serialized-app-model.path=E:\Repositories\Personal\Learning\quarkus-examples\getting-started-gradle\build\tmp\quarkusDev\quarkus-app-test-model.dat -XX:TieredStopAtLevel=1 -agentlib:jdwp=transport=dt_socket,address=localhost:5005,server=y,suspend=n -Djava.util.logging.manager=org.jboss.logmanager.LogManager 
java_command: E:\Repositories\Personal\Learning\quarkus-examples\getting-started-gradle\build\getting-started-gradle-dev.jar
java_class_path (initial): E:\Repositories\Personal\Learning\quarkus-examples\getting-started-gradle\build\getting-started-gradle-dev.jar
Launcher Type: SUN_STANDARD

[Global flags]
     intx CICompilerCount                          = 4                                         {product} {ergonomic}
     uint ConcGCThreads                            = 3                                         {product} {ergonomic}
     uint G1ConcRefinementThreads                  = 10                                        {product} {ergonomic}
   size_t G1HeapRegionSize                         = 8388608                                   {product} {ergonomic}
    uintx GCDrainStackTargetSize                   = 64                                        {product} {ergonomic}
   size_t InitialHeapSize                          = 1073741824                                {product} {ergonomic}
   size_t MarkStackSize                            = 4194304                                   {product} {ergonomic}
   size_t MaxHeapSize                              = 17146314752                               {product} {ergonomic}
   size_t MaxNewSize                               = 10284433408                               {product} {ergonomic}
   size_t MinHeapDeltaBytes                        = 8388608                                   {product} {ergonomic}
   size_t MinHeapSize                              = 8388608                                   {product} {ergonomic}
    uintx NonNMethodCodeHeapSize                   = 4096                                   {pd product} {ergonomic}
    uintx NonProfiledCodeHeapSize                  = 0                                      {pd product} {ergonomic}
     bool ProfileInterpreter                       = false                                  {pd product} {command line}
    uintx ProfiledCodeHeapSize                     = 0                                      {pd product} {ergonomic}
   size_t SoftMaxHeapSize                          = 17146314752                            {manageable} {ergonomic}
     intx TieredStopAtLevel                        = 1                                         {product} {command line}
     bool UseCompressedOops                        = true                           {product lp64_product} {ergonomic}
     bool UseG1GC                                  = true                                      {product} {ergonomic}
     bool UseLargePagesIndividualAllocation        = false                                  {pd product} {ergonomic}

Logging:
Log output configuration:
 #0: stdout all=warning uptime,level,tags foldmultilines=false
 #1: stderr all=off uptime,level,tags foldmultilines=false

Environment Variables:
JAVA_HOME=C:\Program Files\Java\mandrel-java21-23.1.4.0-Final
CLASSPATH="C:\ProgramData\chocolatey\lib\quarkus\quarkus-cli-3.15.1"\etc;"C:\ProgramData\chocolatey\lib\quarkus\quarkus-cli-3.15.1\lib"\quarkus-cli-3.15.1-runner.jar
PATH=C:\Program Files\Java\mandrel-java21-23.1.4.0-Final\bin;C:\Program Files\Maven\apache-maven-3.9.9\bin;%MYSQL_HOME\bin%;C:\ProgramData\Oracle\Java\javapath;C:\Program Files (x86)\Common Files\Oracle\Java\java8path;C:\Program Files (x86)\Common Files\Oracle\Java\javapath;C:\Windows\system32;C:\Windows;C:\Windows\System32\Wbem;C:\Windows\System32\WindowsPowerShell\v1.0\;C:\Windows\System32\OpenSSH\;C:\Program Files\NVIDIA Corporation\NVIDIA app\NvDLISR;C:\Program Files (x86)\NVIDIA Corporation\PhysX\Common;C:\Program Files\Docker\Docker\resources\bin;G:\Developement\Tools\Git\cmd;C:\Users;C:\Program Files\dotnet\;C:\Program Files\Microsoft SQL Server\150\Tools\Binn\;C:\Program Files\Microsoft SQL Server\Client SDK\ODBC\170\Tools\Binn\;C:\Program Files\nodejs\;C:\ProgramData\chocolatey\bin;C:\Users\perso\AppData\Local\Programs\Python\Python311\Scripts\;C:\Users\perso\AppData\Local\Programs\Python\Python311\;C:\Users\perso\AppData\Local\Programs\Python\Python312\Scripts\;C:\Users\perso\AppData\Local\Programs\Python\Python312\;C:\Users\perso\AppData\Local\Microsoft\WindowsApps;G:\Developement\IDE\IntelliJ IDEA 2024.2.0.2\bin;G:\Developement\IDE\JetBrains Rider 2024.2.2\bin;G:\Developement\IDE\WebStorm 2024.2.0.1\bin;C:\Users\perso\.dotnet\tools;C:\Users\perso\AppData\Local\gitkraken\bin;C:\Users\perso\AppData\Roaming\npm;G:\Developement\IDE\IntelliJ IDEA Community Edition 2024.2.3\bin;G:\Developement\IDE\IntelliJ IDEA 2024.2.3\bin
USERNAME=perso
OS=Windows_NT
PROCESSOR_IDENTIFIER=Intel64 Family 6 Model 165 Stepping 3, GenuineIntel
TMP=C:\Users\perso\AppData\Local\Temp
TEMP=C:\Users\perso\AppData\Local\Temp




Periodic native trim disabled

---------------  S Y S T E M  ---------------

OS:
 Windows 11 , 64 bit Build 22621 (10.0.22621.3958)
OS uptime: 3 days 10:50 hours
Hyper-V role detected

CPU: total 12 (initial active 12) (6 cores per cpu, 2 threads per core) family 6 model 165 stepping 3 microcode 0xf0, cx8, cmov, fxsr, ht, mmx, 3dnowpref, sse, sse2, sse3, ssse3, sse4.1, sse4.2, popcnt, lzcnt, tsc, tscinvbit, avx, avx2, aes, erms, clmul, bmi1, bmi2, adx, fma, vzeroupper, clflush, clflushopt, hv, rdtscp, f16c
Processor Information for all 12 processors :
  Max Mhz: 2904, Current Mhz: 2904, Mhz Limit: 2904

Memory: 4k page, system-wide physical 65386M (49669M free)
TotalPageFile size 69482M (AvailPageFile size 48276M)
current process WorkingSet (physical memory assigned to process): 194M, peak: 194M
current process commit charge ("private bytes"): 260M, peak: 1156M

vm_info: OpenJDK 64-Bit Server VM (21.0.4+7-LTS) for windows-amd64 JRE (21.0.4+7-LTS), built on 2024-07-16T00:00:00Z by "admin" with MS VC++ 17.7 (VS2022)

END.
