#
# A fatal error has been detected by the Java Runtime Environment:
#
#  EXCEPTION_ACCESS_VIOLATION (0xc0000005) at pc=0x00007fffdd4f8958, pid=12316, tid=23944
#
# JRE version: OpenJDK Runtime Environment Temurin-21.0.4+7 (21.0.4+7) (build 21.0.4+7-LTS)
# Java VM: OpenJDK 64-Bit Server VM Temurin-21.0.4+7 (21.0.4+7-LTS, mixed mode, emulated-client, sharing, tiered, compressed oops, compressed class ptrs, g1 gc, windows-amd64)
# Problematic frame:
# V  [jvm.dll+0x448958]
#
# No core dump will be written. Minidumps are not enabled by default on client versions of Windows
#
# If you would like to submit a bug report, please visit:
#   https://github.com/adoptium/adoptium-support/issues
#

---------------  S U M M A R Y ------------

Command Line: -javaagent:C:\Users\perso\.gradle\caches\modules-2\files-2.1\io.quarkus\quarkus-class-change-agent\3.15.1\66e2d3905778c0c60403702918c0a5b6e6e9fcd3\quarkus-class-change-agent-3.15.1.jar -Dquarkus-internal.serialized-app-model.path=E:\Repositories\Personal\Learning\quarkus-examples\getting-started-gradle\build\tmp\quarkusDev\quarkus-app-model.dat -Dquarkus-internal-test.serialized-app-model.path=E:\Repositories\Personal\Learning\quarkus-examples\getting-started-gradle\build\tmp\quarkusDev\quarkus-app-test-model.dat -XX:TieredStopAtLevel=1 -agentlib:jdwp=transport=dt_socket,address=localhost:5005,server=y,suspend=n -Djava.util.logging.manager=org.jboss.logmanager.LogManager E:\Repositories\Personal\Learning\quarkus-examples\getting-started-gradle\build\getting-started-gradle-dev.jar

Host: Intel(R) Core(TM) i5-10400 CPU @ 2.90GHz, 12 cores, 63G,  Windows 11 , 64 bit Build 22621 (10.0.22621.3958)
Time: Mon Oct  7 21:42:18 2024 GTB Daylight Time elapsed time: 1.849735 seconds (0d 0h 0m 1s)

---------------  T H R E A D  ---------------

Current thread (0x000001845b5f4290):  JavaThread "build-43"         [_thread_in_vm, id=23944, stack(0x0000000933300000,0x0000000933400000) (1024K)]

Stack: [0x0000000933300000,0x0000000933400000],  sp=0x00000009333fd660,  free space=1013k
Native frames: (J=compiled Java code, j=interpreted, Vv=VM code, C=native code)
V  [jvm.dll+0x448958]
C  [jansi.dll+0x104e]

Java frames: (J=compiled Java code, j=interpreted, Vv=VM code)
j  org.fusesource.jansi.internal.CLibrary.init()V+0
j  org.fusesource.jansi.internal.CLibrary.<clinit>()V+12
v  ~StubRoutines::call_stub 0x0000018478da100d
j  org.fusesource.jansi.AnsiConsole.ansiStream(Z)Lorg/fusesource/jansi/AnsiPrintStream;+62
j  org.fusesource.jansi.AnsiConsole.initStreams()V+7
j  org.fusesource.jansi.AnsiConsole.out()Lorg/fusesource/jansi/AnsiPrintStream;+0
j  org.aesh.readline.terminal.impl.WinSysTerminal.<init>(Ljava/lang/String;ZLorg/aesh/terminal/Terminal$SignalHandler;)V+4
j  org.aesh.readline.terminal.impl.WinSysTerminal.<init>(Ljava/lang/String;Z)V+6
j  org.aesh.readline.terminal.TerminalBuilder.createWindowsTerminal(Ljava/lang/String;)Lorg/aesh/terminal/Terminal;+24
j  org.aesh.readline.terminal.TerminalBuilder.build()Lorg/aesh/terminal/Terminal;+125
j  org.aesh.readline.tty.terminal.TerminalConnection.<init>(Ljava/nio/charset/Charset;Ljava/nio/charset/Charset;Ljava/io/InputStream;Ljava/io/OutputStream;Ljava/util/function/Consumer;)V+85
j  org.aesh.readline.tty.terminal.TerminalConnection.<init>(Ljava/util/function/Consumer;)V+14
j  io.quarkus.deployment.console.ConsoleHelper.installConsole(Lio/quarkus/deployment/dev/testing/TestConfig;Lio/quarkus/deployment/console/ConsoleConfig;Lio/quarkus/runtime/console/ConsoleRuntimeConfig;Lio/quarkus/runtime/logging/ConsoleConfig;Z)V+95
j  io.quarkus.deployment.console.ConsoleProcessor.setupConsole(Lio/quarkus/deployment/dev/testing/TestConfig;Lio/quarkus/deployment/annotations/BuildProducer;Lio/quarkus/deployment/builditem/LaunchModeBuildItem;Lio/quarkus/deployment/console/ConsoleConfig;)Lio/quarkus/deployment/console/ConsoleInstalledBuildItem;+101
j  java.lang.invoke.LambdaForm$DMH+0x00000184151a8c00.invokeVirtual(Ljava/lang/Object;Ljava/lang/Object;Ljava/lang/Object;Ljava/lang/Object;Ljava/lang/Object;Ljava/lang/Object;)Ljava/lang/Object;+18 java.base@21.0.4
j  java.lang.invoke.LambdaForm$MH+0x0000018415242000.invoke(Ljava/lang/Object;Ljava/lang/Object;Ljava/lang/Object;Ljava/lang/Object;Ljava/lang/Object;)Ljava/lang/Object;+101 java.base@21.0.4
j  java.lang.invoke.LambdaForm$MH+0x0000018415236c00.invoke(Ljava/lang/Object;Ljava/lang/Object;Ljava/lang/Object;)Ljava/lang/Object;+66 java.base@21.0.4
J 3164 c1 java.lang.invoke.Invokers$Holder.invokeExact_MT(Ljava/lang/Object;Ljava/lang/Object;Ljava/lang/Object;Ljava/lang/Object;)Ljava/lang/Object; java.base@21.0.4 (24 bytes) @ 0x00000184795c25cc [0x00000184795c24e0+0x00000000000000ec]
j  java.lang.invoke.MethodHandle.invokeWithArguments([Ljava/lang/Object;)Ljava/lang/Object;+28 java.base@21.0.4
j  io.quarkus.deployment.ExtensionLoader$3.execute(Lio/quarkus/builder/BuildContext;)V+268
j  io.quarkus.builder.BuildContext.run()V+71
j  io.quarkus.builder.BuildContext$$Lambda+0x0000018415209a10.run()V+4
j  org.jboss.threads.ContextHandler$1.runWith(Ljava/lang/Runnable;Ljava/lang/Object;)V+1
j  org.jboss.threads.EnhancedQueueExecutor$Task.doRunWith(Ljava/lang/Runnable;Ljava/lang/Object;)V+9
j  org.jboss.threads.EnhancedQueueExecutor$Task.run()V+61
j  org.jboss.threads.EnhancedQueueExecutor$ThreadBody.run()V+177
j  java.lang.Thread.runWith(Ljava/lang/Object;Ljava/lang/Runnable;)V+5 java.base@21.0.4
j  java.lang.Thread.run()V+19 java.base@21.0.4
j  org.jboss.threads.JBossThread.run()V+12
v  ~StubRoutines::call_stub 0x0000018478da100d

siginfo: EXCEPTION_ACCESS_VIOLATION (0xc0000005), reading address 0x0000000000000000


Registers:
RAX=0x0000000000000000, RBX=0x000001845b5f4290, RCX=0xa25f06734df30000, RDX=0x00000009333fd780
RSP=0x00000009333fd660, RBP=0x0000000000000000, RSI=0x0000000000000000, RDI=0x0000000000000000
R8 =0x0000000000000000, R9 =0x000001845b584320, R10=0x0000000000000034, R11=0x00000009333fd658
R12=0x0000000000000000, R13=0x00000184571074f8, R14=0x00000009333fd788, R15=0x000001845b5f4290
RIP=0x00007fffdd4f8958, EFLAGS=0x0000000000010246


Register to memory mapping:

RAX=0x0 is null
RBX=0x000001845b5f4290 is a thread
RCX=0xa25f06734df30000 is an unknown value
RDX=0x00000009333fd780 is pointing into the stack for thread: 0x000001845b5f4290
RSP=0x00000009333fd660 is pointing into the stack for thread: 0x000001845b5f4290
RBP=0x0 is null
RSI=0x0 is null
RDI=0x0 is null
R8 =0x0 is null
R9 =0x000001845b584320 points into unknown readable memory: 0x654d6176614a7402 | 02 74 4a 61 76 61 4d 65
R10=0x0000000000000034 is an unknown value
R11=0x00000009333fd658 is pointing into the stack for thread: 0x000001845b5f4290
R12=0x0 is null
R13={method} {0x0000018457107500} 'init' '()V' in 'org/fusesource/jansi/internal/CLibrary'
R14=0x00000009333fd788 is pointing into the stack for thread: 0x000001845b5f4290
R15=0x000001845b5f4290 is a thread

Top of Stack: (sp=0x00000009333fd660)
0x00000009333fd660:   000001845b5f4290 00000009333fdbd8
0x00000009333fd670:   00000009333fdbd8 000001845b5f4290
0x00000009333fd680:   00000009333fd770 00007fffdd486365
0x00000009333fd690:   00000009333fd6b0 000001845b5f4290
0x00000009333fd6a0:   000001845b5f4290 000001845abce218
0x00000009333fd6b0:   00000000000007c5 00007fffddae93d0
0x00000009333fd6c0:   00000009333fd780 00007ff863a8104e
0x00000009333fd6d0:   00000184485029f4 00007fffddcd47b0
0x00000009333fd6e0:   00000009333fd770 000001845b5f4648
0x00000009333fd6f0:   00000009333fdbd8 0000018478db01dd
0x00000009333fd700:   00000184571074f8 00000009333fdbd0
0x00000009333fd710:   0000000000000000 0000000000000001
0x00000009333fd720:   0000018478dafae6 00000009333fd728
0x00000009333fd730:   00000184571074f8 0000000000000003
0x00000009333fd740:   000001845710c070 0000000000000000
0x00000009333fd750:   00000004419c12d8 00000184571074f8
0x00000009333fd760:   0000000000000000 00000009333fd790
0x00000009333fd770:   00000009333fd7d8 0000018478da9086
0x00000009333fd780:   00000004419c12d8 0000018478dac377
0x00000009333fd790:   00000009333fd790 0000018457107a04
0x00000009333fd7a0:   0000000000000001 000001845710c070
0x00000009333fd7b0:   0000000000000000 00000004419c12d8
0x00000009333fd7c0:   0000018457107a20 00000009333fd790
0x00000009333fd7d0:   00000009333fd7e8 00000009333fd9c0
0x00000009333fd7e0:   0000018478da100d 000001845b8c1580
0x00000009333fd7f0:   0000000000000017 0000000000000017
0x00000009333fd800:   00000009333fd8c0 00007ff87ced1966
0x00000009333fd810:   0000000000000000 0000000000000028
0x00000009333fd820:   0000000000000029 00007fffdd760000
0x00000009333fd830:   0000000000000017 00007fffdd76e0f1
0x00000009333fd840:   0000000000000028 00007fffdd6578a1
0x00000009333fd850:   0000000000000000 00007fffdd76e04d 

Instructions: (pc=0x00007fffdd4f8958)
0x00007fffdd4f8858:   49 8b 6b 20 49 8b 73 28 c7 83 4c 04 00 00 04 00
0x00007fffdd4f8868:   00 00 49 8b 5b 18 49 8b e3 5f c3 cc cc cc cc cc
0x00007fffdd4f8878:   cc cc cc cc cc cc cc cc 48 89 5c 24 10 48 89 6c
0x00007fffdd4f8888:   24 18 48 89 74 24 20 57 48 83 ec 60 8b 81 b8 00
0x00007fffdd4f8898:   00 00 48 8d 99 48 fc ff ff 05 53 21 ff ff 41 8b
0x00007fffdd4f88a8:   e9 49 8b f0 83 f8 01 77 08 48 8b cb e8 f7 2f fa
0x00007fffdd4f88b8:   ff 80 3d 46 61 84 00 00 c7 83 4c 04 00 00 06 00
0x00007fffdd4f88c8:   00 00 75 06 e8 1f 44 27 00 90 48 8b 83 50 04 00
0x00007fffdd4f88d8:   00 a8 01 74 0d 45 33 c0 b2 01 48 8b cb e8 a6 4c
0x00007fffdd4f88e8:   2e 00 8b 83 48 04 00 00 a8 0c 74 08 48 8b cb e8
0x00007fffdd4f88f8:   64 44 fa ff 33 ff c7 83 4c 04 00 00 06 00 00 00
0x00007fffdd4f8908:   48 89 5c 24 40 48 89 7c 24 48 48 39 7b 08 74 0a
0x00007fffdd4f8918:   48 8d 4c 24 40 e8 5e 03 2b 00 40 38 3d 84 c0 84
0x00007fffdd4f8928:   00 74 2d 4c 8b 0e 48 8d 44 24 70 48 89 44 24 38
0x00007fffdd4f8938:   45 33 c0 c6 44 24 30 49 33 d2 c6 44 24 28 01 48
0x00007fffdd4f8948:   8b cb 48 89 74 24 20 89 6c 24 70 e8 28 e9 13 00
0x00007fffdd4f8958:   48 8b 06 48 8b 48 70 48 85 c9 74 09 ff 15 b6 06
0x00007fffdd4f8968:   7d 00 48 8b f8 48 63 4e 10 89 2c 39 48 83 7c 24
0x00007fffdd4f8978:   48 00 74 0a 48 8d 4c 24 40 e8 7a 03 2b 00 48 8b
0x00007fffdd4f8988:   bb 98 01 00 00 48 8b 47 10 48 83 38 00 74 08 48
0x00007fffdd4f8998:   8b cf e8 b1 52 f5 ff 48 8b 4f 08 48 8b 47 10 48
0x00007fffdd4f89a8:   89 41 10 48 8b 4f 08 48 8b 47 18 48 89 41 18 48
0x00007fffdd4f89b8:   8b 4f 08 48 8b 47 20 48 89 41 20 48 8d 8b 98 03
0x00007fffdd4f89c8:   00 00 e8 81 c1 ec ff 4c 8d 5c 24 60 90 49 8b 6b
0x00007fffdd4f89d8:   20 49 8b 73 28 c7 83 4c 04 00 00 04 00 00 00 49
0x00007fffdd4f89e8:   8b 5b 18 49 8b e3 5f c3 48 89 5c 24 10 48 89 6c
0x00007fffdd4f89f8:   24 18 48 89 74 24 20 57 48 83 ec 60 8b 81 b8 00
0x00007fffdd4f8a08:   00 00 48 8d 99 48 fc ff ff 05 53 21 ff ff 49 8b
0x00007fffdd4f8a18:   e9 49 8b f0 83 f8 01 77 08 48 8b cb e8 87 2e fa
0x00007fffdd4f8a28:   ff 80 3d d6 5f 84 00 00 c7 83 4c 04 00 00 06 00
0x00007fffdd4f8a38:   00 00 75 06 e8 af 42 27 00 90 48 8b 83 50 04 00
0x00007fffdd4f8a48:   00 a8 01 74 0d 45 33 c0 b2 01 48 8b cb e8 36 4b 


Stack slot to memory mapping:

stack at sp + 0 slots: 0x000001845b5f4290 is a thread
stack at sp + 1 slots: 0x00000009333fdbd8 is pointing into the stack for thread: 0x000001845b5f4290
stack at sp + 2 slots: 0x00000009333fdbd8 is pointing into the stack for thread: 0x000001845b5f4290
stack at sp + 3 slots: 0x000001845b5f4290 is a thread
stack at sp + 4 slots: 0x00000009333fd770 is pointing into the stack for thread: 0x000001845b5f4290
stack at sp + 5 slots: 0x00007fffdd486365 jvm.dll
stack at sp + 6 slots: 0x00000009333fd6b0 is pointing into the stack for thread: 0x000001845b5f4290
stack at sp + 7 slots: 0x000001845b5f4290 is a thread


Compiled method (c1)    1863 3164       1       java.lang.invoke.Invokers$Holder::invokeExact_MT (24 bytes)
 total in heap  [0x00000184795c2310,0x00000184795c2890] = 1408
 relocation     [0x00000184795c2468,0x00000184795c24d8] = 112
 main code      [0x00000184795c24e0,0x00000184795c2680] = 416
 stub code      [0x00000184795c2680,0x00000184795c26f0] = 112
 metadata       [0x00000184795c26f0,0x00000184795c2720] = 48
 scopes data    [0x00000184795c2720,0x00000184795c27b0] = 144
 scopes pcs     [0x00000184795c27b0,0x00000184795c2860] = 176
 dependencies   [0x00000184795c2860,0x00000184795c2870] = 16
 nul chk table  [0x00000184795c2870,0x00000184795c2890] = 32

[Constant Pool (empty)]

[MachCode]
[Verified Entry Point]
  # {method} {0x00000184140b0a40} 'invokeExact_MT' '(Ljava/lang/Object;Ljava/lang/Object;Ljava/lang/Object;Ljava/lang/Object;)Ljava/lang/Object;' in 'java/lang/invoke/Invokers$Holder'
  # parm0:    rdx:rdx   = 'java/lang/Object'
  # parm1:    r8:r8     = 'java/lang/Object'
  # parm2:    r9:r9     = 'java/lang/Object'
  # parm3:    rdi:rdi   = 'java/lang/Object'
  #           [sp+0x90]  (sp of caller)
  0x00000184795c24e0: 8984 2400 | 80ff ff55 | 4881 ec80 | 0000 0090 | 4181 7f20 | 0300 0000 

  0x00000184795c24f8: ;   {runtime_call StubRoutines (final stubs)}
  0x00000184795c24f8: 7405 e861 | 2881 ff4c | 8944 2448 | 4c89 4c24 | 5048 897c | 2460 4885 | d20f 8429 

  0x00000184795c2514: ;   {metadata('java/lang/invoke/MethodHandle')}
  0x00000184795c2514: 0000 0048 | b9b0 0906 | 1484 0100 | 008b 4208 | 49ba 0000 | 0014 8401 | 0000 4903 | c248 3b48 
  0x00000184795c2534: 380f 85e4 | 0000 00e9 | 0000 0000 | 488b f248 | 8974 2458 | 4885 ff0f | 8428 0000 

  0x00000184795c2550: ;   {metadata('java/lang/invoke/MethodType')}
  0x00000184795c2550: 0048 b9d8 | fb05 1484 | 0100 008b | 5708 49ba | 0000 0014 | 8401 0000 | 4903 d248 | 3bca 0f85 
  0x00000184795c2570: b400 0000 | e900 0000 | 0048 8bdf 

  0x00000184795c257c: ; implicit exception: dispatches to 0x00000184795c2631
  0x00000184795c257c: 8b46 1048 | c1e0 0348 | 3bc3 0f85 | 5e00 0000 | 8b56 1448 | c1e2 038b | 521c 48c1 | e203 4885 
  0x00000184795c259c: d20f 8511 | 0000 0048 

  0x00000184795c25a4: ;   {static_call}
  0x00000184795c25a4: 8bd6 90e8 

  0x00000184795c25a8: ; ImmutableOopMap {[72]=Oop [80]=Oop [88]=Oop [96]=Oop }
                      ;*invokestatic maybeCustomize {reexecute=0 rethrow=0 return_oop=0}
                      ; - java.lang.invoke.Invokers::checkCustomized@19 (line 627)
                      ; - java.lang.invoke.Invokers$Holder::invokeExact_MT@14
  0x00000184795c25a8: f4e6 c0ff 

  0x00000184795c25ac: ;   {other}
  0x00000184795c25ac: 0f1f 8400 | 9c02 0000 | 4c8b 4424 | 484c 8b4c | 2450 488b | 5424 580f 

  0x00000184795c25c4: ;   {optimized virtual_call}
  0x00000184795c25c4: 1f40 00e8 

  0x00000184795c25c8: ; ImmutableOopMap {[72]=Oop [80]=Oop [88]=Oop [96]=Oop }
                      ;*invokevirtual invokeBasic {reexecute=0 rethrow=0 return_oop=0}
                      ; - java.lang.invoke.Invokers$Holder::invokeExact_MT@20
  0x00000184795c25c8: 3420 a0ff 

  0x00000184795c25cc: ;   {other}
  0x00000184795c25cc: 0f1f 8400 | bc02 0001 | 4881 c480 | 0000 005d 

  0x00000184795c25dc: ;   {poll_return}
  0x00000184795c25dc: 493b a750 | 0400 000f | 8752 0000 | 00c3 488b | d04c 8bc3 | 4889 5c24 | 7048 8944 | 2468 0f1f 
  0x00000184795c25fc: ;   {static_call}
  0x00000184795c25fc: 4400 00e8 

  0x00000184795c2600: ; ImmutableOopMap {[72]=Oop [80]=Oop [88]=Oop [96]=Oop [104]=Oop [112]=Oop }
                      ;*invokestatic newWrongMethodTypeException {reexecute=0 rethrow=0 return_oop=0}
                      ; - java.lang.invoke.Invokers::checkExactType@12 (line 531)
                      ; - java.lang.invoke.Invokers$Holder::invokeExact_MT@10
  0x00000184795c2600: 7cca 82ff 

  0x00000184795c2604: ;   {other}
  0x00000184795c2604: 0f1f 8400 | f402 0002 

  0x00000184795c260c: ; implicit exception: dispatches to 0x00000184795c2651
                      ; ImmutableOopMap {rax=Oop [72]=Oop [80]=Oop [88]=Oop [96]=Oop [104]=Oop [112]=Oop }
                      ;*athrow {reexecute=1 rethrow=0 return_oop=0}
                      ; - (reexecute) java.lang.invoke.Invokers::checkExactType@15 (line 531)
                      ; - java.lang.invoke.Invokers$Holder::invokeExact_MT@10
                      ;   {section_word}
  0x00000184795c260c: 483b 0048 | ba0f 265c | 7984 0100 

  0x00000184795c2618: ;   {runtime_call handle_exception_nofpu Runtime1 stub}
  0x00000184795c2618: 00e8 6237 | 8fff 9048 

  0x00000184795c2620: ;   {runtime_call throw_class_cast_exception Runtime1 stub}
  0x00000184795c2620: 8914 24e8 

  0x00000184795c2624: ; ImmutableOopMap {rdx=Oop r8=Oop r9=Oop rdi=Oop [72]=Oop [80]=Oop [96]=Oop }
                      ;*checkcast {reexecute=0 rethrow=0 return_oop=0}
                      ; - java.lang.invoke.Invokers$Holder::invokeExact_MT@1
  0x00000184795c2624: 5843 8fff | 4889 3c24 

  0x00000184795c262c: ;   {runtime_call throw_class_cast_exception Runtime1 stub}
  0x00000184795c262c: e84f 438f 

  0x00000184795c2630: ; ImmutableOopMap {r8=Oop r9=Oop rdi=Oop rsi=Oop [72]=Oop [80]=Oop [88]=Oop [96]=Oop }
                      ;*checkcast {reexecute=0 rethrow=0 return_oop=0}
                      ; - java.lang.invoke.Invokers$Holder::invokeExact_MT@7
                      ;   {runtime_call throw_null_pointer_exception Runtime1 stub}
  0x00000184795c2630: ffe8 4a16 

  0x00000184795c2634: ; ImmutableOopMap {r8=Oop r9=Oop rdi=Oop rsi=Oop rbx=Oop [72]=Oop [80]=Oop [88]=Oop [96]=Oop }
                      ;*invokevirtual type {reexecute=0 rethrow=0 return_oop=0}
                      ; - java.lang.invoke.Invokers::checkExactType@1 (line 529)
                      ; - java.lang.invoke.Invokers$Holder::invokeExact_MT@10
                      ;   {runtime_call throw_null_pointer_exception Runtime1 stub}
  0x00000184795c2634: 8fff e845 

  0x00000184795c2638: ; ImmutableOopMap {r8=Oop r9=Oop rdi=Oop rsi=Oop [72]=Oop [80]=Oop [88]=Oop [96]=Oop }
                      ;*getfield customized {reexecute=1 rethrow=0 return_oop=0}
                      ; - (reexecute) java.lang.invoke.Invokers::checkCustomized@12 (line 626)
                      ; - java.lang.invoke.Invokers$Holder::invokeExact_MT@14
                      ;   {internal_word}
  0x00000184795c2638: 168f ff49 | badc 255c | 7984 0100 | 004d 8997 | 6804 0000 

  0x00000184795c264c: ;   {runtime_call SafepointBlob}
  0x00000184795c264c: e9af 3083 

  0x00000184795c2650: ;   {runtime_call throw_null_pointer_exception Runtime1 stub}
  0x00000184795c2650: ffe8 2a16 

  0x00000184795c2654: ; ImmutableOopMap {rax=Oop [72]=Oop [80]=Oop [88]=Oop [96]=Oop [104]=Oop [112]=Oop }
                      ;*athrow {reexecute=1 rethrow=0 return_oop=0}
                      ; - (reexecute) java.lang.invoke.Invokers::checkExactType@15 (line 531)
                      ; - java.lang.invoke.Invokers$Holder::invokeExact_MT@10
  0x00000184795c2654: 8fff 498b | 8700 0500 | 0049 c787 | 0005 0000 | 0000 0000 | 49c7 8708 | 0500 0000 | 0000 0048 
  0x00000184795c2674: 81c4 8000 

  0x00000184795c2678: ;   {runtime_call unwind_exception Runtime1 stub}
  0x00000184795c2678: 0000 5de9 | 80f8 8eff 
[Stub Code]
  0x00000184795c2680: ;   {no_reloc}
  0x00000184795c2680: 48bb 0000 | 0000 0000 

  0x00000184795c2688: ;   {runtime_call}
  0x00000184795c2688: 0000 e9fb 

  0x00000184795c268c: ;   {static_stub}
  0x00000184795c268c: ffff ff48 | bb00 0000 | 0000 0000 

  0x00000184795c2698: ;   {runtime_call}
  0x00000184795c2698: 00e9 fbff 

  0x00000184795c269c: ;   {static_stub}
  0x00000184795c269c: ffff 48bb | 0000 0000 | 0000 0000 

  0x00000184795c26a8: ;   {runtime_call}
  0x00000184795c26a8: e9fb ffff 

  0x00000184795c26ac: ;   {runtime_call handle_exception_from_callee Runtime1 stub}
  0x00000184795c26ac: ffe8 ce3c 

  0x00000184795c26b0: ;   {external_word}
  0x00000184795c26b0: 8fff 48b9 | 7020 aadd | ff7f 0000 | 4883 e4f0 

  0x00000184795c26c0: ;   {runtime_call}
  0x00000184795c26c0: 48b8 002a | 6ddd ff7f | 0000 ffd0 

  0x00000184795c26cc: ;   {section_word}
  0x00000184795c26cc: f449 bacd | 265c 7984 | 0100 0041 

  0x00000184795c26d8: ;   {runtime_call DeoptimizationBlob}
  0x00000184795c26d8: 52e9 c222 

  0x00000184795c26dc: ;   {section_word}
  0x00000184795c26dc: 83ff 49ba | de26 5c79 | 8401 0000 

  0x00000184795c26e8: ;   {runtime_call DeoptimizationBlob}
  0x00000184795c26e8: 4152 e9b1 | 2283 fff4 
[/MachCode]


---------------  P R O C E S S  ---------------

Threads class SMR info:
_java_thread_list=0x000001845b526040, length=78, elements={
0x000001846e485890, 0x000001847e325930, 0x000001847e3275a0, 0x000001847e32e6f0,
0x000001847e3318c0, 0x000001847e332680, 0x000001847e333820, 0x000001847e3398c0,
0x0000018455166f30, 0x000001845516fd70, 0x00000184555bab30, 0x00000184553fe890,
0x00000184555c2ba0, 0x000001845570cc30, 0x000001845579d0c0, 0x000001845579d770,
0x00000184557f2970, 0x000001845a63c0e0, 0x000001845a6d02f0, 0x000001845a6bef80,
0x000001845a6bf9f0, 0x000001845a6dbbe0, 0x000001845ac82120, 0x000001845ac81a90,
0x000001845ac827b0, 0x000001845ac83b60, 0x000001845ac84f10, 0x000001845ac841f0,
0x000001845ac84880, 0x000001845ac82e40, 0x000001845b39a090, 0x000001845b398ce0,
0x000001845b399a00, 0x000001845b39adb0, 0x000001845b399370, 0x000001845b39a720,
0x000001845b39bad0, 0x000001845b39b440, 0x000001845b398650, 0x000001845ae624f0,
0x000001845ae63f30, 0x000001845ae62b80, 0x000001845ae645c0, 0x000001845ae65970,
0x000001845ae66000, 0x000001845ae63210, 0x000001845ae5fd90, 0x000001845ae638a0,
0x000001845ae64c50, 0x000001845ae652e0, 0x000001845ae5f070, 0x000001845ae60ab0,
0x000001845ae66690, 0x000001845ae5f700, 0x000001845ae61e60, 0x000001845ae60420,
0x000001845ae61140, 0x000001845ae617d0, 0x000001845b5f7080, 0x000001845b5f69f0,
0x000001845b5f5cd0, 0x000001845b5f7710, 0x000001845b5f4fb0, 0x000001845b5f4290,
0x000001845b5f7da0, 0x000001845b5f5640, 0x000001845b5f2ee0, 0x000001845b5f6360,
0x000001845b5f8430, 0x000001845b5f14a0, 0x000001845b5f8ac0, 0x000001845b5f1b30,
0x000001845b5f21c0, 0x000001845b5f3570, 0x000001845b5f2850, 0x000001845b5f4920,
0x000001845b5f3c00, 0x000001845b6f8650
}
_to_delete_list=0x000001845b5f9690, length=65, elements={
0x000001846e485890, 0x000001847e325930, 0x000001847e3275a0, 0x000001847e32e6f0,
0x000001847e3318c0, 0x000001847e332680, 0x000001847e333820, 0x000001847e3398c0,
0x0000018455166f30, 0x000001845516fd70, 0x00000184555bab30, 0x00000184553fe890,
0x00000184555c2ba0, 0x000001845570cc30, 0x000001845579d0c0, 0x000001845579d770,
0x00000184557f2970, 0x000001845a63c0e0, 0x000001845a6d02f0, 0x000001845a6bef80,
0x000001845a6bf9f0, 0x000001845a6dbbe0, 0x000001845ac82120, 0x000001845ac81a90,
0x000001845ac827b0, 0x000001845ac83b60, 0x000001845ac84f10, 0x000001845ac841f0,
0x000001845ac84880, 0x000001845ac82e40, 0x000001845b39a090, 0x000001845b398ce0,
0x000001845b399a00, 0x000001845b39adb0, 0x000001845b399370, 0x000001845b39a720,
0x000001845b39bad0, 0x000001845b39b440, 0x000001845b398650, 0x000001845ae624f0,
0x000001845ae63f30, 0x000001845ae62b80, 0x000001845ae645c0, 0x000001845ae65970,
0x000001845ae66000, 0x000001845ae63210, 0x000001845ae5fd90, 0x000001845ae638a0,
0x000001845ae64c50, 0x000001845ae652e0, 0x000001845ae5f070, 0x000001845ae60ab0,
0x000001845ae66690, 0x000001845ae5f700, 0x000001845ae61e60, 0x000001845ae60420,
0x000001845ae61140, 0x000001845ae617d0, 0x000001845b5f7080, 0x000001845b5f69f0,
0x000001845b5f5cd0, 0x000001845b5f7710, 0x000001845b5f4fb0, 0x000001845b5f4290,
0x000001845b5f7da0
}

Java Threads: ( => current thread )
  0x000001846e485890 JavaThread "main"                              [_thread_blocked, id=31728, stack(0x000000092e200000,0x000000092e300000) (1024K)]
  0x000001847e325930 JavaThread "Reference Handler"          daemon [_thread_blocked, id=32464, stack(0x000000092ea00000,0x000000092eb00000) (1024K)]
  0x000001847e3275a0 JavaThread "Finalizer"                  daemon [_thread_blocked, id=30008, stack(0x000000092eb00000,0x000000092ec00000) (1024K)]
  0x000001847e32e6f0 JavaThread "Signal Dispatcher"          daemon [_thread_blocked, id=26148, stack(0x000000092ec00000,0x000000092ed00000) (1024K)]
  0x000001847e3318c0 JavaThread "Attach Listener"            daemon [_thread_blocked, id=27688, stack(0x000000092ed00000,0x000000092ee00000) (1024K)]
  0x000001847e332680 JavaThread "Service Thread"             daemon [_thread_blocked, id=18172, stack(0x000000092ee00000,0x000000092ef00000) (1024K)]
  0x000001847e333820 JavaThread "Monitor Deflation Thread"   daemon [_thread_blocked, id=23276, stack(0x000000092ef00000,0x000000092f000000) (1024K)]
  0x000001847e3398c0 JavaThread "C1 CompilerThread0"         daemon [_thread_blocked, id=10328, stack(0x000000092f000000,0x000000092f100000) (1024K)]
  0x0000018455166f30 JavaThread "Common-Cleaner"             daemon [_thread_blocked, id=20744, stack(0x000000092f100000,0x000000092f200000) (1024K)]
  0x000001845516fd70 JavaThread "C1 CompilerThread1"         daemon [_thread_blocked, id=35948, stack(0x000000092f200000,0x000000092f300000) (1024K)]
  0x00000184555bab30 JavaThread "JDWP Transport Listener: dt_socket" daemon [_thread_in_native, id=11272, stack(0x000000092f300000,0x000000092f400000) (1024K)]
  0x00000184553fe890 JavaThread "JDWP Event Helper Thread"   daemon [_thread_blocked, id=2404, stack(0x000000092f400000,0x000000092f500000) (1024K)]
  0x00000184555c2ba0 JavaThread "Notification Thread"        daemon [_thread_blocked, id=29964, stack(0x000000092f500000,0x000000092f600000) (1024K)]
  0x000001845570cc30 JavaThread "Reference Reaper #1"        daemon [_thread_blocked, id=25492, stack(0x000000092f600000,0x000000092f700000) (1024K)]
  0x000001845579d0c0 JavaThread "C1 CompilerThread2"         daemon [_thread_blocked, id=8564, stack(0x000000092f700000,0x000000092f800000) (1024K)]
  0x000001845579d770 JavaThread "C1 CompilerThread3"         daemon [_thread_in_vm, id=5744, stack(0x000000092f800000,0x000000092f900000) (1024K)]
  0x00000184557f2970 JavaThread "Quarkus Devmode keep alive thread"        [_thread_blocked, id=34244, stack(0x0000000930200000,0x0000000930300000) (1024K)]
  0x000001845a63c0e0 JavaThread "ForkJoinPool.commonPool-worker-1" daemon [_thread_blocked, id=7636, stack(0x0000000930300000,0x0000000930400000) (1024K)]
  0x000001845a6d02f0 JavaThread "ForkJoinPool.commonPool-worker-2" daemon [_thread_blocked, id=35436, stack(0x0000000930400000,0x0000000930500000) (1024K)]
  0x000001845a6bef80 JavaThread "ForkJoinPool.commonPool-worker-3" daemon [_thread_blocked, id=11792, stack(0x0000000930500000,0x0000000930600000) (1024K)]
  0x000001845a6bf9f0 JavaThread "ForkJoinPool.commonPool-worker-4" daemon [_thread_blocked, id=12160, stack(0x0000000930600000,0x0000000930700000) (1024K)]
  0x000001845a6dbbe0 JavaThread "ForkJoinPool.commonPool-worker-5" daemon [_thread_blocked, id=18496, stack(0x0000000930700000,0x0000000930800000) (1024K)]
  0x000001845ac82120 JavaThread "build-2"                           [_thread_blocked, id=27256, stack(0x0000000930a00000,0x0000000930b00000) (1024K)]
  0x000001845ac81a90 JavaThread "build-3"                           [_thread_blocked, id=11360, stack(0x0000000930b00000,0x0000000930c00000) (1024K)]
  0x000001845ac827b0 JavaThread "build-4"                           [_thread_blocked, id=13828, stack(0x0000000930c00000,0x0000000930d00000) (1024K)]
  0x000001845ac83b60 JavaThread "build-5"                           [_thread_blocked, id=17296, stack(0x0000000930d00000,0x0000000930e00000) (1024K)]
  0x000001845ac84f10 JavaThread "build-6"                           [_thread_blocked, id=38868, stack(0x0000000930e00000,0x0000000930f00000) (1024K)]
  0x000001845ac841f0 JavaThread "build-7"                           [_thread_blocked, id=30112, stack(0x0000000930f00000,0x0000000931000000) (1024K)]
  0x000001845ac84880 JavaThread "build-8"                           [_thread_blocked, id=25328, stack(0x0000000931000000,0x0000000931100000) (1024K)]
  0x000001845ac82e40 JavaThread "build-9"                           [_thread_blocked, id=25248, stack(0x0000000931100000,0x0000000931200000) (1024K)]
  0x000001845b39a090 JavaThread "build-10"                          [_thread_blocked, id=1576, stack(0x0000000931200000,0x0000000931300000) (1024K)]
  0x000001845b398ce0 JavaThread "build-11"                          [_thread_blocked, id=9188, stack(0x0000000931300000,0x0000000931400000) (1024K)]
  0x000001845b399a00 JavaThread "build-12"                          [_thread_blocked, id=8424, stack(0x0000000931400000,0x0000000931500000) (1024K)]
  0x000001845b39adb0 JavaThread "build-13"                          [_thread_blocked, id=10072, stack(0x0000000931500000,0x0000000931600000) (1024K)]
  0x000001845b399370 JavaThread "build-14"                          [_thread_blocked, id=30732, stack(0x0000000931600000,0x0000000931700000) (1024K)]
  0x000001845b39a720 JavaThread "build-15"                          [_thread_blocked, id=29104, stack(0x0000000931700000,0x0000000931800000) (1024K)]
  0x000001845b39bad0 JavaThread "build-16"                          [_thread_blocked, id=13544, stack(0x0000000931800000,0x0000000931900000) (1024K)]
  0x000001845b39b440 JavaThread "build-17"                          [_thread_blocked, id=16756, stack(0x0000000931900000,0x0000000931a00000) (1024K)]
  0x000001845b398650 JavaThread "build-18"                          [_thread_blocked, id=5948, stack(0x0000000931a00000,0x0000000931b00000) (1024K)]
  0x000001845ae624f0 JavaThread "build-19"                          [_thread_blocked, id=32216, stack(0x0000000931b00000,0x0000000931c00000) (1024K)]
  0x000001845ae63f30 JavaThread "build-20"                          [_thread_blocked, id=16516, stack(0x0000000931c00000,0x0000000931d00000) (1024K)]
  0x000001845ae62b80 JavaThread "build-21"                          [_thread_blocked, id=25864, stack(0x0000000931d00000,0x0000000931e00000) (1024K)]
  0x000001845ae645c0 JavaThread "build-22"                          [_thread_blocked, id=17956, stack(0x0000000931e00000,0x0000000931f00000) (1024K)]
  0x000001845ae65970 JavaThread "build-23"                          [_thread_blocked, id=19724, stack(0x0000000931f00000,0x0000000932000000) (1024K)]
  0x000001845ae66000 JavaThread "build-24"                          [_thread_blocked, id=28916, stack(0x0000000932000000,0x0000000932100000) (1024K)]
  0x000001845ae63210 JavaThread "build-25"                          [_thread_blocked, id=8860, stack(0x0000000932100000,0x0000000932200000) (1024K)]
  0x000001845ae5fd90 JavaThread "build-26"                          [_thread_blocked, id=27432, stack(0x0000000932200000,0x0000000932300000) (1024K)]
  0x000001845ae638a0 JavaThread "build-27"                          [_thread_blocked, id=18584, stack(0x0000000932300000,0x0000000932400000) (1024K)]
  0x000001845ae64c50 JavaThread "build-28"                          [_thread_blocked, id=20960, stack(0x0000000932400000,0x0000000932500000) (1024K)]
  0x000001845ae652e0 JavaThread "build-29"                          [_thread_blocked, id=14400, stack(0x0000000932500000,0x0000000932600000) (1024K)]
  0x000001845ae5f070 JavaThread "build-30"                          [_thread_blocked, id=15756, stack(0x0000000932600000,0x0000000932700000) (1024K)]
  0x000001845ae60ab0 JavaThread "build-31"                          [_thread_blocked, id=31008, stack(0x0000000932700000,0x0000000932800000) (1024K)]
  0x000001845ae66690 JavaThread "build-32"                          [_thread_blocked, id=14468, stack(0x0000000932800000,0x0000000932900000) (1024K)]
  0x000001845ae5f700 JavaThread "build-33"                          [_thread_blocked, id=29176, stack(0x0000000932900000,0x0000000932a00000) (1024K)]
  0x000001845ae61e60 JavaThread "build-34"                          [_thread_blocked, id=13892, stack(0x0000000932a00000,0x0000000932b00000) (1024K)]
  0x000001845ae60420 JavaThread "build-35"                          [_thread_blocked, id=16840, stack(0x0000000932b00000,0x0000000932c00000) (1024K)]
  0x000001845ae61140 JavaThread "build-36"                          [_thread_blocked, id=29768, stack(0x0000000932c00000,0x0000000932d00000) (1024K)]
  0x000001845ae617d0 JavaThread "build-37"                          [_thread_blocked, id=19136, stack(0x0000000932d00000,0x0000000932e00000) (1024K)]
  0x000001845b5f7080 JavaThread "build-38"                          [_thread_blocked, id=32016, stack(0x0000000932e00000,0x0000000932f00000) (1024K)]
  0x000001845b5f69f0 JavaThread "build-39"                          [_thread_blocked, id=28032, stack(0x0000000932f00000,0x0000000933000000) (1024K)]
  0x000001845b5f5cd0 JavaThread "build-40"                          [_thread_blocked, id=37820, stack(0x0000000933000000,0x0000000933100000) (1024K)]
  0x000001845b5f7710 JavaThread "build-41"                          [_thread_blocked, id=32732, stack(0x0000000933100000,0x0000000933200000) (1024K)]
  0x000001845b5f4fb0 JavaThread "build-42"                          [_thread_blocked, id=36948, stack(0x0000000933200000,0x0000000933300000) (1024K)]
=>0x000001845b5f4290 JavaThread "build-43"                          [_thread_in_vm, id=23944, stack(0x0000000933300000,0x0000000933400000) (1024K)]
  0x000001845b5f7da0 JavaThread "build-44"                          [_thread_blocked, id=34232, stack(0x0000000933400000,0x0000000933500000) (1024K)]
  0x000001845b5f5640 JavaThread "build-45"                          [_thread_in_Java, id=20452, stack(0x0000000933500000,0x0000000933600000) (1024K)]
  0x000001845b5f2ee0 JavaThread "build-46"                          [_thread_blocked, id=20304, stack(0x0000000933600000,0x0000000933700000) (1024K)]
  0x000001845b5f6360 JavaThread "build-47"                          [_thread_blocked, id=6200, stack(0x0000000933700000,0x0000000933800000) (1024K)]
  0x000001845b5f8430 JavaThread "build-48"                          [_thread_blocked, id=16324, stack(0x0000000933800000,0x0000000933900000) (1024K)]
  0x000001845b5f14a0 JavaThread "build-49"                          [_thread_blocked, id=12696, stack(0x0000000933900000,0x0000000933a00000) (1024K)]
  0x000001845b5f8ac0 JavaThread "build-50"                          [_thread_blocked, id=15596, stack(0x0000000933a00000,0x0000000933b00000) (1024K)]
  0x000001845b5f1b30 JavaThread "build-51"                          [_thread_blocked, id=12436, stack(0x0000000933b00000,0x0000000933c00000) (1024K)]
  0x000001845b5f21c0 JavaThread "build-52"                          [_thread_blocked, id=14236, stack(0x0000000933c00000,0x0000000933d00000) (1024K)]
  0x000001845b5f3570 JavaThread "build-53"                          [_thread_blocked, id=16164, stack(0x0000000933d00000,0x0000000933e00000) (1024K)]
  0x000001845b5f2850 JavaThread "build-54"                          [_thread_blocked, id=29956, stack(0x0000000933e00000,0x0000000933f00000) (1024K)]
  0x000001845b5f4920 JavaThread "build-55"                          [_thread_blocked, id=12328, stack(0x0000000933f00000,0x0000000934000000) (1024K)]
  0x000001845b5f3c00 JavaThread "build-56"                          [_thread_blocked, id=22456, stack(0x0000000934000000,0x0000000934100000) (1024K)]
  0x000001845b6f8650 JavaThread "build-57"                          [_thread_blocked, id=34332, stack(0x0000000934100000,0x0000000934200000) (1024K)]
Total: 78

Other Threads:
  0x000001847e3094d0 VMThread "VM Thread"                           [id=32392, stack(0x000000092e900000,0x000000092ea00000) (1024K)]
  0x0000018455081b00 WatcherThread "VM Periodic Task Thread"        [id=27264, stack(0x000000092e800000,0x000000092e900000) (1024K)]
  0x0000018470776920 WorkerThread "GC Thread#0"                     [id=28388, stack(0x000000092e300000,0x000000092e400000) (1024K)]
  0x0000018455cfd810 WorkerThread "GC Thread#1"                     [id=22156, stack(0x000000092f900000,0x000000092fa00000) (1024K)]
  0x0000018455cfdbb0 WorkerThread "GC Thread#2"                     [id=11424, stack(0x000000092fa00000,0x000000092fb00000) (1024K)]
  0x0000018455cfdf50 WorkerThread "GC Thread#3"                     [id=35364, stack(0x000000092fb00000,0x000000092fc00000) (1024K)]
  0x0000018455cfe2f0 WorkerThread "GC Thread#4"                     [id=29620, stack(0x000000092fc00000,0x000000092fd00000) (1024K)]
  0x0000018455cfe690 WorkerThread "GC Thread#5"                     [id=17520, stack(0x000000092fd00000,0x000000092fe00000) (1024K)]
  0x0000018455cfea30 WorkerThread "GC Thread#6"                     [id=27260, stack(0x000000092fe00000,0x000000092ff00000) (1024K)]
  0x000001845a56c150 WorkerThread "GC Thread#7"                     [id=23896, stack(0x000000092ff00000,0x0000000930000000) (1024K)]
  0x000001845a56c4f0 WorkerThread "GC Thread#8"                     [id=27028, stack(0x0000000930000000,0x0000000930100000) (1024K)]
  0x000001845a56c890 WorkerThread "GC Thread#9"                     [id=13084, stack(0x0000000930100000,0x0000000930200000) (1024K)]
  0x0000018470787940 ConcurrentGCThread "G1 Main Marker"            [id=24356, stack(0x000000092e400000,0x000000092e500000) (1024K)]
  0x0000018470788af0 WorkerThread "G1 Conc#0"                       [id=8952, stack(0x000000092e500000,0x000000092e600000) (1024K)]
  0x000001845a75be60 WorkerThread "G1 Conc#1"                       [id=29036, stack(0x0000000930800000,0x0000000930900000) (1024K)]
  0x000001845a75cce0 WorkerThread "G1 Conc#2"                       [id=8924, stack(0x0000000930900000,0x0000000930a00000) (1024K)]
  0x000001847e22e630 ConcurrentGCThread "G1 Refine#0"               [id=21352, stack(0x000000092e600000,0x000000092e700000) (1024K)]
  0x000001847e22f0b0 ConcurrentGCThread "G1 Service"                [id=38820, stack(0x000000092e700000,0x000000092e800000) (1024K)]
Total: 18

Threads with active compile tasks:
Total: 0

VM state: not at safepoint (normal execution)

VM Mutex/Monitor currently owned by a thread: None

Heap address: 0x0000000402000000, size: 16352 MB, Compressed Oops mode: Zero based, Oop shift amount: 3

CDS archive(s) mapped at: [0x0000018414000000-0x0000018414c90000-0x0000018414c90000), size 13172736, SharedBaseAddress: 0x0000018414000000, ArchiveRelocationMode: 1.
Compressed class space mapped at: 0x0000018415000000-0x0000018455000000, reserved size: 1073741824
Narrow klass base: 0x0000018414000000, Narrow klass shift: 0, Narrow klass range: 0x100000000

GC Precious Log:
 CardTable entry size: 512
 Card Set container configuration: InlinePtr #cards 4 size 8 Array Of Cards #cards 64 size 144 Howl #buckets 8 coarsen threshold 14745 Howl Bitmap #cards 2048 size 272 coarsen threshold 1843 Card regions per heap region 1 cards per card region 16384
 CPUs: 12 total, 12 available
 Memory: 65386M
 Large Page Support: Disabled
 NUMA Support: Disabled
 Compressed Oops: Enabled (Zero based)
 Heap Region Size: 8M
 Heap Min Capacity: 8M
 Heap Initial Capacity: 1G
 Heap Max Capacity: 16352M
 Pre-touch: Disabled
 Parallel Workers: 10
 Concurrent Workers: 3
 Concurrent Refinement Workers: 10
 Periodic GC: Disabled

Heap:
 garbage-first heap   total 114688K, used 41220K [0x0000000402000000, 0x0000000800000000)
  region size 8192K, 3 young (24576K), 1 survivors (8192K)
 Metaspace       used 19781K, committed 20800K, reserved 1114112K
  class space    used 2833K, committed 3328K, reserved 1048576K

Heap Regions: E=young(eden), S=young(survivor), O=old, HS=humongous(starts), HC=humongous(continues), CS=collection set, F=free, TAMS=top-at-mark-start, PB=parsable bottom
|   0|0x0000000402000000, 0x0000000402800000, 0x0000000402800000|100%| O|  |TAMS 0x0000000402000000| PB 0x0000000402000000| Untracked 
|   1|0x0000000402800000, 0x0000000403000000, 0x0000000403000000|100%| O|  |TAMS 0x0000000402800000| PB 0x0000000402800000| Untracked 
|   2|0x0000000403000000, 0x0000000403000000, 0x0000000403800000|  0%| F|  |TAMS 0x0000000403000000| PB 0x0000000403000000| Untracked 
|   3|0x0000000403800000, 0x0000000404000000, 0x0000000404000000|100%| O|  |TAMS 0x0000000403800000| PB 0x0000000403800000| Untracked 
|   4|0x0000000404000000, 0x00000004040410b0, 0x0000000404800000|  3%| O|  |TAMS 0x0000000404000000| PB 0x0000000404000000| Untracked 
|   5|0x0000000404800000, 0x0000000404800000, 0x0000000405000000|  0%| F|  |TAMS 0x0000000404800000| PB 0x0000000404800000| Untracked 
|   6|0x0000000405000000, 0x0000000405000000, 0x0000000405800000|  0%| F|  |TAMS 0x0000000405000000| PB 0x0000000405000000| Untracked 
|   7|0x0000000405800000, 0x0000000406000000, 0x0000000406000000|100%| S|CS|TAMS 0x0000000405800000| PB 0x0000000405800000| Complete 
|   8|0x0000000406000000, 0x0000000406000000, 0x0000000406800000|  0%| F|  |TAMS 0x0000000406000000| PB 0x0000000406000000| Untracked 
|   9|0x0000000406800000, 0x0000000406800000, 0x0000000407000000|  0%| F|  |TAMS 0x0000000406800000| PB 0x0000000406800000| Untracked 
|  10|0x0000000407000000, 0x0000000407000000, 0x0000000407800000|  0%| F|  |TAMS 0x0000000407000000| PB 0x0000000407000000| Untracked 
|  11|0x0000000407800000, 0x0000000407800000, 0x0000000408000000|  0%| F|  |TAMS 0x0000000407800000| PB 0x0000000407800000| Untracked 
| 126|0x0000000441000000, 0x00000004417d3840, 0x0000000441800000| 97%| E|  |TAMS 0x0000000441000000| PB 0x0000000441000000| Complete 
| 127|0x0000000441800000, 0x0000000442000000, 0x0000000442000000|100%| E|CS|TAMS 0x0000000441800000| PB 0x0000000441800000| Complete 

Card table byte_map: [0x0000018400000000,0x0000018401ff0000] _byte_map_base: 0x00000183fdff0000

Marking Bits: (CMBitMap*) 0x0000018470776f30
 Bits: [0x0000018401ff0000, 0x0000018411f70000)

Polling page: 0x000001846fe90000

Metaspace:

Usage:
  Non-class:     16.55 MB used.
      Class:      2.77 MB used.
       Both:     19.32 MB used.

Virtual space:
  Non-class space:       64.00 MB reserved,      17.06 MB ( 27%) committed,  1 nodes.
      Class space:        1.00 GB reserved,       3.25 MB ( <1%) committed,  1 nodes.
             Both:        1.06 GB reserved,      20.31 MB (  2%) committed. 

Chunk freelists:
   Non-Class:  14.69 MB
       Class:  12.61 MB
        Both:  27.30 MB

MaxMetaspaceSize: unlimited
CompressedClassSpaceSize: 1.00 GB
Initial GC threshold: 21.00 MB
Current GC threshold: 21.00 MB
CDS: on
 - commit_granule_bytes: 65536.
 - commit_granule_words: 8192.
 - virtual_space_node_default_size: 8388608.
 - enlarge_chunks_in_place: 1.
 - use_allocation_guard: 0.


Internal statistics:

num_allocs_failed_limit: 0.
num_arena_births: 1478.
num_arena_deaths: 0.
num_vsnodes_births: 2.
num_vsnodes_deaths: 0.
num_space_committed: 325.
num_space_uncommitted: 0.
num_chunks_returned_to_freelist: 0.
num_chunks_taken_from_freelist: 2723.
num_chunk_merges: 0.
num_chunk_splits: 1526.
num_chunks_enlarged: 603.
num_inconsistent_stats: 0.

CodeCache: size=49152Kb used=9393Kb max_used=9393Kb free=39758Kb
 bounds [0x0000018478da0000, 0x00000184796d0000, 0x000001847bda0000]
 total_blobs=4253 nmethods=3723 adapters=451
 compilation: enabled
              stopped_count=0, restarted_count=0
 full_count=0

Compilation events (20 events):
Event: 1.826 Thread 0x000001847e3398c0 3609       1       io.quarkus.gizmo.BytecodeCreator::writeArrayValue (16 bytes)
Event: 1.826 Thread 0x000001845516fd70 nmethod 3606 0x0000018479689610 code [0x00000184796897c0, 0x0000018479689970]
Event: 1.827 Thread 0x000001847e3398c0 nmethod 3609 0x0000018479689b10 code [0x0000018479689ce0, 0x0000018479689f38]
Event: 1.827 Thread 0x000001845516fd70 3610       1       io.quarkus.gizmo.BytecodeCreatorImpl$NewInstanceOperation::getOutgoingResultHandle (5 bytes)
Event: 1.827 Thread 0x000001845579d0c0 nmethod 3607 0x000001847968a110 code [0x000001847968a300, 0x000001847968a7b8]
Event: 1.827 Thread 0x000001845579d770 nmethod 3608 0x000001847968a990 code [0x000001847968ac00, 0x000001847968b2b8]
Event: 1.827 Thread 0x000001845516fd70 nmethod 3610 0x000001847968b610 code [0x000001847968b7a0, 0x000001847968b870]
Event: 1.827 Thread 0x000001845516fd70 3611       1       io.quarkus.gizmo.BytecodeCreatorImpl$7::getInputResultHandles (4 bytes)
Event: 1.841 Thread 0x000001847e3398c0 3612       1       io.quarkus.gizmo.BytecodeCreatorImpl$7::writeBytecode (37 bytes)
Event: 1.841 Thread 0x000001845579d0c0 3613       1       io.quarkus.gizmo.BytecodeCreatorImpl$10::getInputResultHandles (36 bytes)
Event: 1.841 Thread 0x000001845516fd70 nmethod 3611 0x000001847968b910 code [0x000001847968baa0, 0x000001847968bb70]
Event: 1.841 Thread 0x000001847e3398c0 nmethod 3612 0x000001847968bc10 code [0x000001847968bdc0, 0x000001847968bf20]
Event: 1.841 Thread 0x000001845579d770 3614       1       io.quarkus.gizmo.BytecodeCreatorImpl$10::writeBytecode (212 bytes)
Event: 1.842 Thread 0x000001845516fd70 3615       1       org.objectweb.asm.SymbolTable::addConstantIntegerOrFloat (100 bytes)
Event: 1.842 Thread 0x000001847e3398c0 3616       1       org.objectweb.asm.SymbolTable::hash (7 bytes)
Event: 1.842 Thread 0x000001847e3398c0 nmethod 3616 0x000001847968c090 code [0x000001847968c220, 0x000001847968c2d0]
Event: 1.842 Thread 0x000001845579d0c0 nmethod 3613 0x000001847968c390 code [0x000001847968c5e0, 0x000001847968cd00]
Event: 1.842 Thread 0x000001845516fd70 nmethod 3615 0x000001847968d010 code [0x000001847968d200, 0x000001847968d558]
Event: 1.842 Thread 0x000001845579d0c0 3617       1       org.objectweb.asm.Handler::removeRange (156 bytes)
Event: 1.842 Thread 0x000001845579d770 nmethod 3614 0x000001847968d790 code [0x000001847968da80, 0x000001847968e198]

GC Heap History (10 events):
Event: 0.904 GC heap before
{Heap before GC invocations=0 (full 0):
 garbage-first heap   total 1048576K, used 49152K [0x0000000402000000, 0x0000000800000000)
  region size 8192K, 6 young (49152K), 0 survivors (0K)
 Metaspace       used 4102K, committed 4416K, reserved 1114112K
  class space    used 493K, committed 640K, reserved 1048576K
}
Event: 0.910 GC heap after
{Heap after GC invocations=1 (full 0):
 garbage-first heap   total 1048576K, used 15512K [0x0000000402000000, 0x0000000800000000)
  region size 8192K, 1 young (8192K), 1 survivors (8192K)
 Metaspace       used 4102K, committed 4416K, reserved 1114112K
  class space    used 493K, committed 640K, reserved 1048576K
}
Event: 1.236 GC heap before
{Heap before GC invocations=1 (full 0):
 garbage-first heap   total 1048576K, used 56472K [0x0000000402000000, 0x0000000800000000)
  region size 8192K, 6 young (49152K), 1 survivors (8192K)
 Metaspace       used 8294K, committed 8640K, reserved 1114112K
  class space    used 1069K, committed 1216K, reserved 1048576K
}
Event: 1.241 GC heap after
{Heap after GC invocations=2 (full 0):
 garbage-first heap   total 1048576K, used 22726K [0x0000000402000000, 0x0000000800000000)
  region size 8192K, 1 young (8192K), 1 survivors (8192K)
 Metaspace       used 8294K, committed 8640K, reserved 1114112K
  class space    used 1069K, committed 1216K, reserved 1048576K
}
Event: 1.312 GC heap before
{Heap before GC invocations=2 (full 0):
 garbage-first heap   total 1048576K, used 22726K [0x0000000402000000, 0x0000000800000000)
  region size 8192K, 2 young (16384K), 1 survivors (8192K)
 Metaspace       used 8816K, committed 9152K, reserved 1114112K
  class space    used 1150K, committed 1280K, reserved 1048576K
}
Event: 1.320 GC heap after
{Heap after GC invocations=3 (full 0):
 garbage-first heap   total 1048576K, used 23936K [0x0000000402000000, 0x0000000800000000)
  region size 8192K, 1 young (8192K), 1 survivors (8192K)
 Metaspace       used 8816K, committed 9152K, reserved 1114112K
  class space    used 1150K, committed 1280K, reserved 1048576K
}
Event: 1.695 GC heap before
{Heap before GC invocations=4 (full 0):
 garbage-first heap   total 114688K, used 73088K [0x0000000402000000, 0x0000000800000000)
  region size 8192K, 8 young (65536K), 1 survivors (8192K)
 Metaspace       used 14900K, committed 15488K, reserved 1114112K
  class space    used 2034K, committed 2304K, reserved 1048576K
}
Event: 1.701 GC heap after
{Heap after GC invocations=5 (full 0):
 garbage-first heap   total 114688K, used 27520K [0x0000000402000000, 0x0000000800000000)
  region size 8192K, 1 young (8192K), 1 survivors (8192K)
 Metaspace       used 14900K, committed 15488K, reserved 1114112K
  class space    used 2034K, committed 2304K, reserved 1048576K
}
Event: 1.827 GC heap before
{Heap before GC invocations=5 (full 0):
 garbage-first heap   total 114688K, used 76672K [0x0000000402000000, 0x0000000800000000)
  region size 8192K, 7 young (57344K), 1 survivors (8192K)
 Metaspace       used 19426K, committed 20416K, reserved 1114112K
  class space    used 2786K, committed 3264K, reserved 1048576K
}
Event: 1.841 GC heap after
{Heap after GC invocations=6 (full 0):
 garbage-first heap   total 114688K, used 33028K [0x0000000402000000, 0x0000000800000000)
  region size 8192K, 1 young (8192K), 1 survivors (8192K)
 Metaspace       used 19426K, committed 20416K, reserved 1114112K
  class space    used 2786K, committed 3264K, reserved 1048576K
}

Dll operation events (11 events):
Event: 0.009 Loaded shared library C:\Program Files\Java\mandrel-java21-23.1.4.0-Final\bin\java.dll
Event: 0.061 Loaded shared library C:\Program Files\Java\mandrel-java21-23.1.4.0-Final\bin\zip.dll
Event: 0.064 Loaded shared library C:\Program Files\Java\mandrel-java21-23.1.4.0-Final\bin\instrument.dll
Event: 0.067 Loaded shared library C:\Program Files\Java\mandrel-java21-23.1.4.0-Final\bin\net.dll
Event: 0.068 Loaded shared library C:\Program Files\Java\mandrel-java21-23.1.4.0-Final\bin\nio.dll
Event: 0.070 Loaded shared library C:\Program Files\Java\mandrel-java21-23.1.4.0-Final\bin\zip.dll
Event: 0.122 Loaded shared library C:\Program Files\Java\mandrel-java21-23.1.4.0-Final\bin\jimage.dll
Event: 1.046 Loaded shared library C:\Program Files\Java\mandrel-java21-23.1.4.0-Final\bin\verify.dll
Event: 1.803 Loaded shared library C:\Program Files\Java\mandrel-java21-23.1.4.0-Final\bin\management.dll
Event: 1.807 Loaded shared library C:\Program Files\Java\mandrel-java21-23.1.4.0-Final\bin\management_ext.dll
Event: 1.825 Loaded shared library C:\Users\perso\.gradle\native\jansi\1.18\windows64\jansi.dll

Deoptimization events (20 events):
Event: 1.724 Thread 0x000001845b5f2ee0 DEOPT PACKING pc=0x0000018479493874 sp=0x00000009336fe7a0
Event: 1.724 Thread 0x000001845b5f2ee0 DEOPT UNPACKING pc=0x0000018478df4e42 sp=0x00000009336fdd30 mode 1
Event: 1.724 Thread 0x000001845b5f2ee0 DEOPT PACKING pc=0x000001847921bb0c sp=0x00000009336fe700
Event: 1.724 Thread 0x000001845b5f2ee0 DEOPT UNPACKING pc=0x0000018478df4e42 sp=0x00000009336fdbd0 mode 1
Event: 1.724 Thread 0x000001845b5f2ee0 DEOPT PACKING pc=0x0000018479493874 sp=0x00000009336fe7a0
Event: 1.724 Thread 0x000001845b5f2ee0 DEOPT UNPACKING pc=0x0000018478df4e42 sp=0x00000009336fdd30 mode 1
Event: 1.724 Thread 0x000001845b5f2ee0 DEOPT PACKING pc=0x000001847921bb0c sp=0x00000009336fe700
Event: 1.724 Thread 0x000001845b5f2ee0 DEOPT UNPACKING pc=0x0000018478df4e42 sp=0x00000009336fdbd0 mode 1
Event: 1.724 Thread 0x000001845b5f2ee0 DEOPT PACKING pc=0x0000018479493874 sp=0x00000009336fe7a0
Event: 1.724 Thread 0x000001845b5f2ee0 DEOPT UNPACKING pc=0x0000018478df4e42 sp=0x00000009336fdd30 mode 1
Event: 1.727 Thread 0x000001845ac82120 DEOPT PACKING pc=0x000001847921bb0c sp=0x0000000930afe1a0
Event: 1.727 Thread 0x000001845ac82120 DEOPT UNPACKING pc=0x0000018478df4e42 sp=0x0000000930afd670 mode 1
Event: 1.727 Thread 0x000001845ac82120 DEOPT PACKING pc=0x0000018479493874 sp=0x0000000930afe240
Event: 1.727 Thread 0x000001845ac82120 DEOPT UNPACKING pc=0x0000018478df4e42 sp=0x0000000930afd7d0 mode 1
Event: 1.728 Thread 0x000001845ac82120 DEOPT PACKING pc=0x000001847921bb0c sp=0x0000000930afe1a0
Event: 1.728 Thread 0x000001845ac82120 DEOPT UNPACKING pc=0x0000018478df4e42 sp=0x0000000930afd670 mode 1
Event: 1.728 Thread 0x000001845ac82120 DEOPT PACKING pc=0x0000018479493874 sp=0x0000000930afe240
Event: 1.728 Thread 0x000001845ac82120 DEOPT UNPACKING pc=0x0000018478df4e42 sp=0x0000000930afd7d0 mode 1
Event: 1.802 Thread 0x000001845b5f4290 DEOPT PACKING pc=0x0000018479604cb4 sp=0x00000009333fe490
Event: 1.802 Thread 0x000001845b5f4290 DEOPT UNPACKING pc=0x0000018478df4e42 sp=0x00000009333fda08 mode 1

Classes loaded (20 events):
Event: 1.820 Loading class java/util/regex/Pattern$SliceS
Event: 1.820 Loading class java/util/regex/Pattern$SliceS done
Event: 1.821 Loading class java/net/InetAddress$NameServiceAddresses
Event: 1.821 Loading class java/net/InetAddress$Addresses
Event: 1.821 Loading class java/net/InetAddress$Addresses done
Event: 1.821 Loading class java/net/InetAddress$NameServiceAddresses done
Event: 1.821 Loading class java/net/spi/InetAddressResolverProvider
Event: 1.821 Loading class java/net/spi/InetAddressResolverProvider done
Event: 1.823 Loading class sun/net/InetAddressCachePolicy
Event: 1.823 Loading class sun/net/InetAddressCachePolicy done
Event: 1.823 Loading class sun/net/InetAddressCachePolicy$1
Event: 1.824 Loading class sun/net/InetAddressCachePolicy$1 done
Event: 1.824 Loading class java/util/LinkedList$Node
Event: 1.824 Loading class java/util/LinkedList$Node done
Event: 1.824 Loading class java/net/InetAddress$CachedLookup
Event: 1.824 Loading class java/net/InetAddress$CachedLookup done
Event: 1.825 Loading class jdk/internal/loader/NativeLibraries$Unloader
Event: 1.825 Loading class jdk/internal/loader/NativeLibraries$Unloader done
Event: 1.826 Loading class java/nio/charset/UnsupportedCharsetException
Event: 1.826 Loading class java/nio/charset/UnsupportedCharsetException done

Classes unloaded (0 events):
No events

Classes redefined (0 events):
No events

Internal exceptions (20 events):
Event: 1.758 Thread 0x000001845ae62b80 Exception <a 'java/lang/NoSuchMethodError'{0x0000000407be0a58}: 'java.lang.Object java.lang.invoke.DelegatingMethodHandle$Holder.reinvoke_L(java.lang.Object, java.lang.Object, java.lang.Object, java.lang.Object, int, int)'> (0x0000000407be0a58) 
thrown [s\src\hotspot\share\interpreter\linkResolver.cpp, line 773]
Event: 1.758 Thread 0x000001845b5f8430 Exception <a 'java/lang/NoSuchMethodError'{0x0000000407d332c8}: 'java.lang.Object java.lang.invoke.DelegatingMethodHandle$Holder.reinvoke_L(java.lang.Object, java.lang.Object, java.lang.Object, java.lang.Object, int, int)'> (0x0000000407d332c8) 
thrown [s\src\hotspot\share\interpreter\linkResolver.cpp, line 773]
Event: 1.759 Thread 0x000001845b39b440 Exception <a 'java/lang/NoSuchMethodError'{0x0000000407bcc9f8}: 'java.lang.Object java.lang.invoke.DelegatingMethodHandle$Holder.reinvoke_L(java.lang.Object, java.lang.Object, java.lang.Object, java.lang.Object, int, int)'> (0x0000000407bcc9f8) 
thrown [s\src\hotspot\share\interpreter\linkResolver.cpp, line 773]
Event: 1.759 Thread 0x000001845ac83b60 Exception <a 'java/lang/NoSuchMethodError'{0x0000000407d5af60}: 'java.lang.Object java.lang.invoke.DelegatingMethodHandle$Holder.reinvoke_L(java.lang.Object, java.lang.Object, java.lang.Object, java.lang.Object, int, int)'> (0x0000000407d5af60) 
thrown [s\src\hotspot\share\interpreter\linkResolver.cpp, line 773]
Event: 1.772 Thread 0x000001845b398650 Exception <a 'java/lang/NoSuchMethodError'{0x0000000407086888}: 'void java.lang.invoke.DirectMethodHandle$Holder.invokeSpecial(java.lang.Object, java.lang.Object, java.lang.Object, java.lang.Object, java.lang.Object, java.lang.Object, java.lang.Object, java.lang.Object, java.lang.Object)'> (0x0000000407086888) 
thrown [s\src\hotspot\share\interpreter\linkResolver.cpp, line 773]
Event: 1.772 Thread 0x000001845b5f8ac0 Exception <a 'java/lang/NoSuchMethodError'{0x0000000407dc5bf0}: 'void java.lang.invoke.DelegatingMethodHandle$Holder.reinvoke_L(java.lang.Object, java.lang.Object, java.lang.Object, java.lang.Object, java.lang.Object, java.lang.Object, java.lang.Object, java.lang.Object, java.lang.Object, java.lang.Object, java.lang.Object, java.lang.Object, java.lang.Object, java.lang.Object, java.lang.Object, java.lang.Object, java.lang.Object)'> (0x0000000407dc5bf0) 
thrown [s\src\hotspot\share\interpreter\linkResolver.
Event: 1.773 Thread 0x000001845b398650 Exception <a 'java/lang/NoSuchMethodError'{0x0000000407089f40}: 'void java.lang.invoke.DelegatingMethodHandle$Holder.reinvoke_L(java.lang.Object, java.lang.Object, java.lang.Object, java.lang.Object, java.lang.Object, java.lang.Object, java.lang.Object, java.lang.Object)'> (0x0000000407089f40) 
thrown [s\src\hotspot\share\interpreter\linkResolver.cpp, line 773]
Event: 1.774 Thread 0x000001845b5f8ac0 Exception <a 'java/lang/NoSuchMethodError'{0x0000000407dcf5e8}: 'java.lang.Object java.lang.invoke.DirectMethodHandle$Holder.invokeSpecial(java.lang.Object, java.lang.Object, java.lang.Object, java.lang.Object, java.lang.Object, java.lang.Object, java.lang.Object, java.lang.Object, java.lang.Object, java.lang.Object, java.lang.Object, java.lang.Object, java.lang.Object, java.lang.Object, java.lang.Object, java.lang.Object, java.lang.Object)'> (0x0000000407dcf5e8) 
thrown [s\src\hotspot\share\interpreter\li
Event: 1.775 Thread 0x000001845b5f8ac0 Exception <a 'java/lang/NoSuchMethodError'{0x00000004072451e0}: 'java.lang.Object java.lang.invoke.Invokers$Holder.invoker(java.lang.Object, java.lang.Object, java.lang.Object, java.lang.Object, java.lang.Object, java.lang.Object, java.lang.Object, java.lang.Object, java.lang.Object, java.lang.Object, java.lang.Object, java.lang.Object, java.lang.Object, java.lang.Object, java.lang.Object, java.lang.Object, java.lang.Object)'> (0x00000004072451e0) 
thrown [s\src\hotspot\share\interpreter\linkResolver.cpp, 
Event: 1.776 Thread 0x000001845b39a720 Exception <a 'java/lang/NoSuchMethodError'{0x00000004072320f0}: 'void java.lang.invoke.DelegatingMethodHandle$Holder.reinvoke_L(java.lang.Object, java.lang.Object, java.lang.Object, java.lang.Object, java.lang.Object, java.lang.Object, java.lang.Object, java.lang.Object, java.lang.Object)'> (0x00000004072320f0) 
thrown [s\src\hotspot\share\interpreter\linkResolver.cpp, line 773]
Event: 1.776 Thread 0x000001845b5f8ac0 Exception <a 'java/lang/NoSuchMethodError'{0x000000040724f4c8}: 'java.lang.Object java.lang.invoke.DelegatingMethodHandle$Holder.delegate(java.lang.Object, java.lang.Object, java.lang.Object, java.lang.Object, java.lang.Object, java.lang.Object, java.lang.Object, java.lang.Object, java.lang.Object, java.lang.Object, java.lang.Object, java.lang.Object, java.lang.Object, java.lang.Object, java.lang.Object, java.lang.Object, java.lang.Object)'> (0x000000040724f4c8) 
thrown [s\src\hotspot\share\interpreter\lin
Event: 1.777 Thread 0x000001845b39a720 Exception <a 'java/lang/NoSuchMethodError'{0x0000000407238ec0}: 'java.lang.Object java.lang.invoke.Invokers$Holder.invoker(java.lang.Object, java.lang.Object, java.lang.Object, java.lang.Object, java.lang.Object, java.lang.Object, java.lang.Object, java.lang.Object, java.lang.Object)'> (0x0000000407238ec0) 
thrown [s\src\hotspot\share\interpreter\linkResolver.cpp, line 773]
Event: 1.778 Thread 0x000001845b5f4290 Exception <a 'java/lang/NoSuchMethodError'{0x0000000407365010}: 'void java.lang.invoke.DirectMethodHandle$Holder.invokeStatic(java.lang.Object, int, java.lang.Object)'> (0x0000000407365010) 
thrown [s\src\hotspot\share\interpreter\linkResolver.cpp, line 773]
Event: 1.784 Thread 0x000001845b5f4290 Exception <a 'java/lang/NoSuchMethodError'{0x0000000407373a80}: 'java.lang.Object java.lang.invoke.DirectMethodHandle$Holder.invokeStaticInit(java.lang.Object, int)'> (0x0000000407373a80) 
thrown [s\src\hotspot\share\interpreter\linkResolver.cpp, line 773]
Event: 1.788 Thread 0x000001845b5f4290 Exception <a 'java/lang/NoSuchMethodError'{0x0000000407615ef0}: 'int java.lang.invoke.DirectMethodHandle$Holder.invokeStaticInit(java.lang.Object, java.lang.Object, java.lang.Object)'> (0x0000000407615ef0) 
thrown [s\src\hotspot\share\interpreter\linkResolver.cpp, line 773]
Event: 1.790 Thread 0x000001845b5f4290 Exception <a 'java/lang/NoSuchMethodError'{0x000000040761bca0}: 'java.lang.Object java.lang.invoke.DirectMethodHandle$Holder.invokeStaticInit(java.lang.Object, int, java.lang.Object)'> (0x000000040761bca0) 
thrown [s\src\hotspot\share\interpreter\linkResolver.cpp, line 773]
Event: 1.791 Thread 0x000001845b5f8ac0 Exception <a 'java/lang/NoSuchMethodError'{0x00000004074b16a0}: 'java.lang.Object java.lang.invoke.Invokers$Holder.invoker(java.lang.Object, java.lang.Object, java.lang.Object, java.lang.Object, java.lang.Object, java.lang.Object, java.lang.Object, java.lang.Object, java.lang.Object, java.lang.Object, java.lang.Object)'> (0x00000004074b16a0) 
thrown [s\src\hotspot\share\interpreter\linkResolver.cpp, line 773]
Event: 1.798 Thread 0x000001845b5f8ac0 Exception <a 'java/lang/NoSuchMethodError'{0x000000040691c9d0}: 'java.lang.Object java.lang.invoke.DirectMethodHandle$Holder.invokeStatic(java.lang.Object, java.lang.Object, java.lang.Object, java.lang.Object, java.lang.Object, java.lang.Object, java.lang.Object, java.lang.Object, java.lang.Object, java.lang.Object, java.lang.Object, java.lang.Object, java.lang.Object)'> (0x000000040691c9d0) 
thrown [s\src\hotspot\share\interpreter\linkResolver.cpp, line 773]
Event: 1.842 Thread 0x000001845b5f4290 Exception <a 'java/lang/NullPointerException'{0x000000044184cad8}> (0x000000044184cad8) 
thrown [s\src\hotspot\share\interpreter\linkResolver.cpp, line 1372]
Event: 1.842 Thread 0x000001845b5f4290 Exception <a 'java/lang/NoSuchFieldError'{0x00000004419c14f0}: STDIN_FILENO> (0x00000004419c14f0) 
thrown [s\src\hotspot\share\prims\jni.cpp, line 1989]

ZGC Phase Switch (0 events):
No events

VM Operations (20 events):
Event: 1.474 Executing VM operation: HandshakeAllThreads (Deoptimize)
Event: 1.474 Executing VM operation: HandshakeAllThreads (Deoptimize) done
Event: 1.627 Executing VM operation: HandshakeAllThreads (Deoptimize)
Event: 1.627 Executing VM operation: HandshakeAllThreads (Deoptimize) done
Event: 1.668 Executing VM operation: HandshakeAllThreads (Deoptimize)
Event: 1.694 Executing VM operation: HandshakeAllThreads (Deoptimize) done
Event: 1.694 Executing VM operation: G1CollectForAllocation (G1 Evacuation Pause)
Event: 1.701 Executing VM operation: G1CollectForAllocation (G1 Evacuation Pause) done
Event: 1.703 Executing VM operation: HandshakeAllThreads (Deoptimize)
Event: 1.726 Executing VM operation: HandshakeAllThreads (Deoptimize) done
Event: 1.727 Executing VM operation: HandshakeAllThreads (Deoptimize)
Event: 1.728 Executing VM operation: HandshakeAllThreads (Deoptimize) done
Event: 1.731 Executing VM operation: HandshakeAllThreads (Deoptimize)
Event: 1.741 Executing VM operation: HandshakeAllThreads (Deoptimize) done
Event: 1.755 Executing VM operation: HandshakeAllThreads (Deoptimize)
Event: 1.788 Executing VM operation: HandshakeAllThreads (Deoptimize) done
Event: 1.817 Executing VM operation: HandshakeAllThreads (Deoptimize)
Event: 1.817 Executing VM operation: HandshakeAllThreads (Deoptimize) done
Event: 1.827 Executing VM operation: G1CollectForAllocation (G1 Evacuation Pause)
Event: 1.841 Executing VM operation: G1CollectForAllocation (G1 Evacuation Pause) done

Memory protections (0 events):
No events

Nmethod flushes (0 events):
No events

Events (20 events):
Event: 1.659 Thread 0x000001846e485890 Thread added: 0x000001845b5f7080
Event: 1.661 Thread 0x000001846e485890 Thread added: 0x000001845b5f69f0
Event: 1.662 Thread 0x000001846e485890 Thread added: 0x000001845b5f5cd0
Event: 1.663 Thread 0x000001845ae60ab0 Thread added: 0x000001845b5f7710
Event: 1.664 Thread 0x000001846e485890 Thread added: 0x000001845b5f4fb0
Event: 1.666 Thread 0x000001846e485890 Thread added: 0x000001845b5f4290
Event: 1.667 Thread 0x000001846e485890 Thread added: 0x000001845b5f7da0
Event: 1.669 Thread 0x000001846e485890 Thread added: 0x000001845b5f5640
Event: 1.670 Thread 0x000001846e485890 Thread added: 0x000001845b5f2ee0
Event: 1.672 Thread 0x000001846e485890 Thread added: 0x000001845b5f6360
Event: 1.675 Thread 0x000001846e485890 Thread added: 0x000001845b5f8430
Event: 1.677 Thread 0x000001846e485890 Thread added: 0x000001845b5f14a0
Event: 1.685 Thread 0x000001845ac841f0 Thread added: 0x000001845b5f8ac0
Event: 1.686 Thread 0x000001845ae63f30 Thread added: 0x000001845b5f1b30
Event: 1.687 Thread 0x000001845ac841f0 Thread added: 0x000001845b5f21c0
Event: 1.688 Thread 0x000001845ae63f30 Thread added: 0x000001845b5f3570
Event: 1.689 Thread 0x000001845ac841f0 Thread added: 0x000001845b5f2850
Event: 1.689 Thread 0x000001845ae63f30 Thread added: 0x000001845b5f4920
Event: 1.690 Thread 0x000001845ac841f0 Thread added: 0x000001845b5f3c00
Event: 1.690 Thread 0x000001845ae63f30 Thread added: 0x000001845b6f8650


Dynamic libraries:
0x00007ff799df0000 - 0x00007ff799dfe000 	C:\Program Files\Java\mandrel-java21-23.1.4.0-Final\bin\java.exe
0x00007ff87f9b0000 - 0x00007ff87fbc7000 	C:\Windows\SYSTEM32\ntdll.dll
0x00007ff87e580000 - 0x00007ff87e644000 	C:\Windows\System32\KERNEL32.DLL
0x00007ff87d330000 - 0x00007ff87d6dd000 	C:\Windows\System32\KERNELBASE.dll
0x00007ff87cec0000 - 0x00007ff87cfd1000 	C:\Windows\System32\ucrtbase.dll
0x00007ff865660000 - 0x00007ff865678000 	C:\Program Files\Java\mandrel-java21-23.1.4.0-Final\bin\jli.dll
0x00007ff864e40000 - 0x00007ff864e5b000 	C:\Program Files\Java\mandrel-java21-23.1.4.0-Final\bin\VCRUNTIME140.dll
0x00007ff87e650000 - 0x00007ff87e7fe000 	C:\Windows\System32\USER32.dll
0x00007ff87ccd0000 - 0x00007ff87ccf6000 	C:\Windows\System32\win32u.dll
0x00007ff86d3c0000 - 0x00007ff86d653000 	C:\Windows\WinSxS\amd64_microsoft.windows.common-controls_6595b64144ccf1df_6.0.22621.3672_none_2713b9d173822955\COMCTL32.dll
0x00007ff87e800000 - 0x00007ff87e829000 	C:\Windows\System32\GDI32.dll
0x00007ff87e3a0000 - 0x00007ff87e447000 	C:\Windows\System32\msvcrt.dll
0x00007ff87cfe0000 - 0x00007ff87d0f9000 	C:\Windows\System32\gdi32full.dll
0x00007ff87ce20000 - 0x00007ff87ceba000 	C:\Windows\System32\msvcp_win.dll
0x00007ff87f0a0000 - 0x00007ff87f0d1000 	C:\Windows\System32\IMM32.DLL
0x00007ff876e40000 - 0x00007ff876e4c000 	C:\Program Files\Java\mandrel-java21-23.1.4.0-Final\bin\vcruntime140_1.dll
0x00007ff850050000 - 0x00007ff8500de000 	C:\Program Files\Java\mandrel-java21-23.1.4.0-Final\bin\msvcp140.dll
0x00007fffdd0b0000 - 0x00007fffdde38000 	C:\Program Files\Java\mandrel-java21-23.1.4.0-Final\bin\server\jvm.dll
0x00007ff87f140000 - 0x00007ff87f1f2000 	C:\Windows\System32\ADVAPI32.dll
0x00007ff87e4d0000 - 0x00007ff87e579000 	C:\Windows\System32\sechost.dll
0x00007ff87cdf0000 - 0x00007ff87ce18000 	C:\Windows\System32\bcrypt.dll
0x00007ff87e0f0000 - 0x00007ff87e204000 	C:\Windows\System32\RPCRT4.dll
0x00007ff87e450000 - 0x00007ff87e4c1000 	C:\Windows\System32\WS2_32.dll
0x00007ff87bb40000 - 0x00007ff87bb8d000 	C:\Windows\SYSTEM32\POWRPROF.dll
0x00007ff874ee0000 - 0x00007ff874eea000 	C:\Windows\SYSTEM32\VERSION.dll
0x00007ff870290000 - 0x00007ff8702c4000 	C:\Windows\SYSTEM32\WINMM.dll
0x00007ff87bb20000 - 0x00007ff87bb33000 	C:\Windows\SYSTEM32\UMPDC.dll
0x00007ff87bdd0000 - 0x00007ff87bde8000 	C:\Windows\SYSTEM32\kernel.appcore.dll
0x00007ff872f80000 - 0x00007ff872f8a000 	C:\Program Files\Java\mandrel-java21-23.1.4.0-Final\bin\jimage.dll
0x00007ff87a4f0000 - 0x00007ff87a722000 	C:\Windows\SYSTEM32\DBGHELP.DLL
0x00007ff87f5e0000 - 0x00007ff87f96e000 	C:\Windows\System32\combase.dll
0x00007ff87e210000 - 0x00007ff87e2e7000 	C:\Windows\System32\OLEAUT32.dll
0x00007ff861c30000 - 0x00007ff861c62000 	C:\Windows\SYSTEM32\dbgcore.DLL
0x00007ff87cd00000 - 0x00007ff87cd7b000 	C:\Windows\System32\bcryptPrimitives.dll
0x00007ff864230000 - 0x00007ff86423f000 	C:\Program Files\Java\mandrel-java21-23.1.4.0-Final\bin\instrument.dll
0x00007ff864db0000 - 0x00007ff864dcf000 	C:\Program Files\Java\mandrel-java21-23.1.4.0-Final\bin\java.dll
0x00007ff8641e0000 - 0x00007ff86421c000 	C:\Program Files\Java\mandrel-java21-23.1.4.0-Final\bin\jdwp.dll
0x00007ff87e830000 - 0x00007ff87f097000 	C:\Windows\System32\SHELL32.dll
0x00007ff87ac10000 - 0x00007ff87b50f000 	C:\Windows\SYSTEM32\windows.storage.dll
0x00007ff87aad0000 - 0x00007ff87ac0f000 	C:\Windows\SYSTEM32\wintypes.dll
0x00007ff87f2a0000 - 0x00007ff87f399000 	C:\Windows\System32\SHCORE.dll
0x00007ff87f0e0000 - 0x00007ff87f13e000 	C:\Windows\System32\shlwapi.dll
0x00007ff87cc00000 - 0x00007ff87cc27000 	C:\Windows\SYSTEM32\profapi.dll
0x00007ff864d50000 - 0x00007ff864d68000 	C:\Program Files\Java\mandrel-java21-23.1.4.0-Final\bin\zip.dll
0x00007ff86c980000 - 0x00007ff86c990000 	C:\Program Files\Java\mandrel-java21-23.1.4.0-Final\bin\net.dll
0x00007ff879280000 - 0x00007ff8793b6000 	C:\Windows\SYSTEM32\WINHTTP.dll
0x00007ff87c230000 - 0x00007ff87c299000 	C:\Windows\system32\mswsock.dll
0x00007ff864d70000 - 0x00007ff864d86000 	C:\Program Files\Java\mandrel-java21-23.1.4.0-Final\bin\nio.dll
0x00007ff864df0000 - 0x00007ff864dfb000 	C:\Program Files\Java\mandrel-java21-23.1.4.0-Final\bin\dt_socket.dll
0x00007ff87b7e0000 - 0x00007ff87b80d000 	C:\Windows\SYSTEM32\IPHLPAPI.DLL
0x00007ff87b850000 - 0x00007ff87b948000 	C:\Windows\SYSTEM32\DNSAPI.dll
0x00007ff87f260000 - 0x00007ff87f269000 	C:\Windows\System32\NSI.dll
0x00007ff875a10000 - 0x00007ff875a1a000 	C:\Windows\System32\rasadhlp.dll
0x00007ff877240000 - 0x00007ff8772c3000 	C:\Windows\System32\fwpuclnt.dll
0x00007ff864e30000 - 0x00007ff864e40000 	C:\Program Files\Java\mandrel-java21-23.1.4.0-Final\bin\verify.dll
0x00007ff864d40000 - 0x00007ff864d4a000 	C:\Program Files\Java\mandrel-java21-23.1.4.0-Final\bin\management.dll
0x00007ff864780000 - 0x00007ff86478b000 	C:\Program Files\Java\mandrel-java21-23.1.4.0-Final\bin\management_ext.dll
0x00007ff87e0e0000 - 0x00007ff87e0e8000 	C:\Windows\System32\PSAPI.DLL
0x00007ff863a80000 - 0x00007ff863a8a000 	C:\Users\perso\.gradle\native\jansi\1.18\windows64\jansi.dll

dbghelp: loaded successfully - version: 4.0.5 - missing functions: none
symbol engine: initialized successfully - sym options: 0x614 - pdb path: .;C:\Program Files\Java\mandrel-java21-23.1.4.0-Final\bin;C:\Windows\SYSTEM32;C:\Windows\WinSxS\amd64_microsoft.windows.common-controls_6595b64144ccf1df_6.0.22621.3672_none_2713b9d173822955;C:\Program Files\Java\mandrel-java21-23.1.4.0-Final\bin\server;C:\Users\perso\.gradle\native\jansi\1.18\windows64

VM Arguments:
jvm_args: -javaagent:C:\Users\perso\.gradle\caches\modules-2\files-2.1\io.quarkus\quarkus-class-change-agent\3.15.1\66e2d3905778c0c60403702918c0a5b6e6e9fcd3\quarkus-class-change-agent-3.15.1.jar -Dquarkus-internal.serialized-app-model.path=E:\Repositories\Personal\Learning\quarkus-examples\getting-started-gradle\build\tmp\quarkusDev\quarkus-app-model.dat -Dquarkus-internal-test.serialized-app-model.path=E:\Repositories\Personal\Learning\quarkus-examples\getting-started-gradle\build\tmp\quarkusDev\quarkus-app-test-model.dat -XX:TieredStopAtLevel=1 -agentlib:jdwp=transport=dt_socket,address=localhost:5005,server=y,suspend=n -Djava.util.logging.manager=org.jboss.logmanager.LogManager 
java_command: E:\Repositories\Personal\Learning\quarkus-examples\getting-started-gradle\build\getting-started-gradle-dev.jar
java_class_path (initial): E:\Repositories\Personal\Learning\quarkus-examples\getting-started-gradle\build\getting-started-gradle-dev.jar
Launcher Type: SUN_STANDARD

[Global flags]
     intx CICompilerCount                          = 4                                         {product} {ergonomic}
     uint ConcGCThreads                            = 3                                         {product} {ergonomic}
     uint G1ConcRefinementThreads                  = 10                                        {product} {ergonomic}
   size_t G1HeapRegionSize                         = 8388608                                   {product} {ergonomic}
    uintx GCDrainStackTargetSize                   = 64                                        {product} {ergonomic}
   size_t InitialHeapSize                          = 1073741824                                {product} {ergonomic}
   size_t MarkStackSize                            = 4194304                                   {product} {ergonomic}
   size_t MaxHeapSize                              = 17146314752                               {product} {ergonomic}
   size_t MaxNewSize                               = 10284433408                               {product} {ergonomic}
   size_t MinHeapDeltaBytes                        = 8388608                                   {product} {ergonomic}
   size_t MinHeapSize                              = 8388608                                   {product} {ergonomic}
    uintx NonNMethodCodeHeapSize                   = 4096                                   {pd product} {ergonomic}
    uintx NonProfiledCodeHeapSize                  = 0                                      {pd product} {ergonomic}
     bool ProfileInterpreter                       = false                                  {pd product} {command line}
    uintx ProfiledCodeHeapSize                     = 0                                      {pd product} {ergonomic}
   size_t SoftMaxHeapSize                          = 17146314752                            {manageable} {ergonomic}
     intx TieredStopAtLevel                        = 1                                         {product} {command line}
     bool UseCompressedOops                        = true                           {product lp64_product} {ergonomic}
     bool UseG1GC                                  = true                                      {product} {ergonomic}
     bool UseLargePagesIndividualAllocation        = false                                  {pd product} {ergonomic}

Logging:
Log output configuration:
 #0: stdout all=warning uptime,level,tags foldmultilines=false
 #1: stderr all=off uptime,level,tags foldmultilines=false

Environment Variables:
JAVA_HOME=C:\Program Files\Java\mandrel-java21-23.1.4.0-Final
CLASSPATH="C:\ProgramData\chocolatey\lib\quarkus\quarkus-cli-3.15.1"\etc;"C:\ProgramData\chocolatey\lib\quarkus\quarkus-cli-3.15.1\lib"\quarkus-cli-3.15.1-runner.jar
PATH=C:\Program Files\Java\mandrel-java21-23.1.4.0-Final\bin;C:\Program Files\Maven\apache-maven-3.9.9\bin;%MYSQL_HOME\bin%;C:\ProgramData\Oracle\Java\javapath;C:\Program Files (x86)\Common Files\Oracle\Java\java8path;C:\Program Files (x86)\Common Files\Oracle\Java\javapath;C:\Windows\system32;C:\Windows;C:\Windows\System32\Wbem;C:\Windows\System32\WindowsPowerShell\v1.0\;C:\Windows\System32\OpenSSH\;C:\Program Files\NVIDIA Corporation\NVIDIA app\NvDLISR;C:\Program Files (x86)\NVIDIA Corporation\PhysX\Common;C:\Program Files\Docker\Docker\resources\bin;G:\Developement\Tools\Git\cmd;C:\Users;C:\Program Files\dotnet\;C:\Program Files\Microsoft SQL Server\150\Tools\Binn\;C:\Program Files\Microsoft SQL Server\Client SDK\ODBC\170\Tools\Binn\;C:\Program Files\nodejs\;C:\ProgramData\chocolatey\bin;C:\Users\perso\AppData\Local\Programs\Python\Python311\Scripts\;C:\Users\perso\AppData\Local\Programs\Python\Python311\;C:\Users\perso\AppData\Local\Programs\Python\Python312\Scripts\;C:\Users\perso\AppData\Local\Programs\Python\Python312\;C:\Users\perso\AppData\Local\Microsoft\WindowsApps;G:\Developement\IDE\IntelliJ IDEA 2024.2.0.2\bin;G:\Developement\IDE\JetBrains Rider 2024.2.2\bin;G:\Developement\IDE\WebStorm 2024.2.0.1\bin;C:\Users\perso\.dotnet\tools;C:\Users\perso\AppData\Local\gitkraken\bin;C:\Users\perso\AppData\Roaming\npm;G:\Developement\IDE\IntelliJ IDEA Community Edition 2024.2.3\bin;G:\Developement\IDE\IntelliJ IDEA 2024.2.3\bin
USERNAME=perso
OS=Windows_NT
PROCESSOR_IDENTIFIER=Intel64 Family 6 Model 165 Stepping 3, GenuineIntel
TMP=C:\Users\perso\AppData\Local\Temp
TEMP=C:\Users\perso\AppData\Local\Temp




Periodic native trim disabled

---------------  S Y S T E M  ---------------

OS:
 Windows 11 , 64 bit Build 22621 (10.0.22621.3958)
OS uptime: 3 days 10:49 hours
Hyper-V role detected

CPU: total 12 (initial active 12) (6 cores per cpu, 2 threads per core) family 6 model 165 stepping 3 microcode 0xf0, cx8, cmov, fxsr, ht, mmx, 3dnowpref, sse, sse2, sse3, ssse3, sse4.1, sse4.2, popcnt, lzcnt, tsc, tscinvbit, avx, avx2, aes, erms, clmul, bmi1, bmi2, adx, fma, vzeroupper, clflush, clflushopt, hv, rdtscp, f16c
Processor Information for all 12 processors :
  Max Mhz: 2904, Current Mhz: 2904, Mhz Limit: 2904

Memory: 4k page, system-wide physical 65386M (49683M free)
TotalPageFile size 69482M (AvailPageFile size 48281M)
current process WorkingSet (physical memory assigned to process): 192M, peak: 192M
current process commit charge ("private bytes"): 258M, peak: 1155M

vm_info: OpenJDK 64-Bit Server VM (21.0.4+7-LTS) for windows-amd64 JRE (21.0.4+7-LTS), built on 2024-07-16T00:00:00Z by "admin" with MS VC++ 17.7 (VS2022)

END.
