#
# A fatal error has been detected by the Java Runtime Environment:
#
#  EXCEPTION_ACCESS_VIOLATION (0xc0000005) at pc=0x00007ff9146867a8, pid=19508, tid=9192
#
# JRE version: OpenJDK Runtime Environment Corretto-22.0.1.8.1 (22.0.1+8) (build 22.0.1+8-FR)
# Java VM: OpenJDK 64-Bit Server VM Corretto-22.0.1.8.1 (22.0.1+8-FR, mixed mode, emulated-client, sharing, tiered, compressed oops, compressed class ptrs, g1 gc, windows-amd64)
# Problematic frame:
# V  [jvm.dll+0x4667a8]
#
# No core dump will be written. Minidumps are not enabled by default on client versions of Windows
#
# If you would like to submit a bug report, please visit:
#   https://github.com/corretto/corretto-22/issues/
#

---------------  S U M M A R Y ------------

Command Line: -javaagent:C:\Users\perso\.gradle\caches\modules-2\files-2.1\io.quarkus\quarkus-class-change-agent\3.15.1\66e2d3905778c0c60403702918c0a5b6e6e9fcd3\quarkus-class-change-agent-3.15.1.jar -Dquarkus-internal.serialized-app-model.path=E:\Repo\Personal\learning\quarkus-examples\getting-started-gradle\build\tmp\quarkusDev\quarkus-app-model.dat -Dquarkus-internal-test.serialized-app-model.path=E:\Repo\Personal\learning\quarkus-examples\getting-started-gradle\build\tmp\quarkusDev\quarkus-app-test-model.dat -XX:TieredStopAtLevel=1 -agentlib:jdwp=transport=dt_socket,address=localhost:58675,server=y,suspend=n -Djava.util.logging.manager=org.jboss.logmanager.LogManager E:\Repo\Personal\learning\quarkus-examples\getting-started-gradle\build\getting-started-gradle-dev.jar

Host: Intel(R) Core(TM) i5-9300H CPU @ 2.40GHz, 8 cores, 15G,  Windows 11 , 64 bit Build 22621 (10.0.22621.3958)
Time: Mon Oct  7 01:47:10 2024 E. Europe Daylight Time elapsed time: 3.661186 seconds (0d 0h 0m 3s)

---------------  T H R E A D  ---------------

Current thread (0x000001638513a290):  JavaThread "build-24"         [_thread_in_vm, id=9192, stack(0x0000004cd6000000,0x0000004cd6100000) (1024K)]

Stack: [0x0000004cd6000000,0x0000004cd6100000],  sp=0x0000004cd60fdc90,  free space=1015k
Native frames: (J=compiled Java code, j=interpreted, Vv=VM code, C=native code)
V  [jvm.dll+0x4667a8]  (no source info available)
C  [jansi.dll+0x104e]  (no source info available)
C  0x00000163b2a60379  (no source info available)

The last pc belongs to native method entry point (kind = native) (printed below).
Java frames: (J=compiled Java code, j=interpreted, Vv=VM code)
j  org.fusesource.jansi.internal.CLibrary.init()V+0
j  org.fusesource.jansi.internal.CLibrary.<clinit>()V+12
v  ~StubRoutines::call_stub 0x00000163b2a5100d
j  org.fusesource.jansi.AnsiConsole.ansiStream(Z)Lorg/fusesource/jansi/AnsiPrintStream;+62
j  org.fusesource.jansi.AnsiConsole.initStreams()V+7
j  org.fusesource.jansi.AnsiConsole.out()Lorg/fusesource/jansi/AnsiPrintStream;+0
j  org.aesh.readline.terminal.impl.WinSysTerminal.<init>(Ljava/lang/String;ZLorg/aesh/terminal/Terminal$SignalHandler;)V+4
j  org.aesh.readline.terminal.impl.WinSysTerminal.<init>(Ljava/lang/String;Z)V+6
j  org.aesh.readline.terminal.TerminalBuilder.createWindowsTerminal(Ljava/lang/String;)Lorg/aesh/terminal/Terminal;+24
j  org.aesh.readline.terminal.TerminalBuilder.build()Lorg/aesh/terminal/Terminal;+125
j  org.aesh.readline.tty.terminal.TerminalConnection.<init>(Ljava/nio/charset/Charset;Ljava/nio/charset/Charset;Ljava/io/InputStream;Ljava/io/OutputStream;Ljava/util/function/Consumer;)V+85
j  org.aesh.readline.tty.terminal.TerminalConnection.<init>(Ljava/util/function/Consumer;)V+14
j  io.quarkus.deployment.console.ConsoleHelper.installConsole(Lio/quarkus/deployment/dev/testing/TestConfig;Lio/quarkus/deployment/console/ConsoleConfig;Lio/quarkus/runtime/console/ConsoleRuntimeConfig;Lio/quarkus/runtime/logging/ConsoleConfig;Z)V+95
j  io.quarkus.deployment.console.ConsoleProcessor.setupConsole(Lio/quarkus/deployment/dev/testing/TestConfig;Lio/quarkus/deployment/annotations/BuildProducer;Lio/quarkus/deployment/builditem/LaunchModeBuildItem;Lio/quarkus/deployment/console/ConsoleConfig;)Lio/quarkus/deployment/console/ConsoleInstalledBuildItem;+101
j  java.lang.invoke.LambdaForm$DMH+0x00000163bf1b0c00.invokeVirtual(Ljava/lang/Object;Ljava/lang/Object;Ljava/lang/Object;Ljava/lang/Object;Ljava/lang/Object;Ljava/lang/Object;)Ljava/lang/Object;+18 java.base@22.0.1
j  java.lang.invoke.LambdaForm$MH+0x00000163bf220400.invoke(Ljava/lang/Object;Ljava/lang/Object;Ljava/lang/Object;Ljava/lang/Object;Ljava/lang/Object;)Ljava/lang/Object;+101 java.base@22.0.1
j  java.lang.invoke.LambdaForm$MH+0x00000163bf212000.invoke(Ljava/lang/Object;Ljava/lang/Object;Ljava/lang/Object;)Ljava/lang/Object;+66 java.base@22.0.1
J 3150 c1 java.lang.invoke.Invokers$Holder.invokeExact_MT(Ljava/lang/Object;Ljava/lang/Object;Ljava/lang/Object;Ljava/lang/Object;)Ljava/lang/Object; java.base@22.0.1 (24 bytes) @ 0x00000163b3265bcc [0x00000163b3265ae0+0x00000000000000ec]
j  java.lang.invoke.MethodHandle.invokeWithArguments([Ljava/lang/Object;)Ljava/lang/Object;+28 java.base@22.0.1
j  io.quarkus.deployment.ExtensionLoader$3.execute(Lio/quarkus/builder/BuildContext;)V+268
j  io.quarkus.builder.BuildContext.run()V+71
j  io.quarkus.builder.BuildContext$$Lambda+0x00000163bf208238.run()V+4
j  org.jboss.threads.ContextHandler$1.runWith(Ljava/lang/Runnable;Ljava/lang/Object;)V+1
j  org.jboss.threads.EnhancedQueueExecutor$Task.doRunWith(Ljava/lang/Runnable;Ljava/lang/Object;)V+9
j  org.jboss.threads.EnhancedQueueExecutor$Task.run()V+61
j  org.jboss.threads.EnhancedQueueExecutor$ThreadBody.run()V+177
j  java.lang.Thread.runWith(Ljava/lang/Object;Ljava/lang/Runnable;)V+5 java.base@22.0.1
j  java.lang.Thread.run()V+19 java.base@22.0.1
j  org.jboss.threads.JBossThread.run()V+12
v  ~StubRoutines::call_stub 0x00000163b2a5100d

siginfo: EXCEPTION_ACCESS_VIOLATION (0xc0000005), reading address 0x0000000000000000


Registers:
RAX=0x0000000000000000, RBX=0x000001638513a290, RCX=0xb5b32b89c2b10000, RDX=0x0000004cd60fddb0
RSP=0x0000004cd60fdc90, RBP=0x0000000000000000, RSI=0x0000000000000000, RDI=0x0000000000000000
R8 =0x0000000000000000, R9 =0x0000016384a02880, R10=0x0000000000000035, R11=0x0000004cd60fdc88
R12=0x0000000000000000, R13=0x0000016381155910, R14=0x0000004cd60fddb8, R15=0x000001638513a290
RIP=0x00007ff9146867a8, EFLAGS=0x0000000000010246


Register to memory mapping:

RAX=0x0 is null
RBX=0x000001638513a290 is a thread
RCX=0xb5b32b89c2b10000 is an unknown value
RDX=0x0000004cd60fddb0 is pointing into the stack for thread: 0x000001638513a290
RSP=0x0000004cd60fdc90 is pointing into the stack for thread: 0x000001638513a290
RBP=0x0 is null
RSI=0x0 is null
RDI=0x0 is null
R8 =0x0 is null
R9 =0x0000016384a02880 points into unknown readable memory: 0x0000000200000002 | 02 00 00 00 02 00 00 00
R10=0x0000000000000035 is an unknown value
R11=0x0000004cd60fdc88 is pointing into the stack for thread: 0x000001638513a290
R12=0x0 is null
R13={method} {0x0000016381155918} 'init' '()V' in 'org/fusesource/jansi/internal/CLibrary'
R14=0x0000004cd60fddb8 is pointing into the stack for thread: 0x000001638513a290
R15=0x000001638513a290 is a thread

Top of Stack: (sp=0x0000004cd60fdc90)
0x0000004cd60fdc90:   000001638513a290 0000004cd60fe138
0x0000004cd60fdca0:   0000004cd60fe138 0000016381155910
0x0000004cd60fdcb0:   0000004cd60fdda0 00007ff91460e105
0x0000004cd60fdcc0:   000000000000001d 0000004cd60fe130
0x0000004cd60fdcd0:   000001638513a290 0000016384a53ef8
0x0000004cd60fdce0:   00000000000007c5 00007ff914c92900
0x0000004cd60fdcf0:   0000004cd60fddb0 00007ff9aa4e104e
0x0000004cd60fdd00:   00000163485029f4 00007ff914e7bc50
0x0000004cd60fdd10:   0000004cd60fdda0 000001638513a650
0x0000004cd60fdd20:   0000004cd60fe138 00000163b2a60379
0x0000004cd60fdd30:   0000016381155910 0000004cd60fe130
0x0000004cd60fdd40:   0000000000000000 0000000000000001
0x0000004cd60fdd50:   00000163b2a5fc82 fffffffffffffff7
0x0000004cd60fdd60:   0000016381155910 0000000000000003
0x0000004cd60fdd70:   0000016381155ff8 0000000000000000
0x0000004cd60fdd80:   0000000705b63a18 0000016381155910
0x0000004cd60fdd90:   0000000000000000 0000004cd60fddc0
0x0000004cd60fdda0:   0000004cd60fde08 00000163b2a590e6
0x0000004cd60fddb0:   0000000705b63a18 00000163b2a5c4b7
0x0000004cd60fddc0:   fffffffffffffff7 0000016381155e1c
0x0000004cd60fddd0:   0000000000000001 0000016381155ff8
0x0000004cd60fdde0:   0000000000000000 0000000705b63a18
0x0000004cd60fddf0:   0000016381155e38 fffffffffffffff7
0x0000004cd60fde00:   0000004cd60fde18 0000004cd60fdef0
0x0000004cd60fde10:   00000163b2a5100d 0000000000000000
0x0000004cd60fde20:   0000000000000000 0000000000000000
0x0000004cd60fde30:   0000000000000000 0000000000000000
0x0000004cd60fde40:   0000000000000000 0000000000000000
0x0000004cd60fde50:   0000000000000000 0000000000000000
0x0000004cd60fde60:   0000000000000000 0000000000000000
0x0000004cd60fde70:   0000000000000000 0000000000000000
0x0000004cd60fde80:   0000000000000000 0000000000000000 

Instructions: (pc=0x00007ff9146867a8)
0x00007ff9146866a8:   49 8b 6b 20 49 8b 73 28 c7 83 54 04 00 00 04 00
0x00007ff9146866b8:   00 00 49 8b 5b 18 49 8b e3 5f c3 cc cc cc cc cc
0x00007ff9146866c8:   cc cc cc cc cc cc cc cc 48 89 5c 24 10 48 89 6c
0x00007ff9146866d8:   24 18 48 89 74 24 20 57 48 83 ec 60 8b 81 b8 00
0x00007ff9146866e8:   00 00 48 8d 99 40 fc ff ff 05 53 21 ff ff 41 8b
0x00007ff9146866f8:   e9 49 8b f0 83 f8 01 77 08 48 8b cb e8 67 d1 f9
0x00007ff914686708:   ff 80 3d 66 ec 85 00 00 c7 83 54 04 00 00 06 00
0x00007ff914686718:   00 00 75 06 e8 0f 11 28 00 90 48 8b 83 58 04 00
0x00007ff914686728:   00 a8 01 74 0d 45 33 c0 b2 01 48 8b cb e8 f6 58
0x00007ff914686738:   2f 00 8b 83 50 04 00 00 a8 0c 74 08 48 8b cb e8
0x00007ff914686748:   54 e6 f9 ff 33 ff c7 83 54 04 00 00 06 00 00 00
0x00007ff914686758:   48 89 5c 24 40 48 89 7c 24 48 48 39 7b 08 74 0a
0x00007ff914686768:   48 8d 4c 24 40 e8 9e f4 2b 00 40 38 3d 04 4e 87
0x00007ff914686778:   00 74 2d 4c 8b 0e 48 8d 44 24 70 48 89 44 24 38
0x00007ff914686788:   45 33 c0 c6 44 24 30 49 33 d2 c6 44 24 28 01 48
0x00007ff914686798:   8b cb 48 89 74 24 20 89 6c 24 70 e8 38 8f 14 00
0x00007ff9146867a8:   48 8b 06 48 8b 48 70 48 85 c9 74 09 ff 15 66 98
0x00007ff9146867b8:   7e 00 48 8b f8 48 63 4e 10 89 2c 39 48 83 7c 24
0x00007ff9146867c8:   48 00 74 0a 48 8d 4c 24 40 e8 ba f4 2b 00 48 8b
0x00007ff9146867d8:   bb 98 01 00 00 48 8b 4f 10 48 83 39 00 74 0c 48
0x00007ff9146867e8:   8b cf e8 a1 dc f4 ff 48 8b 4f 10 48 8b 47 08 48
0x00007ff9146867f8:   89 48 10 48 8b 4f 08 48 8b 47 18 48 89 41 18 48
0x00007ff914686808:   8b 4f 08 48 8b 47 20 48 89 41 20 48 8d 8b a0 03
0x00007ff914686818:   00 00 e8 f1 21 ec ff 4c 8d 5c 24 60 90 49 8b 6b
0x00007ff914686828:   20 49 8b 73 28 c7 83 54 04 00 00 04 00 00 00 49
0x00007ff914686838:   8b 5b 18 49 8b e3 5f c3 48 89 5c 24 10 48 89 6c
0x00007ff914686848:   24 18 48 89 74 24 20 57 48 83 ec 60 8b 81 b8 00
0x00007ff914686858:   00 00 48 8d 99 40 fc ff ff 05 53 21 ff ff 49 8b
0x00007ff914686868:   e9 49 8b f0 83 f8 01 77 08 48 8b cb e8 f7 cf f9
0x00007ff914686878:   ff 80 3d f6 ea 85 00 00 c7 83 54 04 00 00 06 00
0x00007ff914686888:   00 00 75 06 e8 9f 0f 28 00 90 48 8b 83 58 04 00
0x00007ff914686898:   00 a8 01 74 0d 45 33 c0 b2 01 48 8b cb e8 86 57 


Stack slot to memory mapping:

stack at sp + 0 slots: 0x000001638513a290 is a thread
stack at sp + 1 slots: 0x0000004cd60fe138 is pointing into the stack for thread: 0x000001638513a290
stack at sp + 2 slots: 0x0000004cd60fe138 is pointing into the stack for thread: 0x000001638513a290
stack at sp + 3 slots: {method} {0x0000016381155918} 'init' '()V' in 'org/fusesource/jansi/internal/CLibrary'
stack at sp + 4 slots: 0x0000004cd60fdda0 is pointing into the stack for thread: 0x000001638513a290
stack at sp + 5 slots: 0x00007ff91460e105 jvm.dll
stack at sp + 6 slots: 0x000000000000001d is an unknown value
stack at sp + 7 slots: 0x0000004cd60fe130 is pointing into the stack for thread: 0x000001638513a290

native method entry point (kind = native)  [0x00000163b2a5fc00, 0x00000163b2a60e00]  4608 bytes
[MachCode]
  0x00000163b2a5fc00: 488b 4b08 | 0fb7 492e | 584c 8d74 | ccf8 6800 | 0000 0068 | 0000 0000 | 5055 488b | ec41 5568 
  0x00000163b2a5fc20: 0000 0000 | 4c8b 6b08 | 4d8d 6d38 | 5348 8b53 | 0848 8b52 | 0848 8b52 | 1848 8b52 | 7048 8b12 
  0x00000163b2a5fc40: 5268 0000 | 0000 488b | 5308 488b | 5208 488b | 5210 5249 | 8bc6 482b | c548 c1e8 | 0350 6800 
  0x00000163b2a5fc60: 0000 0068 | f7ff ffff | 41c6 8781 | 0400 0001 | 488b 4318 | 4885 c00f | 8567 0100 | 00e8 0500 
  0x00000163b2a5fc80: 0000 e950 | 0100 0048 | 8bd3 488d | 4424 084c | 896d c049 | 8bcf c5f8 | 7749 89af | b003 0000 
  0x00000163b2a5fca0: 4989 87a0 | 0300 0048 | 83ec 2040 | f6c4 0f0f | 8419 0000 | 0048 83ec | 0848 b8a0 | b960 14f9 
  0x00000163b2a5fcc0: 7f00 00ff | d048 83c4 | 08e9 0c00 | 0000 48b8 | a0b9 6014 | f97f 0000 | ffd0 4883 | c420 49c7 
  0x00000163b2a5fce0: 87a0 0300 | 0000 0000 | 0049 c787 | b003 0000 | 0000 0000 | 49c7 87a8 | 0300 0000 | 0000 00c5 
  0x00000163b2a5fd00: f877 418b | 8f34 0500 | 00f6 c101 | 0f84 4200 | 0000 f6c1 | 020f 8539 | 0000 0048 | 83ec 2040 
  0x00000163b2a5fd20: f6c4 0f0f | 8419 0000 | 0048 83ec | 0848 b860 | 8d60 14f9 | 7f00 00ff | d048 83c4 | 08e9 0c00 
  0x00000163b2a5fd40: 0000 48b8 | 608d 6014 | f97f 0000 | ffd0 4883 | c420 ffe0 | 498b 8fe0 | 0500 0048 | 85c9 0f84 
  0x00000163b2a5fd60: 5500 0000 | 8b89 9c00 | 0000 83f9 | 010f 8546 | 0000 0049 | 8b8f e005 | 0000 8b89 | a000 0000 
  0x00000163b2a5fd80: 4883 ec20 | 40f6 c40f | 0f84 1900 | 0000 4883 | ec08 48b8 | 508d 6014 | f97f 0000 | ffd0 4883 
  0x00000163b2a5fda0: c408 e90c | 0000 0048 | b850 8d60 | 14f9 7f00 | 00ff d048 | 83c4 20ff | e049 837f | 0800 0f84 
  0x00000163b2a5fdc0: 0500 0000 | e937 11ff | ff4c 8b6d | c04c 8b75 | c84e 8d74 | f500 c348 | 8b43 1848 | 85c0 0f84 
  0x00000163b2a5fde0: 1200 0000 | 8b48 0883 | c102 8948 | 0823 481c | 0f84 9f0e | 0000 493b | a7f0 0400 | 000f 8748 
  0x00000163b2a5fe00: 0000 0089 | 8424 00f0 | ffff 8984 | 2400 e0ff | ff89 8424 | 00d0 ffff | 8984 2400 | c0ff ff89 
  0x00000163b2a5fe20: 8424 00b0 | ffff 8984 | 2400 a0ff | ff89 8424 | 0090 ffff | 8984 2400 | 80ff ff49 | 3ba7 e804 
  0x00000163b2a5fe40: 0000 7607 | 4989 a7f0 | 0400 0041 | c687 8104 | 0000 0041 | 8b97 e805 | 0000 85d2 | 0f84 5701 
  0x00000163b2a5fe60: 0000 e805 | 0000 00e9 | 4d01 0000 | 488d 4424 | 084c 896d | c049 8bcf | c5f8 7749 | 89af b003 
  0x00000163b2a5fe80: 0000 4989 | 87a0 0300 | 0048 83ec | 2040 f6c4 | 0f0f 8419 | 0000 0048 | 83ec 0848 | b880 de60 
  0x00000163b2a5fea0: 14f9 7f00 | 00ff d048 | 83c4 08e9 | 0c00 0000 | 48b8 80de | 6014 f97f | 0000 ffd0 | 4883 c420 
  0x00000163b2a5fec0: 49c7 87a0 | 0300 0000 | 0000 0049 | c787 b003 | 0000 0000 | 0000 49c7 | 87a8 0300 | 0000 0000 
  0x00000163b2a5fee0: 00c5 f877 | 418b 8f34 | 0500 00f6 | c101 0f84 | 4200 0000 | f6c1 020f | 8539 0000 | 0048 83ec 
  0x00000163b2a5ff00: 2040 f6c4 | 0f0f 8419 | 0000 0048 | 83ec 0848 | b860 8d60 | 14f9 7f00 | 00ff d048 | 83c4 08e9 
  0x00000163b2a5ff20: 0c00 0000 | 48b8 608d | 6014 f97f | 0000 ffd0 | 4883 c420 | ffe0 498b | 8fe0 0500 | 0048 85c9 
  0x00000163b2a5ff40: 0f84 5500 | 0000 8b89 | 9c00 0000 | 83f9 010f | 8546 0000 | 0049 8b8f | e005 0000 | 8b89 a000 
  0x00000163b2a5ff60: 0000 4883 | ec20 40f6 | c40f 0f84 | 1900 0000 | 4883 ec08 | 48b8 508d | 6014 f97f | 0000 ffd0 
  0x00000163b2a5ff80: 4883 c408 | e90c 0000 | 0048 b850 | 8d60 14f9 | 7f00 00ff | d048 83c4 | 20ff e049 | 837f 0800 
  0x00000163b2a5ffa0: 0f84 0500 | 0000 e955 | 0fff ff4c | 8b6d c04c | 8b75 c84e | 8d74 f500 | c349 baf8 | 53ee 14f9 
  0x00000163b2a5ffc0: 7f00 0041 | 803a 000f | 843e 0000 | 0048 8b55 | e849 8bcf | 4883 ec20 | 40f6 c40f | 0f84 1900 
  0x00000163b2a5ffe0: 0000 4883 | ec08 48b8 | 7013 9814 | f97f 0000 | ffd0 4883 | c408 e90c | 0000 0048 | b870 1398 
  0x00000163b2a60000: 14f9 7f00 | 00ff d048 | 83c4 2048 | 8b5d e84c | 8b5b 0845 | 0fb7 5b2e | 41c1 e303 | 492b e348 
  0x00000163b2a60020: 83ec 2048 | 83e4 f04c | 8b5b 604d | 85db 0f85 | 6201 0000 | e805 0000 | 00e9 5001 | 0000 488b 
  0x00000163b2a60040: d348 8d44 | 2408 4c89 | 6dc0 498b | cfc5 f877 | 4989 afb0 | 0300 0049 | 8987 a003 | 0000 4883 
  0x00000163b2a60060: ec20 40f6 | c40f 0f84 | 1900 0000 | 4883 ec08 | 48b8 90e0 | 6014 f97f | 0000 ffd0 | 4883 c408 
  0x00000163b2a60080: e90c 0000 | 0048 b890 | e060 14f9 | 7f00 00ff | d048 83c4 | 2049 c787 | a003 0000 | 0000 0000 
  0x00000163b2a600a0: 49c7 87b0 | 0300 0000 | 0000 0049 | c787 a803 | 0000 0000 | 0000 c5f8 | 7741 8b8f | 3405 0000 
  0x00000163b2a600c0: f6c1 010f | 8442 0000 | 00f6 c102 | 0f85 3900 | 0000 4883 | ec20 40f6 | c40f 0f84 | 1900 0000 
  0x00000163b2a600e0: 4883 ec08 | 48b8 608d | 6014 f97f | 0000 ffd0 | 4883 c408 | e90c 0000 | 0048 b860 | 8d60 14f9 
  0x00000163b2a60100: 7f00 00ff | d048 83c4 | 20ff e049 | 8b8f e005 | 0000 4885 | c90f 8455 | 0000 008b | 899c 0000 
  0x00000163b2a60120: 0083 f901 | 0f85 4600 | 0000 498b | 8fe0 0500 | 008b 89a0 | 0000 0048 | 83ec 2040 | f6c4 0f0f 
  0x00000163b2a60140: 8419 0000 | 0048 83ec | 0848 b850 | 8d60 14f9 | 7f00 00ff | d048 83c4 | 08e9 0c00 | 0000 48b8 
  0x00000163b2a60160: 508d 6014 | f97f 0000 | ffd0 4883 | c420 ffe0 | 4983 7f08 | 000f 8405 | 0000 00e9 | 800d ffff 
  0x00000163b2a60180: 4c8b 6dc0 | 4c8b 75c8 | 4e8d 74f5 | 00c3 488b | 5de8 4c8b | 5b60 41ff | d348 8b5d | e848 8945 
  0x00000163b2a601a0: 1844 8b5b | 2841 f6c3 | 080f 841b | 0000 004c | 8b5b 084d | 8b5b 084d | 8b5b 184d | 8b5b 704d 
  0x00000163b2a601c0: 8b1b 4c89 | 5d10 488d | 5510 488b | 4358 49ba | 8068 9814 | f97f 0000 | 493b c20f | 8562 0100 
  0x00000163b2a601e0: 00e8 0500 | 0000 e950 | 0100 0048 | 8bd3 488d | 4424 084c | 896d c049 | 8bcf c5f8 | 7749 89af 
  0x00000163b2a60200: b003 0000 | 4989 87a0 | 0300 0048 | 83ec 2040 | f6c4 0f0f | 8419 0000 | 0048 83ec | 0848 b890 
  0x00000163b2a60220: e060 14f9 | 7f00 00ff | d048 83c4 | 08e9 0c00 | 0000 48b8 | 90e0 6014 | f97f 0000 | ffd0 4883 
  0x00000163b2a60240: c420 49c7 | 87a0 0300 | 0000 0000 | 0049 c787 | b003 0000 | 0000 0000 | 49c7 87a8 | 0300 0000 
  0x00000163b2a60260: 0000 00c5 | f877 418b | 8f34 0500 | 00f6 c101 | 0f84 4200 | 0000 f6c1 | 020f 8539 | 0000 0048 
  0x00000163b2a60280: 83ec 2040 | f6c4 0f0f | 8419 0000 | 0048 83ec | 0848 b860 | 8d60 14f9 | 7f00 00ff | d048 83c4 
  0x00000163b2a602a0: 08e9 0c00 | 0000 48b8 | 608d 6014 | f97f 0000 | ffd0 4883 | c420 ffe0 | 498b 8fe0 | 0500 0048 
  0x00000163b2a602c0: 85c9 0f84 | 5500 0000 | 8b89 9c00 | 0000 83f9 | 010f 8546 | 0000 0049 | 8b8f e005 | 0000 8b89 
  0x00000163b2a602e0: a000 0000 | 4883 ec20 | 40f6 c40f | 0f84 1900 | 0000 4883 | ec08 48b8 | 508d 6014 | f97f 0000 
  0x00000163b2a60300: ffd0 4883 | c408 e90c | 0000 0048 | b850 8d60 | 14f9 7f00 | 00ff d048 | 83c4 20ff | e049 837f 
  0x00000163b2a60320: 0800 0f84 | 0500 0000 | e9d3 0bff | ff4c 8b6d | c04c 8b75 | c84e 8d74 | f500 c348 | 8b5d e848 
  0x00000163b2a60340: 8b43 5849 | 8d8f c003 | 0000 c5f8 | 7749 89af | b003 0000 | 49ba 4a03 | a6b2 6301 | 0000 4d89 
  0x00000163b2a60360: 97a8 0300 | 0049 89a7 | a003 0000 | 41c7 8754 | 0400 0004 | 0000 00ff | d0c5 f877 | 4883 ec10 
  0x00000163b2a60380: c5fb 1104 | 2448 83ec | 1048 8904 | 2448 c744 | 2408 0000 | 0000 41c7 | 8754 0400 | 0005 0000 
  0x00000163b2a603a0: 00f0 8344 | 24c0 0049 | 3baf 5804 | 0000 0f87 | 0e00 0000 | 4183 bf50 | 0400 0000 | 0f84 2000 
  0x00000163b2a603c0: 0000 498b | cf4c 8be4 | 4883 ec20 | 4883 e4f0 | 48b8 703a | 6214 f97f | 0000 ffd0 | 498b e44d 
  0x00000163b2a603e0: 33e4 41c7 | 8754 0400 | 0008 0000 | 0049 c787 | a003 0000 | 0000 0000 | 49c7 87b0 | 0300 0000 
  0x00000163b2a60400: 0000 0049 | c787 a803 | 0000 0000 | 0000 c5f8 | 774d 8b9f | 3004 0000 | 41c7 8300 | 0100 0000 
  0x00000163b2a60420: 0000 0049 | bbba c4a5 | b263 0100 | 004c 3b5d | 180f 8524 | 0200 0048 | 8b04 2448 | 83c4 1048 
  0x00000163b2a60440: 85c0 0f84 | fe01 0000 | a803 0f85 | 0800 0000 | 488b 00e9 | ee01 0000 | a801 0f85 | 0900 0000 
  0x00000163b2a60460: 488b 40fe | e9dd 0100 | 0048 8b40 | ff41 807f | 3800 0f84 | ce01 0000 | 4883 f800 | 0f84 c401 
  0x00000163b2a60480: 0000 4d8b | 5f28 4983 | fb00 0f84 | 1400 0000 | 4983 eb08 | 4d89 5f28 | 4d03 5f30 | 4989 03e9 
  0x00000163b2a604a0: a201 0000 | 4881 ecd0 | 0000 0048 | 8904 2448 | 894c 2408 | 4889 5424 | 1048 8974 | 2418 4889 
  0x00000163b2a604c0: 7c24 204c | 8944 2428 | 4c89 4c24 | 304c 8954 | 2438 4c89 | 5c24 40c5 | fb11 4424 | 50c5 fb11 
  0x00000163b2a604e0: 4c24 58c5 | fb11 5424 | 60c5 fb11 | 5c24 68c5 | fb11 6424 | 70c5 fb11 | 6c24 78c5 | fb11 b424 
  0x00000163b2a60500: 8000 0000 | c5fb 11bc | 2488 0000 | 00c5 7b11 | 8424 9000 | 0000 c57b | 118c 2498 | 0000 00c5 
  0x00000163b2a60520: 7b11 9424 | a000 0000 | c57b 119c | 24a8 0000 | 00c5 7b11 | a424 b000 | 0000 c57b | 11ac 24b8 
  0x00000163b2a60540: 0000 00c5 | 7b11 b424 | c000 0000 | c57b 11bc | 24c8 0000 | 0049 8bd7 | 488b c848 | 83ec 2040 
  0x00000163b2a60560: f6c4 0f0f | 8419 0000 | 0048 83ec | 0848 b840 | 3f55 14f9 | 7f00 00ff | d048 83c4 | 08e9 0c00 
  0x00000163b2a60580: 0000 48b8 | 403f 5514 | f97f 0000 | ffd0 4883 | c420 c57b | 10bc 24c8 | 0000 00c5 | 7b10 b424 
  0x00000163b2a605a0: c000 0000 | c57b 10ac | 24b8 0000 | 00c5 7b10 | a424 b000 | 0000 c57b | 109c 24a8 | 0000 00c5 
  0x00000163b2a605c0: 7b10 9424 | a000 0000 | c57b 108c | 2498 0000 | 00c5 7b10 | 8424 9000 | 0000 c5fb | 10bc 2488 
  0x00000163b2a605e0: 0000 00c5 | fb10 b424 | 8000 0000 | c5fb 106c | 2478 c5fb | 1064 2470 | c5fb 105c | 2468 c5fb 
  0x00000163b2a60600: 1054 2460 | c5fb 104c | 2458 c5fb | 1044 2450 | 4c8b 5c24 | 404c 8b54 | 2438 4c8b | 4c24 304c 
  0x00000163b2a60620: 8b44 2428 | 488b 7c24 | 2048 8b74 | 2418 488b | 5424 1048 | 8b4c 2408 | 488b 0424 | 4881 c4d0 
  0x00000163b2a60640: 0000 00c5 | f877 4889 | 4510 4883 | ec10 4889 | 0424 48c7 | 4424 0800 | 0000 0041 | 83bf d004 
  0x00000163b2a60660: 0000 020f | 85bf 0000 | 0048 81ec | 8000 0000 | 4889 4424 | 7848 894c | 2470 4889 | 5424 6848 
  0x00000163b2a60680: 895c 2460 | 4889 6c24 | 5048 8974 | 2448 4889 | 7c24 404c | 8944 2438 | 4c89 4c24 | 304c 8954 
  0x00000163b2a606a0: 2428 4c89 | 5c24 204c | 8964 2418 | 4c89 6c24 | 104c 8974 | 2408 4c89 | 3c24 4c8b | e448 83ec 
  0x00000163b2a606c0: 2048 83e4 | f048 b850 | 4b98 14f9 | 7f00 00ff | d049 8be4 | 4c8b 3c24 | 4c8b 7424 | 084c 8b6c 
  0x00000163b2a606e0: 2410 4c8b | 6424 184c | 8b5c 2420 | 4c8b 5424 | 284c 8b4c | 2430 4c8b | 4424 3848 | 8b7c 2440 
  0x00000163b2a60700: 488b 7424 | 4848 8b6c | 2450 488b | 5c24 6048 | 8b54 2468 | 488b 4c24 | 7048 8b44 | 2478 4881 
  0x00000163b2a60720: c480 0000 | 004d 33e4 | 488b 5de8 | 4c8b 6b08 | 4d8d 6d38 | 4983 7f08 | 000f 8472 | 0100 00e8 
  0x00000163b2a60740: 0500 0000 | e94d 0100 | 0048 8d44 | 2408 4c89 | 6dc0 498b | cfc5 f877 | 4989 afb0 | 0300 0049 
  0x00000163b2a60760: 8987 a003 | 0000 4883 | ec20 40f6 | c40f 0f84 | 1900 0000 | 4883 ec08 | 48b8 c0fe | 6014 f97f 
  0x00000163b2a60780: 0000 ffd0 | 4883 c408 | e90c 0000 | 0048 b8c0 | fe60 14f9 | 7f00 00ff | d048 83c4 | 2049 c787 
  0x00000163b2a607a0: a003 0000 | 0000 0000 | 49c7 87b0 | 0300 0000 | 0000 0049 | c787 a803 | 0000 0000 | 0000 c5f8 
  0x00000163b2a607c0: 7741 8b8f | 3405 0000 | f6c1 010f | 8442 0000 | 00f6 c102 | 0f85 3900 | 0000 4883 | ec20 40f6 
  0x00000163b2a607e0: c40f 0f84 | 1900 0000 | 4883 ec08 | 48b8 608d | 6014 f97f | 0000 ffd0 | 4883 c408 | e90c 0000 
  0x00000163b2a60800: 0048 b860 | 8d60 14f9 | 7f00 00ff | d048 83c4 | 20ff e049 | 8b8f e005 | 0000 4885 | c90f 8455 
  0x00000163b2a60820: 0000 008b | 899c 0000 | 0083 f901 | 0f85 4600 | 0000 498b | 8fe0 0500 | 008b 89a0 | 0000 0048 
  0x00000163b2a60840: 83ec 2040 | f6c4 0f0f | 8419 0000 | 0048 83ec | 0848 b850 | 8d60 14f9 | 7f00 00ff | d048 83c4 
  0x00000163b2a60860: 08e9 0c00 | 0000 48b8 | 508d 6014 | f97f 0000 | ffd0 4883 | c420 ffe0 | 4983 7f08 | 000f 8405 
  0x00000163b2a60880: 0000 00e9 | 7806 ffff | 4c8b 6dc0 | 4c8b 75c8 | 4e8d 74f5 | 00c3 48b9 | 48a2 c414 | f97f 0000 
  0x00000163b2a608a0: 4883 e4f0 | 48b8 60ad | 8614 f97f | 0000 ffd0 | f444 8b5b | 2841 f6c3 | 200f 84fb | 0100 0048 
  0x00000163b2a608c0: 8d55 a84c | 8b5a 084d | 85db 0f85 | 7201 0000 | e805 0000 | 00e9 4d01 | 0000 488d | 4424 084c 
  0x00000163b2a608e0: 896d c049 | 8bcf c5f8 | 7749 89af | b003 0000 | 4989 87a0 | 0300 0048 | 83ec 2040 | f6c4 0f0f 
  0x00000163b2a60900: 8419 0000 | 0048 83ec | 0848 b8f0 | fd60 14f9 | 7f00 00ff | d048 83c4 | 08e9 0c00 | 0000 48b8 
  0x00000163b2a60920: f0fd 6014 | f97f 0000 | ffd0 4883 | c420 49c7 | 87a0 0300 | 0000 0000 | 0049 c787 | b003 0000 
  0x00000163b2a60940: 0000 0000 | 49c7 87a8 | 0300 0000 | 0000 00c5 | f877 418b | 8f34 0500 | 00f6 c101 | 0f84 4200 
  0x00000163b2a60960: 0000 f6c1 | 020f 8539 | 0000 0048 | 83ec 2040 | f6c4 0f0f | 8419 0000 | 0048 83ec | 0848 b860 
  0x00000163b2a60980: 8d60 14f9 | 7f00 00ff | d048 83c4 | 08e9 0c00 | 0000 48b8 | 608d 6014 | f97f 0000 | ffd0 4883 
  0x00000163b2a609a0: c420 ffe0 | 498b 8fe0 | 0500 0048 | 85c9 0f84 | 5500 0000 | 8b89 9c00 | 0000 83f9 | 010f 8546 
  0x00000163b2a609c0: 0000 0049 | 8b8f e005 | 0000 8b89 | a000 0000 | 4883 ec20 | 40f6 c40f | 0f84 1900 | 0000 4883 
  0x00000163b2a609e0: ec08 48b8 | 508d 6014 | f97f 0000 | ffd0 4883 | c408 e90c | 0000 0048 | b850 8d60 | 14f9 7f00 
  0x00000163b2a60a00: 00ff d048 | 83c4 20ff | e049 837f | 0800 0f84 | 0500 0000 | e9e7 04ff | ff4c 8b6d | c04c 8b75 
  0x00000163b2a60a20: c84e 8d74 | f500 c348 | b948 a2c4 | 14f9 7f00 | 0048 83e4 | f048 b860 | ad86 14f9 | 7f00 00ff 
  0x00000163b2a60a40: d0f4 4c89 | 6dc0 488d | 024c 8b4a | 0848 c742 | 0800 0000 | 004c 8b00 | 4d85 c00f | 840b 0000 
  0x00000163b2a60a60: 00f0 4d0f | b101 0f85 | 0c00 0000 | 49ff 8f58 | 0500 00e9 | 3e00 0000 | 4c89 4a08 | 488b ca48 
  0x00000163b2a60a80: 83ec 2040 | f6c4 0f0f | 8419 0000 | 0048 83ec | 0848 b8a0 | d060 14f9 | 7f00 00ff | d048 83c4 
  0x00000163b2a60aa0: 08e9 0c00 | 0000 48b8 | a0d0 6014 | f97f 0000 | ffd0 4883 | c420 4c8b | 6dc0 418b | 97e8 0500 
  0x00000163b2a60ac0: 0085 d20f | 8457 0100 | 00e8 0500 | 0000 e94d | 0100 0048 | 8d44 2408 | 4c89 6dc0 | 498b cfc5 
  0x00000163b2a60ae0: f877 4989 | afb0 0300 | 0049 8987 | a003 0000 | 4883 ec20 | 40f6 c40f | 0f84 1900 | 0000 4883 
  0x00000163b2a60b00: ec08 48b8 | c0df 6014 | f97f 0000 | ffd0 4883 | c408 e90c | 0000 0048 | b8c0 df60 | 14f9 7f00 
  0x00000163b2a60b20: 00ff d048 | 83c4 2049 | c787 a003 | 0000 0000 | 0000 49c7 | 87b0 0300 | 0000 0000 | 0049 c787 
  0x00000163b2a60b40: a803 0000 | 0000 0000 | c5f8 7741 | 8b8f 3405 | 0000 f6c1 | 010f 8442 | 0000 00f6 | c102 0f85 
  0x00000163b2a60b60: 3900 0000 | 4883 ec20 | 40f6 c40f | 0f84 1900 | 0000 4883 | ec08 48b8 | 608d 6014 | f97f 0000 
  0x00000163b2a60b80: ffd0 4883 | c408 e90c | 0000 0048 | b860 8d60 | 14f9 7f00 | 00ff d048 | 83c4 20ff | e049 8b8f 
  0x00000163b2a60ba0: e005 0000 | 4885 c90f | 8455 0000 | 008b 899c | 0000 0083 | f901 0f85 | 4600 0000 | 498b 8fe0 
  0x00000163b2a60bc0: 0500 008b | 89a0 0000 | 0048 83ec | 2040 f6c4 | 0f0f 8419 | 0000 0048 | 83ec 0848 | b850 8d60 
  0x00000163b2a60be0: 14f9 7f00 | 00ff d048 | 83c4 08e9 | 0c00 0000 | 48b8 508d | 6014 f97f | 0000 ffd0 | 4883 c420 
  0x00000163b2a60c00: ffe0 4983 | 7f08 000f | 8405 0000 | 00e9 ee02 | ffff 4c8b | 6dc0 4c8b | 75c8 4e8d | 74f5 00c3 
  0x00000163b2a60c20: 49ba f853 | ee14 f97f | 0000 4180 | 3a00 0f84 | 3e00 0000 | 488b 55e8 | 498b cf48 | 83ec 2040 
  0x00000163b2a60c40: f6c4 0f0f | 8419 0000 | 0048 83ec | 0848 b870 | 1398 14f9 | 7f00 00ff | d048 83c4 | 08e9 0c00 
  0x00000163b2a60c60: 0000 48b8 | 7013 9814 | f97f 0000 | ffd0 4883 | c420 488b | 0424 4883 | c410 c5fb | 1004 2448 
  0x00000163b2a60c80: 83c4 104c | 8b5d 1841 | ffd3 4c8b | 5df8 c95f | 498b e3ff | e7ba 0000 | 0000 e805 | 0000 00e9 
  0x00000163b2a60ca0: 4d01 0000 | 488d 4424 | 084c 896d | c049 8bcf | c5f8 7749 | 89af b003 | 0000 4989 | 87a0 0300 
  0x00000163b2a60cc0: 0048 83ec | 2040 f6c4 | 0f0f 8419 | 0000 0048 | 83ec 0848 | b870 c460 | 14f9 7f00 | 00ff d048 
  0x00000163b2a60ce0: 83c4 08e9 | 0c00 0000 | 48b8 70c4 | 6014 f97f | 0000 ffd0 | 4883 c420 | 49c7 87a0 | 0300 0000 
  0x00000163b2a60d00: 0000 0049 | c787 b003 | 0000 0000 | 0000 49c7 | 87a8 0300 | 0000 0000 | 00c5 f877 | 418b 8f34 
  0x00000163b2a60d20: 0500 00f6 | c101 0f84 | 4200 0000 | f6c1 020f | 8539 0000 | 0048 83ec | 2040 f6c4 | 0f0f 8419 
  0x00000163b2a60d40: 0000 0048 | 83ec 0848 | b860 8d60 | 14f9 7f00 | 00ff d048 | 83c4 08e9 | 0c00 0000 | 48b8 608d 
  0x00000163b2a60d60: 6014 f97f | 0000 ffd0 | 4883 c420 | ffe0 498b | 8fe0 0500 | 0048 85c9 | 0f84 5500 | 0000 8b89 
  0x00000163b2a60d80: 9c00 0000 | 83f9 010f | 8546 0000 | 0049 8b8f | e005 0000 | 8b89 a000 | 0000 4883 | ec20 40f6 
  0x00000163b2a60da0: c40f 0f84 | 1900 0000 | 4883 ec08 | 48b8 508d | 6014 f97f | 0000 ffd0 | 4883 c408 | e90c 0000 
  0x00000163b2a60dc0: 0048 b850 | 8d60 14f9 | 7f00 00ff | d048 83c4 | 20ff e049 | 837f 0800 | 0f84 0500 | 0000 e91d 
  0x00000163b2a60de0: 01ff ff4c | 8b6d c04c | 8b75 c84e | 8d74 f500 | c348 8b5d | e8e9 fcef | ffff 660f | 1f44 0000 
[/MachCode]

Compiled method (c1) 3794 3150       1       java.lang.invoke.Invokers$Holder::invokeExact_MT (24 bytes)
 total in heap  [0x00000163b3265910,0x00000163b3265e90] = 1408
 relocation     [0x00000163b3265a68,0x00000163b3265ad8] = 112
 main code      [0x00000163b3265ae0,0x00000163b3265c80] = 416
 stub code      [0x00000163b3265c80,0x00000163b3265cf0] = 112
 metadata       [0x00000163b3265cf0,0x00000163b3265d20] = 48
 scopes data    [0x00000163b3265d20,0x00000163b3265db0] = 144
 scopes pcs     [0x00000163b3265db0,0x00000163b3265e60] = 176
 dependencies   [0x00000163b3265e60,0x00000163b3265e70] = 16
 nul chk table  [0x00000163b3265e70,0x00000163b3265e90] = 32

[Constant Pool (empty)]

[MachCode]
[Verified Entry Point]
  # {method} {0x00000163be0939e0} 'invokeExact_MT' '(Ljava/lang/Object;Ljava/lang/Object;Ljava/lang/Object;Ljava/lang/Object;)Ljava/lang/Object;' in 'java/lang/invoke/Invokers$Holder'
  # parm0:    rdx:rdx   = 'java/lang/Object'
  # parm1:    r8:r8     = 'java/lang/Object'
  # parm2:    r9:r9     = 'java/lang/Object'
  # parm3:    rdi:rdi   = 'java/lang/Object'
  #           [sp+0x90]  (sp of caller)
  0x00000163b3265ae0: 8984 2400 | 80ff ff55 | 4881 ec80 | 0000 0090 | 4181 7f20 | 0300 0000 

  0x00000163b3265af8: ;   {runtime_call StubRoutines (final stubs)}
  0x00000163b3265af8: 7405 e8e1 | f181 ff4c | 8944 2448 | 4c89 4c24 | 5048 897c | 2460 4885 | d20f 8429 

  0x00000163b3265b14: ;   {metadata('java/lang/invoke/MethodHandle')}
  0x00000163b3265b14: 0000 0048 | b9e0 2705 | be63 0100 | 008b 4208 | 49ba 0000 | 00be 6301 | 0000 4903 | c248 3b48 
  0x00000163b3265b34: 380f 85e4 | 0000 00e9 | 0000 0000 | 488b f248 | 8974 2458 | 4885 ff0f | 8428 0000 

  0x00000163b3265b50: ;   {metadata('java/lang/invoke/MethodType')}
  0x00000163b3265b50: 0048 b908 | 1a05 be63 | 0100 008b | 5708 49ba | 0000 00be | 6301 0000 | 4903 d248 | 3bca 0f85 
  0x00000163b3265b70: b400 0000 | e900 0000 | 0048 8bdf 

  0x00000163b3265b7c: ; implicit exception: dispatches to 0x00000163b3265c31
  0x00000163b3265b7c: 8b46 1048 | c1e0 0348 | 3bc3 0f85 | 5e00 0000 | 8b56 1448 | c1e2 038b | 521c 48c1 | e203 4885 
  0x00000163b3265b9c: d20f 8511 | 0000 0048 

  0x00000163b3265ba4: ;   {static_call}
  0x00000163b3265ba4: 8bd6 90e8 

  0x00000163b3265ba8: ; ImmutableOopMap {[72]=Oop [80]=Oop [88]=Oop [96]=Oop }
                      ;*invokestatic maybeCustomize {reexecute=0 rethrow=0 return_oop=0}
                      ; - java.lang.invoke.Invokers::checkCustomized@19 (line 626)
                      ; - java.lang.invoke.Invokers$Holder::invokeExact_MT@14
  0x00000163b3265ba8: 7420 c0ff 

  0x00000163b3265bac: ;   {other}
  0x00000163b3265bac: 0f1f 8400 | 9c02 0000 | 4c8b 4424 | 484c 8b4c | 2450 488b | 5424 580f 

  0x00000163b3265bc4: ;   {optimized virtual_call}
  0x00000163b3265bc4: 1f40 00e8 

  0x00000163b3265bc8: ; ImmutableOopMap {[72]=Oop [80]=Oop [88]=Oop [96]=Oop }
                      ;*invokevirtual invokeBasic {reexecute=0 rethrow=0 return_oop=0}
                      ; - java.lang.invoke.Invokers$Holder::invokeExact_MT@20
  0x00000163b3265bc8: b494 a9ff 

  0x00000163b3265bcc: ;   {other}
  0x00000163b3265bcc: 0f1f 8400 | bc02 0001 | 4881 c480 | 0000 005d 

  0x00000163b3265bdc: ;   {poll_return}
  0x00000163b3265bdc: 493b a758 | 0400 000f | 8752 0000 | 00c3 488b | d04c 8bc3 | 4889 5c24 | 7048 8944 | 2468 0f1f 
  0x00000163b3265bfc: ;   {static_call}
  0x00000163b3265bfc: 4400 00e8 

  0x00000163b3265c00: ; ImmutableOopMap {[72]=Oop [80]=Oop [88]=Oop [96]=Oop [104]=Oop [112]=Oop }
                      ;*invokestatic newWrongMethodTypeException {reexecute=0 rethrow=0 return_oop=0}
                      ; - java.lang.invoke.Invokers::checkExactType@12 (line 530)
                      ; - java.lang.invoke.Invokers$Holder::invokeExact_MT@10
  0x00000163b3265c00: 7c94 83ff 

  0x00000163b3265c04: ;   {other}
  0x00000163b3265c04: 0f1f 8400 | f402 0002 

  0x00000163b3265c0c: ; implicit exception: dispatches to 0x00000163b3265c51
                      ; ImmutableOopMap {rax=Oop [72]=Oop [80]=Oop [88]=Oop [96]=Oop [104]=Oop [112]=Oop }
                      ;*athrow {reexecute=1 rethrow=0 return_oop=0}
                      ; - (reexecute) java.lang.invoke.Invokers::checkExactType@15 (line 530)
                      ; - java.lang.invoke.Invokers$Holder::invokeExact_MT@10
                      ;   {section_word}
  0x00000163b3265c0c: 483b 0048 | ba0f 5c26 | b363 0100 

  0x00000163b3265c18: ;   {runtime_call handle_exception_nofpu Runtime1 stub}
  0x00000163b3265c18: 00e8 e205 | 90ff 9048 

  0x00000163b3265c20: ;   {runtime_call throw_class_cast_exception Runtime1 stub}
  0x00000163b3265c20: 8914 24e8 

  0x00000163b3265c24: ; ImmutableOopMap {rdx=Oop r8=Oop r9=Oop rdi=Oop [72]=Oop [80]=Oop [96]=Oop }
                      ;*checkcast {reexecute=0 rethrow=0 return_oop=0}
                      ; - java.lang.invoke.Invokers$Holder::invokeExact_MT@1
  0x00000163b3265c24: 5816 90ff | 4889 3c24 

  0x00000163b3265c2c: ;   {runtime_call throw_class_cast_exception Runtime1 stub}
  0x00000163b3265c2c: e84f 1690 

  0x00000163b3265c30: ; ImmutableOopMap {r8=Oop r9=Oop rdi=Oop rsi=Oop [72]=Oop [80]=Oop [88]=Oop [96]=Oop }
                      ;*checkcast {reexecute=0 rethrow=0 return_oop=0}
                      ; - java.lang.invoke.Invokers$Holder::invokeExact_MT@7
                      ;   {runtime_call throw_null_pointer_exception Runtime1 stub}
  0x00000163b3265c30: ffe8 cada 

  0x00000163b3265c34: ; ImmutableOopMap {r8=Oop r9=Oop rdi=Oop rsi=Oop rbx=Oop [72]=Oop [80]=Oop [88]=Oop [96]=Oop }
                      ;*invokevirtual type {reexecute=0 rethrow=0 return_oop=0}
                      ; - java.lang.invoke.Invokers::checkExactType@1 (line 528)
                      ; - java.lang.invoke.Invokers$Holder::invokeExact_MT@10
                      ;   {runtime_call throw_null_pointer_exception Runtime1 stub}
  0x00000163b3265c34: 8fff e8c5 

  0x00000163b3265c38: ; ImmutableOopMap {r8=Oop r9=Oop rdi=Oop rsi=Oop [72]=Oop [80]=Oop [88]=Oop [96]=Oop }
                      ;*getfield customized {reexecute=1 rethrow=0 return_oop=0}
                      ; - (reexecute) java.lang.invoke.Invokers::checkCustomized@12 (line 625)
                      ; - java.lang.invoke.Invokers$Holder::invokeExact_MT@14
                      ;   {internal_word}
  0x00000163b3265c38: da8f ff49 | badc 5b26 | b363 0100 | 004d 8997 | 7004 0000 

  0x00000163b3265c4c: ;   {runtime_call SafepointBlob}
  0x00000163b3265c4c: e9af fa83 

  0x00000163b3265c50: ;   {runtime_call throw_null_pointer_exception Runtime1 stub}
  0x00000163b3265c50: ffe8 aada 

  0x00000163b3265c54: ; ImmutableOopMap {rax=Oop [72]=Oop [80]=Oop [88]=Oop [96]=Oop [104]=Oop [112]=Oop }
                      ;*athrow {reexecute=1 rethrow=0 return_oop=0}
                      ; - (reexecute) java.lang.invoke.Invokers::checkExactType@15 (line 530)
                      ; - java.lang.invoke.Invokers$Holder::invokeExact_MT@10
  0x00000163b3265c54: 8fff 498b | 8708 0500 | 0049 c787 | 0805 0000 | 0000 0000 | 49c7 8710 | 0500 0000 | 0000 0048 
  0x00000163b3265c74: 81c4 8000 

  0x00000163b3265c78: ;   {runtime_call unwind_exception Runtime1 stub}
  0x00000163b3265c78: 0000 5de9 | 80b9 8fff 
[Stub Code]
  0x00000163b3265c80: ;   {no_reloc}
  0x00000163b3265c80: 48bb 0000 | 0000 0000 

  0x00000163b3265c88: ;   {runtime_call}
  0x00000163b3265c88: 0000 e9fb 

  0x00000163b3265c8c: ;   {static_stub}
  0x00000163b3265c8c: ffff ff48 | bb00 0000 | 0000 0000 

  0x00000163b3265c98: ;   {runtime_call}
  0x00000163b3265c98: 00e9 fbff 

  0x00000163b3265c9c: ;   {static_stub}
  0x00000163b3265c9c: ffff 48bb | 0000 0000 | 0000 0000 

  0x00000163b3265ca8: ;   {runtime_call}
  0x00000163b3265ca8: e9fb ffff 

  0x00000163b3265cac: ;   {runtime_call handle_exception_from_callee Runtime1 stub}
  0x00000163b3265cac: ffe8 4e0b 

  0x00000163b3265cb0: ;   {external_word}
  0x00000163b3265cb0: 90ff 48b9 | 48a2 c414 | f97f 0000 | 4883 e4f0 

  0x00000163b3265cc0: ;   {runtime_call}
  0x00000163b3265cc0: 48b8 60ad | 8614 f97f | 0000 ffd0 

  0x00000163b3265ccc: ;   {section_word}
  0x00000163b3265ccc: f449 bacd | 5c26 b363 | 0100 0041 

  0x00000163b3265cd8: ;   {runtime_call DeoptimizationBlob}
  0x00000163b3265cd8: 52e9 c2ec 

  0x00000163b3265cdc: ;   {section_word}
  0x00000163b3265cdc: 83ff 49ba | de5c 26b3 | 6301 0000 

  0x00000163b3265ce8: ;   {runtime_call DeoptimizationBlob}
  0x00000163b3265ce8: 4152 e9b1 | ec83 fff4 
[/MachCode]


---------------  P R O C E S S  ---------------

Threads class SMR info:
_java_thread_list=0x00000163856ab020, length=90, elements={
0x00000163a8176d60, 0x00000163bd38b810, 0x00000163bd38c730, 0x00000163bd391870,
0x00000163bd393d00, 0x00000163bd394760, 0x00000163bd399970, 0x00000163bd39d640,
0x00000163bd776f90, 0x00000163bd7dde80, 0x00000163bd7e0090, 0x00000163ff0870d0,
0x00000163ff08ab80, 0x00000163ff08f5b0, 0x00000163ff1d2a70, 0x00000163bd7df9c0,
0x00000163ff7fe0a0, 0x0000016384208420, 0x00000163842b8a40, 0x00000163842b90b0,
0x00000163842ef020, 0x00000163843038a0, 0x00000163843045f0, 0x0000016384304c80,
0x0000016384305310, 0x0000016384306d50, 0x00000163843073e0, 0x00000163843066c0,
0x0000016384303f60, 0x0000016384306030, 0x000001638513a920, 0x000001638513e430,
0x000001638513afb0, 0x000001638513d710, 0x00000163851381c0, 0x00000163851374a0,
0x000001638513eac0, 0x0000016385139570, 0x000001638513b640, 0x000001638513d080,
0x000001638513bcd0, 0x000001638513dda0, 0x0000016385138850, 0x0000016385138ee0,
0x0000016385139c00, 0x000001638513a290, 0x0000016385137b30, 0x000001638513c360,
0x000001638513c9f0, 0x0000016384e06b30, 0x0000016384e05780, 0x0000016384e08c00,
0x0000016384e09290, 0x0000016384e07850, 0x0000016384e071c0, 0x0000016384e0a640,
0x0000016384e09920, 0x0000016384e043d0, 0x0000016384e064a0, 0x0000016384e09fb0,
0x0000016384e07ee0, 0x0000016384e03d40, 0x0000016384e04a60, 0x0000016384e050f0,
0x0000016384e05e10, 0x0000016384e08570, 0x0000016384e0acd0, 0x0000016384e0b360,
0x000001638520a690, 0x000001638520eec0, 0x000001638520b3b0, 0x000001638520ba40,
0x000001638520ad20, 0x000001638520c0d0, 0x000001638520c760, 0x000001638520cdf0,
0x00000163852092e0, 0x000001638520d480, 0x000001638520db10, 0x000001638520e1a0,
0x0000016385209970, 0x000001638520e830, 0x000001638520f550, 0x000001638520fbe0,
0x000001638520a000, 0x0000016385208c50, 0x0000016385210270, 0x0000016385384af0,
0x0000016385384460, 0x0000016385385180
}

Java Threads: ( => current thread )
  0x00000163a8176d60 JavaThread "main"                              [_thread_blocked, id=12660, stack(0x0000004cd2400000,0x0000004cd2500000) (1024K)]
  0x00000163bd38b810 JavaThread "Reference Handler"          daemon [_thread_blocked, id=17752, stack(0x0000004cd2c00000,0x0000004cd2d00000) (1024K)]
  0x00000163bd38c730 JavaThread "Finalizer"                  daemon [_thread_blocked, id=18500, stack(0x0000004cd2d00000,0x0000004cd2e00000) (1024K)]
  0x00000163bd391870 JavaThread "Signal Dispatcher"          daemon [_thread_blocked, id=16484, stack(0x0000004cd2e00000,0x0000004cd2f00000) (1024K)]
  0x00000163bd393d00 JavaThread "Attach Listener"            daemon [_thread_blocked, id=15608, stack(0x0000004cd2f00000,0x0000004cd3000000) (1024K)]
  0x00000163bd394760 JavaThread "Service Thread"             daemon [_thread_blocked, id=18316, stack(0x0000004cd3000000,0x0000004cd3100000) (1024K)]
  0x00000163bd399970 JavaThread "Monitor Deflation Thread"   daemon [_thread_blocked, id=18144, stack(0x0000004cd3100000,0x0000004cd3200000) (1024K)]
  0x00000163bd39d640 JavaThread "C1 CompilerThread0"         daemon [_thread_blocked, id=6260, stack(0x0000004cd3200000,0x0000004cd3300000) (1024K)]
  0x00000163bd776f90 JavaThread "Common-Cleaner"             daemon [_thread_blocked, id=18084, stack(0x0000004cd3300000,0x0000004cd3400000) (1024K)]
  0x00000163bd7dde80 JavaThread "C1 CompilerThread1"         daemon [_thread_blocked, id=8728, stack(0x0000004cd3400000,0x0000004cd3500000) (1024K)]
  0x00000163bd7e0090 JavaThread "C1 CompilerThread2"         daemon [_thread_blocked, id=19088, stack(0x0000004cd3500000,0x0000004cd3600000) (1024K)]
  0x00000163ff0870d0 JavaThread "JDWP Transport Listener: dt_socket" daemon [_thread_in_native, id=20264, stack(0x0000004cd3600000,0x0000004cd3700000) (1024K)]
  0x00000163ff08ab80 JavaThread "JDWP Event Helper Thread"   daemon [_thread_blocked, id=16536, stack(0x0000004cd3700000,0x0000004cd3800000) (1024K)]
  0x00000163ff08f5b0 JavaThread "Notification Thread"        daemon [_thread_blocked, id=18840, stack(0x0000004cd3800000,0x0000004cd3900000) (1024K)]
  0x00000163ff1d2a70 JavaThread "Reference Reaper #1"        daemon [_thread_blocked, id=4436, stack(0x0000004cd3900000,0x0000004cd3a00000) (1024K)]
  0x00000163bd7df9c0 JavaThread "C1 CompilerThread3"         daemon [_thread_blocked, id=15628, stack(0x0000004cd3a00000,0x0000004cd3b00000) (1024K)]
  0x00000163ff7fe0a0 JavaThread "Quarkus Devmode keep alive thread"        [_thread_blocked, id=1152, stack(0x0000004cd4200000,0x0000004cd4300000) (1024K)]
  0x0000016384208420 JavaThread "ForkJoinPool.commonPool-worker-1" daemon [_thread_blocked, id=17620, stack(0x0000004cd4300000,0x0000004cd4400000) (1024K)]
  0x00000163842b8a40 JavaThread "ForkJoinPool.commonPool-worker-2" daemon [_thread_blocked, id=8068, stack(0x0000004cd4400000,0x0000004cd4500000) (1024K)]
  0x00000163842b90b0 JavaThread "ForkJoinPool.commonPool-worker-3" daemon [_thread_blocked, id=5028, stack(0x0000004cd4500000,0x0000004cd4600000) (1024K)]
  0x00000163842ef020 JavaThread "ForkJoinPool.commonPool-worker-4" daemon [_thread_blocked, id=17824, stack(0x0000004cd4600000,0x0000004cd4700000) (1024K)]
  0x00000163843038a0 JavaThread "ForkJoinPool.commonPool-worker-5" daemon [_thread_blocked, id=2652, stack(0x0000004cd4700000,0x0000004cd4800000) (1024K)]
  0x00000163843045f0 JavaThread "ForkJoinPool.commonPool-worker-6" daemon [_thread_blocked, id=9860, stack(0x0000004cd4800000,0x0000004cd4900000) (1024K)]
  0x0000016384304c80 JavaThread "build-2"                           [_thread_blocked, id=11976, stack(0x0000004cd4a00000,0x0000004cd4b00000) (1024K)]
  0x0000016384305310 JavaThread "build-3"                           [_thread_blocked, id=5728, stack(0x0000004cd4b00000,0x0000004cd4c00000) (1024K)]
  0x0000016384306d50 JavaThread "build-4"                           [_thread_blocked, id=15548, stack(0x0000004cd4c00000,0x0000004cd4d00000) (1024K)]
  0x00000163843073e0 JavaThread "build-5"                           [_thread_blocked, id=9356, stack(0x0000004cd4d00000,0x0000004cd4e00000) (1024K)]
  0x00000163843066c0 JavaThread "build-6"                           [_thread_blocked, id=16996, stack(0x0000004cd4e00000,0x0000004cd4f00000) (1024K)]
  0x0000016384303f60 JavaThread "build-7"                           [_thread_blocked, id=7592, stack(0x0000004cd4f00000,0x0000004cd5000000) (1024K)]
  0x0000016384306030 JavaThread "build-8"                           [_thread_blocked, id=15460, stack(0x0000004cd5000000,0x0000004cd5100000) (1024K)]
  0x000001638513a920 JavaThread "build-9"                           [_thread_blocked, id=19268, stack(0x0000004cd5100000,0x0000004cd5200000) (1024K)]
  0x000001638513e430 JavaThread "build-10"                          [_thread_blocked, id=4228, stack(0x0000004cd5200000,0x0000004cd5300000) (1024K)]
  0x000001638513afb0 JavaThread "build-11"                          [_thread_blocked, id=9276, stack(0x0000004cd5300000,0x0000004cd5400000) (1024K)]
  0x000001638513d710 JavaThread "build-12"                          [_thread_blocked, id=15620, stack(0x0000004cd5400000,0x0000004cd5500000) (1024K)]
  0x00000163851381c0 JavaThread "build-13"                          [_thread_blocked, id=6656, stack(0x0000004cd5500000,0x0000004cd5600000) (1024K)]
  0x00000163851374a0 JavaThread "build-14"                          [_thread_blocked, id=14652, stack(0x0000004cd5600000,0x0000004cd5700000) (1024K)]
  0x000001638513eac0 JavaThread "build-15"                          [_thread_blocked, id=15040, stack(0x0000004cd5700000,0x0000004cd5800000) (1024K)]
  0x0000016385139570 JavaThread "build-16"                          [_thread_blocked, id=15836, stack(0x0000004cd5800000,0x0000004cd5900000) (1024K)]
  0x000001638513b640 JavaThread "build-17"                          [_thread_blocked, id=11084, stack(0x0000004cd5900000,0x0000004cd5a00000) (1024K)]
  0x000001638513d080 JavaThread "build-18"                          [_thread_blocked, id=9368, stack(0x0000004cd5a00000,0x0000004cd5b00000) (1024K)]
  0x000001638513bcd0 JavaThread "build-19"                          [_thread_blocked, id=11456, stack(0x0000004cd5b00000,0x0000004cd5c00000) (1024K)]
  0x000001638513dda0 JavaThread "build-20"                          [_thread_blocked, id=14036, stack(0x0000004cd5c00000,0x0000004cd5d00000) (1024K)]
  0x0000016385138850 JavaThread "build-21"                          [_thread_blocked, id=5016, stack(0x0000004cd5d00000,0x0000004cd5e00000) (1024K)]
  0x0000016385138ee0 JavaThread "build-22"                          [_thread_blocked, id=15640, stack(0x0000004cd5e00000,0x0000004cd5f00000) (1024K)]
  0x0000016385139c00 JavaThread "build-23"                          [_thread_blocked, id=1848, stack(0x0000004cd5f00000,0x0000004cd6000000) (1024K)]
=>0x000001638513a290 JavaThread "build-24"                          [_thread_in_vm, id=9192, stack(0x0000004cd6000000,0x0000004cd6100000) (1024K)]
  0x0000016385137b30 JavaThread "build-25"                          [_thread_blocked, id=17632, stack(0x0000004cd6100000,0x0000004cd6200000) (1024K)]
  0x000001638513c360 JavaThread "build-26"                          [_thread_blocked, id=18292, stack(0x0000004cd6200000,0x0000004cd6300000) (1024K)]
  0x000001638513c9f0 JavaThread "build-27"                          [_thread_blocked, id=16356, stack(0x0000004cd6300000,0x0000004cd6400000) (1024K)]
  0x0000016384e06b30 JavaThread "build-29"                          [_thread_blocked, id=18916, stack(0x0000004cd6400000,0x0000004cd6500000) (1024K)]
  0x0000016384e05780 JavaThread "build-28"                          [_thread_blocked, id=19756, stack(0x0000004cd6500000,0x0000004cd6600000) (1024K)]
  0x0000016384e08c00 JavaThread "build-30"                          [_thread_blocked, id=17040, stack(0x0000004cd6600000,0x0000004cd6700000) (1024K)]
  0x0000016384e09290 JavaThread "build-31"                          [_thread_blocked, id=18576, stack(0x0000004cd6700000,0x0000004cd6800000) (1024K)]
  0x0000016384e07850 JavaThread "build-32"                          [_thread_blocked, id=13256, stack(0x0000004cd6800000,0x0000004cd6900000) (1024K)]
  0x0000016384e071c0 JavaThread "build-33"                          [_thread_blocked, id=17308, stack(0x0000004cd6900000,0x0000004cd6a00000) (1024K)]
  0x0000016384e0a640 JavaThread "build-34"                          [_thread_blocked, id=19516, stack(0x0000004cd6a00000,0x0000004cd6b00000) (1024K)]
  0x0000016384e09920 JavaThread "build-35"                          [_thread_blocked, id=14576, stack(0x0000004cd6b00000,0x0000004cd6c00000) (1024K)]
  0x0000016384e043d0 JavaThread "build-36"                          [_thread_blocked, id=12936, stack(0x0000004cd6c00000,0x0000004cd6d00000) (1024K)]
  0x0000016384e064a0 JavaThread "build-37"                          [_thread_blocked, id=14944, stack(0x0000004cd6d00000,0x0000004cd6e00000) (1024K)]
  0x0000016384e09fb0 JavaThread "build-38"                          [_thread_blocked, id=7936, stack(0x0000004cd6e00000,0x0000004cd6f00000) (1024K)]
  0x0000016384e07ee0 JavaThread "build-39"                          [_thread_blocked, id=17704, stack(0x0000004cd6f00000,0x0000004cd7000000) (1024K)]
  0x0000016384e03d40 JavaThread "build-40"                          [_thread_blocked, id=18032, stack(0x0000004cd7000000,0x0000004cd7100000) (1024K)]
  0x0000016384e04a60 JavaThread "build-41"                          [_thread_blocked, id=1672, stack(0x0000004cd7100000,0x0000004cd7200000) (1024K)]
  0x0000016384e050f0 JavaThread "build-42"                          [_thread_blocked, id=18776, stack(0x0000004cd7200000,0x0000004cd7300000) (1024K)]
  0x0000016384e05e10 JavaThread "build-43"                          [_thread_blocked, id=4864, stack(0x0000004cd7300000,0x0000004cd7400000) (1024K)]
  0x0000016384e08570 JavaThread "build-44"                          [_thread_blocked, id=11560, stack(0x0000004cd7400000,0x0000004cd7500000) (1024K)]
  0x0000016384e0acd0 JavaThread "build-45"                          [_thread_blocked, id=12356, stack(0x0000004cd7500000,0x0000004cd7600000) (1024K)]
  0x0000016384e0b360 JavaThread "build-46"                          [_thread_blocked, id=7340, stack(0x0000004cd7600000,0x0000004cd7700000) (1024K)]
  0x000001638520a690 JavaThread "build-47"                          [_thread_blocked, id=6840, stack(0x0000004cd7700000,0x0000004cd7800000) (1024K)]
  0x000001638520eec0 JavaThread "build-48"                          [_thread_blocked, id=14924, stack(0x0000004cd7800000,0x0000004cd7900000) (1024K)]
  0x000001638520b3b0 JavaThread "build-49"                          [_thread_blocked, id=19404, stack(0x0000004cd7900000,0x0000004cd7a00000) (1024K)]
  0x000001638520ba40 JavaThread "build-50"                          [_thread_blocked, id=19928, stack(0x0000004cd7a00000,0x0000004cd7b00000) (1024K)]
  0x000001638520ad20 JavaThread "build-51"                          [_thread_blocked, id=18464, stack(0x0000004cd7b00000,0x0000004cd7c00000) (1024K)]
  0x000001638520c0d0 JavaThread "build-52"                          [_thread_blocked, id=3380, stack(0x0000004cd7c00000,0x0000004cd7d00000) (1024K)]
  0x000001638520c760 JavaThread "build-53"                          [_thread_blocked, id=2260, stack(0x0000004cd7d00000,0x0000004cd7e00000) (1024K)]
  0x000001638520cdf0 JavaThread "build-54"                          [_thread_blocked, id=14844, stack(0x0000004cd7e00000,0x0000004cd7f00000) (1024K)]
  0x00000163852092e0 JavaThread "build-55"                          [_thread_blocked, id=3392, stack(0x0000004cd7f00000,0x0000004cd8000000) (1024K)]
  0x000001638520d480 JavaThread "build-56"                          [_thread_blocked, id=19524, stack(0x0000004cd8000000,0x0000004cd8100000) (1024K)]
  0x000001638520db10 JavaThread "build-57"                          [_thread_blocked, id=10944, stack(0x0000004cd8100000,0x0000004cd8200000) (1024K)]
  0x000001638520e1a0 JavaThread "build-58"                          [_thread_blocked, id=8100, stack(0x0000004cd8200000,0x0000004cd8300000) (1024K)]
  0x0000016385209970 JavaThread "build-59"                          [_thread_blocked, id=11268, stack(0x0000004cd8300000,0x0000004cd8400000) (1024K)]
  0x000001638520e830 JavaThread "build-60"                          [_thread_blocked, id=16048, stack(0x0000004cd8400000,0x0000004cd8500000) (1024K)]
  0x000001638520f550 JavaThread "build-61"                          [_thread_blocked, id=6300, stack(0x0000004cd8500000,0x0000004cd8600000) (1024K)]
  0x000001638520fbe0 JavaThread "build-62"                          [_thread_blocked, id=8492, stack(0x0000004cd8600000,0x0000004cd8700000) (1024K)]
  0x000001638520a000 JavaThread "build-63"                          [_thread_blocked, id=3248, stack(0x0000004cd8700000,0x0000004cd8800000) (1024K)]
  0x0000016385208c50 JavaThread "build-64"                          [_thread_blocked, id=19408, stack(0x0000004cd8800000,0x0000004cd8900000) (1024K)]
  0x0000016385210270 JavaThread "build-65"                          [_thread_blocked, id=3888, stack(0x0000004cd8900000,0x0000004cd8a00000) (1024K)]
  0x0000016385384af0 JavaThread "build-66"                          [_thread_blocked, id=17120, stack(0x0000004cd8a00000,0x0000004cd8b00000) (1024K)]
  0x0000016385384460 JavaThread "build-67"                          [_thread_blocked, id=8000, stack(0x0000004cd8b00000,0x0000004cd8c00000) (1024K)]
  0x0000016385385180 JavaThread "WindowsStreamPump"          daemon [_thread_blocked, id=19956, stack(0x0000004cd8c00000,0x0000004cd8d00000) (1024K)]
Total: 90

Other Threads:
  0x00000163bd36b6b0 VMThread "VM Thread"                           [id=4040, stack(0x0000004cd2b00000,0x0000004cd2c00000) (1024K)] _threads_hazard_ptr=0x00000163856ab020
  0x00000163bd350590 WatcherThread "VM Periodic Task Thread"        [id=6264, stack(0x0000004cd2a00000,0x0000004cd2b00000) (1024K)]
  0x00000163aa553c90 WorkerThread "GC Thread#0"                     [id=5820, stack(0x0000004cd2500000,0x0000004cd2600000) (1024K)]
  0x00000163ff2d8680 WorkerThread "GC Thread#1"                     [id=6644, stack(0x0000004cd3b00000,0x0000004cd3c00000) (1024K)]
  0x00000163ff3c4e60 WorkerThread "GC Thread#2"                     [id=5464, stack(0x0000004cd3c00000,0x0000004cd3d00000) (1024K)]
  0x00000163ff3c5620 WorkerThread "GC Thread#3"                     [id=19704, stack(0x0000004cd3d00000,0x0000004cd3e00000) (1024K)]
  0x00000163ff3c59d0 WorkerThread "GC Thread#4"                     [id=20272, stack(0x0000004cd3e00000,0x0000004cd3f00000) (1024K)]
  0x00000163ff307620 WorkerThread "GC Thread#5"                     [id=10244, stack(0x0000004cd3f00000,0x0000004cd4000000) (1024K)]
  0x00000163ff3d6330 WorkerThread "GC Thread#6"                     [id=636, stack(0x0000004cd4000000,0x0000004cd4100000) (1024K)]
  0x00000163ff406a50 WorkerThread "GC Thread#7"                     [id=15672, stack(0x0000004cd4100000,0x0000004cd4200000) (1024K)]
  0x00000163aa564c50 ConcurrentGCThread "G1 Main Marker"            [id=17476, stack(0x0000004cd2600000,0x0000004cd2700000) (1024K)]
  0x00000163aa5661e0 WorkerThread "G1 Conc#0"                       [id=15692, stack(0x0000004cd2700000,0x0000004cd2800000) (1024K)]
  0x000001638430ede0 WorkerThread "G1 Conc#1"                       [id=13200, stack(0x0000004cd4900000,0x0000004cd4a00000) (1024K)]
  0x00000163bd224690 ConcurrentGCThread "G1 Refine#0"               [id=15804, stack(0x0000004cd2800000,0x0000004cd2900000) (1024K)]
  0x00000163bd225130 ConcurrentGCThread "G1 Service"                [id=16592, stack(0x0000004cd2900000,0x0000004cd2a00000) (1024K)]
Total: 15

Threads with active compile tasks:
C1 CompilerThread1  3807 4037       1       java.lang.invoke.MemberName::equals (69 bytes)
Total: 1

VM state: synchronizing (normal execution)

VM Mutex/Monitor currently owned by a thread:  ([mutex/lock_event])
[0x00007ff914f0df48] Threads_lock - owner thread: 0x00000163bd36b6b0

Heap address: 0x0000000702400000, size: 4060 MB, Compressed Oops mode: Zero based, Oop shift amount: 3

CDS archive(s) mapped at: [0x00000163be000000-0x00000163bec50000-0x00000163bec50000), size 12910592, SharedBaseAddress: 0x00000163be000000, ArchiveRelocationMode: 1.
Compressed class space mapped at: 0x00000163bf000000-0x00000163ff000000, reserved size: 1073741824
Narrow klass base: 0x00000163be000000, Narrow klass shift: 0, Narrow klass range: 0x41000000

GC Precious Log:
 CardTable entry size: 512
 Card Set container configuration: InlinePtr #cards 4 size 8 Array Of Cards #cards 16 size 48 Howl #buckets 8 coarsen threshold 3686 Howl Bitmap #cards 512 size 80 coarsen threshold 460 Card regions per heap region 1 cards per card region 4096
 CPUs: 8 total, 8 available
 Memory: 16236M
 Large Page Support: Disabled
 NUMA Support: Disabled
 Compressed Oops: Enabled (Zero based)
 Heap Region Size: 2M
 Heap Min Capacity: 8M
 Heap Initial Capacity: 254M
 Heap Max Capacity: 4060M
 Pre-touch: Disabled
 Parallel Workers: 8
 Concurrent Workers: 2
 Concurrent Refinement Workers: 8
 Periodic GC: Disabled

Heap:
 garbage-first heap   total reserved 4157440K, committed 90112K, used 64850K [0x0000000702400000, 0x0000000800000000)
  region size 2048K, 20 young (40960K), 2 survivors (4096K)
 Metaspace       used 19687K, committed 20672K, reserved 1114112K
  class space    used 2891K, committed 3328K, reserved 1048576K

Heap Regions: E=young(eden), S=young(survivor), O=old, HS=humongous(starts), HC=humongous(continues), CS=collection set, F=free, TAMS=top-at-mark-start, PB=parsable bottom
|   0|0x0000000702400000, 0x0000000702600000, 0x0000000702600000|100%| O|  |TAMS 0x0000000702400000| PB 0x0000000702400000| Untracked |  0
|   1|0x0000000702600000, 0x0000000702800000, 0x0000000702800000|100%| O|  |TAMS 0x0000000702600000| PB 0x0000000702600000| Untracked |  0
|   2|0x0000000702800000, 0x0000000702a00000, 0x0000000702a00000|100%| O|  |TAMS 0x0000000702800000| PB 0x0000000702800000| Untracked |  0
|   3|0x0000000702a00000, 0x0000000702c00000, 0x0000000702c00000|100%| O|  |TAMS 0x0000000702a00000| PB 0x0000000702a00000| Untracked |  0
|   4|0x0000000702c00000, 0x0000000702e00000, 0x0000000702e00000|100%| O|  |TAMS 0x0000000702c00000| PB 0x0000000702c00000| Untracked |  0
|   5|0x0000000702e00000, 0x0000000703000000, 0x0000000703000000|100%| O|  |TAMS 0x0000000702e00000| PB 0x0000000702e00000| Untracked |  0
|   6|0x0000000703000000, 0x0000000703200000, 0x0000000703200000|100%| O|  |TAMS 0x0000000703000000| PB 0x0000000703000000| Untracked |  0
|   7|0x0000000703200000, 0x0000000703400000, 0x0000000703400000|100%| O|  |TAMS 0x0000000703200000| PB 0x0000000703200000| Untracked |  0
|   8|0x0000000703400000, 0x0000000703600000, 0x0000000703600000|100%| O|  |TAMS 0x0000000703400000| PB 0x0000000703400000| Untracked |  0
|   9|0x0000000703600000, 0x0000000703800000, 0x0000000703800000|100%| O|  |TAMS 0x0000000703600000| PB 0x0000000703600000| Untracked |  0
|  10|0x0000000703800000, 0x0000000703a00000, 0x0000000703a00000|100%| O|  |TAMS 0x0000000703800000| PB 0x0000000703800000| Untracked |  0
|  11|0x0000000703a00000, 0x0000000703a00000, 0x0000000703c00000|  0%| F|  |TAMS 0x0000000703a00000| PB 0x0000000703a00000| Untracked |  0
|  12|0x0000000703c00000, 0x0000000703e00000, 0x0000000703e00000|100%| O|  |TAMS 0x0000000703c00000| PB 0x0000000703c00000| Untracked |  0
|  13|0x0000000703e00000, 0x0000000704000000, 0x0000000704000000|100%| O|  |TAMS 0x0000000703e00000| PB 0x0000000703e00000| Untracked |  0
|  14|0x0000000704000000, 0x0000000704000000, 0x0000000704200000|  0%| F|  |TAMS 0x0000000704000000| PB 0x0000000704000000| Untracked |  0
|  15|0x0000000704200000, 0x0000000704200000, 0x0000000704400000|  0%| F|  |TAMS 0x0000000704200000| PB 0x0000000704200000| Untracked |  0
|  16|0x0000000704400000, 0x0000000704400000, 0x0000000704600000|  0%| F|  |TAMS 0x0000000704400000| PB 0x0000000704400000| Untracked |  0
|  17|0x0000000704600000, 0x0000000704600000, 0x0000000704800000|  0%| F|  |TAMS 0x0000000704600000| PB 0x0000000704600000| Untracked |  0
|  18|0x0000000704800000, 0x0000000704800000, 0x0000000704a00000|  0%| F|  |TAMS 0x0000000704800000| PB 0x0000000704800000| Untracked |  0
|  19|0x0000000704a00000, 0x0000000704a00000, 0x0000000704c00000|  0%| F|  |TAMS 0x0000000704a00000| PB 0x0000000704a00000| Untracked |  0
|  20|0x0000000704c00000, 0x0000000704c00000, 0x0000000704e00000|  0%| F|  |TAMS 0x0000000704c00000| PB 0x0000000704c00000| Untracked |  0
|  21|0x0000000704e00000, 0x0000000704e00000, 0x0000000705000000|  0%| F|  |TAMS 0x0000000704e00000| PB 0x0000000704e00000| Untracked |  0
|  22|0x0000000705000000, 0x0000000705000000, 0x0000000705200000|  0%| F|  |TAMS 0x0000000705000000| PB 0x0000000705000000| Untracked |  0
|  23|0x0000000705200000, 0x0000000705354a18, 0x0000000705400000| 66%| S|CS|TAMS 0x0000000705200000| PB 0x0000000705200000| Complete |  0
|  24|0x0000000705400000, 0x0000000705600000, 0x0000000705600000|100%| S|CS|TAMS 0x0000000705400000| PB 0x0000000705400000| Complete |  0
|  25|0x0000000705600000, 0x0000000705600000, 0x0000000705800000|  0%| F|  |TAMS 0x0000000705600000| PB 0x0000000705600000| Untracked |  0
|  26|0x0000000705800000, 0x000000070599d238, 0x0000000705a00000| 80%| E|  |TAMS 0x0000000705800000| PB 0x0000000705800000| Complete |  0
|  27|0x0000000705a00000, 0x0000000705c00000, 0x0000000705c00000|100%| E|CS|TAMS 0x0000000705a00000| PB 0x0000000705a00000| Complete |  0
|  28|0x0000000705c00000, 0x0000000705e00000, 0x0000000705e00000|100%| E|CS|TAMS 0x0000000705c00000| PB 0x0000000705c00000| Complete |  0
|  29|0x0000000705e00000, 0x0000000706000000, 0x0000000706000000|100%| E|CS|TAMS 0x0000000705e00000| PB 0x0000000705e00000| Complete |  0
|  30|0x0000000706000000, 0x0000000706200000, 0x0000000706200000|100%| E|CS|TAMS 0x0000000706000000| PB 0x0000000706000000| Complete |  0
|  31|0x0000000706200000, 0x0000000706400000, 0x0000000706400000|100%| E|CS|TAMS 0x0000000706200000| PB 0x0000000706200000| Complete |  0
|  32|0x0000000706400000, 0x0000000706600000, 0x0000000706600000|100%| E|CS|TAMS 0x0000000706400000| PB 0x0000000706400000| Complete |  0
|  33|0x0000000706600000, 0x0000000706800000, 0x0000000706800000|100%| E|CS|TAMS 0x0000000706600000| PB 0x0000000706600000| Complete |  0
|  34|0x0000000706800000, 0x0000000706a00000, 0x0000000706a00000|100%| E|CS|TAMS 0x0000000706800000| PB 0x0000000706800000| Complete |  0
|  35|0x0000000706a00000, 0x0000000706c00000, 0x0000000706c00000|100%| E|CS|TAMS 0x0000000706a00000| PB 0x0000000706a00000| Complete |  0
|  36|0x0000000706c00000, 0x0000000706e00000, 0x0000000706e00000|100%| E|CS|TAMS 0x0000000706c00000| PB 0x0000000706c00000| Complete |  0
|  37|0x0000000706e00000, 0x0000000707000000, 0x0000000707000000|100%| E|CS|TAMS 0x0000000706e00000| PB 0x0000000706e00000| Complete |  0
|  38|0x0000000707000000, 0x0000000707200000, 0x0000000707200000|100%| E|CS|TAMS 0x0000000707000000| PB 0x0000000707000000| Complete |  0
|  39|0x0000000707200000, 0x0000000707400000, 0x0000000707400000|100%| E|CS|TAMS 0x0000000707200000| PB 0x0000000707200000| Complete |  0
|  40|0x0000000707400000, 0x0000000707600000, 0x0000000707600000|100%| E|CS|TAMS 0x0000000707400000| PB 0x0000000707400000| Complete |  0
| 123|0x0000000711a00000, 0x0000000711c00000, 0x0000000711c00000|100%| E|CS|TAMS 0x0000000711a00000| PB 0x0000000711a00000| Complete |  0
| 125|0x0000000711e00000, 0x0000000712000000, 0x0000000712000000|100%| E|CS|TAMS 0x0000000711e00000| PB 0x0000000711e00000| Complete |  0
| 126|0x0000000712000000, 0x0000000712200000, 0x0000000712200000|100%| E|CS|TAMS 0x0000000712000000| PB 0x0000000712000000| Complete |  0

Card table byte_map: [0x00000163b6350000,0x00000163b6b40000] _byte_map_base: 0x00000163b2b3e000

Marking Bits: (CMBitMap*) 0x00000163aa5542b0
 Bits: [0x00000163b6b40000, 0x00000163baab0000)

Polling page: 0x00000163a8430000

Metaspace:

Usage:
  Non-class:     16.40 MB used.
      Class:      2.82 MB used.
       Both:     19.23 MB used.

Virtual space:
  Non-class space:       64.00 MB reserved,      16.94 MB ( 26%) committed,  1 nodes.
      Class space:        1.00 GB reserved,       3.25 MB ( <1%) committed,  1 nodes.
             Both:        1.06 GB reserved,      20.19 MB (  2%) committed. 

Chunk freelists:
   Non-Class:  14.65 MB
       Class:  12.79 MB
        Both:  27.44 MB

MaxMetaspaceSize: unlimited
CompressedClassSpaceSize: 1.00 GB
Initial GC threshold: 21.00 MB
Current GC threshold: 21.00 MB
CDS: on
 - commit_granule_bytes: 65536.
 - commit_granule_words: 8192.
 - virtual_space_node_default_size: 8388608.
 - enlarge_chunks_in_place: 1.
 - use_allocation_guard: 0.


Internal statistics:

num_allocs_failed_limit: 0.
num_arena_births: 1442.
num_arena_deaths: 0.
num_vsnodes_births: 2.
num_vsnodes_deaths: 0.
num_space_committed: 323.
num_space_uncommitted: 0.
num_chunks_returned_to_freelist: 0.
num_chunks_taken_from_freelist: 2613.
num_chunk_merges: 0.
num_chunk_splits: 1489.
num_chunks_enlarged: 635.
num_inconsistent_stats: 0.

CodeCache: size=49152Kb used=9911Kb max_used=9911Kb free=39240Kb
 bounds [0x00000163b2a50000, 0x00000163b3400000, 0x00000163b5a50000]
 total_blobs=4573 nmethods=4032 adapters=462
 compilation: enabled
              stopped_count=0, restarted_count=0
 full_count=0

Compilation events (20 events):
Event: 3.646 Thread 0x00000163bd7df9c0 nmethod 3850 0x00000163b33ae990 code [0x00000163b33aeb20, 0x00000163b33aebf0]
Event: 3.646 Thread 0x00000163bd7dde80 nmethod 3849 0x00000163b33aec90 code [0x00000163b33aee40, 0x00000163b33af008]
Event: 3.646 Thread 0x00000163bd7e0090 nmethod 3848 0x00000163b33af190 code [0x00000163b33af3c0, 0x00000163b33af848]
Event: 3.646 Thread 0x00000163bd7e0090 3851       1       java.util.Arrays::primitiveArrayHashCode (127 bytes)
Event: 3.646 Thread 0x00000163bd39d640 3855       1       java.util.Arrays::deepHashCode (109 bytes)
Event: 3.646 Thread 0x00000163bd7df9c0 3852       1       org.jboss.jandex.StrongInternPool$MethodInternPool::hashCode (9 bytes)
Event: 3.646 Thread 0x00000163bd7dde80 3853       1       org.jboss.jandex.StrongInternPool$MethodInternPool::hashCode (5 bytes)
Event: 3.646 Thread 0x00000163bd7dde80 nmethod 3853 0x00000163b33afb90 code [0x00000163b33afd20, 0x00000163b33afe18]
Event: 3.646 Thread 0x00000163bd7dde80 3858       1       org.jboss.jandex.MethodInternal$NameAndParameterComponentComparator::compare (65 bytes)
Event: 3.646 Thread 0x00000163bd7df9c0 nmethod 3852 0x00000163b33aff10 code [0x00000163b33b00c0, 0x00000163b33b01f8]
Event: 3.646 Thread 0x00000163bd7e0090 nmethod 3851 0x00000163b33b0310 code [0x00000163b33b0580, 0x00000163b33b0ac0]
Event: 3.646 Thread 0x00000163bd7df9c0 3857       1       org.jboss.jandex.MethodInternal$NameAndParameterComponentComparator::compare (124 bytes)
Event: 3.646 Thread 0x00000163bd7dde80 nmethod 3858 0x00000163b33b0c90 code [0x00000163b33b0e20, 0x00000163b33b0f80]
Event: 3.647 Thread 0x00000163bd7e0090 3856       1       org.jboss.jandex.MethodInternal$NameAndParameterComponentComparator::compare (13 bytes)
Event: 3.647 Thread 0x00000163bd39d640 nmethod 3855 0x00000163b33b1090 code [0x00000163b33b1260, 0x00000163b33b1578]
Event: 3.647 Thread 0x00000163bd7dde80 3854       1       org.jboss.jandex.MethodInternal::internHashCode (213 bytes)
Event: 3.647 Thread 0x00000163bd7e0090 nmethod 3856 0x00000163b33b1790 code [0x00000163b33b1940, 0x00000163b33b1ab8]
Event: 3.647 Thread 0x00000163bd7df9c0 nmethod 3857 0x00000163b33b1b90 code [0x00000163b33b1d80, 0x00000163b33b2108]
Event: 3.647 Thread 0x00000163bd7dde80 nmethod 3854 0x00000163b33b2390 code [0x00000163b33b25a0, 0x00000163b33b29b0]
Event: 3.647 Thread 0x00000163bd7dde80 3859       1       org.jboss.jandex.NameTable::intern (12 bytes)

GC Heap History (12 events):
Event: 2.370 GC heap before
{Heap before GC invocations=0 (full 0):
 garbage-first heap   total reserved 4157440K, committed 260096K, used 22528K [0x0000000702400000, 0x0000000800000000)
  region size 2048K, 12 young (24576K), 0 survivors (0K)
 Metaspace       used 3853K, committed 4160K, reserved 1114112K
  class space    used 473K, committed 640K, reserved 1048576K
}
Event: 2.376 GC heap after
{Heap after GC invocations=1 (full 0):
 garbage-first heap   total reserved 4157440K, committed 260096K, used 11434K [0x0000000702400000, 0x0000000800000000)
  region size 2048K, 2 young (4096K), 2 survivors (4096K)
 Metaspace       used 3853K, committed 4160K, reserved 1114112K
  class space    used 473K, committed 640K, reserved 1048576K
}
Event: 2.440 GC heap before
{Heap before GC invocations=1 (full 0):
 garbage-first heap   total reserved 4157440K, committed 260096K, used 29866K [0x0000000702400000, 0x0000000800000000)
  region size 2048K, 11 young (22528K), 2 survivors (4096K)
 Metaspace       used 3854K, committed 4160K, reserved 1114112K
  class space    used 473K, committed 640K, reserved 1048576K
}
Event: 2.444 GC heap after
{Heap after GC invocations=2 (full 0):
 garbage-first heap   total reserved 4157440K, committed 260096K, used 15988K [0x0000000702400000, 0x0000000800000000)
  region size 2048K, 2 young (4096K), 2 survivors (4096K)
 Metaspace       used 3854K, committed 4160K, reserved 1114112K
  class space    used 473K, committed 640K, reserved 1048576K
}
Event: 2.892 GC heap before
{Heap before GC invocations=2 (full 0):
 garbage-first heap   total reserved 4157440K, committed 260096K, used 58996K [0x0000000702400000, 0x0000000800000000)
  region size 2048K, 23 young (47104K), 2 survivors (4096K)
 Metaspace       used 8156K, committed 8512K, reserved 1114112K
  class space    used 1080K, committed 1216K, reserved 1048576K
}
Event: 2.899 GC heap after
{Heap after GC invocations=3 (full 0):
 garbage-first heap   total reserved 4157440K, committed 260096K, used 22800K [0x0000000702400000, 0x0000000800000000)
  region size 2048K, 3 young (6144K), 3 survivors (6144K)
 Metaspace       used 8156K, committed 8512K, reserved 1114112K
  class space    used 1080K, committed 1216K, reserved 1048576K
}
Event: 2.968 GC heap before
{Heap before GC invocations=3 (full 0):
 garbage-first heap   total reserved 4157440K, committed 260096K, used 26896K [0x0000000702400000, 0x0000000800000000)
  region size 2048K, 6 young (12288K), 3 survivors (6144K)
 Metaspace       used 8447K, committed 8832K, reserved 1114112K
  class space    used 1130K, committed 1280K, reserved 1048576K
}
Event: 2.972 GC heap after
{Heap after GC invocations=4 (full 0):
 garbage-first heap   total reserved 4157440K, committed 260096K, used 24212K [0x0000000702400000, 0x0000000800000000)
  region size 2048K, 1 young (2048K), 1 survivors (2048K)
 Metaspace       used 8447K, committed 8832K, reserved 1114112K
  class space    used 1130K, committed 1280K, reserved 1048576K
}
Event: 3.348 GC heap before
{Heap before GC invocations=5 (full 0):
 garbage-first heap   total reserved 4157440K, committed 90112K, used 75412K [0x0000000702400000, 0x0000000800000000)
  region size 2048K, 26 young (53248K), 1 survivors (2048K)
 Metaspace       used 13539K, committed 14016K, reserved 1114112K
  class space    used 1872K, committed 2048K, reserved 1048576K
}
Event: 3.359 GC heap after
{Heap after GC invocations=6 (full 0):
 garbage-first heap   total reserved 4157440K, committed 90112K, used 27303K [0x0000000702400000, 0x0000000800000000)
  region size 2048K, 2 young (4096K), 2 survivors (4096K)
 Metaspace       used 13539K, committed 14016K, reserved 1114112K
  class space    used 1872K, committed 2048K, reserved 1048576K
}
Event: 3.537 GC heap before
{Heap before GC invocations=6 (full 0):
 garbage-first heap   total reserved 4157440K, committed 90112K, used 64167K [0x0000000702400000, 0x0000000800000000)
  region size 2048K, 21 young (43008K), 2 survivors (4096K)
 Metaspace       used 17486K, committed 18432K, reserved 1114112K
  class space    used 2576K, committed 3008K, reserved 1048576K
}
Event: 3.542 GC heap after
{Heap after GC invocations=7 (full 0):
 garbage-first heap   total reserved 4157440K, committed 90112K, used 30034K [0x0000000702400000, 0x0000000800000000)
  region size 2048K, 2 young (4096K), 2 survivors (4096K)
 Metaspace       used 17486K, committed 18432K, reserved 1114112K
  class space    used 2576K, committed 3008K, reserved 1048576K
}

Dll operation events (12 events):
Event: 0.014 Loaded shared library C:\Program Files\Java\aws-correto-jdk22.0.1_8\bin\java.dll
Event: 0.069 Loaded shared library C:\Program Files\Java\aws-correto-jdk22.0.1_8\bin\zip.dll
Event: 0.075 Loaded shared library C:\Program Files\Java\aws-correto-jdk22.0.1_8\bin\instrument.dll
Event: 0.078 Loaded shared library C:\Program Files\Java\aws-correto-jdk22.0.1_8\bin\net.dll
Event: 0.082 Loaded shared library C:\Program Files\Java\aws-correto-jdk22.0.1_8\bin\nio.dll
Event: 0.084 Loaded shared library C:\Program Files\Java\aws-correto-jdk22.0.1_8\bin\zip.dll
Event: 0.190 Loaded shared library C:\Program Files\Java\aws-correto-jdk22.0.1_8\bin\jimage.dll
Event: 2.623 Loaded shared library C:\Program Files\Java\aws-correto-jdk22.0.1_8\bin\verify.dll
Event: 3.562 Loaded shared library C:\Program Files\Java\aws-correto-jdk22.0.1_8\bin\management.dll
Event: 3.568 Loaded shared library C:\Program Files\Java\aws-correto-jdk22.0.1_8\bin\management_ext.dll
Event: 3.588 Loaded shared library C:\Program Files\Java\aws-correto-jdk22.0.1_8\bin\le.dll
Event: 3.643 Loaded shared library C:\Users\perso\.gradle\native\jansi\1.18\windows64\jansi.dll

Deoptimization events (20 events):
Event: 3.431 Thread 0x0000016384e08570 DEOPT PACKING pc=0x00000163b31383f4 sp=0x0000004cd74feb60
Event: 3.432 Thread 0x0000016384e08570 DEOPT UNPACKING pc=0x00000163b2aa4e42 sp=0x0000004cd74fe0f0 mode 1
Event: 3.432 Thread 0x0000016384e08570 DEOPT PACKING pc=0x00000163b2ec768c sp=0x0000004cd74feac0
Event: 3.432 Thread 0x0000016384e08570 DEOPT UNPACKING pc=0x00000163b2aa4e42 sp=0x0000004cd74fdf90 mode 1
Event: 3.432 Thread 0x0000016384e08570 DEOPT PACKING pc=0x00000163b31383f4 sp=0x0000004cd74feb60
Event: 3.432 Thread 0x0000016384e08570 DEOPT UNPACKING pc=0x00000163b2aa4e42 sp=0x0000004cd74fe0f0 mode 1
Event: 3.433 Thread 0x0000016384e08570 DEOPT PACKING pc=0x00000163b2ec768c sp=0x0000004cd74feac0
Event: 3.433 Thread 0x0000016384e08570 DEOPT UNPACKING pc=0x00000163b2aa4e42 sp=0x0000004cd74fdf90 mode 1
Event: 3.433 Thread 0x0000016384e08570 DEOPT PACKING pc=0x00000163b31383f4 sp=0x0000004cd74feb60
Event: 3.433 Thread 0x0000016384e08570 DEOPT UNPACKING pc=0x00000163b2aa4e42 sp=0x0000004cd74fe0f0 mode 1
Event: 3.577 Thread 0x000001638513a290 DEOPT PACKING pc=0x00000163b2ec768c sp=0x0000004cd60fbc40
Event: 3.577 Thread 0x000001638513a290 DEOPT UNPACKING pc=0x00000163b2aa4e42 sp=0x0000004cd60fb110 mode 1
Event: 3.577 Thread 0x000001638513a290 DEOPT PACKING pc=0x00000163b31383f4 sp=0x0000004cd60fbce0
Event: 3.577 Thread 0x000001638513a290 DEOPT UNPACKING pc=0x00000163b2aa4e42 sp=0x0000004cd60fb270 mode 1
Event: 3.594 Thread 0x000001638513a290 DEOPT PACKING pc=0x00000163b32fc2ac sp=0x0000004cd60fd770
Event: 3.594 Thread 0x000001638513a290 DEOPT UNPACKING pc=0x00000163b2aa4e42 sp=0x0000004cd60fcc80 mode 0
Event: 3.598 Thread 0x000001638520a690 DEOPT PACKING pc=0x00000163b321c602 sp=0x0000004cd77fa150
Event: 3.598 Thread 0x000001638520a690 DEOPT UNPACKING pc=0x00000163b2aa4e42 sp=0x0000004cd77f9638 mode 1
Event: 3.598 Thread 0x000001638520a690 DEOPT PACKING pc=0x00000163b2e91d34 sp=0x0000004cd77fa200
Event: 3.598 Thread 0x000001638520a690 DEOPT UNPACKING pc=0x00000163b2aa4e42 sp=0x0000004cd77f96f0 mode 1

Classes loaded (20 events):
Event: 3.619 Loading class java/io/BufferedReader$1
Event: 3.619 Loading class java/io/BufferedReader$1 done
Event: 3.634 Loading class java/io/ProxyingConsole
Event: 3.634 Loading class java/io/ProxyingConsole done
Event: 3.634 Loading class java/io/Console$1
Event: 3.634 Loading class jdk/internal/access/JavaIOAccess
Event: 3.634 Loading class jdk/internal/access/JavaIOAccess done
Event: 3.634 Loading class java/io/Console$1 done
Event: 3.636 Loading class java/io/PipedOutputStream
Event: 3.636 Loading class java/io/PipedOutputStream done
Event: 3.636 Loading class java/io/PipedInputStream
Event: 3.636 Loading class java/io/PipedInputStream done
Event: 3.637 Loading class java/lang/UnsatisfiedLinkError
Event: 3.637 Loading class java/lang/UnsatisfiedLinkError done
Event: 3.640 Loading class java/util/LinkedList$Node
Event: 3.640 Loading class java/util/LinkedList$Node done
Event: 3.643 Loading class jdk/internal/loader/NativeLibraries$Unloader
Event: 3.643 Loading class jdk/internal/loader/NativeLibraries$Unloader done
Event: 3.644 Loading class java/nio/charset/UnsupportedCharsetException
Event: 3.644 Loading class java/nio/charset/UnsupportedCharsetException done

Classes unloaded (0 events):
No events

Classes redefined (0 events):
No events

Internal exceptions (20 events):
Event: 3.487 Thread 0x000001638520a690 Exception <a 'java/lang/NoSuchMethodError'{0x0000000705eceb28}: 'java.lang.Object java.lang.invoke.DelegatingMethodHandle$Holder.reinvoke_L(java.lang.Object, java.lang.Object, java.lang.Object, java.lang.Object, int, int)'> (0x0000000705eceb28) 
thrown [s\src\hotspot\share\interpreter\linkResolver.cpp, line 774]
Event: 3.505 Thread 0x00000163843066c0 Exception <a 'java/lang/NoSuchMethodError'{0x0000000705f8f8c8}: 'void java.lang.invoke.DirectMethodHandle$Holder.invokeSpecial(java.lang.Object, java.lang.Object, java.lang.Object, java.lang.Object, java.lang.Object, java.lang.Object, java.lang.Object, java.lang.Object, java.lang.Object)'> (0x0000000705f8f8c8) 
thrown [s\src\hotspot\share\interpreter\linkResolver.cpp, line 774]
Event: 3.505 Thread 0x000001638520e830 Exception <a 'java/lang/NoSuchMethodError'{0x0000000705dff9e8}: 'void java.lang.invoke.DelegatingMethodHandle$Holder.reinvoke_L(java.lang.Object, java.lang.Object, java.lang.Object, java.lang.Object, java.lang.Object, java.lang.Object, java.lang.Object, java.lang.Object, java.lang.Object, java.lang.Object, java.lang.Object, java.lang.Object, java.lang.Object, java.lang.Object, java.lang.Object, java.lang.Object, java.lang.Object)'> (0x0000000705dff9e8) 
thrown [s\src\hotspot\share\interpreter\linkResolver.
Event: 3.506 Thread 0x00000163843066c0 Exception <a 'java/lang/NoSuchMethodError'{0x0000000705a2a4d8}: 'void java.lang.invoke.DelegatingMethodHandle$Holder.reinvoke_L(java.lang.Object, java.lang.Object, java.lang.Object, java.lang.Object, java.lang.Object, java.lang.Object, java.lang.Object, java.lang.Object)'> (0x0000000705a2a4d8) 
thrown [s\src\hotspot\share\interpreter\linkResolver.cpp, line 774]
Event: 3.509 Thread 0x000001638520e830 Exception <a 'java/lang/NoSuchMethodError'{0x0000000705a703c0}: 'java.lang.Object java.lang.invoke.DirectMethodHandle$Holder.invokeSpecial(java.lang.Object, java.lang.Object, java.lang.Object, java.lang.Object, java.lang.Object, java.lang.Object, java.lang.Object, java.lang.Object, java.lang.Object, java.lang.Object, java.lang.Object, java.lang.Object, java.lang.Object, java.lang.Object, java.lang.Object, java.lang.Object, java.lang.Object)'> (0x0000000705a703c0) 
thrown [s\src\hotspot\share\interpreter\li
Event: 3.510 Thread 0x000001638520e830 Exception <a 'java/lang/NoSuchMethodError'{0x0000000705af37f0}: 'java.lang.Object java.lang.invoke.Invokers$Holder.invoker(java.lang.Object, java.lang.Object, java.lang.Object, java.lang.Object, java.lang.Object, java.lang.Object, java.lang.Object, java.lang.Object, java.lang.Object, java.lang.Object, java.lang.Object, java.lang.Object, java.lang.Object, java.lang.Object, java.lang.Object, java.lang.Object, java.lang.Object)'> (0x0000000705af37f0) 
thrown [s\src\hotspot\share\interpreter\linkResolver.cpp, 
Event: 3.510 Thread 0x000001638520ba40 Exception <a 'java/lang/NoSuchMethodError'{0x0000000705b12b50}: 'void java.lang.invoke.DelegatingMethodHandle$Holder.reinvoke_L(java.lang.Object, java.lang.Object, java.lang.Object, java.lang.Object, java.lang.Object, java.lang.Object, java.lang.Object, java.lang.Object, java.lang.Object)'> (0x0000000705b12b50) 
thrown [s\src\hotspot\share\interpreter\linkResolver.cpp, line 774]
Event: 3.511 Thread 0x000001638520e830 Exception <a 'java/lang/NoSuchMethodError'{0x0000000705ba5d40}: 'java.lang.Object java.lang.invoke.DelegatingMethodHandle$Holder.delegate(java.lang.Object, java.lang.Object, java.lang.Object, java.lang.Object, java.lang.Object, java.lang.Object, java.lang.Object, java.lang.Object, java.lang.Object, java.lang.Object, java.lang.Object, java.lang.Object, java.lang.Object, java.lang.Object, java.lang.Object, java.lang.Object, java.lang.Object)'> (0x0000000705ba5d40) 
thrown [s\src\hotspot\share\interpreter\lin
Event: 3.513 Thread 0x000001638520ba40 Exception <a 'java/lang/NoSuchMethodError'{0x0000000705b19920}: 'java.lang.Object java.lang.invoke.Invokers$Holder.invoker(java.lang.Object, java.lang.Object, java.lang.Object, java.lang.Object, java.lang.Object, java.lang.Object, java.lang.Object, java.lang.Object, java.lang.Object)'> (0x0000000705b19920) 
thrown [s\src\hotspot\share\interpreter\linkResolver.cpp, line 774]
Event: 3.514 Thread 0x000001638520db10 Exception <a 'java/lang/NoSuchMethodError'{0x00000007069c1bc8}: 'void java.lang.invoke.DirectMethodHandle$Holder.invokeStatic(java.lang.Object, int, java.lang.Object)'> (0x00000007069c1bc8) 
thrown [s\src\hotspot\share\interpreter\linkResolver.cpp, line 774]
Event: 3.545 Thread 0x000001638520e830 Exception <a 'java/lang/NoSuchMethodError'{0x0000000712190948}: 'java.lang.Object java.lang.invoke.Invokers$Holder.invoker(java.lang.Object, java.lang.Object, java.lang.Object, java.lang.Object, java.lang.Object, java.lang.Object, java.lang.Object, java.lang.Object, java.lang.Object, java.lang.Object, java.lang.Object)'> (0x0000000712190948) 
thrown [s\src\hotspot\share\interpreter\linkResolver.cpp, line 774]
Event: 3.546 Thread 0x000001638513a290 Exception <a 'java/lang/NoSuchMethodError'{0x000000071205d710}: 'java.lang.Object java.lang.invoke.DirectMethodHandle$Holder.invokeStaticInit(java.lang.Object, int)'> (0x000000071205d710) 
thrown [s\src\hotspot\share\interpreter\linkResolver.cpp, line 774]
Event: 3.550 Thread 0x000001638513a290 Exception <a 'java/lang/NoSuchMethodError'{0x00000007120652e0}: 'int java.lang.invoke.DirectMethodHandle$Holder.invokeStaticInit(java.lang.Object, java.lang.Object, java.lang.Object)'> (0x00000007120652e0) 
thrown [s\src\hotspot\share\interpreter\linkResolver.cpp, line 774]
Event: 3.553 Thread 0x000001638513a290 Exception <a 'java/lang/NoSuchMethodError'{0x0000000711f266e8}: 'java.lang.Object java.lang.invoke.DirectMethodHandle$Holder.invokeStaticInit(java.lang.Object, int, java.lang.Object)'> (0x0000000711f266e8) 
thrown [s\src\hotspot\share\interpreter\linkResolver.cpp, line 774]
Event: 3.553 Thread 0x000001638520e830 Exception <a 'java/lang/NoSuchMethodError'{0x0000000711a36598}: 'java.lang.Object java.lang.invoke.DirectMethodHandle$Holder.invokeStatic(java.lang.Object, java.lang.Object, java.lang.Object, java.lang.Object, java.lang.Object, java.lang.Object, java.lang.Object, java.lang.Object, java.lang.Object, java.lang.Object, java.lang.Object, java.lang.Object, java.lang.Object)'> (0x0000000711a36598) 
thrown [s\src\hotspot\share\interpreter\linkResolver.cpp, line 774]
Event: 3.577 Thread 0x000001638513a290 Exception <a 'sun/nio/fs/WindowsException'{0x000000070701bef0}> (0x000000070701bef0) 
thrown [s\src\hotspot\share\prims\jni.cpp, line 520]
Event: 3.602 Thread 0x000001638520a690 Exception <a 'java/lang/NoSuchMethodError'{0x00000007066f97f8}: 'java.lang.Object java.lang.invoke.DirectMethodHandle$Holder.newInvokeSpecial(java.lang.Object, java.lang.Object, java.lang.Object, java.lang.Object, java.lang.Object, java.lang.Object)'> (0x00000007066f97f8) 
thrown [s\src\hotspot\share\interpreter\linkResolver.cpp, line 774]
Event: 3.602 Thread 0x0000016385139570 Exception <a 'java/lang/NoSuchMethodError'{0x00000007069317a0}: 'java.lang.Object java.lang.invoke.DirectMethodHandle$Holder.newInvokeSpecial(java.lang.Object, java.lang.Object, java.lang.Object, java.lang.Object, java.lang.Object, java.lang.Object)'> (0x00000007069317a0) 
thrown [s\src\hotspot\share\interpreter\linkResolver.cpp, line 774]
Event: 3.645 Thread 0x000001638513a290 Exception <a 'java/lang/NullPointerException'{0x0000000705b58f78}> (0x0000000705b58f78) 
thrown [s\src\hotspot\share\interpreter\linkResolver.cpp, line 1374]
Event: 3.646 Thread 0x000001638513a290 Exception <a 'java/lang/NoSuchFieldError'{0x0000000705b63c30}: STDIN_FILENO> (0x0000000705b63c30) 
thrown [s\src\hotspot\share\prims\jni.cpp, line 1989]

ZGC Phase Switch (0 events):
No events

VM Operations (20 events):
Event: 3.118 Executing VM operation: HandshakeAllThreads (Deoptimize)
Event: 3.118 Executing VM operation: HandshakeAllThreads (Deoptimize) done
Event: 3.300 Executing VM operation: HandshakeAllThreads (Deoptimize)
Event: 3.300 Executing VM operation: HandshakeAllThreads (Deoptimize) done
Event: 3.321 Executing VM operation: HandshakeAllThreads (Deoptimize)
Event: 3.333 Executing VM operation: HandshakeAllThreads (Deoptimize) done
Event: 3.335 Executing VM operation: G1CollectForAllocation (G1 Evacuation Pause)
Event: 3.359 Executing VM operation: G1CollectForAllocation (G1 Evacuation Pause) done
Event: 3.373 Executing VM operation: HandshakeAllThreads (Deoptimize)
Event: 3.403 Executing VM operation: HandshakeAllThreads (Deoptimize) done
Event: 3.411 Executing VM operation: HandshakeAllThreads (Deoptimize)
Event: 3.446 Executing VM operation: HandshakeAllThreads (Deoptimize) done
Event: 3.447 Executing VM operation: HandshakeAllThreads (Deoptimize)
Event: 3.452 Executing VM operation: HandshakeAllThreads (Deoptimize) done
Event: 3.459 Executing VM operation: HandshakeAllThreads (Deoptimize)
Event: 3.463 Executing VM operation: HandshakeAllThreads (Deoptimize) done
Event: 3.533 Executing VM operation: G1CollectForAllocation (G1 Evacuation Pause)
Event: 3.542 Executing VM operation: G1CollectForAllocation (G1 Evacuation Pause) done
Event: 3.582 Executing VM operation: HandshakeAllThreads (Deoptimize)
Event: 3.586 Executing VM operation: HandshakeAllThreads (Deoptimize) done

Events (20 events):
Event: 3.372 Thread 0x000001638520b3b0 Thread added: 0x000001638520b3b0
Event: 3.375 Thread 0x000001638520ba40 Thread added: 0x000001638520ba40
Event: 3.377 Thread 0x000001638520ad20 Thread added: 0x000001638520ad20
Event: 3.378 Thread 0x000001638520c0d0 Thread added: 0x000001638520c0d0
Event: 3.380 Thread 0x000001638520c760 Thread added: 0x000001638520c760
Event: 3.381 Thread 0x000001638520cdf0 Thread added: 0x000001638520cdf0
Event: 3.383 Thread 0x00000163852092e0 Thread added: 0x00000163852092e0
Event: 3.385 Thread 0x000001638520d480 Thread added: 0x000001638520d480
Event: 3.387 Thread 0x000001638520db10 Thread added: 0x000001638520db10
Event: 3.388 Thread 0x000001638520e1a0 Thread added: 0x000001638520e1a0
Event: 3.390 Thread 0x0000016385209970 Thread added: 0x0000016385209970
Event: 3.392 Thread 0x000001638520e830 Thread added: 0x000001638520e830
Event: 3.394 Thread 0x000001638520f550 Thread added: 0x000001638520f550
Event: 3.394 Thread 0x000001638520fbe0 Thread added: 0x000001638520fbe0
Event: 3.395 Thread 0x000001638520a000 Thread added: 0x000001638520a000
Event: 3.396 Thread 0x0000016385208c50 Thread added: 0x0000016385208c50
Event: 3.398 Thread 0x0000016385210270 Thread added: 0x0000016385210270
Event: 3.399 Thread 0x0000016385384af0 Thread added: 0x0000016385384af0
Event: 3.401 Thread 0x0000016385384460 Thread added: 0x0000016385384460
Event: 3.633 Thread 0x0000016385385180 Thread added: 0x0000016385385180


Dynamic libraries:
0x00007ff6a2c30000 - 0x00007ff6a2c3e000 	C:\Program Files\Java\aws-correto-jdk22.0.1_8\bin\java.exe
0x00007ff9bc510000 - 0x00007ff9bc727000 	C:\Windows\SYSTEM32\ntdll.dll
0x00007ff9bbf50000 - 0x00007ff9bc014000 	C:\Windows\System32\KERNEL32.DLL
0x00007ff9b9d70000 - 0x00007ff9ba11d000 	C:\Windows\System32\KERNELBASE.dll
0x000000006caf0000 - 0x000000006ce22000 	C:\Program Files\Norton Security\NortonData\22.24.5.6\Definitions\IPSDefs\20240904.064\IPSEng64.dll
0x00007ff9bb0d0000 - 0x00007ff9bb182000 	C:\Windows\System32\ADVAPI32.dll
0x00007ff9bbd90000 - 0x00007ff9bbe37000 	C:\Windows\System32\msvcrt.dll
0x00007ff9bbea0000 - 0x00007ff9bbf49000 	C:\Windows\System32\sechost.dll
0x00007ff9b9950000 - 0x00007ff9b9978000 	C:\Windows\System32\bcrypt.dll
0x00007ff9bc070000 - 0x00007ff9bc184000 	C:\Windows\System32\RPCRT4.dll
0x00007ff9ba490000 - 0x00007ff9ba498000 	C:\Windows\System32\PSAPI.DLL
0x00007ff9ba120000 - 0x00007ff9ba231000 	C:\Windows\System32\ucrtbase.dll
0x00007ff9aa5d0000 - 0x00007ff9aa5eb000 	C:\Program Files\Java\aws-correto-jdk22.0.1_8\bin\VCRUNTIME140.dll
0x00007ff9aa5f0000 - 0x00007ff9aa607000 	C:\Program Files\Java\aws-correto-jdk22.0.1_8\bin\jli.dll
0x00007ff9bc300000 - 0x00007ff9bc4ae000 	C:\Windows\System32\USER32.dll
0x00007ff9b98a0000 - 0x00007ff9b98c6000 	C:\Windows\System32\win32u.dll
0x00007ff9baf90000 - 0x00007ff9bafb9000 	C:\Windows\System32\GDI32.dll
0x00007ff9b9bb0000 - 0x00007ff9b9cc9000 	C:\Windows\System32\gdi32full.dll
0x00007ff9b9cd0000 - 0x00007ff9b9d6a000 	C:\Windows\System32\msvcp_win.dll
0x00007ff9a54e0000 - 0x00007ff9a5773000 	C:\Windows\WinSxS\amd64_microsoft.windows.common-controls_6595b64144ccf1df_6.0.22621.3672_none_2713b9d173822955\COMCTL32.dll
0x00007ff9ba4a0000 - 0x00007ff9ba4d1000 	C:\Windows\System32\IMM32.DLL
0x00007ff9b2260000 - 0x00007ff9b226c000 	C:\Program Files\Java\aws-correto-jdk22.0.1_8\bin\vcruntime140_1.dll
0x00007ff99e460000 - 0x00007ff99e4ed000 	C:\Program Files\Java\aws-correto-jdk22.0.1_8\bin\msvcp140.dll
0x00007ff914220000 - 0x00007ff914fef000 	C:\Program Files\Java\aws-correto-jdk22.0.1_8\bin\server\jvm.dll
0x00007ff9bb3c0000 - 0x00007ff9bb431000 	C:\Windows\System32\WS2_32.dll
0x00007ff9b9090000 - 0x00007ff9b90dd000 	C:\Windows\SYSTEM32\POWRPROF.dll
0x00007ff9ae2b0000 - 0x00007ff9ae2ba000 	C:\Windows\SYSTEM32\VERSION.dll
0x00007ff9b3100000 - 0x00007ff9b3134000 	C:\Windows\SYSTEM32\WINMM.dll
0x00007ff9b9060000 - 0x00007ff9b9073000 	C:\Windows\SYSTEM32\UMPDC.dll
0x00007ff9b87e0000 - 0x00007ff9b87f8000 	C:\Windows\SYSTEM32\kernel.appcore.dll
0x00007ff9b1460000 - 0x00007ff9b146a000 	C:\Program Files\Java\aws-correto-jdk22.0.1_8\bin\jimage.dll
0x00007ff9b7150000 - 0x00007ff9b7382000 	C:\Windows\SYSTEM32\DBGHELP.DLL
0x00007ff9babe0000 - 0x00007ff9baf6e000 	C:\Windows\System32\combase.dll
0x00007ff9bb440000 - 0x00007ff9bb517000 	C:\Windows\System32\OLEAUT32.dll
0x00007ff9aa780000 - 0x00007ff9aa7b2000 	C:\Windows\SYSTEM32\dbgcore.DLL
0x00007ff9b98d0000 - 0x00007ff9b994b000 	C:\Windows\System32\bcryptPrimitives.dll
0x00007ff9b2300000 - 0x00007ff9b230e000 	C:\Program Files\Java\aws-correto-jdk22.0.1_8\bin\instrument.dll
0x00007ff9aa5b0000 - 0x00007ff9aa5ce000 	C:\Program Files\Java\aws-correto-jdk22.0.1_8\bin\java.dll
0x00007ff9bb520000 - 0x00007ff9bbd87000 	C:\Windows\System32\SHELL32.dll
0x00007ff9baa30000 - 0x00007ff9babd5000 	C:\Windows\System32\ole32.dll
0x00007ff9b22c0000 - 0x00007ff9b22fc000 	C:\Program Files\Java\aws-correto-jdk22.0.1_8\bin\jdwp.dll
0x00007ff9b7760000 - 0x00007ff9b805f000 	C:\Windows\SYSTEM32\windows.storage.dll
0x00007ff9b7620000 - 0x00007ff9b775f000 	C:\Windows\SYSTEM32\wintypes.dll
0x00007ff9bafd0000 - 0x00007ff9bb0c9000 	C:\Windows\System32\SHCORE.dll
0x00007ff9bbe40000 - 0x00007ff9bbe9e000 	C:\Windows\System32\shlwapi.dll
0x00007ff9b9760000 - 0x00007ff9b9787000 	C:\Windows\SYSTEM32\profapi.dll
0x00007ff99f250000 - 0x00007ff99f267000 	C:\Program Files\Java\aws-correto-jdk22.0.1_8\bin\zip.dll
0x00007ff9aa5a0000 - 0x00007ff9aa5b0000 	C:\Program Files\Java\aws-correto-jdk22.0.1_8\bin\net.dll
0x00007ff9b8ca0000 - 0x00007ff9b8d09000 	C:\Windows\system32\mswsock.dll
0x00007ff9aa580000 - 0x00007ff9aa596000 	C:\Program Files\Java\aws-correto-jdk22.0.1_8\bin\nio.dll
0x00007ff9b22b0000 - 0x00007ff9b22bc000 	C:\Program Files\Java\aws-correto-jdk22.0.1_8\bin\dt_socket.dll
0x00007ff9b82c0000 - 0x00007ff9b82ed000 	C:\Windows\SYSTEM32\IPHLPAPI.DLL
0x00007ff9b8330000 - 0x00007ff9b8428000 	C:\Windows\SYSTEM32\DNSAPI.dll
0x00007ff9bafc0000 - 0x00007ff9bafc9000 	C:\Windows\System32\NSI.dll
0x00007ff9aa6d0000 - 0x00007ff9aa6da000 	C:\Windows\System32\rasadhlp.dll
0x00007ff9b29b0000 - 0x00007ff9b2a33000 	C:\Windows\System32\fwpuclnt.dll
0x00007ff99e450000 - 0x00007ff99e460000 	C:\Program Files\Java\aws-correto-jdk22.0.1_8\bin\verify.dll
0x00007ff9b22a0000 - 0x00007ff9b22a9000 	C:\Program Files\Java\aws-correto-jdk22.0.1_8\bin\management.dll
0x00007ff9b2290000 - 0x00007ff9b229b000 	C:\Program Files\Java\aws-correto-jdk22.0.1_8\bin\management_ext.dll
0x00007ff9aa570000 - 0x00007ff9aa57b000 	C:\Program Files\Java\aws-correto-jdk22.0.1_8\bin\le.dll
0x00007ff9aa4e0000 - 0x00007ff9aa4ea000 	C:\Users\perso\.gradle\native\jansi\1.18\windows64\jansi.dll

dbghelp: loaded successfully - version: 4.0.5 - missing functions: none
symbol engine: initialized successfully - sym options: 0x614 - pdb path: .;C:\Program Files\Java\aws-correto-jdk22.0.1_8\bin;C:\Windows\SYSTEM32;C:\Program Files\Norton Security\NortonData\22.24.5.6\Definitions\IPSDefs\20240904.064;C:\Windows\WinSxS\amd64_microsoft.windows.common-controls_6595b64144ccf1df_6.0.22621.3672_none_2713b9d173822955;C:\Program Files\Java\aws-correto-jdk22.0.1_8\bin\server;C:\Users\perso\.gradle\native\jansi\1.18\windows64

VM Arguments:
jvm_args: -javaagent:C:\Users\perso\.gradle\caches\modules-2\files-2.1\io.quarkus\quarkus-class-change-agent\3.15.1\66e2d3905778c0c60403702918c0a5b6e6e9fcd3\quarkus-class-change-agent-3.15.1.jar -Dquarkus-internal.serialized-app-model.path=E:\Repo\Personal\learning\quarkus-examples\getting-started-gradle\build\tmp\quarkusDev\quarkus-app-model.dat -Dquarkus-internal-test.serialized-app-model.path=E:\Repo\Personal\learning\quarkus-examples\getting-started-gradle\build\tmp\quarkusDev\quarkus-app-test-model.dat -XX:TieredStopAtLevel=1 -agentlib:jdwp=transport=dt_socket,address=localhost:58675,server=y,suspend=n -Djava.util.logging.manager=org.jboss.logmanager.LogManager 
java_command: E:\Repo\Personal\learning\quarkus-examples\getting-started-gradle\build\getting-started-gradle-dev.jar
java_class_path (initial): E:\Repo\Personal\learning\quarkus-examples\getting-started-gradle\build\getting-started-gradle-dev.jar
Launcher Type: SUN_STANDARD

[Global flags]
     intx CICompilerCount                          = 4                                         {product} {ergonomic}
     uint ConcGCThreads                            = 2                                         {product} {ergonomic}
     uint G1ConcRefinementThreads                  = 8                                         {product} {ergonomic}
   size_t G1HeapRegionSize                         = 2097152                                   {product} {ergonomic}
   size_t InitialHeapSize                          = 266338304                                 {product} {ergonomic}
   size_t MarkStackSize                            = 4194304                                   {product} {ergonomic}
   size_t MaxHeapSize                              = 4257218560                                {product} {ergonomic}
   size_t MaxNewSize                               = 2554331136                                {product} {ergonomic}
   size_t MinHeapDeltaBytes                        = 2097152                                   {product} {ergonomic}
   size_t MinHeapSize                              = 8388608                                   {product} {ergonomic}
    uintx NonNMethodCodeHeapSize                   = 4096                                   {pd product} {ergonomic}
    uintx NonProfiledCodeHeapSize                  = 0                                      {pd product} {ergonomic}
     bool ProfileInterpreter                       = false                                  {pd product} {command line}
    uintx ProfiledCodeHeapSize                     = 0                                      {pd product} {ergonomic}
   size_t SoftMaxHeapSize                          = 4257218560                             {manageable} {ergonomic}
     intx TieredStopAtLevel                        = 1                                         {product} {command line}
     bool UseCompressedOops                        = true                           {product lp64_product} {ergonomic}
     bool UseG1GC                                  = true                                      {product} {ergonomic}
     bool UseLargePagesIndividualAllocation        = false                                  {pd product} {ergonomic}

Logging:
Log output configuration:
 #0: stdout all=warning uptime,level,tags foldmultilines=false
 #1: stderr all=off uptime,level,tags foldmultilines=false

Environment Variables:
JAVA_HOME=C:\Program Files\Java\aws-correto-jdk22.0.1_8
CLASSPATH="C:\ProgramData\chocolatey\lib\quarkus\quarkus-cli-3.15.1"\etc;"C:\ProgramData\chocolatey\lib\quarkus\quarkus-cli-3.15.1\lib"\quarkus-cli-3.15.1-runner.jar
PATH=C:\Program Files\Maven\apache-maven-3.9.8\bin;C:\Program Files\Java\aws-correto-jdk22.0.1_8\bin;C:\Windows\system32;C:\Windows;C:\Windows\System32\Wbem;C:\Windows\System32\WindowsPowerShell\v1.0\;C:\Windows\System32\OpenSSH\;C:\Program Files\Microsoft SQL Server\150\Tools\Binn\;C:\Program Files\Microsoft SQL Server\Client SDK\ODBC\170\Tools\Binn\;C:\Program Files\dotnet\;C:\Program Files\Git\cmd;C:\ProgramData\chocolatey\bin;;C:\Program Files\Docker\Docker\resources\bin;C:\Users\perso\AppData\Local\Programs\Python\Python312\Scripts\;C:\Users\perso\AppData\Local\Programs\Python\Python312\;C:\Users\perso\AppData\Local\Microsoft\WindowsApps;C:\Users\perso\.dotnet\tools;C:\Program Files\JetBrains\IntelliJ IDEA 2024.2.3\bin;C:\Users\perso\AppData\Local\gitkraken\bin
USERNAME=perso
OS=Windows_NT
PROCESSOR_IDENTIFIER=Intel64 Family 6 Model 158 Stepping 10, GenuineIntel
TMP=C:\Users\perso\AppData\Local\Temp
TEMP=C:\Users\perso\AppData\Local\Temp




Periodic native trim disabled

---------------  S Y S T E M  ---------------

OS:
 Windows 11 , 64 bit Build 22621 (10.0.22621.3958)
OS uptime: 0 days 2:11 hours
Hyper-V role detected

CPU: total 8 (initial active 8) (4 cores per cpu, 2 threads per core) family 6 model 158 stepping 10 microcode 0xde, cx8, cmov, fxsr, ht, mmx, 3dnowpref, sse, sse2, sse3, ssse3, sse4.1, sse4.2, popcnt, lzcnt, tsc, tscinvbit, avx, avx2, aes, erms, clmul, bmi1, bmi2, adx, fma, vzeroupper, clflush, clflushopt, hv, rdtscp, f16c
Processor Information for all 8 processors :
  Max Mhz: 2400, Current Mhz: 2400, Mhz Limit: 2400

Memory: 4k page, system-wide physical 16236M (6084M free)
TotalPageFile size 17260M (AvailPageFile size 3454M)
current process WorkingSet (physical memory assigned to process): 177M, peak: 177M
current process commit charge ("private bytes"): 232M, peak: 364M

vm_info: OpenJDK 64-Bit Server VM (22.0.1+8-FR) for windows-amd64 JRE (22.0.1+8-FR), built on 2024-04-10T18:58:20Z by "Administrator" with MS VC++ 16.10 / 16.11 (VS2019)

END.
